HammerDB CLI v5.0
Copyright © HammerDB Ltd hosted by tpc.org 2019-2025
Type "help" for a list of commands
Initialized Jobs on-disk database /root/hammerdb_logs_20260422_225637/hammerdb_tmp/hammer.DB using existing tables (364,544 bytes)
TRANSACTION RESPONSE TIMES
{
  "NEWORD": {
    "elapsed_ms": "178486.0",
    "calls": "454772",
    "min_ms": "0.912",
    "avg_ms": "3.499",
    "max_ms": "37.657",
    "total_ms": "1591300.274",
    "p99_ms": "5.53",
    "p95_ms": "5.046",
    "p50_ms": "3.473",
    "sd": "967.465",
    "ratio_pct": "55.722"
  },
  "PAYMENT": {
    "elapsed_ms": "178486.0",
    "calls": "456326",
    "min_ms": "0.402",
    "avg_ms": "1.298",
    "max_ms": "30.325",
    "total_ms": "592535.467",
    "p99_ms": "2.922",
    "p95_ms": "2.356",
    "p50_ms": "1.232",
    "sd": "600.847",
    "ratio_pct": "20.749"
  },
  "DELIVERY": {
    "elapsed_ms": "178486.0",
    "calls": "45424",
    "min_ms": "2.799",
    "avg_ms": "9.725",
    "max_ms": "88.055",
    "total_ms": "441765.654",
    "p99_ms": "17.18",
    "p95_ms": "15.121",
    "p50_ms": "9.619",
    "sd": "3269.594",
    "ratio_pct": "15.469"
  },
  "OSTAT": {
    "elapsed_ms": "178486.0",
    "calls": "45602",
    "min_ms": "0.364",
    "avg_ms": "1.988",
    "max_ms": "17.966",
    "total_ms": "90686.867",
    "p99_ms": "3.954",
    "p95_ms": "3.344",
    "p50_ms": "1.909",
    "sd": "773.76",
    "ratio_pct": "3.176"
  },
  "SLEV": {
    "elapsed_ms": "178486.0",
    "calls": "45700",
    "min_ms": "0.224",
    "avg_ms": "1.913",
    "max_ms": "27.033",
    "total_ms": "87444.585",
    "p99_ms": "10.967",
    "p95_ms": "3.941",
    "p50_ms": "1.439",
    "sd": "1715.339",
    "ratio_pct": "3.062"
  }
}

TRANSACTION COUNT
{"MariaDB tpm": {
    "2026-04-22 22:59:11": "0",
    "2026-04-22 22:59:21": "135462",
    "2026-04-22 22:59:31": "187776",
    "2026-04-22 22:59:41": "176280",
    "2026-04-22 22:59:51": "186570",
    "2026-04-22 23:00:01": "183198",
    "2026-04-22 23:00:11": "172794",
    "2026-04-22 23:00:21": "176646",
    "2026-04-22 23:00:31": "166374",
    "2026-04-22 23:00:42": "185064",
    "2026-04-22 23:00:52": "176766",
    "2026-04-22 23:01:02": "176562",
    "2026-04-22 23:01:12": "168528",
    "2026-04-22 23:01:22": "174408",
    "2026-04-22 23:01:32": "169470",
    "2026-04-22 23:01:42": "179982",
    "2026-04-22 23:01:52": "174546",
    "2026-04-22 23:02:02": "163584",
    "2026-04-22 23:02:12": "171588"
  }}

HAMMERDB RESULT
[
  "69E9369FCDC003E203135323",
  "2026-04-22 22:59:11",
  "8 Active Virtual Users configured",
  "TEST RESULT : System achieved 74454 NOPM from 173589 MariaDB TPM"
]


