HammerDB CLI v5.0
Copyright © HammerDB Ltd hosted by tpc.org 2019-2025
Type "help" for a list of commands
Initialized Jobs on-disk database /root/hammerdb_logs_20260422_230301/hammerdb_tmp/hammer.DB using existing tables (364,544 bytes)
TRANSACTION RESPONSE TIMES
{
  "NEWORD": {
    "elapsed_ms": "178009.0",
    "calls": "454838",
    "min_ms": "0.939",
    "avg_ms": "3.501",
    "max_ms": "175.619",
    "total_ms": "1592753.057",
    "p99_ms": "5.544",
    "p95_ms": "5.046",
    "p50_ms": "3.476",
    "sd": "1092.275",
    "ratio_pct": "55.922"
  },
  "PAYMENT": {
    "elapsed_ms": "178009.0",
    "calls": "453630",
    "min_ms": "0.411",
    "avg_ms": "1.303",
    "max_ms": "19.969",
    "total_ms": "591166.778",
    "p99_ms": "2.938",
    "p95_ms": "2.372",
    "p50_ms": "1.235",
    "sd": "603.727",
    "ratio_pct": "20.756"
  },
  "DELIVERY": {
    "elapsed_ms": "178009.0",
    "calls": "44878",
    "min_ms": "2.868",
    "avg_ms": "9.682",
    "max_ms": "39.549",
    "total_ms": "434548.959",
    "p99_ms": "17.313",
    "p95_ms": "14.947",
    "p50_ms": "9.64",
    "sd": "3161.696",
    "ratio_pct": "15.257"
  },
  "OSTAT": {
    "elapsed_ms": "178009.0",
    "calls": "45732",
    "min_ms": "0.375",
    "avg_ms": "1.982",
    "max_ms": "11.735",
    "total_ms": "90679.658",
    "p99_ms": "4.019",
    "p95_ms": "3.347",
    "p50_ms": "1.905",
    "sd": "770.667",
    "ratio_pct": "3.184"
  },
  "SLEV": {
    "elapsed_ms": "178009.0",
    "calls": "45114",
    "min_ms": "0.215",
    "avg_ms": "1.919",
    "max_ms": "29.499",
    "total_ms": "86588.73",
    "p99_ms": "11.191",
    "p95_ms": "4.006",
    "p50_ms": "1.434",
    "sd": "1742.932",
    "ratio_pct": "3.04"
  }
}

TRANSACTION COUNT
{"MariaDB tpm": {
    "2026-04-22 23:05:35": "0",
    "2026-04-22 23:05:45": "132864",
    "2026-04-22 23:05:55": "188124",
    "2026-04-22 23:06:05": "171798",
    "2026-04-22 23:06:15": "188232",
    "2026-04-22 23:06:25": "180150",
    "2026-04-22 23:06:35": "183582",
    "2026-04-22 23:06:45": "172092",
    "2026-04-22 23:06:55": "162714",
    "2026-04-22 23:07:05": "176604",
    "2026-04-22 23:07:15": "176514",
    "2026-04-22 23:07:25": "177456",
    "2026-04-22 23:07:35": "172716",
    "2026-04-22 23:07:45": "176322",
    "2026-04-22 23:07:55": "158220",
    "2026-04-22 23:08:05": "185448",
    "2026-04-22 23:08:15": "173694",
    "2026-04-22 23:08:25": "176286",
    "2026-04-22 23:08:35": "167766"
  }}

HAMMERDB RESULT
[
  "69E9381FE49D03E283838343",
  "2026-04-22 23:05:35",
  "8 Active Virtual Users configured",
  "TEST RESULT : System achieved 74494 NOPM from 172914 MariaDB TPM"
]


