MariaDB Hammerdb Time Profile Report @ Wed Apr 22 21:07:09 CEST 2026
+-+-+-+-+-+-+-+-+-+-+-+-+-+-+-+-+-+-+-+-+-+-+-+-+-+-+-+-+-+-+-+-+-+-+-+-+-+
>>>>> VIRTUAL USER 2 : ELAPSED TIME : 179825ms
>>>>> PROC: NEWORD
CALLS: 26863	MIN: 1.079ms	AVG: 3.682ms	MAX: 8.989ms	TOTAL: 98918.204ms
P99: 5.994ms	P95: 5.316ms	P50: 3.657ms	SD: 1028.321	RATIO: 55.008%
>>>>> PROC: PAYMENT
CALLS: 26801	MIN: 0.403ms	AVG: 1.420ms	MAX: 27.023ms	TOTAL: 38051.960ms
P99: 3.306ms	P95: 2.599ms	P50: 1.332ms	SD: 749.903	RATIO: 21.161%
>>>>> PROC: DELIVERY
CALLS: 2598	MIN: 2.947ms	AVG: 10.769ms	MAX: 34.448ms	TOTAL: 27977.869ms
P99: 29.636ms	P95: 16.938ms	P50: 10.355ms	SD: 4314.928	RATIO: 15.558%
>>>>> PROC: SLEV
CALLS: 2669	MIN: 0.271ms	AVG: 2.129ms	MAX: 20.330ms	TOTAL: 5682.282ms
P99: 12.661ms	P95: 4.928ms	P50: 1.537ms	SD: 2107.736	RATIO: 3.160%
>>>>> PROC: OSTAT
CALLS: 2637	MIN: 0.443ms	AVG: 2.118ms	MAX: 18.177ms	TOTAL: 5585.761ms
P99: 4.430ms	P95: 3.571ms	P50: 2.024ms	SD: 987.591	RATIO: 3.106%
+-+-+-+-+-+-+-+-+-+-+-+-+-+-+-+-+-+-+-+-+-+-+-+-+-+-+-+-+-+-+-+-+-+-+-+-+-+
>>>>> VIRTUAL USER 3 : ELAPSED TIME : 179965ms
>>>>> PROC: NEWORD
CALLS: 27058	MIN: 1.027ms	AVG: 3.625ms	MAX: 14.667ms	TOTAL: 98095.968ms
P99: 5.710ms	P95: 5.232ms	P50: 3.594ms	SD: 985.814	RATIO: 54.508%
>>>>> PROC: PAYMENT
CALLS: 27090	MIN: 0.417ms	AVG: 1.401ms	MAX: 11.465ms	TOTAL: 37957.899ms
P99: 3.164ms	P95: 2.548ms	P50: 1.340ms	SD: 649.160	RATIO: 21.092%
>>>>> PROC: DELIVERY
CALLS: 2824	MIN: 3.246ms	AVG: 10.352ms	MAX: 41.497ms	TOTAL: 29233.909ms
P99: 18.891ms	P95: 16.645ms	P50: 9.889ms	SD: 3592.610	RATIO: 16.244%
>>>>> PROC: OSTAT
CALLS: 2780	MIN: 0.457ms	AVG: 2.126ms	MAX: 5.177ms	TOTAL: 5910.797ms
P99: 4.152ms	P95: 3.597ms	P50: 2.063ms	SD: 821.416	RATIO: 3.284%
>>>>> PROC: SLEV
CALLS: 2712	MIN: 0.249ms	AVG: 1.880ms	MAX: 19.149ms	TOTAL: 5099.266ms
P99: 11.038ms	P95: 3.813ms	P50: 1.453ms	SD: 1628.911	RATIO: 2.833%
+-+-+-+-+-+-+-+-+-+-+-+-+-+-+-+-+-+-+-+-+-+-+-+-+-+-+-+-+-+-+-+-+-+-+-+-+-+
>>>>> VIRTUAL USER 4 : ELAPSED TIME : 178697ms
>>>>> PROC: NEWORD
CALLS: 27045	MIN: 1.358ms	AVG: 3.628ms	MAX: 32.627ms	TOTAL: 98131.712ms
P99: 5.660ms	P95: 5.200ms	P50: 3.612ms	SD: 991.761	RATIO: 54.915%
>>>>> PROC: PAYMENT
CALLS: 27350	MIN: 0.449ms	AVG: 1.400ms	MAX: 4.821ms	TOTAL: 38294.690ms
P99: 3.100ms	P95: 2.558ms	P50: 1.340ms	SD: 633.355	RATIO: 21.430%
>>>>> PROC: DELIVERY
CALLS: 2656	MIN: 3.492ms	AVG: 10.375ms	MAX: 21.216ms	TOTAL: 27556.288ms
P99: 18.090ms	P95: 16.377ms	P50: 10.215ms	SD: 3437.977	RATIO: 15.421%
>>>>> PROC: OSTAT
CALLS: 2787	MIN: 0.454ms	AVG: 2.096ms	MAX: 5.910ms	TOTAL: 5841.395ms
P99: 4.186ms	P95: 3.568ms	P50: 2.028ms	SD: 823.920	RATIO: 3.269%
>>>>> PROC: SLEV
CALLS: 2682	MIN: 0.265ms	AVG: 1.934ms	MAX: 18.388ms	TOTAL: 5186.518ms
P99: 11.402ms	P95: 3.865ms	P50: 1.478ms	SD: 1699.217	RATIO: 2.902%
+-+-+-+-+-+-+-+-+-+-+-+-+-+-+-+-+-+-+-+-+-+-+-+-+-+-+-+-+-+-+-+-+-+-+-+-+-+
>>>>> VIRTUAL USER 5 : ELAPSED TIME : 178984ms
>>>>> PROC: NEWORD
CALLS: 27501	MIN: 1.202ms	AVG: 3.549ms	MAX: 10.169ms	TOTAL: 97609.855ms
P99: 5.667ms	P95: 5.155ms	P50: 3.509ms	SD: 971.582	RATIO: 54.536%
>>>>> PROC: PAYMENT
CALLS: 27742	MIN: 0.422ms	AVG: 1.375ms	MAX: 29.847ms	TOTAL: 38157.601ms
P99: 3.087ms	P95: 2.498ms	P50: 1.312ms	SD: 644.209	RATIO: 21.319%
>>>>> PROC: DELIVERY
CALLS: 2811	MIN: 3.486ms	AVG: 10.215ms	MAX: 21.810ms	TOTAL: 28714.886ms
P99: 18.947ms	P95: 16.614ms	P50: 9.947ms	SD: 3603.038	RATIO: 16.043%
>>>>> PROC: OSTAT
CALLS: 2684	MIN: 0.355ms	AVG: 2.072ms	MAX: 4.878ms	TOTAL: 5562.016ms
P99: 4.049ms	P95: 3.494ms	P50: 2.011ms	SD: 789.986	RATIO: 3.108%
>>>>> PROC: SLEV
CALLS: 2750	MIN: 0.277ms	AVG: 1.884ms	MAX: 31.648ms	TOTAL: 5180.678ms
P99: 9.424ms	P95: 3.952ms	P50: 1.447ms	SD: 1707.696	RATIO: 2.894%
+-+-+-+-+-+-+-+-+-+-+-+-+-+-+-+-+-+-+-+-+-+-+-+-+-+-+-+-+-+-+-+-+-+-+-+-+-+
>>>>> VIRTUAL USER 6 : ELAPSED TIME : 178023ms
>>>>> PROC: NEWORD
CALLS: 26721	MIN: 1.327ms	AVG: 3.665ms	MAX: 26.230ms	TOTAL: 97945.684ms
P99: 5.764ms	P95: 5.275ms	P50: 3.639ms	SD: 1006.427	RATIO: 55.019%
>>>>> PROC: PAYMENT
CALLS: 26651	MIN: 0.421ms	AVG: 1.413ms	MAX: 5.651ms	TOTAL: 37662.637ms
P99: 3.107ms	P95: 2.548ms	P50: 1.360ms	SD: 632.244	RATIO: 21.156%
>>>>> PROC: DELIVERY
CALLS: 2697	MIN: 3.379ms	AVG: 10.375ms	MAX: 23.419ms	TOTAL: 27982.445ms
P99: 18.954ms	P95: 16.822ms	P50: 10.126ms	SD: 3506.155	RATIO: 15.718%
>>>>> PROC: OSTAT
CALLS: 2673	MIN: 0.360ms	AVG: 2.137ms	MAX: 5.451ms	TOTAL: 5711.958ms
P99: 4.273ms	P95: 3.567ms	P50: 2.063ms	SD: 818.294	RATIO: 3.209%
>>>>> PROC: SLEV
CALLS: 2698	MIN: 0.322ms	AVG: 1.924ms	MAX: 16.068ms	TOTAL: 5190.334ms
P99: 10.218ms	P95: 3.981ms	P50: 1.470ms	SD: 1619.435	RATIO: 2.916%
+-+-+-+-+-+-+-+-+-+-+-+-+-+-+-+-+-+-+-+-+-+-+-+-+-+-+-+-+-+-+-+-+-+-+-+-+-+
>>>>> VIRTUAL USER 7 : ELAPSED TIME : 178580ms
>>>>> PROC: NEWORD
CALLS: 26922	MIN: 1.436ms	AVG: 3.647ms	MAX: 36.588ms	TOTAL: 98173.385ms
P99: 5.778ms	P95: 5.251ms	P50: 3.620ms	SD: 1009.958	RATIO: 54.974%
>>>>> PROC: PAYMENT
CALLS: 27372	MIN: 0.433ms	AVG: 1.397ms	MAX: 10.495ms	TOTAL: 38226.806ms
P99: 3.133ms	P95: 2.547ms	P50: 1.332ms	SD: 642.149	RATIO: 21.406%
>>>>> PROC: DELIVERY
CALLS: 2673	MIN: 3.424ms	AVG: 10.331ms	MAX: 26.743ms	TOTAL: 27614.366ms
P99: 18.672ms	P95: 16.519ms	P50: 10.021ms	SD: 3464.642	RATIO: 15.463%
>>>>> PROC: OSTAT
CALLS: 2753	MIN: 0.458ms	AVG: 2.110ms	MAX: 5.414ms	TOTAL: 5808.470ms
P99: 4.194ms	P95: 3.541ms	P50: 2.045ms	SD: 816.932	RATIO: 3.253%
>>>>> PROC: SLEV
CALLS: 2744	MIN: 0.250ms	AVG: 1.920ms	MAX: 40.439ms	TOTAL: 5269.741ms
P99: 10.698ms	P95: 3.854ms	P50: 1.496ms	SD: 1756.469	RATIO: 2.951%
+-+-+-+-+-+-+-+-+-+-+-+-+-+-+-+-+-+-+-+-+-+-+-+-+-+-+-+-+-+-+-+-+-+-+-+-+-+
>>>>> VIRTUAL USER 8 : ELAPSED TIME : 176694ms
>>>>> PROC: NEWORD
CALLS: 26499	MIN: 1.444ms	AVG: 3.653ms	MAX: 8.870ms	TOTAL: 96794.861ms
P99: 5.758ms	P95: 5.257ms	P50: 3.630ms	SD: 985.791	RATIO: 54.781%
>>>>> PROC: PAYMENT
CALLS: 26386	MIN: 0.446ms	AVG: 1.414ms	MAX: 25.594ms	TOTAL: 37301.927ms
P99: 3.099ms	P95: 2.549ms	P50: 1.361ms	SD: 655.232	RATIO: 21.111%
>>>>> PROC: DELIVERY
CALLS: 2702	MIN: 3.450ms	AVG: 10.405ms	MAX: 29.709ms	TOTAL: 28115.216ms
P99: 18.526ms	P95: 16.763ms	P50: 10.113ms	SD: 3606.695	RATIO: 15.912%
>>>>> PROC: OSTAT
CALLS: 2680	MIN: 0.440ms	AVG: 2.137ms	MAX: 5.271ms	TOTAL: 5726.476ms
P99: 4.412ms	P95: 3.645ms	P50: 2.041ms	SD: 848.969	RATIO: 3.241%
>>>>> PROC: SLEV
CALLS: 2645	MIN: 0.263ms	AVG: 1.950ms	MAX: 21.004ms	TOTAL: 5157.204ms
P99: 10.172ms	P95: 3.976ms	P50: 1.501ms	SD: 1617.990	RATIO: 2.919%
+-+-+-+-+-+-+-+-+-+-+-+-+-+-+-+-+-+-+-+-+-+-+-+-+-+-+-+-+-+-+-+-+-+-+-+-+-+
>>>>> VIRTUAL USER 9 : ELAPSED TIME : 176188ms
>>>>> PROC: NEWORD
CALLS: 26086	MIN: 1.330ms	AVG: 3.674ms	MAX: 14.058ms	TOTAL: 95837.974ms
P99: 5.833ms	P95: 5.264ms	P50: 3.657ms	SD: 995.060	RATIO: 54.395%
>>>>> PROC: PAYMENT
CALLS: 26295	MIN: 0.446ms	AVG: 1.411ms	MAX: 13.314ms	TOTAL: 37113.581ms
P99: 3.122ms	P95: 2.542ms	P50: 1.356ms	SD: 636.698	RATIO: 21.065%
>>>>> PROC: DELIVERY
CALLS: 2667	MIN: 3.559ms	AVG: 10.574ms	MAX: 46.004ms	TOTAL: 28200.876ms
P99: 19.660ms	P95: 17.268ms	P50: 10.246ms	SD: 3782.887	RATIO: 16.006%
>>>>> PROC: OSTAT
CALLS: 2615	MIN: 0.433ms	AVG: 2.133ms	MAX: 5.516ms	TOTAL: 5576.591ms
P99: 4.231ms	P95: 3.618ms	P50: 2.070ms	SD: 832.107	RATIO: 3.165%
>>>>> PROC: SLEV
CALLS: 2707	MIN: 0.264ms	AVG: 1.968ms	MAX: 44.938ms	TOTAL: 5327.567ms
P99: 11.502ms	P95: 3.937ms	P50: 1.480ms	SD: 1960.072	RATIO: 3.024%
+-+-+-+-+-+-+-+-+-+-+-+-+-+-+-+-+-+-+-+-+-+-+-+-+-+-+-+-+-+-+-+-+-+-+-+-+-+
>>>>> SUMMARY OF 8 ACTIVE VIRTUAL USERS : MEDIAN ELAPSED TIME : 178638ms
>>>>> PROC: NEWORD
CALLS: 429390	MIN: 1.027ms	AVG: 3.640ms	MAX: 36.588ms	TOTAL: 1563014.460ms
P99: 5.770ms	P95: 5.243ms	P50: 3.615ms	SD: 997.678	RATIO: 54.685%
>>>>> PROC: PAYMENT
CALLS: 431374	MIN: 0.403ms	AVG: 1.403ms	MAX: 29.847ms	TOTAL: 605533.880ms
P99: 3.140ms	P95: 2.548ms	P50: 1.341ms	SD: 656.412	RATIO: 21.186%
>>>>> PROC: DELIVERY
CALLS: 43256	MIN: 2.947ms	AVG: 10.421ms	MAX: 46.004ms	TOTAL: 450791.479ms
P99: 19.116ms	P95: 16.746ms	P50: 10.113ms	SD: 3672.494	RATIO: 15.772%
>>>>> PROC: OSTAT
CALLS: 43218	MIN: 0.355ms	AVG: 2.115ms	MAX: 18.177ms	TOTAL: 91446.879ms
P99: 4.238ms	P95: 3.582ms	P50: 2.040ms	SD: 843.877	RATIO: 3.199%
>>>>> PROC: SLEV
CALLS: 43214	MIN: 0.249ms	AVG: 1.948ms	MAX: 44.938ms	TOTAL: 84187.136ms
P99: 11.122ms	P95: 3.964ms	P50: 1.481ms	SD: 1771.080	RATIO: 2.945%
+-+-+-+-+-+-+-+-+-+-+-+-+-+-+-+-+-+-+-+-+-+-+-+-+-+-+-+-+-+-+-+-+-+-+-+-+-+
