TRANSACTION RESPONSE TIMES
{
  "NEWORD": {
    "elapsed_ms": "178638.5",
    "calls": "429390",
    "min_ms": "1.027",
    "avg_ms": "3.64",
    "max_ms": "36.588",
    "total_ms": "1563014.46",
    "p99_ms": "5.77",
    "p95_ms": "5.243",
    "p50_ms": "3.615",
    "sd": "997.678",
    "ratio_pct": "54.685"
  },
  "PAYMENT": {
    "elapsed_ms": "178638.5",
    "calls": "431374",
    "min_ms": "0.403",
    "avg_ms": "1.403",
    "max_ms": "29.847",
    "total_ms": "605533.88",
    "p99_ms": "3.14",
    "p95_ms": "2.548",
    "p50_ms": "1.341",
    "sd": "656.412",
    "ratio_pct": "21.186"
  },
  "DELIVERY": {
    "elapsed_ms": "178638.5",
    "calls": "43256",
    "min_ms": "2.947",
    "avg_ms": "10.421",
    "max_ms": "46.004",
    "total_ms": "450791.479",
    "p99_ms": "19.116",
    "p95_ms": "16.746",
    "p50_ms": "10.113",
    "sd": "3672.494",
    "ratio_pct": "15.772"
  },
  "OSTAT": {
    "elapsed_ms": "178638.5",
    "calls": "43218",
    "min_ms": "0.355",
    "avg_ms": "2.115",
    "max_ms": "18.177",
    "total_ms": "91446.879",
    "p99_ms": "4.238",
    "p95_ms": "3.582",
    "p50_ms": "2.04",
    "sd": "843.877",
    "ratio_pct": "3.199"
  },
  "SLEV": {
    "elapsed_ms": "178638.5",
    "calls": "43214",
    "min_ms": "0.249",
    "avg_ms": "1.948",
    "max_ms": "44.938",
    "total_ms": "84187.136",
    "p99_ms": "11.122",
    "p95_ms": "3.964",
    "p50_ms": "1.481",
    "sd": "1771.08",
    "ratio_pct": "2.945"
  }
}

TRANSACTION COUNT
{"MariaDB tpm": {
    "2026-04-22 21:04:07": "0",
    "2026-04-22 21:04:17": "131928",
    "2026-04-22 21:04:27": "184398",
    "2026-04-22 21:04:37": "171978",
    "2026-04-22 21:04:47": "177246",
    "2026-04-22 21:04:57": "172020",
    "2026-04-22 21:05:07": "162738",
    "2026-04-22 21:05:17": "170580",
    "2026-04-22 21:05:27": "163182",
    "2026-04-22 21:05:37": "167226",
    "2026-04-22 21:05:47": "167988",
    "2026-04-22 21:05:57": "166860",
    "2026-04-22 21:06:07": "154062",
    "2026-04-22 21:06:17": "164298",
    "2026-04-22 21:06:27": "157266",
    "2026-04-22 21:06:37": "168408",
    "2026-04-22 21:06:47": "168342",
    "2026-04-22 21:06:57": "164166",
    "2026-04-22 21:07:07": "151086"
  }}

HAMMERDB RESULT
[
  "69E91BA7323103E233131323",
  "2026-04-22 21:04:07",
  "8 Active Virtual Users configured",
  "TEST RESULT : System achieved 70211 NOPM from 163585 MariaDB TPM"
]

