HammerDB CLI v5.0
Copyright © HammerDB Ltd hosted by tpc.org 2019-2025
Type "help" for a list of commands
Initialized Jobs on-disk database /root/hammerdb_logs_20260416_180716/hammerdb_tmp/hammer.DB using existing tables (364,544 bytes)
TRANSACTION RESPONSE TIMES
{
  "NEWORD": {
    "elapsed_ms": "177955.0",
    "calls": "99540",
    "min_ms": "1.646",
    "avg_ms": "8.18",
    "max_ms": "74.995",
    "total_ms": "814315.444",
    "p99_ms": "16.442",
    "p95_ms": "12.957",
    "p50_ms": "7.886",
    "sd": "2846.919",
    "ratio_pct": "28.6"
  },
  "PAYMENT": {
    "elapsed_ms": "177955.0",
    "calls": "99274",
    "min_ms": "0.463",
    "avg_ms": "7.52",
    "max_ms": "43.99",
    "total_ms": "746542.406",
    "p99_ms": "21.392",
    "p95_ms": "16.21",
    "p50_ms": "6.899",
    "sd": "4432.39",
    "ratio_pct": "26.219"
  },
  "DELIVERY": {
    "elapsed_ms": "177955.0",
    "calls": "9784",
    "min_ms": "4.67",
    "avg_ms": "65.521",
    "max_ms": "104.667",
    "total_ms": "641065.896",
    "p99_ms": "87.456",
    "p95_ms": "79.679",
    "p50_ms": "65.848",
    "sd": "9309.265",
    "ratio_pct": "22.515"
  },
  "SLEV": {
    "elapsed_ms": "177955.0",
    "calls": "9966",
    "min_ms": "0.709",
    "avg_ms": "55.293",
    "max_ms": "95.136",
    "total_ms": "551054.698",
    "p99_ms": "78.482",
    "p95_ms": "70.229",
    "p50_ms": "55.389",
    "sd": "10261.346",
    "ratio_pct": "19.354"
  },
  "OSTAT": {
    "elapsed_ms": "177955.0",
    "calls": "10136",
    "min_ms": "0.708",
    "avg_ms": "8.399",
    "max_ms": "43.826",
    "total_ms": "85137.953",
    "p99_ms": "22.153",
    "p95_ms": "17.476",
    "p50_ms": "7.637",
    "sd": "4483.559",
    "ratio_pct": "2.99"
  }
}

TRANSACTION COUNT
{"MariaDB tpm": {
    "2026-04-16 18:10:00": "0",
    "2026-04-16 18:10:10": "27516",
    "2026-04-16 18:10:20": "35256",
    "2026-04-16 18:10:30": "36300",
    "2026-04-16 18:10:40": "38628",
    "2026-04-16 18:10:50": "37902",
    "2026-04-16 18:11:00": "37710",
    "2026-04-16 18:11:10": "38664",
    "2026-04-16 18:11:20": "39060",
    "2026-04-16 18:11:30": "39396",
    "2026-04-16 18:11:40": "38808",
    "2026-04-16 18:11:50": "39234",
    "2026-04-16 18:12:00": "40098",
    "2026-04-16 18:12:10": "38832",
    "2026-04-16 18:12:20": "38676",
    "2026-04-16 18:12:30": "39312",
    "2026-04-16 18:12:40": "39294",
    "2026-04-16 18:12:50": "40758",
    "2026-04-16 18:13:00": "39006"
  }}

HAMMERDB RESULT
[
  "69E109D8107703E243734313",
  "2026-04-16 18:10:00",
  "8 Active Virtual Users configured",
  "TEST RESULT : System achieved 16816 NOPM from 39251 MariaDB TPM"
]


