MariaDB Hammerdb Time Profile Report @ Wed Apr 22 22:10:34 CEST 2026
+-+-+-+-+-+-+-+-+-+-+-+-+-+-+-+-+-+-+-+-+-+-+-+-+-+-+-+-+-+-+-+-+-+-+-+-+-+
>>>>> VIRTUAL USER 2 : ELAPSED TIME : 180390ms
>>>>> PROC: PAYMENT
CALLS: 6151	MIN: 0.522ms	AVG: 8.518ms	MAX: 41.037ms	TOTAL: 52392.974ms
P99: 23.159ms	P95: 17.893ms	P50: 8.195ms	SD: 5153.132	RATIO: 29.044%
>>>>> PROC: NEWORD
CALLS: 5942	MIN: 2.054ms	AVG: 8.053ms	MAX: 63.469ms	TOTAL: 47848.620ms
P99: 15.807ms	P95: 12.736ms	P50: 7.762ms	SD: 2766.164	RATIO: 26.525%
>>>>> PROC: DELIVERY
CALLS: 616	MIN: 7.559ms	AVG: 63.283ms	MAX: 100.291ms	TOTAL: 38982.485ms
P99: 85.590ms	P95: 78.466ms	P50: 63.966ms	SD: 10333.003	RATIO: 21.610%
>>>>> PROC: SLEV
CALLS: 642	MIN: 1.645ms	AVG: 52.830ms	MAX: 79.027ms	TOTAL: 33916.793ms
P99: 72.913ms	P95: 65.872ms	P50: 53.730ms	SD: 10382.220	RATIO: 18.802%
>>>>> PROC: OSTAT
CALLS: 601	MIN: 1.837ms	AVG: 10.617ms	MAX: 28.609ms	TOTAL: 6380.800ms
P99: 25.744ms	P95: 20.832ms	P50: 10.474ms	SD: 5428.988	RATIO: 3.537%
+-+-+-+-+-+-+-+-+-+-+-+-+-+-+-+-+-+-+-+-+-+-+-+-+-+-+-+-+-+-+-+-+-+-+-+-+-+
>>>>> VIRTUAL USER 3 : ELAPSED TIME : 179504ms
>>>>> PROC: PAYMENT
CALLS: 6189	MIN: 0.542ms	AVG: 8.408ms	MAX: 31.879ms	TOTAL: 52034.834ms
P99: 22.969ms	P95: 17.883ms	P50: 8.035ms	SD: 5072.723	RATIO: 28.988%
>>>>> PROC: NEWORD
CALLS: 6165	MIN: 2.188ms	AVG: 8.138ms	MAX: 34.633ms	TOTAL: 50173.506ms
P99: 16.327ms	P95: 12.926ms	P50: 7.863ms	SD: 2786.761	RATIO: 27.951%
>>>>> PROC: DELIVERY
CALLS: 597	MIN: 11.219ms	AVG: 62.745ms	MAX: 90.034ms	TOTAL: 37458.662ms
P99: 83.866ms	P95: 75.774ms	P50: 63.421ms	SD: 9726.742	RATIO: 20.868%
>>>>> PROC: SLEV
CALLS: 610	MIN: 1.333ms	AVG: 53.222ms	MAX: 82.529ms	TOTAL: 32465.320ms
P99: 77.140ms	P95: 67.953ms	P50: 52.750ms	SD: 9598.223	RATIO: 18.086%
>>>>> PROC: OSTAT
CALLS: 647	MIN: 1.875ms	AVG: 10.114ms	MAX: 31.520ms	TOTAL: 6543.620ms
P99: 23.340ms	P95: 18.944ms	P50: 9.696ms	SD: 5009.253	RATIO: 3.645%
+-+-+-+-+-+-+-+-+-+-+-+-+-+-+-+-+-+-+-+-+-+-+-+-+-+-+-+-+-+-+-+-+-+-+-+-+-+
>>>>> VIRTUAL USER 4 : ELAPSED TIME : 178726ms
>>>>> PROC: PAYMENT
CALLS: 6061	MIN: 0.607ms	AVG: 8.463ms	MAX: 37.502ms	TOTAL: 51294.326ms
P99: 22.989ms	P95: 18.000ms	P50: 8.173ms	SD: 5123.221	RATIO: 28.700%
>>>>> PROC: NEWORD
CALLS: 6080	MIN: 2.208ms	AVG: 8.202ms	MAX: 39.014ms	TOTAL: 49870.901ms
P99: 16.256ms	P95: 12.943ms	P50: 7.923ms	SD: 2771.835	RATIO: 27.904%
>>>>> PROC: DELIVERY
CALLS: 610	MIN: 8.179ms	AVG: 63.079ms	MAX: 96.240ms	TOTAL: 38478.314ms
P99: 84.433ms	P95: 77.445ms	P50: 63.712ms	SD: 9840.834	RATIO: 21.529%
>>>>> PROC: SLEV
CALLS: 591	MIN: 1.385ms	AVG: 54.235ms	MAX: 86.887ms	TOTAL: 32052.600ms
P99: 75.363ms	P95: 67.489ms	P50: 54.638ms	SD: 9371.606	RATIO: 17.934%
>>>>> PROC: OSTAT
CALLS: 610	MIN: 1.890ms	AVG: 10.170ms	MAX: 28.239ms	TOTAL: 6203.642ms
P99: 24.961ms	P95: 19.635ms	P50: 9.506ms	SD: 5276.864	RATIO: 3.471%
+-+-+-+-+-+-+-+-+-+-+-+-+-+-+-+-+-+-+-+-+-+-+-+-+-+-+-+-+-+-+-+-+-+-+-+-+-+
>>>>> VIRTUAL USER 5 : ELAPSED TIME : 179110ms
>>>>> PROC: PAYMENT
CALLS: 6119	MIN: 0.576ms	AVG: 8.543ms	MAX: 46.281ms	TOTAL: 52274.765ms
P99: 23.595ms	P95: 18.466ms	P50: 8.158ms	SD: 5203.059	RATIO: 29.186%
>>>>> PROC: NEWORD
CALLS: 6133	MIN: 2.141ms	AVG: 8.079ms	MAX: 64.053ms	TOTAL: 49546.547ms
P99: 16.652ms	P95: 13.050ms	P50: 7.736ms	SD: 2897.014	RATIO: 27.663%
>>>>> PROC: DELIVERY
CALLS: 625	MIN: 9.767ms	AVG: 62.941ms	MAX: 96.922ms	TOTAL: 39338.341ms
P99: 82.805ms	P95: 77.367ms	P50: 63.326ms	SD: 10186.155	RATIO: 21.963%
>>>>> PROC: SLEV
CALLS: 590	MIN: 1.525ms	AVG: 52.091ms	MAX: 84.059ms	TOTAL: 30733.480ms
P99: 75.761ms	P95: 66.731ms	P50: 52.924ms	SD: 10858.806	RATIO: 17.159%
>>>>> PROC: OSTAT
CALLS: 613	MIN: 1.612ms	AVG: 10.325ms	MAX: 35.920ms	TOTAL: 6328.973ms
P99: 25.102ms	P95: 19.665ms	P50: 9.802ms	SD: 5246.642	RATIO: 3.534%
+-+-+-+-+-+-+-+-+-+-+-+-+-+-+-+-+-+-+-+-+-+-+-+-+-+-+-+-+-+-+-+-+-+-+-+-+-+
>>>>> VIRTUAL USER 6 : ELAPSED TIME : 179041ms
>>>>> PROC: PAYMENT
CALLS: 5979	MIN: 0.488ms	AVG: 8.478ms	MAX: 32.359ms	TOTAL: 50692.590ms
P99: 22.934ms	P95: 18.095ms	P50: 8.176ms	SD: 5077.496	RATIO: 28.313%
>>>>> PROC: NEWORD
CALLS: 6046	MIN: 2.115ms	AVG: 8.352ms	MAX: 32.008ms	TOTAL: 50498.386ms
P99: 17.007ms	P95: 13.295ms	P50: 8.100ms	SD: 2845.227	RATIO: 28.205%
>>>>> PROC: DELIVERY
CALLS: 588	MIN: 9.150ms	AVG: 63.676ms	MAX: 91.301ms	TOTAL: 37441.745ms
P99: 85.914ms	P95: 77.554ms	P50: 64.085ms	SD: 9592.156	RATIO: 20.912%
>>>>> PROC: SLEV
CALLS: 632	MIN: 1.442ms	AVG: 53.067ms	MAX: 100.024ms	TOTAL: 33538.489ms
P99: 80.691ms	P95: 70.000ms	P50: 53.888ms	SD: 12356.390	RATIO: 18.732%
>>>>> PROC: OSTAT
CALLS: 579	MIN: 1.851ms	AVG: 10.519ms	MAX: 32.347ms	TOTAL: 6090.717ms
P99: 23.495ms	P95: 20.183ms	P50: 9.641ms	SD: 5305.394	RATIO: 3.402%
+-+-+-+-+-+-+-+-+-+-+-+-+-+-+-+-+-+-+-+-+-+-+-+-+-+-+-+-+-+-+-+-+-+-+-+-+-+
>>>>> VIRTUAL USER 7 : ELAPSED TIME : 180361ms
>>>>> PROC: PAYMENT
CALLS: 6238	MIN: 0.530ms	AVG: 8.460ms	MAX: 33.345ms	TOTAL: 52776.228ms
P99: 22.715ms	P95: 18.310ms	P50: 8.074ms	SD: 5171.797	RATIO: 29.261%
>>>>> PROC: NEWORD
CALLS: 6258	MIN: 1.794ms	AVG: 8.144ms	MAX: 30.538ms	TOTAL: 50962.255ms
P99: 16.539ms	P95: 13.072ms	P50: 7.882ms	SD: 2912.667	RATIO: 28.256%
>>>>> PROC: DELIVERY
CALLS: 576	MIN: 5.651ms	AVG: 62.574ms	MAX: 98.558ms	TOTAL: 36042.865ms
P99: 84.012ms	P95: 78.264ms	P50: 63.150ms	SD: 11630.819	RATIO: 19.984%
>>>>> PROC: SLEV
CALLS: 640	MIN: 1.448ms	AVG: 52.377ms	MAX: 77.824ms	TOTAL: 33521.125ms
P99: 73.711ms	P95: 67.028ms	P50: 53.736ms	SD: 11606.912	RATIO: 18.586%
>>>>> PROC: OSTAT
CALLS: 624	MIN: 0.644ms	AVG: 9.986ms	MAX: 30.540ms	TOTAL: 6231.365ms
P99: 25.740ms	P95: 19.759ms	P50: 9.053ms	SD: 5282.709	RATIO: 3.455%
+-+-+-+-+-+-+-+-+-+-+-+-+-+-+-+-+-+-+-+-+-+-+-+-+-+-+-+-+-+-+-+-+-+-+-+-+-+
>>>>> VIRTUAL USER 8 : ELAPSED TIME : 177782ms
>>>>> PROC: PAYMENT
CALLS: 6079	MIN: 0.521ms	AVG: 8.422ms	MAX: 39.512ms	TOTAL: 51195.977ms
P99: 22.882ms	P95: 18.212ms	P50: 8.156ms	SD: 5127.555	RATIO: 28.797%
>>>>> PROC: NEWORD
CALLS: 6103	MIN: 2.155ms	AVG: 8.192ms	MAX: 43.320ms	TOTAL: 49995.099ms
P99: 17.107ms	P95: 13.348ms	P50: 7.823ms	SD: 2921.305	RATIO: 28.122%
>>>>> PROC: DELIVERY
CALLS: 589	MIN: 10.720ms	AVG: 63.277ms	MAX: 89.501ms	TOTAL: 37270.018ms
P99: 82.424ms	P95: 78.281ms	P50: 63.211ms	SD: 9256.550	RATIO: 20.964%
>>>>> PROC: SLEV
CALLS: 610	MIN: 1.364ms	AVG: 53.571ms	MAX: 83.860ms	TOTAL: 32678.523ms
P99: 77.224ms	P95: 68.907ms	P50: 53.794ms	SD: 9905.545	RATIO: 18.381%
>>>>> PROC: OSTAT
CALLS: 571	MIN: 1.647ms	AVG: 10.275ms	MAX: 37.193ms	TOTAL: 5866.752ms
P99: 24.768ms	P95: 20.266ms	P50: 9.652ms	SD: 5553.030	RATIO: 3.300%
+-+-+-+-+-+-+-+-+-+-+-+-+-+-+-+-+-+-+-+-+-+-+-+-+-+-+-+-+-+-+-+-+-+-+-+-+-+
>>>>> VIRTUAL USER 9 : ELAPSED TIME : 177283ms
>>>>> PROC: PAYMENT
CALLS: 6003	MIN: 0.594ms	AVG: 8.446ms	MAX: 42.660ms	TOTAL: 50703.948ms
P99: 22.554ms	P95: 17.653ms	P50: 8.117ms	SD: 5022.264	RATIO: 28.601%
>>>>> PROC: NEWORD
CALLS: 5865	MIN: 2.316ms	AVG: 8.179ms	MAX: 40.938ms	TOTAL: 47968.105ms
P99: 16.530ms	P95: 12.949ms	P50: 7.857ms	SD: 2788.412	RATIO: 27.057%
>>>>> PROC: DELIVERY
CALLS: 618	MIN: 11.590ms	AVG: 64.526ms	MAX: 92.139ms	TOTAL: 39877.240ms
P99: 83.082ms	P95: 76.810ms	P50: 64.576ms	SD: 8164.927	RATIO: 22.494%
>>>>> PROC: SLEV
CALLS: 603	MIN: 1.447ms	AVG: 52.572ms	MAX: 81.786ms	TOTAL: 31701.003ms
P99: 78.515ms	P95: 68.555ms	P50: 52.540ms	SD: 11386.947	RATIO: 17.882%
>>>>> PROC: OSTAT
CALLS: 607	MIN: 1.664ms	AVG: 10.290ms	MAX: 31.696ms	TOTAL: 6246.233ms
P99: 23.834ms	P95: 19.154ms	P50: 10.112ms	SD: 5052.406	RATIO: 3.523%
+-+-+-+-+-+-+-+-+-+-+-+-+-+-+-+-+-+-+-+-+-+-+-+-+-+-+-+-+-+-+-+-+-+-+-+-+-+
>>>>> SUMMARY OF 8 ACTIVE VIRTUAL USERS : MEDIAN ELAPSED TIME : 179076ms
>>>>> PROC: PAYMENT
CALLS: 97638	MIN: 0.488ms	AVG: 8.467ms	MAX: 46.281ms	TOTAL: 826731.573ms
P99: 22.981ms	P95: 18.101ms	P50: 8.133ms	SD: 5119.409	RATIO: 28.854%
>>>>> PROC: NEWORD
CALLS: 97184	MIN: 1.794ms	AVG: 8.167ms	MAX: 64.053ms	TOTAL: 793727.102ms
P99: 16.556ms	P95: 13.041ms	P50: 7.873ms	SD: 2838.619	RATIO: 27.702%
>>>>> PROC: DELIVERY
CALLS: 9638	MIN: 5.651ms	AVG: 63.268ms	MAX: 100.291ms	TOTAL: 609779.563ms
P99: 84.170ms	P95: 77.468ms	P50: 63.689ms	SD: 9883.485	RATIO: 21.282%
>>>>> PROC: SLEV
CALLS: 9836	MIN: 1.333ms	AVG: 52.990ms	MAX: 100.024ms	TOTAL: 521214.844ms
P99: 76.693ms	P95: 67.769ms	P50: 53.501ms	SD: 10754.027	RATIO: 18.191%
>>>>> PROC: OSTAT
CALLS: 9704	MIN: 0.644ms	AVG: 10.282ms	MAX: 37.193ms	TOTAL: 99784.239ms
P99: 24.946ms	P95: 20.016ms	P50: 9.691ms	SD: 5266.895	RATIO: 3.483%
+-+-+-+-+-+-+-+-+-+-+-+-+-+-+-+-+-+-+-+-+-+-+-+-+-+-+-+-+-+-+-+-+-+-+-+-+-+
