TRANSACTION RESPONSE TIMES
{
  "PAYMENT": {
    "elapsed_ms": "179075.5",
    "calls": "97638",
    "min_ms": "0.488",
    "avg_ms": "8.467",
    "max_ms": "46.281",
    "total_ms": "826731.573",
    "p99_ms": "22.981",
    "p95_ms": "18.101",
    "p50_ms": "8.133",
    "sd": "5119.409",
    "ratio_pct": "28.854"
  },
  "NEWORD": {
    "elapsed_ms": "179075.5",
    "calls": "97184",
    "min_ms": "1.794",
    "avg_ms": "8.167",
    "max_ms": "64.053",
    "total_ms": "793727.102",
    "p99_ms": "16.556",
    "p95_ms": "13.041",
    "p50_ms": "7.873",
    "sd": "2838.619",
    "ratio_pct": "27.702"
  },
  "DELIVERY": {
    "elapsed_ms": "179075.5",
    "calls": "9638",
    "min_ms": "5.651",
    "avg_ms": "63.268",
    "max_ms": "100.291",
    "total_ms": "609779.563",
    "p99_ms": "84.17",
    "p95_ms": "77.468",
    "p50_ms": "63.689",
    "sd": "9883.485",
    "ratio_pct": "21.282"
  },
  "SLEV": {
    "elapsed_ms": "179075.5",
    "calls": "9836",
    "min_ms": "1.333",
    "avg_ms": "52.99",
    "max_ms": "100.024",
    "total_ms": "521214.844",
    "p99_ms": "76.693",
    "p95_ms": "67.769",
    "p50_ms": "53.501",
    "sd": "10754.027",
    "ratio_pct": "18.191"
  },
  "OSTAT": {
    "elapsed_ms": "179075.5",
    "calls": "9704",
    "min_ms": "0.644",
    "avg_ms": "10.282",
    "max_ms": "37.193",
    "total_ms": "99784.239",
    "p99_ms": "24.946",
    "p95_ms": "20.016",
    "p50_ms": "9.691",
    "sd": "5266.895",
    "ratio_pct": "3.483"
  }
}

TRANSACTION COUNT
{"MariaDB tpm": {
    "2026-04-22 22:07:30": "0",
    "2026-04-22 22:07:40": "24252",
    "2026-04-22 22:07:50": "33414",
    "2026-04-22 22:08:00": "35898",
    "2026-04-22 22:08:10": "37194",
    "2026-04-22 22:08:20": "36708",
    "2026-04-22 22:08:30": "36888",
    "2026-04-22 22:08:40": "37356",
    "2026-04-22 22:08:50": "38346",
    "2026-04-22 22:09:00": "37704",
    "2026-04-22 22:09:10": "38544",
    "2026-04-22 22:09:20": "37836",
    "2026-04-22 22:09:30": "38640",
    "2026-04-22 22:09:40": "39228",
    "2026-04-22 22:09:50": "39174",
    "2026-04-22 22:10:00": "37668",
    "2026-04-22 22:10:10": "39906",
    "2026-04-22 22:10:20": "38454",
    "2026-04-22 22:10:30": "38148"
  }}

HAMMERDB RESULT
[
  "69E92A8214E503E293632323",
  "2026-04-22 22:07:30",
  "8 Active Virtual Users configured",
  "TEST RESULT : System achieved 16475 NOPM from 38399 MariaDB TPM"
]

