MariaDB Hammerdb Time Profile Report @ Wed Apr 22 21:43:24 CEST 2026
+-+-+-+-+-+-+-+-+-+-+-+-+-+-+-+-+-+-+-+-+-+-+-+-+-+-+-+-+-+-+-+-+-+-+-+-+-+
>>>>> VIRTUAL USER 2 : ELAPSED TIME : 181270ms
>>>>> PROC: NEWORD
CALLS: 28693	MIN: 0.971ms	AVG: 3.480ms	MAX: 180.033ms	TOTAL: 99850.695ms
P99: 5.596ms	P95: 5.044ms	P50: 3.437ms	SD: 1679.506	RATIO: 55.084%
>>>>> PROC: PAYMENT
CALLS: 28981	MIN: 0.384ms	AVG: 1.297ms	MAX: 26.959ms	TOTAL: 37581.340ms
P99: 3.033ms	P95: 2.382ms	P50: 1.224ms	SD: 659.139	RATIO: 20.732%
>>>>> PROC: DELIVERY
CALLS: 3085	MIN: 3.039ms	AVG: 9.343ms	MAX: 28.205ms	TOTAL: 28822.325ms
P99: 17.435ms	P95: 14.762ms	P50: 9.101ms	SD: 3371.879	RATIO: 15.900%
>>>>> PROC: SLEV
CALLS: 2925	MIN: 0.284ms	AVG: 1.996ms	MAX: 19.240ms	TOTAL: 5838.805ms
P99: 11.709ms	P95: 4.279ms	P50: 1.439ms	SD: 1902.749	RATIO: 3.221%
>>>>> PROC: OSTAT
CALLS: 2876	MIN: 0.368ms	AVG: 1.964ms	MAX: 7.799ms	TOTAL: 5647.501ms
P99: 4.119ms	P95: 3.289ms	P50: 1.888ms	SD: 797.623	RATIO: 3.116%
+-+-+-+-+-+-+-+-+-+-+-+-+-+-+-+-+-+-+-+-+-+-+-+-+-+-+-+-+-+-+-+-+-+-+-+-+-+
>>>>> VIRTUAL USER 3 : ELAPSED TIME : 180251ms
>>>>> PROC: NEWORD
CALLS: 29406	MIN: 0.914ms	AVG: 3.429ms	MAX: 11.465ms	TOTAL: 100826.213ms
P99: 5.431ms	P95: 4.970ms	P50: 3.404ms	SD: 953.880	RATIO: 55.937%
>>>>> PROC: PAYMENT
CALLS: 29475	MIN: 0.384ms	AVG: 1.276ms	MAX: 11.960ms	TOTAL: 37614.113ms
P99: 2.943ms	P95: 2.342ms	P50: 1.210ms	SD: 601.020	RATIO: 20.868%
>>>>> PROC: DELIVERY
CALLS: 2892	MIN: 2.904ms	AVG: 9.410ms	MAX: 38.988ms	TOTAL: 27215.002ms
P99: 16.733ms	P95: 14.742ms	P50: 9.115ms	SD: 3162.350	RATIO: 15.098%
>>>>> PROC: OSTAT
CALLS: 2946	MIN: 0.372ms	AVG: 1.933ms	MAX: 6.203ms	TOTAL: 5695.756ms
P99: 3.959ms	P95: 3.259ms	P50: 1.873ms	SD: 761.043	RATIO: 3.160%
>>>>> PROC: SLEV
CALLS: 2865	MIN: 0.272ms	AVG: 1.825ms	MAX: 17.739ms	TOTAL: 5227.397ms
P99: 9.547ms	P95: 3.809ms	P50: 1.391ms	SD: 1538.328	RATIO: 2.900%
+-+-+-+-+-+-+-+-+-+-+-+-+-+-+-+-+-+-+-+-+-+-+-+-+-+-+-+-+-+-+-+-+-+-+-+-+-+
>>>>> VIRTUAL USER 4 : ELAPSED TIME : 178652ms
>>>>> PROC: NEWORD
CALLS: 28849	MIN: 1.076ms	AVG: 3.459ms	MAX: 15.605ms	TOTAL: 99788.694ms
P99: 5.476ms	P95: 4.987ms	P50: 3.435ms	SD: 947.880	RATIO: 55.856%
>>>>> PROC: PAYMENT
CALLS: 28660	MIN: 0.429ms	AVG: 1.292ms	MAX: 29.375ms	TOTAL: 37039.690ms
P99: 2.940ms	P95: 2.343ms	P50: 1.234ms	SD: 620.820	RATIO: 20.733%
>>>>> PROC: DELIVERY
CALLS: 2884	MIN: 3.462ms	AVG: 9.186ms	MAX: 19.833ms	TOTAL: 26491.979ms
P99: 16.111ms	P95: 14.330ms	P50: 9.010ms	SD: 3015.673	RATIO: 14.829%
>>>>> PROC: OSTAT
CALLS: 2902	MIN: 0.444ms	AVG: 1.960ms	MAX: 9.391ms	TOTAL: 5689.102ms
P99: 4.200ms	P95: 3.295ms	P50: 1.868ms	SD: 806.255	RATIO: 3.184%
>>>>> PROC: SLEV
CALLS: 2923	MIN: 0.292ms	AVG: 1.883ms	MAX: 42.130ms	TOTAL: 5505.284ms
P99: 12.183ms	P95: 3.820ms	P50: 1.380ms	SD: 2017.656	RATIO: 3.082%
+-+-+-+-+-+-+-+-+-+-+-+-+-+-+-+-+-+-+-+-+-+-+-+-+-+-+-+-+-+-+-+-+-+-+-+-+-+
>>>>> VIRTUAL USER 5 : ELAPSED TIME : 178142ms
>>>>> PROC: NEWORD
CALLS: 29136	MIN: 1.326ms	AVG: 3.421ms	MAX: 12.959ms	TOTAL: 99667.657ms
P99: 5.413ms	P95: 4.933ms	P50: 3.396ms	SD: 934.190	RATIO: 55.948%
>>>>> PROC: PAYMENT
CALLS: 28759	MIN: 0.426ms	AVG: 1.283ms	MAX: 6.586ms	TOTAL: 36905.911ms
P99: 2.925ms	P95: 2.341ms	P50: 1.235ms	SD: 591.128	RATIO: 20.717%
>>>>> PROC: DELIVERY
CALLS: 2961	MIN: 3.129ms	AVG: 9.243ms	MAX: 46.048ms	TOTAL: 27367.518ms
P99: 16.518ms	P95: 14.500ms	P50: 9.012ms	SD: 3123.388	RATIO: 15.363%
>>>>> PROC: OSTAT
CALLS: 2790	MIN: 0.405ms	AVG: 1.957ms	MAX: 10.220ms	TOTAL: 5459.778ms
P99: 4.041ms	P95: 3.298ms	P50: 1.879ms	SD: 804.660	RATIO: 3.065%
>>>>> PROC: SLEV
CALLS: 2802	MIN: 0.204ms	AVG: 1.817ms	MAX: 24.060ms	TOTAL: 5090.378ms
P99: 9.010ms	P95: 3.758ms	P50: 1.406ms	SD: 1554.927	RATIO: 2.857%
+-+-+-+-+-+-+-+-+-+-+-+-+-+-+-+-+-+-+-+-+-+-+-+-+-+-+-+-+-+-+-+-+-+-+-+-+-+
>>>>> VIRTUAL USER 6 : ELAPSED TIME : 177651ms
>>>>> PROC: NEWORD
CALLS: 27403	MIN: 1.204ms	AVG: 3.514ms	MAX: 36.102ms	TOTAL: 96304.643ms
P99: 6.635ms	P95: 5.059ms	P50: 3.418ms	SD: 1333.700	RATIO: 54.210%
>>>>> PROC: PAYMENT
CALLS: 27254	MIN: 0.415ms	AVG: 1.550ms	MAX: 49.256ms	TOTAL: 42252.251ms
P99: 9.033ms	P95: 2.490ms	P50: 1.238ms	SD: 2816.237	RATIO: 23.784%
>>>>> PROC: DELIVERY
CALLS: 2758	MIN: 3.650ms	AVG: 9.221ms	MAX: 28.597ms	TOTAL: 25432.254ms
P99: 17.623ms	P95: 14.367ms	P50: 9.140ms	SD: 3164.001	RATIO: 14.316%
>>>>> PROC: OSTAT
CALLS: 2792	MIN: 0.410ms	AVG: 1.947ms	MAX: 14.949ms	TOTAL: 5436.240ms
P99: 4.428ms	P95: 3.348ms	P50: 1.853ms	SD: 864.194	RATIO: 3.060%
>>>>> PROC: SLEV
CALLS: 2649	MIN: 0.294ms	AVG: 1.792ms	MAX: 18.890ms	TOTAL: 4747.801ms
P99: 10.965ms	P95: 3.808ms	P50: 1.375ms	SD: 1616.992	RATIO: 2.673%
+-+-+-+-+-+-+-+-+-+-+-+-+-+-+-+-+-+-+-+-+-+-+-+-+-+-+-+-+-+-+-+-+-+-+-+-+-+
>>>>> VIRTUAL USER 7 : ELAPSED TIME : 177155ms
>>>>> PROC: NEWORD
CALLS: 27277	MIN: 1.214ms	AVG: 3.520ms	MAX: 20.121ms	TOTAL: 96002.943ms
P99: 6.240ms	P95: 5.032ms	P50: 3.432ms	SD: 1305.178	RATIO: 54.191%
>>>>> PROC: PAYMENT
CALLS: 27372	MIN: 0.426ms	AVG: 1.535ms	MAX: 49.119ms	TOTAL: 42015.214ms
P99: 6.717ms	P95: 2.460ms	P50: 1.254ms	SD: 2737.304	RATIO: 23.717%
>>>>> PROC: DELIVERY
CALLS: 2741	MIN: 3.629ms	AVG: 9.092ms	MAX: 20.225ms	TOTAL: 24920.294ms
P99: 15.836ms	P95: 13.824ms	P50: 9.071ms	SD: 2868.068	RATIO: 14.067%
>>>>> PROC: OSTAT
CALLS: 2786	MIN: 0.463ms	AVG: 1.941ms	MAX: 6.545ms	TOTAL: 5408.798ms
P99: 3.836ms	P95: 3.250ms	P50: 1.882ms	SD: 754.111	RATIO: 3.053%
>>>>> PROC: SLEV
CALLS: 2776	MIN: 0.250ms	AVG: 1.847ms	MAX: 37.561ms	TOTAL: 5126.263ms
P99: 10.615ms	P95: 3.789ms	P50: 1.405ms	SD: 1700.808	RATIO: 2.894%
+-+-+-+-+-+-+-+-+-+-+-+-+-+-+-+-+-+-+-+-+-+-+-+-+-+-+-+-+-+-+-+-+-+-+-+-+-+
>>>>> VIRTUAL USER 8 : ELAPSED TIME : 176862ms
>>>>> PROC: NEWORD
CALLS: 28395	MIN: 1.285ms	AVG: 3.452ms	MAX: 15.013ms	TOTAL: 98016.077ms
P99: 5.498ms	P95: 4.955ms	P50: 3.433ms	SD: 946.459	RATIO: 55.420%
>>>>> PROC: PAYMENT
CALLS: 28245	MIN: 0.416ms	AVG: 1.296ms	MAX: 30.020ms	TOTAL: 36591.457ms
P99: 2.988ms	P95: 2.352ms	P50: 1.237ms	SD: 644.438	RATIO: 20.689%
>>>>> PROC: DELIVERY
CALLS: 2883	MIN: 3.377ms	AVG: 9.383ms	MAX: 20.603ms	TOTAL: 27051.899ms
P99: 16.300ms	P95: 14.429ms	P50: 9.238ms	SD: 3014.463	RATIO: 15.295%
>>>>> PROC: SLEV
CALLS: 2932	MIN: 0.231ms	AVG: 2.038ms	MAX: 39.260ms	TOTAL: 5974.587ms
P99: 14.718ms	P95: 4.195ms	P50: 1.379ms	SD: 2437.991	RATIO: 3.378%
>>>>> PROC: OSTAT
CALLS: 2825	MIN: 0.431ms	AVG: 1.946ms	MAX: 10.882ms	TOTAL: 5496.898ms
P99: 4.295ms	P95: 3.280ms	P50: 1.853ms	SD: 841.344	RATIO: 3.108%
+-+-+-+-+-+-+-+-+-+-+-+-+-+-+-+-+-+-+-+-+-+-+-+-+-+-+-+-+-+-+-+-+-+-+-+-+-+
>>>>> VIRTUAL USER 9 : ELAPSED TIME : 176166ms
>>>>> PROC: NEWORD
CALLS: 28626	MIN: 1.154ms	AVG: 3.455ms	MAX: 41.400ms	TOTAL: 98907.548ms
P99: 5.491ms	P95: 4.994ms	P50: 3.429ms	SD: 985.444	RATIO: 56.145%
>>>>> PROC: PAYMENT
CALLS: 28257	MIN: 0.422ms	AVG: 1.295ms	MAX: 29.423ms	TOTAL: 36580.462ms
P99: 2.979ms	P95: 2.380ms	P50: 1.235ms	SD: 627.233	RATIO: 20.765%
>>>>> PROC: DELIVERY
CALLS: 2806	MIN: 3.673ms	AVG: 9.213ms	MAX: 20.137ms	TOTAL: 25850.321ms
P99: 16.049ms	P95: 14.288ms	P50: 9.151ms	SD: 2984.939	RATIO: 14.674%
>>>>> PROC: SLEV
CALLS: 2867	MIN: 0.290ms	AVG: 1.946ms	MAX: 23.623ms	TOTAL: 5578.337ms
P99: 12.356ms	P95: 4.050ms	P50: 1.417ms	SD: 1917.878	RATIO: 3.167%
>>>>> PROC: OSTAT
CALLS: 2852	MIN: 0.433ms	AVG: 1.942ms	MAX: 7.266ms	TOTAL: 5538.955ms
P99: 3.955ms	P95: 3.337ms	P50: 1.841ms	SD: 789.140	RATIO: 3.144%
+-+-+-+-+-+-+-+-+-+-+-+-+-+-+-+-+-+-+-+-+-+-+-+-+-+-+-+-+-+-+-+-+-+-+-+-+-+
>>>>> SUMMARY OF 8 ACTIVE VIRTUAL USERS : MEDIAN ELAPSED TIME : 177896ms
>>>>> PROC: NEWORD
CALLS: 455570	MIN: 0.914ms	AVG: 3.465ms	MAX: 180.033ms	TOTAL: 1578729.983ms
P99: 5.573ms	P95: 4.997ms	P50: 3.423ms	SD: 1162.314	RATIO: 55.465%
>>>>> PROC: PAYMENT
CALLS: 454006	MIN: 0.384ms	AVG: 1.350ms	MAX: 49.256ms	TOTAL: 613161.318ms
P99: 3.089ms	P95: 2.383ms	P50: 1.234ms	SD: 1470.825	RATIO: 21.542%
>>>>> PROC: DELIVERY
CALLS: 46020	MIN: 2.904ms	AVG: 9.263ms	MAX: 46.048ms	TOTAL: 426303.460ms
P99: 16.499ms	P95: 14.421ms	P50: 9.108ms	SD: 3096.519	RATIO: 14.977%
>>>>> PROC: OSTAT
CALLS: 45538	MIN: 0.368ms	AVG: 1.948ms	MAX: 14.949ms	TOTAL: 88746.115ms
P99: 4.062ms	P95: 3.293ms	P50: 1.868ms	SD: 802.724	RATIO: 3.118%
>>>>> PROC: SLEV
CALLS: 45478	MIN: 0.204ms	AVG: 1.894ms	MAX: 42.130ms	TOTAL: 86177.755ms
P99: 11.578ms	P95: 3.917ms	P50: 1.398ms	SD: 1865.224	RATIO: 3.028%
+-+-+-+-+-+-+-+-+-+-+-+-+-+-+-+-+-+-+-+-+-+-+-+-+-+-+-+-+-+-+-+-+-+-+-+-+-+
