HammerDB CLI v5.0
Copyright © HammerDB Ltd hosted by tpc.org 2019-2025
Type "help" for a list of commands
Initialized Jobs on-disk database /root/hammerdb_logs_20260423_174954/hammerdb_tmp/hammer.DB using existing tables (364,544 bytes)
TRANSACTION RESPONSE TIMES
{
  "NEWORD": {
    "elapsed_ms": "178680.0",
    "calls": "443534",
    "min_ms": "0.254",
    "avg_ms": "3.416",
    "max_ms": "34.744",
    "total_ms": "1515221.75",
    "p99_ms": "5.589",
    "p95_ms": "5.002",
    "p50_ms": "3.379",
    "sd": "970.532",
    "ratio_pct": "53.001"
  },
  "PAYMENT": {
    "elapsed_ms": "178680.0",
    "calls": "443802",
    "min_ms": "0.328",
    "avg_ms": "1.425",
    "max_ms": "40.148",
    "total_ms": "632699.798",
    "p99_ms": "3.456",
    "p95_ms": "2.728",
    "p50_ms": "1.343",
    "sd": "773.846",
    "ratio_pct": "22.131"
  },
  "DELIVERY": {
    "elapsed_ms": "178680.0",
    "calls": "44196",
    "min_ms": "2.399",
    "avg_ms": "10.454",
    "max_ms": "39.521",
    "total_ms": "462062.871",
    "p99_ms": "18.967",
    "p95_ms": "16.558",
    "p50_ms": "10.357",
    "sd": "3833.819",
    "ratio_pct": "16.162"
  },
  "OSTAT": {
    "elapsed_ms": "178680.0",
    "calls": "44090",
    "min_ms": "0.352",
    "avg_ms": "2.241",
    "max_ms": "19.696",
    "total_ms": "98820.646",
    "p99_ms": "4.813",
    "p95_ms": "3.978",
    "p50_ms": "2.142",
    "sd": "985.955",
    "ratio_pct": "3.457"
  },
  "SLEV": {
    "elapsed_ms": "178680.0",
    "calls": "44778",
    "min_ms": "0.182",
    "avg_ms": "2.173",
    "max_ms": "40.026",
    "total_ms": "97324.316",
    "p99_ms": "11.822",
    "p95_ms": "3.779",
    "p50_ms": "1.801",
    "sd": "1853.772",
    "ratio_pct": "3.404"
  }
}

TRANSACTION COUNT
{"MariaDB tpm": {
    "2026-04-23 17:52:22": "0",
    "2026-04-23 17:52:32": "134640",
    "2026-04-23 17:52:43": "178164",
    "2026-04-23 17:52:53": "188148",
    "2026-04-23 17:53:03": "175284",
    "2026-04-23 17:53:13": "172962",
    "2026-04-23 17:53:23": "176496",
    "2026-04-23 17:53:33": "169320",
    "2026-04-23 17:53:43": "166848",
    "2026-04-23 17:53:53": "175026",
    "2026-04-23 17:54:03": "167394",
    "2026-04-23 17:54:13": "166506",
    "2026-04-23 17:54:23": "172914",
    "2026-04-23 17:54:33": "162684",
    "2026-04-23 17:54:43": "167772",
    "2026-04-23 17:54:53": "170250",
    "2026-04-23 17:55:03": "162396",
    "2026-04-23 17:55:13": "167070",
    "2026-04-23 17:55:23": "167334"
  }}

HAMMERDB RESULT
[
  "69EA4036A25603E283234303",
  "2026-04-23 17:52:22",
  "8 Active Virtual Users configured",
  "TEST RESULT : System achieved 72248 NOPM from 167908 MariaDB TPM"
]


