MariaDB Hammerdb Time Profile Report @ Thu Apr 23 17:48:51 CEST 2026
+-+-+-+-+-+-+-+-+-+-+-+-+-+-+-+-+-+-+-+-+-+-+-+-+-+-+-+-+-+-+-+-+-+-+-+-+-+
>>>>> VIRTUAL USER 2 : ELAPSED TIME : 181180ms
>>>>> PROC: NEWORD
CALLS: 29653	MIN: 0.982ms	AVG: 3.312ms	MAX: 29.129ms	TOTAL: 98204.158ms
P99: 5.456ms	P95: 4.829ms	P50: 3.279ms	SD: 951.682	RATIO: 54.203%
>>>>> PROC: PAYMENT
CALLS: 29210	MIN: 0.342ms	AVG: 1.317ms	MAX: 14.230ms	TOTAL: 38482.897ms
P99: 3.153ms	P95: 2.507ms	P50: 1.242ms	SD: 679.234	RATIO: 21.240%
>>>>> PROC: DELIVERY
CALLS: 2974	MIN: 2.721ms	AVG: 9.804ms	MAX: 30.990ms	TOTAL: 29157.191ms
P99: 17.318ms	P95: 15.287ms	P50: 9.816ms	SD: 3429.695	RATIO: 16.093%
>>>>> PROC: OSTAT
CALLS: 2833	MIN: 0.417ms	AVG: 2.086ms	MAX: 6.398ms	TOTAL: 5910.750ms
P99: 4.312ms	P95: 3.616ms	P50: 2.020ms	SD: 864.841	RATIO: 3.262%
>>>>> PROC: SLEV
CALLS: 2914	MIN: 0.210ms	AVG: 1.979ms	MAX: 19.572ms	TOTAL: 5768.249ms
P99: 9.935ms	P95: 3.300ms	P50: 1.690ms	SD: 1521.299	RATIO: 3.184%
+-+-+-+-+-+-+-+-+-+-+-+-+-+-+-+-+-+-+-+-+-+-+-+-+-+-+-+-+-+-+-+-+-+-+-+-+-+
>>>>> VIRTUAL USER 3 : ELAPSED TIME : 179981ms
>>>>> PROC: NEWORD
CALLS: 29360	MIN: 1.075ms	AVG: 3.308ms	MAX: 189.883ms	TOTAL: 97112.024ms
P99: 5.354ms	P95: 4.812ms	P50: 3.271ms	SD: 1434.050	RATIO: 53.957%
>>>>> PROC: PAYMENT
CALLS: 29320	MIN: 0.349ms	AVG: 1.307ms	MAX: 19.340ms	TOTAL: 38310.129ms
P99: 3.111ms	P95: 2.455ms	P50: 1.234ms	SD: 677.714	RATIO: 21.286%
>>>>> PROC: DELIVERY
CALLS: 2929	MIN: 2.402ms	AVG: 9.666ms	MAX: 27.078ms	TOTAL: 28311.430ms
P99: 18.372ms	P95: 15.092ms	P50: 9.620ms	SD: 3322.747	RATIO: 15.730%
>>>>> PROC: SLEV
CALLS: 3001	MIN: 0.283ms	AVG: 2.107ms	MAX: 33.768ms	TOTAL: 6322.759ms
P99: 12.011ms	P95: 3.714ms	P50: 1.687ms	SD: 1896.513	RATIO: 3.513%
>>>>> PROC: OSTAT
CALLS: 2974	MIN: 0.400ms	AVG: 2.076ms	MAX: 14.216ms	TOTAL: 6174.259ms
P99: 4.433ms	P95: 3.628ms	P50: 1.969ms	SD: 904.584	RATIO: 3.431%
+-+-+-+-+-+-+-+-+-+-+-+-+-+-+-+-+-+-+-+-+-+-+-+-+-+-+-+-+-+-+-+-+-+-+-+-+-+
>>>>> VIRTUAL USER 4 : ELAPSED TIME : 178657ms
>>>>> PROC: NEWORD
CALLS: 29382	MIN: 1.078ms	AVG: 3.257ms	MAX: 41.802ms	TOTAL: 95700.279ms
P99: 5.262ms	P95: 4.747ms	P50: 3.226ms	SD: 931.004	RATIO: 53.566%
>>>>> PROC: PAYMENT
CALLS: 29911	MIN: 0.345ms	AVG: 1.301ms	MAX: 6.861ms	TOTAL: 38912.879ms
P99: 3.048ms	P95: 2.439ms	P50: 1.230ms	SD: 631.547	RATIO: 21.781%
>>>>> PROC: DELIVERY
CALLS: 2972	MIN: 2.216ms	AVG: 9.520ms	MAX: 43.808ms	TOTAL: 28294.143ms
P99: 16.465ms	P95: 14.782ms	P50: 9.602ms	SD: 3324.207	RATIO: 15.837%
>>>>> PROC: SLEV
CALLS: 3002	MIN: 0.224ms	AVG: 1.996ms	MAX: 41.229ms	TOTAL: 5992.950ms
P99: 10.775ms	P95: 3.343ms	P50: 1.667ms	SD: 1744.564	RATIO: 3.354%
>>>>> PROC: OSTAT
CALLS: 2861	MIN: 0.401ms	AVG: 2.062ms	MAX: 9.753ms	TOTAL: 5900.785ms
P99: 4.284ms	P95: 3.603ms	P50: 1.957ms	SD: 861.541	RATIO: 3.303%
+-+-+-+-+-+-+-+-+-+-+-+-+-+-+-+-+-+-+-+-+-+-+-+-+-+-+-+-+-+-+-+-+-+-+-+-+-+
>>>>> VIRTUAL USER 5 : ELAPSED TIME : 178159ms
>>>>> PROC: NEWORD
CALLS: 29182	MIN: 1.034ms	AVG: 3.293ms	MAX: 15.028ms	TOTAL: 96100.433ms
P99: 5.488ms	P95: 4.793ms	P50: 3.257ms	SD: 933.370	RATIO: 53.941%
>>>>> PROC: PAYMENT
CALLS: 29395	MIN: 0.359ms	AVG: 1.312ms	MAX: 28.944ms	TOTAL: 38574.622ms
P99: 3.119ms	P95: 2.480ms	P50: 1.228ms	SD: 726.301	RATIO: 21.652%
>>>>> PROC: DELIVERY
CALLS: 2832	MIN: 2.515ms	AVG: 9.744ms	MAX: 35.628ms	TOTAL: 27594.948ms
P99: 27.150ms	P95: 14.725ms	P50: 9.752ms	SD: 3844.553	RATIO: 15.489%
>>>>> PROC: SLEV
CALLS: 2965	MIN: 0.198ms	AVG: 2.062ms	MAX: 19.124ms	TOTAL: 6114.010ms
P99: 12.394ms	P95: 3.662ms	P50: 1.690ms	SD: 1847.268	RATIO: 3.432%
>>>>> PROC: OSTAT
CALLS: 2898	MIN: 0.364ms	AVG: 2.060ms	MAX: 14.007ms	TOTAL: 5969.054ms
P99: 4.419ms	P95: 3.539ms	P50: 1.956ms	SD: 914.869	RATIO: 3.350%
+-+-+-+-+-+-+-+-+-+-+-+-+-+-+-+-+-+-+-+-+-+-+-+-+-+-+-+-+-+-+-+-+-+-+-+-+-+
>>>>> VIRTUAL USER 6 : ELAPSED TIME : 177651ms
>>>>> PROC: NEWORD
CALLS: 28964	MIN: 1.116ms	AVG: 3.315ms	MAX: 8.146ms	TOTAL: 96023.399ms
P99: 5.474ms	P95: 4.827ms	P50: 3.275ms	SD: 928.830	RATIO: 54.052%
>>>>> PROC: PAYMENT
CALLS: 28722	MIN: 0.358ms	AVG: 1.308ms	MAX: 28.773ms	TOTAL: 37576.853ms
P99: 3.128ms	P95: 2.470ms	P50: 1.221ms	SD: 701.738	RATIO: 21.152%
>>>>> PROC: DELIVERY
CALLS: 2845	MIN: 3.188ms	AVG: 9.725ms	MAX: 38.849ms	TOTAL: 27668.896ms
P99: 18.760ms	P95: 15.289ms	P50: 9.714ms	SD: 3417.524	RATIO: 15.575%
>>>>> PROC: OSTAT
CALLS: 2952	MIN: 0.347ms	AVG: 2.068ms	MAX: 12.115ms	TOTAL: 6105.843ms
P99: 4.318ms	P95: 3.558ms	P50: 1.992ms	SD: 883.134	RATIO: 3.437%
>>>>> PROC: SLEV
CALLS: 2815	MIN: 0.275ms	AVG: 2.102ms	MAX: 32.291ms	TOTAL: 5917.188ms
P99: 10.877ms	P95: 3.536ms	P50: 1.759ms	SD: 1781.396	RATIO: 3.331%
+-+-+-+-+-+-+-+-+-+-+-+-+-+-+-+-+-+-+-+-+-+-+-+-+-+-+-+-+-+-+-+-+-+-+-+-+-+
>>>>> VIRTUAL USER 7 : ELAPSED TIME : 178250ms
>>>>> PROC: NEWORD
CALLS: 29071	MIN: 1.080ms	AVG: 3.300ms	MAX: 33.203ms	TOTAL: 95929.454ms
P99: 5.282ms	P95: 4.783ms	P50: 3.270ms	SD: 921.192	RATIO: 53.817%
>>>>> PROC: PAYMENT
CALLS: 29751	MIN: 0.353ms	AVG: 1.304ms	MAX: 5.981ms	TOTAL: 38782.627ms
P99: 3.070ms	P95: 2.457ms	P50: 1.246ms	SD: 639.806	RATIO: 21.757%
>>>>> PROC: DELIVERY
CALLS: 2924	MIN: 2.963ms	AVG: 9.543ms	MAX: 19.701ms	TOTAL: 27904.573ms
P99: 16.557ms	P95: 14.641ms	P50: 9.650ms	SD: 3188.199	RATIO: 15.655%
>>>>> PROC: OSTAT
CALLS: 2988	MIN: 0.372ms	AVG: 2.048ms	MAX: 7.093ms	TOTAL: 6120.771ms
P99: 4.320ms	P95: 3.532ms	P50: 1.968ms	SD: 849.313	RATIO: 3.434%
>>>>> PROC: SLEV
CALLS: 2850	MIN: 0.258ms	AVG: 2.012ms	MAX: 34.497ms	TOTAL: 5734.912ms
P99: 12.359ms	P95: 3.254ms	P50: 1.690ms	SD: 1769.377	RATIO: 3.217%
+-+-+-+-+-+-+-+-+-+-+-+-+-+-+-+-+-+-+-+-+-+-+-+-+-+-+-+-+-+-+-+-+-+-+-+-+-+
>>>>> VIRTUAL USER 8 : ELAPSED TIME : 177688ms
>>>>> PROC: NEWORD
CALLS: 29018	MIN: 1.051ms	AVG: 3.323ms	MAX: 75.604ms	TOTAL: 96420.408ms
P99: 5.371ms	P95: 4.839ms	P50: 3.291ms	SD: 1009.295	RATIO: 54.264%
>>>>> PROC: PAYMENT
CALLS: 28909	MIN: 0.364ms	AVG: 1.314ms	MAX: 32.750ms	TOTAL: 37996.129ms
P99: 3.099ms	P95: 2.470ms	P50: 1.244ms	SD: 670.937	RATIO: 21.384%
>>>>> PROC: DELIVERY
CALLS: 2881	MIN: 2.823ms	AVG: 9.629ms	MAX: 26.754ms	TOTAL: 27742.087ms
P99: 17.921ms	P95: 15.060ms	P50: 9.690ms	SD: 3391.481	RATIO: 15.613%
>>>>> PROC: OSTAT
CALLS: 2915	MIN: 0.392ms	AVG: 2.076ms	MAX: 5.803ms	TOTAL: 6052.933ms
P99: 4.305ms	P95: 3.615ms	P50: 2.005ms	SD: 858.801	RATIO: 3.406%
>>>>> PROC: SLEV
CALLS: 2837	MIN: 0.199ms	AVG: 2.019ms	MAX: 19.688ms	TOTAL: 5727.974ms
P99: 11.628ms	P95: 3.272ms	P50: 1.732ms	SD: 1614.668	RATIO: 3.224%
+-+-+-+-+-+-+-+-+-+-+-+-+-+-+-+-+-+-+-+-+-+-+-+-+-+-+-+-+-+-+-+-+-+-+-+-+-+
>>>>> VIRTUAL USER 9 : ELAPSED TIME : 176193ms
>>>>> PROC: NEWORD
CALLS: 29053	MIN: 1.139ms	AVG: 3.280ms	MAX: 192.834ms	TOTAL: 95305.495ms
P99: 5.296ms	P95: 4.779ms	P50: 3.229ms	SD: 1435.724	RATIO: 54.092%
>>>>> PROC: PAYMENT
CALLS: 28879	MIN: 0.364ms	AVG: 1.314ms	MAX: 29.508ms	TOTAL: 37953.108ms
P99: 3.098ms	P95: 2.484ms	P50: 1.246ms	SD: 682.172	RATIO: 21.541%
>>>>> PROC: DELIVERY
CALLS: 2820	MIN: 2.712ms	AVG: 9.713ms	MAX: 197.281ms	TOTAL: 27391.128ms
P99: 17.631ms	P95: 15.167ms	P50: 9.600ms	SD: 4854.418	RATIO: 15.546%
>>>>> PROC: SLEV
CALLS: 2932	MIN: 0.222ms	AVG: 2.031ms	MAX: 24.194ms	TOTAL: 5953.911ms
P99: 11.365ms	P95: 3.264ms	P50: 1.714ms	SD: 1812.981	RATIO: 3.379%
>>>>> PROC: OSTAT
CALLS: 2876	MIN: 0.380ms	AVG: 2.040ms	MAX: 8.493ms	TOTAL: 5868.440ms
P99: 4.444ms	P95: 3.576ms	P50: 1.942ms	SD: 878.806	RATIO: 3.331%
+-+-+-+-+-+-+-+-+-+-+-+-+-+-+-+-+-+-+-+-+-+-+-+-+-+-+-+-+-+-+-+-+-+-+-+-+-+
>>>>> SUMMARY OF 8 ACTIVE VIRTUAL USERS : MEDIAN ELAPSED TIME : 178204ms
>>>>> PROC: NEWORD
CALLS: 467366	MIN: 0.982ms	AVG: 3.298ms	MAX: 192.834ms	TOTAL: 1541591.069ms
P99: 5.364ms	P95: 4.800ms	P50: 3.263ms	SD: 1089.364	RATIO: 54.067%
>>>>> PROC: PAYMENT
CALLS: 468194	MIN: 0.342ms	AVG: 1.309ms	MAX: 32.750ms	TOTAL: 613178.397ms
P99: 3.102ms	P95: 2.470ms	P50: 1.236ms	SD: 676.571	RATIO: 21.505%
>>>>> PROC: DELIVERY
CALLS: 46354	MIN: 2.216ms	AVG: 9.667ms	MAX: 197.281ms	TOTAL: 448128.723ms
P99: 17.683ms	P95: 14.997ms	P50: 9.682ms	SD: 3625.621	RATIO: 15.717%
>>>>> PROC: OSTAT
CALLS: 46594	MIN: 0.347ms	AVG: 2.064ms	MAX: 14.216ms	TOTAL: 96205.653ms
P99: 4.362ms	P95: 3.592ms	P50: 1.975ms	SD: 877.268	RATIO: 3.374%
>>>>> PROC: SLEV
CALLS: 46632	MIN: 0.198ms	AVG: 2.038ms	MAX: 41.229ms	TOTAL: 95063.900ms
P99: 11.659ms	P95: 3.359ms	P50: 1.701ms	SD: 1753.659	RATIO: 3.334%
+-+-+-+-+-+-+-+-+-+-+-+-+-+-+-+-+-+-+-+-+-+-+-+-+-+-+-+-+-+-+-+-+-+-+-+-+-+
