TRANSACTION RESPONSE TIMES
{
  "NEWORD": {
    "elapsed_ms": "178204.5",
    "calls": "467366",
    "min_ms": "0.982",
    "avg_ms": "3.298",
    "max_ms": "192.834",
    "total_ms": "1541591.069",
    "p99_ms": "5.364",
    "p95_ms": "4.8",
    "p50_ms": "3.263",
    "sd": "1089.364",
    "ratio_pct": "54.067"
  },
  "PAYMENT": {
    "elapsed_ms": "178204.5",
    "calls": "468194",
    "min_ms": "0.342",
    "avg_ms": "1.309",
    "max_ms": "32.75",
    "total_ms": "613178.397",
    "p99_ms": "3.102",
    "p95_ms": "2.47",
    "p50_ms": "1.236",
    "sd": "676.571",
    "ratio_pct": "21.505"
  },
  "DELIVERY": {
    "elapsed_ms": "178204.5",
    "calls": "46354",
    "min_ms": "2.216",
    "avg_ms": "9.667",
    "max_ms": "197.281",
    "total_ms": "448128.723",
    "p99_ms": "17.683",
    "p95_ms": "14.997",
    "p50_ms": "9.682",
    "sd": "3625.621",
    "ratio_pct": "15.717"
  },
  "OSTAT": {
    "elapsed_ms": "178204.5",
    "calls": "46594",
    "min_ms": "0.347",
    "avg_ms": "2.064",
    "max_ms": "14.216",
    "total_ms": "96205.653",
    "p99_ms": "4.362",
    "p95_ms": "3.592",
    "p50_ms": "1.975",
    "sd": "877.268",
    "ratio_pct": "3.374"
  },
  "SLEV": {
    "elapsed_ms": "178204.5",
    "calls": "46632",
    "min_ms": "0.198",
    "avg_ms": "2.038",
    "max_ms": "41.229",
    "total_ms": "95063.9",
    "p99_ms": "11.659",
    "p95_ms": "3.359",
    "p50_ms": "1.701",
    "sd": "1753.659",
    "ratio_pct": "3.334"
  }
}

TRANSACTION COUNT
{"MariaDB tpm": {
    "2026-04-23 17:45:48": "0",
    "2026-04-23 17:45:58": "141726",
    "2026-04-23 17:46:08": "186630",
    "2026-04-23 17:46:18": "194634",
    "2026-04-23 17:46:28": "181890",
    "2026-04-23 17:46:38": "180408",
    "2026-04-23 17:46:48": "189144",
    "2026-04-23 17:46:58": "178572",
    "2026-04-23 17:47:08": "183444",
    "2026-04-23 17:47:18": "184044",
    "2026-04-23 17:47:28": "176994",
    "2026-04-23 17:47:38": "182928",
    "2026-04-23 17:47:48": "172830",
    "2026-04-23 17:47:58": "180384",
    "2026-04-23 17:48:08": "186078",
    "2026-04-23 17:48:18": "169284",
    "2026-04-23 17:48:28": "178674",
    "2026-04-23 17:48:38": "178896",
    "2026-04-23 17:48:48": "169434"
  }}

HAMMERDB RESULT
[
  "69EA3EAC8AD603E213136313",
  "2026-04-23 17:45:48",
  "8 Active Virtual Users configured",
  "TEST RESULT : System achieved 76932 NOPM from 178381 MariaDB TPM"
]

