HammerDB CLI v5.0
Copyright © HammerDB Ltd hosted by tpc.org 2019-2025
Type "help" for a list of commands
Initialized Jobs on-disk database /root/hammerdb_logs_20260422_221243/hammerdb_tmp/hammer.DB using existing tables (364,544 bytes)
TRANSACTION RESPONSE TIMES
{
  "NEWORD": {
    "elapsed_ms": "179188.0",
    "calls": "261554",
    "min_ms": "1.133",
    "avg_ms": "4.863",
    "max_ms": "228.64",
    "total_ms": "1271972.63",
    "p99_ms": "8.412",
    "p95_ms": "7.297",
    "p50_ms": "4.777",
    "sd": "1714.806",
    "ratio_pct": "44.366"
  },
  "PAYMENT": {
    "elapsed_ms": "179188.0",
    "calls": "262230",
    "min_ms": "0.444",
    "avg_ms": "3.539",
    "max_ms": "40.678",
    "total_ms": "928144.462",
    "p99_ms": "7.408",
    "p95_ms": "6.499",
    "p50_ms": "4.377",
    "sd": "2182.399",
    "ratio_pct": "32.373"
  },
  "DELIVERY": {
    "elapsed_ms": "179188.0",
    "calls": "25970",
    "min_ms": "3.536",
    "avg_ms": "13.314",
    "max_ms": "158.137",
    "total_ms": "345777.139",
    "p99_ms": "24.172",
    "p95_ms": "21.223",
    "p50_ms": "13.221",
    "sd": "5134.906",
    "ratio_pct": "12.061"
  },
  "OSTAT": {
    "elapsed_ms": "179188.0",
    "calls": "26056",
    "min_ms": "0.484",
    "avg_ms": "6.089",
    "max_ms": "15.112",
    "total_ms": "158670.763",
    "p99_ms": "12.003",
    "p95_ms": "10.833",
    "p50_ms": "5.767",
    "sd": "3011.411",
    "ratio_pct": "5.534"
  },
  "SLEV": {
    "elapsed_ms": "179188.0",
    "calls": "26158",
    "min_ms": "0.309",
    "avg_ms": "4.346",
    "max_ms": "39.015",
    "total_ms": "113707.297",
    "p99_ms": "21.041",
    "p95_ms": "7.899",
    "p50_ms": "3.543",
    "sd": "3145.74",
    "ratio_pct": "3.966"
  }
}

TRANSACTION COUNT
{"MariaDB tpm": {
    "2026-04-22 22:15:27": "0",
    "2026-04-22 22:15:37": "75612",
    "2026-04-22 22:15:47": "104232",
    "2026-04-22 22:15:57": "100848",
    "2026-04-22 22:16:07": "104226",
    "2026-04-22 22:16:17": "104472",
    "2026-04-22 22:16:27": "103440",
    "2026-04-22 22:16:37": "105054",
    "2026-04-22 22:16:47": "103992",
    "2026-04-22 22:16:57": "95670",
    "2026-04-22 22:17:07": "102636",
    "2026-04-22 22:17:17": "100872",
    "2026-04-22 22:17:27": "93522",
    "2026-04-22 22:17:37": "95160",
    "2026-04-22 22:17:47": "105264",
    "2026-04-22 22:17:57": "99102",
    "2026-04-22 22:18:07": "101760",
    "2026-04-22 22:18:17": "100818",
    "2026-04-22 22:18:27": "98136"
  }}

HAMMERDB RESULT
[
  "69E92C5F315103E253235353",
  "2026-04-22 22:15:27",
  "8 Active Virtual Users configured",
  "TEST RESULT : System achieved 42979 NOPM from 100112 MariaDB TPM"
]


