MariaDB Hammerdb Time Profile Report @ Wed Apr 22 21:49:39 CEST 2026
+-+-+-+-+-+-+-+-+-+-+-+-+-+-+-+-+-+-+-+-+-+-+-+-+-+-+-+-+-+-+-+-+-+-+-+-+-+
>>>>> VIRTUAL USER 2 : ELAPSED TIME : 182507ms
>>>>> PROC: NEWORD
CALLS: 29418	MIN: 0.939ms	AVG: 3.471ms	MAX: 33.660ms	TOTAL: 102111.475ms
P99: 5.492ms	P95: 5.011ms	P50: 3.451ms	SD: 969.832	RATIO: 55.949%
>>>>> PROC: PAYMENT
CALLS: 29320	MIN: 0.413ms	AVG: 1.297ms	MAX: 9.908ms	TOTAL: 38021.234ms
P99: 3.015ms	P95: 2.396ms	P50: 1.229ms	SD: 626.576	RATIO: 20.833%
>>>>> PROC: DELIVERY
CALLS: 2942	MIN: 2.726ms	AVG: 9.410ms	MAX: 23.675ms	TOTAL: 27683.616ms
P99: 16.543ms	P95: 14.492ms	P50: 9.368ms	SD: 3025.334	RATIO: 15.169%
>>>>> PROC: OSTAT
CALLS: 2942	MIN: 0.365ms	AVG: 1.968ms	MAX: 7.326ms	TOTAL: 5788.798ms
P99: 4.089ms	P95: 3.377ms	P50: 1.874ms	SD: 802.674	RATIO: 3.172%
>>>>> PROC: SLEV
CALLS: 2962	MIN: 0.227ms	AVG: 1.766ms	MAX: 20.491ms	TOTAL: 5231.909ms
P99: 8.817ms	P95: 3.645ms	P50: 1.379ms	SD: 1441.338	RATIO: 2.867%
+-+-+-+-+-+-+-+-+-+-+-+-+-+-+-+-+-+-+-+-+-+-+-+-+-+-+-+-+-+-+-+-+-+-+-+-+-+
>>>>> VIRTUAL USER 3 : ELAPSED TIME : 181823ms
>>>>> PROC: NEWORD
CALLS: 28856	MIN: 1.100ms	AVG: 3.500ms	MAX: 9.655ms	TOTAL: 101009.898ms
P99: 5.589ms	P95: 5.065ms	P50: 3.479ms	SD: 964.553	RATIO: 55.554%
>>>>> PROC: PAYMENT
CALLS: 29001	MIN: 0.384ms	AVG: 1.317ms	MAX: 23.521ms	TOTAL: 38182.955ms
P99: 3.069ms	P95: 2.448ms	P50: 1.250ms	SD: 643.336	RATIO: 21.000%
>>>>> PROC: DELIVERY
CALLS: 2872	MIN: 3.502ms	AVG: 9.592ms	MAX: 22.997ms	TOTAL: 27548.941ms
P99: 17.583ms	P95: 14.656ms	P50: 9.509ms	SD: 3115.077	RATIO: 15.152%
>>>>> PROC: OSTAT
CALLS: 2963	MIN: 0.447ms	AVG: 1.970ms	MAX: 7.931ms	TOTAL: 5836.428ms
P99: 4.274ms	P95: 3.353ms	P50: 1.889ms	SD: 807.481	RATIO: 3.210%
>>>>> PROC: SLEV
CALLS: 2868	MIN: 0.249ms	AVG: 1.950ms	MAX: 34.760ms	TOTAL: 5592.729ms
P99: 10.484ms	P95: 4.168ms	P50: 1.456ms	SD: 1759.718	RATIO: 3.076%
+-+-+-+-+-+-+-+-+-+-+-+-+-+-+-+-+-+-+-+-+-+-+-+-+-+-+-+-+-+-+-+-+-+-+-+-+-+
>>>>> VIRTUAL USER 4 : ELAPSED TIME : 179104ms
>>>>> PROC: NEWORD
CALLS: 29050	MIN: 0.996ms	AVG: 3.429ms	MAX: 16.559ms	TOTAL: 99622.176ms
P99: 5.449ms	P95: 4.960ms	P50: 3.408ms	SD: 949.788	RATIO: 55.623%
>>>>> PROC: PAYMENT
CALLS: 28710	MIN: 0.458ms	AVG: 1.308ms	MAX: 28.047ms	TOTAL: 37546.231ms
P99: 3.035ms	P95: 2.427ms	P50: 1.241ms	SD: 633.505	RATIO: 20.963%
>>>>> PROC: DELIVERY
CALLS: 2966	MIN: 3.570ms	AVG: 9.153ms	MAX: 22.595ms	TOTAL: 27146.349ms
P99: 16.656ms	P95: 14.437ms	P50: 8.882ms	SD: 2962.139	RATIO: 15.157%
>>>>> PROC: OSTAT
CALLS: 2889	MIN: 0.438ms	AVG: 1.924ms	MAX: 7.054ms	TOTAL: 5557.237ms
P99: 3.937ms	P95: 3.265ms	P50: 1.842ms	SD: 771.000	RATIO: 3.103%
>>>>> PROC: SLEV
CALLS: 2945	MIN: 0.286ms	AVG: 1.882ms	MAX: 22.695ms	TOTAL: 5542.914ms
P99: 12.218ms	P95: 3.846ms	P50: 1.418ms	SD: 1828.445	RATIO: 3.095%
+-+-+-+-+-+-+-+-+-+-+-+-+-+-+-+-+-+-+-+-+-+-+-+-+-+-+-+-+-+-+-+-+-+-+-+-+-+
>>>>> VIRTUAL USER 5 : ELAPSED TIME : 178255ms
>>>>> PROC: NEWORD
CALLS: 28514	MIN: 1.271ms	AVG: 3.478ms	MAX: 29.297ms	TOTAL: 99175.589ms
P99: 5.505ms	P95: 5.019ms	P50: 3.455ms	SD: 963.353	RATIO: 55.637%
>>>>> PROC: PAYMENT
CALLS: 28710	MIN: 0.453ms	AVG: 1.297ms	MAX: 6.389ms	TOTAL: 37238.563ms
P99: 2.958ms	P95: 2.365ms	P50: 1.251ms	SD: 592.687	RATIO: 20.891%
>>>>> PROC: DELIVERY
CALLS: 2890	MIN: 3.370ms	AVG: 9.333ms	MAX: 23.201ms	TOTAL: 26973.810ms
P99: 16.321ms	P95: 14.415ms	P50: 9.234ms	SD: 2976.197	RATIO: 15.132%
>>>>> PROC: OSTAT
CALLS: 2923	MIN: 0.455ms	AVG: 1.951ms	MAX: 8.654ms	TOTAL: 5701.528ms
P99: 3.922ms	P95: 3.246ms	P50: 1.892ms	SD: 765.930	RATIO: 3.199%
>>>>> PROC: SLEV
CALLS: 2883	MIN: 0.245ms	AVG: 1.938ms	MAX: 20.962ms	TOTAL: 5586.854ms
P99: 12.982ms	P95: 3.906ms	P50: 1.444ms	SD: 1972.695	RATIO: 3.134%
+-+-+-+-+-+-+-+-+-+-+-+-+-+-+-+-+-+-+-+-+-+-+-+-+-+-+-+-+-+-+-+-+-+-+-+-+-+
>>>>> VIRTUAL USER 6 : ELAPSED TIME : 177837ms
>>>>> PROC: NEWORD
CALLS: 29089	MIN: 1.242ms	AVG: 3.435ms	MAX: 13.690ms	TOTAL: 99929.056ms
P99: 5.413ms	P95: 4.947ms	P50: 3.430ms	SD: 935.664	RATIO: 56.191%
>>>>> PROC: PAYMENT
CALLS: 28873	MIN: 0.444ms	AVG: 1.289ms	MAX: 29.248ms	TOTAL: 37220.249ms
P99: 2.911ms	P95: 2.349ms	P50: 1.227ms	SD: 616.095	RATIO: 20.929%
>>>>> PROC: DELIVERY
CALLS: 2860	MIN: 3.259ms	AVG: 9.152ms	MAX: 20.117ms	TOTAL: 26174.811ms
P99: 16.146ms	P95: 14.079ms	P50: 9.063ms	SD: 2912.047	RATIO: 14.718%
>>>>> PROC: SLEV
CALLS: 2897	MIN: 0.265ms	AVG: 1.899ms	MAX: 22.584ms	TOTAL: 5500.026ms
P99: 11.635ms	P95: 3.902ms	P50: 1.410ms	SD: 1879.747	RATIO: 3.093%
>>>>> PROC: OSTAT
CALLS: 2841	MIN: 0.375ms	AVG: 1.917ms	MAX: 9.766ms	TOTAL: 5445.015ms
P99: 3.842ms	P95: 3.217ms	P50: 1.855ms	SD: 757.057	RATIO: 3.062%
+-+-+-+-+-+-+-+-+-+-+-+-+-+-+-+-+-+-+-+-+-+-+-+-+-+-+-+-+-+-+-+-+-+-+-+-+-+
>>>>> VIRTUAL USER 7 : ELAPSED TIME : 179796ms
>>>>> PROC: NEWORD
CALLS: 29119	MIN: 1.382ms	AVG: 3.464ms	MAX: 33.929ms	TOTAL: 100862.439ms
P99: 5.477ms	P95: 4.982ms	P50: 3.445ms	SD: 961.503	RATIO: 56.098%
>>>>> PROC: PAYMENT
CALLS: 28954	MIN: 0.436ms	AVG: 1.304ms	MAX: 11.928ms	TOTAL: 37758.472ms
P99: 3.013ms	P95: 2.386ms	P50: 1.240ms	SD: 620.936	RATIO: 21.001%
>>>>> PROC: DELIVERY
CALLS: 2802	MIN: 3.184ms	AVG: 9.415ms	MAX: 19.958ms	TOTAL: 26379.486ms
P99: 16.166ms	P95: 14.352ms	P50: 9.496ms	SD: 2978.287	RATIO: 14.672%
>>>>> PROC: OSTAT
CALLS: 2850	MIN: 0.441ms	AVG: 1.990ms	MAX: 7.901ms	TOTAL: 5672.173ms
P99: 4.339ms	P95: 3.367ms	P50: 1.906ms	SD: 815.203	RATIO: 3.155%
>>>>> PROC: SLEV
CALLS: 2835	MIN: 0.262ms	AVG: 1.954ms	MAX: 22.978ms	TOTAL: 5538.866ms
P99: 13.368ms	P95: 3.893ms	P50: 1.453ms	SD: 1961.022	RATIO: 3.081%
+-+-+-+-+-+-+-+-+-+-+-+-+-+-+-+-+-+-+-+-+-+-+-+-+-+-+-+-+-+-+-+-+-+-+-+-+-+
>>>>> VIRTUAL USER 8 : ELAPSED TIME : 177099ms
>>>>> PROC: NEWORD
CALLS: 28579	MIN: 1.304ms	AVG: 3.457ms	MAX: 36.106ms	TOTAL: 98796.573ms
P99: 5.490ms	P95: 4.991ms	P50: 3.438ms	SD: 965.712	RATIO: 55.786%
>>>>> PROC: PAYMENT
CALLS: 28409	MIN: 0.431ms	AVG: 1.294ms	MAX: 7.246ms	TOTAL: 36753.780ms
P99: 2.984ms	P95: 2.383ms	P50: 1.232ms	SD: 609.326	RATIO: 20.753%
>>>>> PROC: DELIVERY
CALLS: 2888	MIN: 3.757ms	AVG: 9.393ms	MAX: 21.782ms	TOTAL: 27126.658ms
P99: 16.284ms	P95: 14.507ms	P50: 9.236ms	SD: 3015.108	RATIO: 15.317%
>>>>> PROC: SLEV
CALLS: 2930	MIN: 0.258ms	AVG: 1.898ms	MAX: 21.038ms	TOTAL: 5562.509ms
P99: 10.547ms	P95: 3.986ms	P50: 1.420ms	SD: 1725.191	RATIO: 3.141%
>>>>> PROC: OSTAT
CALLS: 2730	MIN: 0.418ms	AVG: 1.967ms	MAX: 10.215ms	TOTAL: 5370.511ms
P99: 4.047ms	P95: 3.297ms	P50: 1.897ms	SD: 783.748	RATIO: 3.032%
+-+-+-+-+-+-+-+-+-+-+-+-+-+-+-+-+-+-+-+-+-+-+-+-+-+-+-+-+-+-+-+-+-+-+-+-+-+
>>>>> VIRTUAL USER 9 : ELAPSED TIME : 178237ms
>>>>> PROC: NEWORD
CALLS: 28518	MIN: 1.271ms	AVG: 3.478ms	MAX: 15.039ms	TOTAL: 99196.538ms
P99: 5.517ms	P95: 5.010ms	P50: 3.462ms	SD: 955.328	RATIO: 55.654%
>>>>> PROC: PAYMENT
CALLS: 28471	MIN: 0.413ms	AVG: 1.310ms	MAX: 34.340ms	TOTAL: 37299.310ms
P99: 3.004ms	P95: 2.411ms	P50: 1.246ms	SD: 653.488	RATIO: 20.927%
>>>>> PROC: DELIVERY
CALLS: 2891	MIN: 3.729ms	AVG: 9.355ms	MAX: 22.663ms	TOTAL: 27045.740ms
P99: 16.884ms	P95: 14.663ms	P50: 9.170ms	SD: 3081.944	RATIO: 15.174%
>>>>> PROC: OSTAT
CALLS: 2872	MIN: 0.373ms	AVG: 1.987ms	MAX: 9.743ms	TOTAL: 5708.040ms
P99: 4.297ms	P95: 3.375ms	P50: 1.903ms	SD: 817.302	RATIO: 3.203%
>>>>> PROC: SLEV
CALLS: 2784	MIN: 0.301ms	AVG: 1.940ms	MAX: 24.948ms	TOTAL: 5400.572ms
P99: 11.770ms	P95: 4.023ms	P50: 1.427ms	SD: 1868.348	RATIO: 3.030%
+-+-+-+-+-+-+-+-+-+-+-+-+-+-+-+-+-+-+-+-+-+-+-+-+-+-+-+-+-+-+-+-+-+-+-+-+-+
>>>>> SUMMARY OF 8 ACTIVE VIRTUAL USERS : MEDIAN ELAPSED TIME : 178680ms
>>>>> PROC: NEWORD
CALLS: 462286	MIN: 0.939ms	AVG: 3.464ms	MAX: 36.106ms	TOTAL: 1601406.898ms
P99: 5.493ms	P95: 4.999ms	P50: 3.445ms	SD: 958.499	RATIO: 56.015%
>>>>> PROC: PAYMENT
CALLS: 460896	MIN: 0.384ms	AVG: 1.301ms	MAX: 34.340ms	TOTAL: 600041.370ms
P99: 3.000ms	P95: 2.395ms	P50: 1.240ms	SD: 624.812	RATIO: 20.989%
>>>>> PROC: DELIVERY
CALLS: 46222	MIN: 2.726ms	AVG: 9.349ms	MAX: 23.675ms	TOTAL: 432158.660ms
P99: 16.569ms	P95: 14.457ms	P50: 9.249ms	SD: 3011.507	RATIO: 15.116%
>>>>> PROC: OSTAT
CALLS: 46020	MIN: 0.365ms	AVG: 1.959ms	MAX: 10.215ms	TOTAL: 90159.426ms
P99: 4.103ms	P95: 3.308ms	P50: 1.881ms	SD: 790.736	RATIO: 3.154%
>>>>> PROC: SLEV
CALLS: 46208	MIN: 0.227ms	AVG: 1.902ms	MAX: 34.760ms	TOTAL: 87912.726ms
P99: 11.255ms	P95: 3.915ms	P50: 1.426ms	SD: 1810.465	RATIO: 3.075%
+-+-+-+-+-+-+-+-+-+-+-+-+-+-+-+-+-+-+-+-+-+-+-+-+-+-+-+-+-+-+-+-+-+-+-+-+-+
