TRANSACTION RESPONSE TIMES
{
  "NEWORD": {
    "elapsed_ms": "178679.5",
    "calls": "462286",
    "min_ms": "0.939",
    "avg_ms": "3.464",
    "max_ms": "36.106",
    "total_ms": "1601406.898",
    "p99_ms": "5.493",
    "p95_ms": "4.999",
    "p50_ms": "3.445",
    "sd": "958.499",
    "ratio_pct": "56.015"
  },
  "PAYMENT": {
    "elapsed_ms": "178679.5",
    "calls": "460896",
    "min_ms": "0.384",
    "avg_ms": "1.301",
    "max_ms": "34.34",
    "total_ms": "600041.37",
    "p99_ms": "3.0",
    "p95_ms": "2.395",
    "p50_ms": "1.24",
    "sd": "624.812",
    "ratio_pct": "20.989"
  },
  "DELIVERY": {
    "elapsed_ms": "178679.5",
    "calls": "46222",
    "min_ms": "2.726",
    "avg_ms": "9.349",
    "max_ms": "23.675",
    "total_ms": "432158.66",
    "p99_ms": "16.569",
    "p95_ms": "14.457",
    "p50_ms": "9.249",
    "sd": "3011.507",
    "ratio_pct": "15.116"
  },
  "OSTAT": {
    "elapsed_ms": "178679.5",
    "calls": "46020",
    "min_ms": "0.365",
    "avg_ms": "1.959",
    "max_ms": "10.215",
    "total_ms": "90159.426",
    "p99_ms": "4.103",
    "p95_ms": "3.308",
    "p50_ms": "1.881",
    "sd": "790.736",
    "ratio_pct": "3.154"
  },
  "SLEV": {
    "elapsed_ms": "178679.5",
    "calls": "46208",
    "min_ms": "0.227",
    "avg_ms": "1.902",
    "max_ms": "34.76",
    "total_ms": "87912.726",
    "p99_ms": "11.255",
    "p95_ms": "3.915",
    "p50_ms": "1.426",
    "sd": "1810.465",
    "ratio_pct": "3.075"
  }
}

TRANSACTION COUNT
{"MariaDB tpm": {
    "2026-04-22 21:46:36": "0",
    "2026-04-22 21:46:46": "130746",
    "2026-04-22 21:46:56": "190278",
    "2026-04-22 21:47:06": "173802",
    "2026-04-22 21:47:16": "188556",
    "2026-04-22 21:47:26": "185100",
    "2026-04-22 21:47:36": "183354",
    "2026-04-22 21:47:46": "176724",
    "2026-04-22 21:47:56": "166506",
    "2026-04-22 21:48:06": "181788",
    "2026-04-22 21:48:16": "178314",
    "2026-04-22 21:48:26": "178710",
    "2026-04-22 21:48:36": "173628",
    "2026-04-22 21:48:46": "177138",
    "2026-04-22 21:48:56": "163122",
    "2026-04-22 21:49:06": "182946",
    "2026-04-22 21:49:16": "180168",
    "2026-04-22 21:49:26": "178842",
    "2026-04-22 21:49:36": "172002"
  }}

HAMMERDB RESULT
[
  "69E9259CCA2003E223030353",
  "2026-04-22 21:46:36",
  "8 Active Virtual Users configured",
  "TEST RESULT : System achieved 75750 NOPM from 175775 MariaDB TPM"
]

