MariaDB Hammerdb Time Profile Report @ Thu Apr 23 18:30:15 CEST 2026
+-+-+-+-+-+-+-+-+-+-+-+-+-+-+-+-+-+-+-+-+-+-+-+-+-+-+-+-+-+-+-+-+-+-+-+-+-+
>>>>> VIRTUAL USER 2 : ELAPSED TIME : 179727ms
>>>>> PROC: NEWORD
CALLS: 31846	MIN: 0.283ms	AVG: 3.063ms	MAX: 34.208ms	TOTAL: 97535.101ms
P99: 5.088ms	P95: 4.510ms	P50: 3.026ms	SD: 903.108	RATIO: 54.268%
>>>>> PROC: PAYMENT
CALLS: 32174	MIN: 0.336ms	AVG: 1.213ms	MAX: 15.972ms	TOTAL: 39021.621ms
P99: 3.122ms	P95: 2.346ms	P50: 1.121ms	SD: 663.434	RATIO: 21.712%
>>>>> PROC: DELIVERY
CALLS: 3289	MIN: 2.449ms	AVG: 8.193ms	MAX: 22.189ms	TOTAL: 26948.124ms
P99: 14.129ms	P95: 12.575ms	P50: 8.149ms	SD: 2792.870	RATIO: 14.994%
>>>>> PROC: SLEV
CALLS: 3130	MIN: 0.227ms	AVG: 1.992ms	MAX: 30.927ms	TOTAL: 6236.099ms
P99: 9.747ms	P95: 3.695ms	P50: 1.632ms	SD: 1640.132	RATIO: 3.470%
>>>>> PROC: OSTAT
CALLS: 3161	MIN: 0.369ms	AVG: 1.924ms	MAX: 8.372ms	TOTAL: 6082.692ms
P99: 4.667ms	P95: 3.422ms	P50: 1.812ms	SD: 876.899	RATIO: 3.384%
+-+-+-+-+-+-+-+-+-+-+-+-+-+-+-+-+-+-+-+-+-+-+-+-+-+-+-+-+-+-+-+-+-+-+-+-+-+
>>>>> VIRTUAL USER 3 : ELAPSED TIME : 179186ms
>>>>> PROC: NEWORD
CALLS: 31944	MIN: 0.362ms	AVG: 3.072ms	MAX: 150.309ms	TOTAL: 98122.648ms
P99: 5.014ms	P95: 4.474ms	P50: 3.037ms	SD: 1200.829	RATIO: 54.760%
>>>>> PROC: PAYMENT
CALLS: 31462	MIN: 0.336ms	AVG: 1.218ms	MAX: 33.896ms	TOTAL: 38322.692ms
P99: 3.144ms	P95: 2.360ms	P50: 1.127ms	SD: 676.682	RATIO: 21.387%
>>>>> PROC: DELIVERY
CALLS: 3203	MIN: 2.335ms	AVG: 8.319ms	MAX: 106.134ms	TOTAL: 26645.736ms
P99: 14.430ms	P95: 12.638ms	P50: 8.490ms	SD: 3285.927	RATIO: 14.870%
>>>>> PROC: SLEV
CALLS: 3127	MIN: 0.226ms	AVG: 1.896ms	MAX: 29.657ms	TOTAL: 5928.881ms
P99: 11.189ms	P95: 3.291ms	P50: 1.571ms	SD: 1632.240	RATIO: 3.309%
>>>>> PROC: OSTAT
CALLS: 3074	MIN: 0.347ms	AVG: 1.909ms	MAX: 11.075ms	TOTAL: 5868.289ms
P99: 4.531ms	P95: 3.346ms	P50: 1.803ms	SD: 855.990	RATIO: 3.275%
+-+-+-+-+-+-+-+-+-+-+-+-+-+-+-+-+-+-+-+-+-+-+-+-+-+-+-+-+-+-+-+-+-+-+-+-+-+
>>>>> VIRTUAL USER 4 : ELAPSED TIME : 179036ms
>>>>> PROC: NEWORD
CALLS: 31975	MIN: 0.257ms	AVG: 3.040ms	MAX: 35.882ms	TOTAL: 97210.280ms
P99: 5.121ms	P95: 4.484ms	P50: 2.989ms	SD: 907.455	RATIO: 54.296%
>>>>> PROC: PAYMENT
CALLS: 32065	MIN: 0.335ms	AVG: 1.217ms	MAX: 31.016ms	TOTAL: 39008.024ms
P99: 3.227ms	P95: 2.353ms	P50: 1.120ms	SD: 706.341	RATIO: 21.788%
>>>>> PROC: DELIVERY
CALLS: 3173	MIN: 2.538ms	AVG: 8.299ms	MAX: 39.622ms	TOTAL: 26331.577ms
P99: 15.107ms	P95: 12.764ms	P50: 8.286ms	SD: 2847.894	RATIO: 14.707%
>>>>> PROC: SLEV
CALLS: 3243	MIN: 0.223ms	AVG: 1.964ms	MAX: 22.734ms	TOTAL: 6367.853ms
P99: 10.430ms	P95: 3.834ms	P50: 1.581ms	SD: 1689.513	RATIO: 3.557%
>>>>> PROC: OSTAT
CALLS: 3272	MIN: 0.396ms	AVG: 1.885ms	MAX: 8.362ms	TOTAL: 6168.865ms
P99: 4.481ms	P95: 3.320ms	P50: 1.771ms	SD: 853.145	RATIO: 3.446%
+-+-+-+-+-+-+-+-+-+-+-+-+-+-+-+-+-+-+-+-+-+-+-+-+-+-+-+-+-+-+-+-+-+-+-+-+-+
>>>>> VIRTUAL USER 5 : ELAPSED TIME : 178987ms
>>>>> PROC: NEWORD
CALLS: 31678	MIN: 0.645ms	AVG: 3.085ms	MAX: 34.219ms	TOTAL: 97712.316ms
P99: 5.298ms	P95: 4.543ms	P50: 3.032ms	SD: 925.888	RATIO: 54.592%
>>>>> PROC: PAYMENT
CALLS: 31628	MIN: 0.334ms	AVG: 1.225ms	MAX: 11.992ms	TOTAL: 38756.044ms
P99: 3.305ms	P95: 2.397ms	P50: 1.126ms	SD: 692.934	RATIO: 21.653%
>>>>> PROC: DELIVERY
CALLS: 3095	MIN: 2.623ms	AVG: 8.338ms	MAX: 31.809ms	TOTAL: 25807.193ms
P99: 19.039ms	P95: 12.806ms	P50: 8.396ms	SD: 3153.495	RATIO: 14.418%
>>>>> PROC: SLEV
CALLS: 3186	MIN: 0.225ms	AVG: 2.137ms	MAX: 32.355ms	TOTAL: 6807.029ms
P99: 14.024ms	P95: 4.198ms	P50: 1.633ms	SD: 2247.634	RATIO: 3.803%
>>>>> PROC: OSTAT
CALLS: 3117	MIN: 0.363ms	AVG: 1.912ms	MAX: 8.176ms	TOTAL: 5958.535ms
P99: 4.593ms	P95: 3.376ms	P50: 1.801ms	SD: 871.775	RATIO: 3.329%
+-+-+-+-+-+-+-+-+-+-+-+-+-+-+-+-+-+-+-+-+-+-+-+-+-+-+-+-+-+-+-+-+-+-+-+-+-+
>>>>> VIRTUAL USER 6 : ELAPSED TIME : 178639ms
>>>>> PROC: NEWORD
CALLS: 32124	MIN: 0.271ms	AVG: 3.044ms	MAX: 34.564ms	TOTAL: 97798.088ms
P99: 4.937ms	P95: 4.421ms	P50: 3.017ms	SD: 874.405	RATIO: 54.746%
>>>>> PROC: PAYMENT
CALLS: 32024	MIN: 0.307ms	AVG: 1.203ms	MAX: 19.945ms	TOTAL: 38515.872ms
P99: 3.065ms	P95: 2.335ms	P50: 1.119ms	SD: 646.937	RATIO: 21.561%
>>>>> PROC: DELIVERY
CALLS: 3141	MIN: 2.505ms	AVG: 8.244ms	MAX: 15.606ms	TOTAL: 25893.457ms
P99: 14.003ms	P95: 12.404ms	P50: 8.493ms	SD: 2657.726	RATIO: 14.495%
>>>>> PROC: SLEV
CALLS: 3250	MIN: 0.234ms	AVG: 1.981ms	MAX: 27.958ms	TOTAL: 6438.852ms
P99: 11.451ms	P95: 3.329ms	P50: 1.623ms	SD: 1855.345	RATIO: 3.604%
>>>>> PROC: OSTAT
CALLS: 3189	MIN: 0.311ms	AVG: 1.887ms	MAX: 9.421ms	TOTAL: 6018.600ms
P99: 4.268ms	P95: 3.354ms	P50: 1.784ms	SD: 851.398	RATIO: 3.369%
+-+-+-+-+-+-+-+-+-+-+-+-+-+-+-+-+-+-+-+-+-+-+-+-+-+-+-+-+-+-+-+-+-+-+-+-+-+
>>>>> VIRTUAL USER 7 : ELAPSED TIME : 177185ms
>>>>> PROC: NEWORD
CALLS: 31450	MIN: 0.398ms	AVG: 3.058ms	MAX: 13.350ms	TOTAL: 96176.626ms
P99: 4.964ms	P95: 4.478ms	P50: 3.027ms	SD: 858.428	RATIO: 54.280%
>>>>> PROC: PAYMENT
CALLS: 31866	MIN: 0.351ms	AVG: 1.210ms	MAX: 33.925ms	TOTAL: 38564.531ms
P99: 3.043ms	P95: 2.329ms	P50: 1.123ms	SD: 677.041	RATIO: 21.765%
>>>>> PROC: DELIVERY
CALLS: 3145	MIN: 2.434ms	AVG: 8.351ms	MAX: 17.470ms	TOTAL: 26265.367ms
P99: 14.197ms	P95: 12.705ms	P50: 8.516ms	SD: 2734.834	RATIO: 14.824%
>>>>> PROC: SLEV
CALLS: 3129	MIN: 0.262ms	AVG: 1.999ms	MAX: 23.212ms	TOTAL: 6256.119ms
P99: 11.874ms	P95: 3.475ms	P50: 1.634ms	SD: 1810.854	RATIO: 3.531%
>>>>> PROC: OSTAT
CALLS: 3170	MIN: 0.358ms	AVG: 1.903ms	MAX: 6.814ms	TOTAL: 6031.758ms
P99: 4.367ms	P95: 3.369ms	P50: 1.787ms	SD: 832.901	RATIO: 3.404%
+-+-+-+-+-+-+-+-+-+-+-+-+-+-+-+-+-+-+-+-+-+-+-+-+-+-+-+-+-+-+-+-+-+-+-+-+-+
>>>>> VIRTUAL USER 8 : ELAPSED TIME : 176735ms
>>>>> PROC: NEWORD
CALLS: 31129	MIN: 0.924ms	AVG: 3.078ms	MAX: 8.198ms	TOTAL: 95807.408ms
P99: 4.985ms	P95: 4.464ms	P50: 3.051ms	SD: 853.163	RATIO: 54.210%
>>>>> PROC: PAYMENT
CALLS: 31419	MIN: 0.342ms	AVG: 1.213ms	MAX: 32.891ms	TOTAL: 38118.476ms
P99: 3.067ms	P95: 2.349ms	P50: 1.131ms	SD: 676.338	RATIO: 21.568%
>>>>> PROC: DELIVERY
CALLS: 3227	MIN: 2.753ms	AVG: 8.321ms	MAX: 37.067ms	TOTAL: 26850.543ms
P99: 13.867ms	P95: 12.472ms	P50: 8.548ms	SD: 2738.759	RATIO: 15.193%
>>>>> PROC: SLEV
CALLS: 3126	MIN: 0.220ms	AVG: 1.978ms	MAX: 23.337ms	TOTAL: 6184.146ms
P99: 12.290ms	P95: 3.400ms	P50: 1.624ms	SD: 1913.028	RATIO: 3.499%
>>>>> PROC: OSTAT
CALLS: 3163	MIN: 0.299ms	AVG: 1.880ms	MAX: 7.195ms	TOTAL: 5947.398ms
P99: 4.381ms	P95: 3.355ms	P50: 1.788ms	SD: 858.320	RATIO: 3.365%
+-+-+-+-+-+-+-+-+-+-+-+-+-+-+-+-+-+-+-+-+-+-+-+-+-+-+-+-+-+-+-+-+-+-+-+-+-+
>>>>> VIRTUAL USER 9 : ELAPSED TIME : 176811ms
>>>>> PROC: NEWORD
CALLS: 31713	MIN: 0.230ms	AVG: 3.056ms	MAX: 162.650ms	TOTAL: 96909.912ms
P99: 4.905ms	P95: 4.428ms	P50: 3.030ms	SD: 1245.201	RATIO: 54.810%
>>>>> PROC: PAYMENT
CALLS: 31507	MIN: 0.337ms	AVG: 1.201ms	MAX: 19.420ms	TOTAL: 37831.068ms
P99: 2.994ms	P95: 2.332ms	P50: 1.117ms	SD: 630.448	RATIO: 21.396%
>>>>> PROC: DELIVERY
CALLS: 3148	MIN: 2.916ms	AVG: 8.330ms	MAX: 16.326ms	TOTAL: 26224.008ms
P99: 13.781ms	P95: 12.415ms	P50: 8.523ms	SD: 2636.903	RATIO: 14.832%
>>>>> PROC: OSTAT
CALLS: 3196	MIN: 0.319ms	AVG: 1.884ms	MAX: 8.793ms	TOTAL: 6020.518ms
P99: 4.188ms	P95: 3.342ms	P50: 1.782ms	SD: 845.942	RATIO: 3.405%
>>>>> PROC: SLEV
CALLS: 3140	MIN: 0.234ms	AVG: 1.896ms	MAX: 24.756ms	TOTAL: 5954.393ms
P99: 9.430ms	P95: 3.213ms	P50: 1.584ms	SD: 1633.094	RATIO: 3.368%
+-+-+-+-+-+-+-+-+-+-+-+-+-+-+-+-+-+-+-+-+-+-+-+-+-+-+-+-+-+-+-+-+-+-+-+-+-+
>>>>> SUMMARY OF 8 ACTIVE VIRTUAL USERS : MEDIAN ELAPSED TIME : 178813ms
>>>>> PROC: NEWORD
CALLS: 507718	MIN: 0.230ms	AVG: 3.061ms	MAX: 162.650ms	TOTAL: 1554544.665ms
P99: 5.035ms	P95: 4.476ms	P50: 3.026ms	SD: 982.672	RATIO: 54.336%
>>>>> PROC: PAYMENT
CALLS: 508290	MIN: 0.307ms	AVG: 1.212ms	MAX: 33.925ms	TOTAL: 616276.617ms
P99: 3.112ms	P95: 2.350ms	P50: 1.123ms	SD: 671.707	RATIO: 21.541%
>>>>> PROC: DELIVERY
CALLS: 50842	MIN: 2.335ms	AVG: 8.298ms	MAX: 106.134ms	TOTAL: 421931.985ms
P99: 14.376ms	P95: 12.583ms	P50: 8.421ms	SD: 2864.292	RATIO: 14.748%
>>>>> PROC: SLEV
CALLS: 50662	MIN: 0.220ms	AVG: 1.980ms	MAX: 32.355ms	TOTAL: 100346.737ms
P99: 11.414ms	P95: 3.509ms	P50: 1.611ms	SD: 1815.213	RATIO: 3.507%
>>>>> PROC: OSTAT
CALLS: 50684	MIN: 0.299ms	AVG: 1.897ms	MAX: 11.075ms	TOTAL: 96193.304ms
P99: 4.445ms	P95: 3.357ms	P50: 1.790ms	SD: 855.834	RATIO: 3.362%
+-+-+-+-+-+-+-+-+-+-+-+-+-+-+-+-+-+-+-+-+-+-+-+-+-+-+-+-+-+-+-+-+-+-+-+-+-+
