TRANSACTION RESPONSE TIMES
{
  "NEWORD": {
    "elapsed_ms": "178813.0",
    "calls": "507718",
    "min_ms": "0.23",
    "avg_ms": "3.061",
    "max_ms": "162.65",
    "total_ms": "1554544.665",
    "p99_ms": "5.035",
    "p95_ms": "4.476",
    "p50_ms": "3.026",
    "sd": "982.672",
    "ratio_pct": "54.336"
  },
  "PAYMENT": {
    "elapsed_ms": "178813.0",
    "calls": "508290",
    "min_ms": "0.307",
    "avg_ms": "1.212",
    "max_ms": "33.925",
    "total_ms": "616276.617",
    "p99_ms": "3.112",
    "p95_ms": "2.35",
    "p50_ms": "1.123",
    "sd": "671.707",
    "ratio_pct": "21.541"
  },
  "DELIVERY": {
    "elapsed_ms": "178813.0",
    "calls": "50842",
    "min_ms": "2.335",
    "avg_ms": "8.298",
    "max_ms": "106.134",
    "total_ms": "421931.985",
    "p99_ms": "14.376",
    "p95_ms": "12.583",
    "p50_ms": "8.421",
    "sd": "2864.292",
    "ratio_pct": "14.748"
  },
  "SLEV": {
    "elapsed_ms": "178813.0",
    "calls": "50662",
    "min_ms": "0.22",
    "avg_ms": "1.98",
    "max_ms": "32.355",
    "total_ms": "100346.737",
    "p99_ms": "11.414",
    "p95_ms": "3.509",
    "p50_ms": "1.611",
    "sd": "1815.213",
    "ratio_pct": "3.507"
  },
  "OSTAT": {
    "elapsed_ms": "178813.0",
    "calls": "50684",
    "min_ms": "0.299",
    "avg_ms": "1.897",
    "max_ms": "11.075",
    "total_ms": "96193.304",
    "p99_ms": "4.445",
    "p95_ms": "3.357",
    "p50_ms": "1.79",
    "sd": "855.834",
    "ratio_pct": "3.362"
  }
}

TRANSACTION COUNT
{"MariaDB tpm": {
    "2026-04-23 18:27:12": "0",
    "2026-04-23 18:27:22": "146106",
    "2026-04-23 18:27:32": "198198",
    "2026-04-23 18:27:42": "206382",
    "2026-04-23 18:27:52": "191844",
    "2026-04-23 18:28:02": "200652",
    "2026-04-23 18:28:13": "203940",
    "2026-04-23 18:28:23": "188826",
    "2026-04-23 18:28:33": "201330",
    "2026-04-23 18:28:43": "191844",
    "2026-04-23 18:28:53": "203574",
    "2026-04-23 18:29:03": "195174",
    "2026-04-23 18:29:13": "194190",
    "2026-04-23 18:29:23": "207834",
    "2026-04-23 18:29:33": "186972",
    "2026-04-23 18:29:43": "202572",
    "2026-04-23 18:29:53": "190530",
    "2026-04-23 18:30:03": "186528",
    "2026-04-23 18:30:13": "200238"
  }}

HAMMERDB RESULT
[
  "69EA48601EE803E293833303",
  "2026-04-23 18:27:12",
  "8 Active Virtual Users configured",
  "TEST RESULT : System achieved 84348 NOPM from 195747 MariaDB TPM"
]

