MariaDB Hammerdb Time Profile Report @ Wed Apr 22 21:13:31 CEST 2026
+-+-+-+-+-+-+-+-+-+-+-+-+-+-+-+-+-+-+-+-+-+-+-+-+-+-+-+-+-+-+-+-+-+-+-+-+-+
>>>>> VIRTUAL USER 2 : ELAPSED TIME : 179747ms
>>>>> PROC: NEWORD
CALLS: 25040	MIN: 1.315ms	AVG: 3.844ms	MAX: 12.211ms	TOTAL: 96265.958ms
P99: 6.107ms	P95: 5.537ms	P50: 3.817ms	SD: 1039.668	RATIO: 53.556%
>>>>> PROC: PAYMENT
CALLS: 25071	MIN: 0.429ms	AVG: 1.570ms	MAX: 30.691ms	TOTAL: 39372.371ms
P99: 3.500ms	P95: 2.856ms	P50: 1.529ms	SD: 784.508	RATIO: 21.904%
>>>>> PROC: DELIVERY
CALLS: 2528	MIN: 3.481ms	AVG: 11.576ms	MAX: 24.065ms	TOTAL: 29263.652ms
P99: 20.963ms	P95: 18.684ms	P50: 11.469ms	SD: 4078.463	RATIO: 16.280%
>>>>> PROC: OSTAT
CALLS: 2599	MIN: 0.488ms	AVG: 2.336ms	MAX: 7.944ms	TOTAL: 6072.085ms
P99: 4.683ms	P95: 4.010ms	P50: 2.244ms	SD: 954.215	RATIO: 3.378%
>>>>> PROC: SLEV
CALLS: 2570	MIN: 0.286ms	AVG: 2.082ms	MAX: 20.417ms	TOTAL: 5351.547ms
P99: 11.988ms	P95: 4.329ms	P50: 1.594ms	SD: 1755.638	RATIO: 2.977%
+-+-+-+-+-+-+-+-+-+-+-+-+-+-+-+-+-+-+-+-+-+-+-+-+-+-+-+-+-+-+-+-+-+-+-+-+-+
>>>>> VIRTUAL USER 3 : ELAPSED TIME : 180857ms
>>>>> PROC: NEWORD
CALLS: 27157	MIN: 1.156ms	AVG: 3.666ms	MAX: 15.829ms	TOTAL: 99563.348ms
P99: 5.838ms	P95: 5.283ms	P50: 3.640ms	SD: 1000.090	RATIO: 55.051%
>>>>> PROC: PAYMENT
CALLS: 27137	MIN: 0.426ms	AVG: 1.419ms	MAX: 27.904ms	TOTAL: 38495.745ms
P99: 3.237ms	P95: 2.605ms	P50: 1.345ms	SD: 686.040	RATIO: 21.285%
>>>>> PROC: DELIVERY
CALLS: 2694	MIN: 3.673ms	AVG: 10.383ms	MAX: 34.276ms	TOTAL: 27972.253ms
P99: 19.760ms	P95: 17.096ms	P50: 9.931ms	SD: 3730.896	RATIO: 15.467%
>>>>> PROC: OSTAT
CALLS: 2719	MIN: 0.459ms	AVG: 2.080ms	MAX: 7.045ms	TOTAL: 5654.971ms
P99: 4.212ms	P95: 3.530ms	P50: 2.008ms	SD: 820.954	RATIO: 3.127%
>>>>> PROC: SLEV
CALLS: 2757	MIN: 0.281ms	AVG: 2.026ms	MAX: 35.669ms	TOTAL: 5586.054ms
P99: 11.520ms	P95: 4.335ms	P50: 1.485ms	SD: 1999.085	RATIO: 3.089%
+-+-+-+-+-+-+-+-+-+-+-+-+-+-+-+-+-+-+-+-+-+-+-+-+-+-+-+-+-+-+-+-+-+-+-+-+-+
>>>>> VIRTUAL USER 4 : ELAPSED TIME : 178718ms
>>>>> PROC: NEWORD
CALLS: 27003	MIN: 1.186ms	AVG: 3.681ms	MAX: 185.416ms	TOTAL: 99402.503ms
P99: 5.754ms	P95: 5.272ms	P50: 3.656ms	SD: 1477.204	RATIO: 55.620%
>>>>> PROC: PAYMENT
CALLS: 26646	MIN: 0.457ms	AVG: 1.427ms	MAX: 28.389ms	TOTAL: 38027.579ms
P99: 3.161ms	P95: 2.570ms	P50: 1.379ms	SD: 674.376	RATIO: 21.278%
>>>>> PROC: DELIVERY
CALLS: 2630	MIN: 3.616ms	AVG: 10.222ms	MAX: 24.450ms	TOTAL: 26882.677ms
P99: 18.173ms	P95: 16.030ms	P50: 10.082ms	SD: 3245.294	RATIO: 15.042%
>>>>> PROC: OSTAT
CALLS: 2676	MIN: 0.415ms	AVG: 2.061ms	MAX: 11.191ms	TOTAL: 5514.377ms
P99: 4.185ms	P95: 3.546ms	P50: 1.982ms	SD: 854.369	RATIO: 3.086%
>>>>> PROC: SLEV
CALLS: 2701	MIN: 0.313ms	AVG: 1.934ms	MAX: 32.077ms	TOTAL: 5224.947ms
P99: 12.792ms	P95: 3.813ms	P50: 1.480ms	SD: 1854.792	RATIO: 2.924%
+-+-+-+-+-+-+-+-+-+-+-+-+-+-+-+-+-+-+-+-+-+-+-+-+-+-+-+-+-+-+-+-+-+-+-+-+-+
>>>>> VIRTUAL USER 5 : ELAPSED TIME : 179920ms
>>>>> PROC: NEWORD
CALLS: 25929	MIN: 1.282ms	AVG: 3.753ms	MAX: 11.655ms	TOTAL: 97304.164ms
P99: 5.910ms	P95: 5.390ms	P50: 3.726ms	SD: 1007.429	RATIO: 54.082%
>>>>> PROC: PAYMENT
CALLS: 25755	MIN: 0.443ms	AVG: 1.527ms	MAX: 31.132ms	TOTAL: 39332.438ms
P99: 3.360ms	P95: 2.757ms	P50: 1.501ms	SD: 728.275	RATIO: 21.861%
>>>>> PROC: DELIVERY
CALLS: 2567	MIN: 3.847ms	AVG: 11.320ms	MAX: 26.871ms	TOTAL: 29057.849ms
P99: 20.138ms	P95: 17.388ms	P50: 11.275ms	SD: 3718.182	RATIO: 16.150%
>>>>> PROC: OSTAT
CALLS: 2601	MIN: 0.491ms	AVG: 2.254ms	MAX: 6.622ms	TOTAL: 5862.323ms
P99: 4.466ms	P95: 3.798ms	P50: 2.180ms	SD: 888.393	RATIO: 3.258%
>>>>> PROC: SLEV
CALLS: 2540	MIN: 0.255ms	AVG: 1.942ms	MAX: 32.420ms	TOTAL: 4933.550ms
P99: 10.088ms	P95: 3.972ms	P50: 1.535ms	SD: 1656.088	RATIO: 2.742%
+-+-+-+-+-+-+-+-+-+-+-+-+-+-+-+-+-+-+-+-+-+-+-+-+-+-+-+-+-+-+-+-+-+-+-+-+-+
>>>>> VIRTUAL USER 6 : ELAPSED TIME : 177698ms
>>>>> PROC: NEWORD
CALLS: 25310	MIN: 1.495ms	AVG: 3.789ms	MAX: 23.047ms	TOTAL: 95904.507ms
P99: 5.941ms	P95: 5.441ms	P50: 3.764ms	SD: 1030.155	RATIO: 53.971%
>>>>> PROC: PAYMENT
CALLS: 25602	MIN: 0.447ms	AVG: 1.527ms	MAX: 12.625ms	TOTAL: 39093.622ms
P99: 3.350ms	P95: 2.761ms	P50: 1.505ms	SD: 711.424	RATIO: 22.000%
>>>>> PROC: DELIVERY
CALLS: 2454	MIN: 4.416ms	AVG: 11.458ms	MAX: 47.116ms	TOTAL: 28117.445ms
P99: 20.802ms	P95: 17.986ms	P50: 11.463ms	SD: 3802.294	RATIO: 15.823%
>>>>> PROC: OSTAT
CALLS: 2522	MIN: 0.448ms	AVG: 2.329ms	MAX: 6.435ms	TOTAL: 5873.610ms
P99: 4.611ms	P95: 3.882ms	P50: 2.276ms	SD: 895.513	RATIO: 3.305%
>>>>> PROC: SLEV
CALLS: 2440	MIN: 0.243ms	AVG: 2.101ms	MAX: 27.131ms	TOTAL: 5127.376ms
P99: 13.824ms	P95: 4.251ms	P50: 1.583ms	SD: 2021.431	RATIO: 2.885%
+-+-+-+-+-+-+-+-+-+-+-+-+-+-+-+-+-+-+-+-+-+-+-+-+-+-+-+-+-+-+-+-+-+-+-+-+-+
>>>>> VIRTUAL USER 7 : ELAPSED TIME : 177882ms
>>>>> PROC: NEWORD
CALLS: 25335	MIN: 1.387ms	AVG: 3.794ms	MAX: 37.958ms	TOTAL: 96130.769ms
P99: 6.046ms	P95: 5.469ms	P50: 3.758ms	SD: 1053.173	RATIO: 54.042%
>>>>> PROC: PAYMENT
CALLS: 25331	MIN: 0.435ms	AVG: 1.527ms	MAX: 11.973ms	TOTAL: 38679.760ms
P99: 3.408ms	P95: 2.776ms	P50: 1.484ms	SD: 718.605	RATIO: 21.745%
>>>>> PROC: DELIVERY
CALLS: 2496	MIN: 3.860ms	AVG: 11.387ms	MAX: 26.369ms	TOTAL: 28421.045ms
P99: 20.032ms	P95: 17.881ms	P50: 11.278ms	SD: 3847.342	RATIO: 15.977%
>>>>> PROC: OSTAT
CALLS: 2616	MIN: 0.460ms	AVG: 2.269ms	MAX: 5.810ms	TOTAL: 5935.968ms
P99: 4.576ms	P95: 3.830ms	P50: 2.181ms	SD: 900.488	RATIO: 3.337%
>>>>> PROC: SLEV
CALLS: 2590	MIN: 0.304ms	AVG: 1.996ms	MAX: 25.496ms	TOTAL: 5168.406ms
P99: 9.912ms	P95: 4.020ms	P50: 1.598ms	SD: 1553.779	RATIO: 2.906%
+-+-+-+-+-+-+-+-+-+-+-+-+-+-+-+-+-+-+-+-+-+-+-+-+-+-+-+-+-+-+-+-+-+-+-+-+-+
>>>>> VIRTUAL USER 8 : ELAPSED TIME : 176704ms
>>>>> PROC: NEWORD
CALLS: 25086	MIN: 1.393ms	AVG: 3.778ms	MAX: 40.464ms	TOTAL: 94775.030ms
P99: 5.986ms	P95: 5.452ms	P50: 3.749ms	SD: 1054.006	RATIO: 53.635%
>>>>> PROC: PAYMENT
CALLS: 25224	MIN: 0.439ms	AVG: 1.533ms	MAX: 5.809ms	TOTAL: 38657.943ms
P99: 3.361ms	P95: 2.775ms	P50: 1.511ms	SD: 712.281	RATIO: 21.877%
>>>>> PROC: DELIVERY
CALLS: 2476	MIN: 3.863ms	AVG: 11.504ms	MAX: 23.373ms	TOTAL: 28482.765ms
P99: 21.052ms	P95: 18.137ms	P50: 11.541ms	SD: 3914.390	RATIO: 16.119%
>>>>> PROC: OSTAT
CALLS: 2498	MIN: 0.487ms	AVG: 2.355ms	MAX: 6.789ms	TOTAL: 5883.846ms
P99: 4.642ms	P95: 4.018ms	P50: 2.300ms	SD: 927.095	RATIO: 3.330%
>>>>> PROC: SLEV
CALLS: 2532	MIN: 0.300ms	AVG: 2.126ms	MAX: 22.766ms	TOTAL: 5381.805ms
P99: 11.479ms	P95: 4.333ms	P50: 1.612ms	SD: 1872.743	RATIO: 3.046%
+-+-+-+-+-+-+-+-+-+-+-+-+-+-+-+-+-+-+-+-+-+-+-+-+-+-+-+-+-+-+-+-+-+-+-+-+-+
>>>>> VIRTUAL USER 9 : ELAPSED TIME : 176193ms
>>>>> PROC: NEWORD
CALLS: 24827	MIN: 1.356ms	AVG: 3.785ms	MAX: 16.073ms	TOTAL: 93974.030ms
P99: 6.038ms	P95: 5.469ms	P50: 3.762ms	SD: 1030.489	RATIO: 53.336%
>>>>> PROC: PAYMENT
CALLS: 25051	MIN: 0.488ms	AVG: 1.539ms	MAX: 5.251ms	TOTAL: 38542.353ms
P99: 3.356ms	P95: 2.797ms	P50: 1.507ms	SD: 714.508	RATIO: 21.875%
>>>>> PROC: DELIVERY
CALLS: 2487	MIN: 3.836ms	AVG: 11.585ms	MAX: 39.365ms	TOTAL: 28810.889ms
P99: 20.856ms	P95: 18.685ms	P50: 11.537ms	SD: 4009.795	RATIO: 16.352%
>>>>> PROC: OSTAT
CALLS: 2497	MIN: 0.408ms	AVG: 2.321ms	MAX: 5.873ms	TOTAL: 5795.772ms
P99: 4.611ms	P95: 3.894ms	P50: 2.230ms	SD: 910.214	RATIO: 3.289%
>>>>> PROC: SLEV
CALLS: 2510	MIN: 0.316ms	AVG: 2.105ms	MAX: 23.491ms	TOTAL: 5284.695ms
P99: 13.095ms	P95: 4.152ms	P50: 1.587ms	SD: 1961.692	RATIO: 2.999%
+-+-+-+-+-+-+-+-+-+-+-+-+-+-+-+-+-+-+-+-+-+-+-+-+-+-+-+-+-+-+-+-+-+-+-+-+-+
>>>>> SUMMARY OF 8 ACTIVE VIRTUAL USERS : MEDIAN ELAPSED TIME : 178300ms
>>>>> PROC: NEWORD
CALLS: 411374	MIN: 1.156ms	AVG: 3.759ms	MAX: 185.416ms	TOTAL: 1546641.198ms
P99: 5.967ms	P95: 5.417ms	P50: 3.731ms	SD: 1100.956	RATIO: 54.215%
>>>>> PROC: PAYMENT
CALLS: 411634	MIN: 0.426ms	AVG: 1.507ms	MAX: 31.132ms	TOTAL: 620403.865ms
P99: 3.349ms	P95: 2.742ms	P50: 1.459ms	SD: 718.179	RATIO: 21.747%
>>>>> PROC: DELIVERY
CALLS: 40664	MIN: 3.481ms	AVG: 11.165ms	MAX: 47.116ms	TOTAL: 454017.322ms
P99: 20.478ms	P95: 17.781ms	P50: 10.991ms	SD: 3831.678	RATIO: 15.915%
>>>>> PROC: OSTAT
CALLS: 41456	MIN: 0.408ms	AVG: 2.247ms	MAX: 11.191ms	TOTAL: 93185.941ms
P99: 4.546ms	P95: 3.838ms	P50: 2.171ms	SD: 900.537	RATIO: 3.266%
>>>>> PROC: SLEV
CALLS: 41280	MIN: 0.243ms	AVG: 2.037ms	MAX: 35.669ms	TOTAL: 84116.788ms
P99: 11.837ms	P95: 4.143ms	P50: 1.554ms	SD: 1842.090	RATIO: 2.949%
+-+-+-+-+-+-+-+-+-+-+-+-+-+-+-+-+-+-+-+-+-+-+-+-+-+-+-+-+-+-+-+-+-+-+-+-+-+
