TRANSACTION RESPONSE TIMES
{
  "NEWORD": {
    "elapsed_ms": "178300.0",
    "calls": "411374",
    "min_ms": "1.156",
    "avg_ms": "3.759",
    "max_ms": "185.416",
    "total_ms": "1546641.198",
    "p99_ms": "5.967",
    "p95_ms": "5.417",
    "p50_ms": "3.731",
    "sd": "1100.956",
    "ratio_pct": "54.215"
  },
  "PAYMENT": {
    "elapsed_ms": "178300.0",
    "calls": "411634",
    "min_ms": "0.426",
    "avg_ms": "1.507",
    "max_ms": "31.132",
    "total_ms": "620403.865",
    "p99_ms": "3.349",
    "p95_ms": "2.742",
    "p50_ms": "1.459",
    "sd": "718.179",
    "ratio_pct": "21.747"
  },
  "DELIVERY": {
    "elapsed_ms": "178300.0",
    "calls": "40664",
    "min_ms": "3.481",
    "avg_ms": "11.165",
    "max_ms": "47.116",
    "total_ms": "454017.322",
    "p99_ms": "20.478",
    "p95_ms": "17.781",
    "p50_ms": "10.991",
    "sd": "3831.678",
    "ratio_pct": "15.915"
  },
  "OSTAT": {
    "elapsed_ms": "178300.0",
    "calls": "41456",
    "min_ms": "0.408",
    "avg_ms": "2.247",
    "max_ms": "11.191",
    "total_ms": "93185.941",
    "p99_ms": "4.546",
    "p95_ms": "3.838",
    "p50_ms": "2.171",
    "sd": "900.537",
    "ratio_pct": "3.266"
  },
  "SLEV": {
    "elapsed_ms": "178300.0",
    "calls": "41280",
    "min_ms": "0.243",
    "avg_ms": "2.037",
    "max_ms": "35.669",
    "total_ms": "84116.788",
    "p99_ms": "11.837",
    "p95_ms": "4.143",
    "p50_ms": "1.554",
    "sd": "1842.09",
    "ratio_pct": "2.949"
  }
}

TRANSACTION COUNT
{"MariaDB tpm": {
    "2026-04-22 21:10:29": "0",
    "2026-04-22 21:10:39": "123168",
    "2026-04-22 21:10:49": "169104",
    "2026-04-22 21:10:59": "169662",
    "2026-04-22 21:11:09": "162516",
    "2026-04-22 21:11:19": "165816",
    "2026-04-22 21:11:29": "156498",
    "2026-04-22 21:11:39": "161142",
    "2026-04-22 21:11:49": "151848",
    "2026-04-22 21:11:59": "165432",
    "2026-04-22 21:12:09": "160530",
    "2026-04-22 21:12:19": "160464",
    "2026-04-22 21:12:29": "149310",
    "2026-04-22 21:12:39": "156276",
    "2026-04-22 21:12:49": "147234",
    "2026-04-22 21:12:59": "157164",
    "2026-04-22 21:13:09": "161400",
    "2026-04-22 21:13:19": "158964",
    "2026-04-22 21:13:29": "153012"
  }}

HAMMERDB RESULT
[
  "69E91D2548F603E213539383",
  "2026-04-22 21:10:29",
  "8 Active Virtual Users configured",
  "TEST RESULT : System achieved 67399 NOPM from 156861 MariaDB TPM"
]

