MariaDB Hammerdb Time Profile Report @ Wed Apr 22 21:31:11 CEST 2026
+-+-+-+-+-+-+-+-+-+-+-+-+-+-+-+-+-+-+-+-+-+-+-+-+-+-+-+-+-+-+-+-+-+-+-+-+-+
>>>>> VIRTUAL USER 2 : ELAPSED TIME : 179721ms
>>>>> PROC: NEWORD
CALLS: 6265	MIN: 2.173ms	AVG: 8.138ms	MAX: 44.745ms	TOTAL: 50982.007ms
P99: 15.657ms	P95: 12.701ms	P50: 7.874ms	SD: 2750.627	RATIO: 28.367%
>>>>> PROC: PAYMENT
CALLS: 6407	MIN: 0.442ms	AVG: 7.464ms	MAX: 36.814ms	TOTAL: 47820.549ms
P99: 21.646ms	P95: 16.700ms	P50: 6.721ms	SD: 4522.697	RATIO: 26.608%
>>>>> PROC: DELIVERY
CALLS: 602	MIN: 11.321ms	AVG: 65.031ms	MAX: 93.792ms	TOTAL: 39148.724ms
P99: 86.384ms	P95: 78.925ms	P50: 65.480ms	SD: 9763.280	RATIO: 21.783%
>>>>> PROC: SLEV
CALLS: 655	MIN: 0.776ms	AVG: 54.610ms	MAX: 86.543ms	TOTAL: 35769.343ms
P99: 73.711ms	P95: 67.917ms	P50: 55.191ms	SD: 10220.510	RATIO: 19.903%
>>>>> PROC: OSTAT
CALLS: 631	MIN: 0.474ms	AVG: 8.347ms	MAX: 24.362ms	TOTAL: 5266.731ms
P99: 20.276ms	P95: 16.601ms	P50: 7.556ms	SD: 4319.346	RATIO: 2.931%
+-+-+-+-+-+-+-+-+-+-+-+-+-+-+-+-+-+-+-+-+-+-+-+-+-+-+-+-+-+-+-+-+-+-+-+-+-+
>>>>> VIRTUAL USER 3 : ELAPSED TIME : 179188ms
>>>>> PROC: NEWORD
CALLS: 6048	MIN: 1.932ms	AVG: 8.398ms	MAX: 37.125ms	TOTAL: 50791.282ms
P99: 16.987ms	P95: 13.266ms	P50: 8.140ms	SD: 2852.546	RATIO: 28.345%
>>>>> PROC: PAYMENT
CALLS: 6163	MIN: 0.506ms	AVG: 7.588ms	MAX: 30.710ms	TOTAL: 46764.306ms
P99: 21.541ms	P95: 16.437ms	P50: 7.011ms	SD: 4481.723	RATIO: 26.098%
>>>>> PROC: DELIVERY
CALLS: 633	MIN: 9.068ms	AVG: 65.811ms	MAX: 109.402ms	TOTAL: 41658.503ms
P99: 86.137ms	P95: 77.349ms	P50: 66.698ms	SD: 9449.554	RATIO: 23.248%
>>>>> PROC: SLEV
CALLS: 618	MIN: 0.736ms	AVG: 54.874ms	MAX: 89.285ms	TOTAL: 33912.106ms
P99: 76.234ms	P95: 69.714ms	P50: 54.810ms	SD: 9921.506	RATIO: 18.925%
>>>>> PROC: OSTAT
CALLS: 610	MIN: 1.087ms	AVG: 8.564ms	MAX: 30.690ms	TOTAL: 5224.059ms
P99: 21.994ms	P95: 18.134ms	P50: 8.146ms	SD: 4564.055	RATIO: 2.915%
+-+-+-+-+-+-+-+-+-+-+-+-+-+-+-+-+-+-+-+-+-+-+-+-+-+-+-+-+-+-+-+-+-+-+-+-+-+
>>>>> VIRTUAL USER 4 : ELAPSED TIME : 182960ms
>>>>> PROC: NEWORD
CALLS: 6599	MIN: 1.395ms	AVG: 7.921ms	MAX: 70.430ms	TOTAL: 52273.779ms
P99: 16.399ms	P95: 13.048ms	P50: 7.680ms	SD: 3108.111	RATIO: 28.571%
>>>>> PROC: PAYMENT
CALLS: 6737	MIN: 0.444ms	AVG: 7.122ms	MAX: 43.552ms	TOTAL: 47983.921ms
P99: 21.505ms	P95: 15.515ms	P50: 6.419ms	SD: 4494.367	RATIO: 26.226%
>>>>> PROC: DELIVERY
CALLS: 708	MIN: 4.325ms	AVG: 60.772ms	MAX: 92.982ms	TOTAL: 43026.623ms
P99: 83.142ms	P95: 77.987ms	P50: 64.067ms	SD: 15574.100	RATIO: 23.517%
>>>>> PROC: SLEV
CALLS: 657	MIN: 0.725ms	AVG: 51.030ms	MAX: 82.724ms	TOTAL: 33526.709ms
P99: 74.895ms	P95: 68.116ms	P50: 54.445ms	SD: 15696.970	RATIO: 18.325%
>>>>> PROC: OSTAT
CALLS: 659	MIN: 0.516ms	AVG: 8.197ms	MAX: 29.101ms	TOTAL: 5402.097ms
P99: 21.951ms	P95: 15.975ms	P50: 7.834ms	SD: 4369.760	RATIO: 2.953%
+-+-+-+-+-+-+-+-+-+-+-+-+-+-+-+-+-+-+-+-+-+-+-+-+-+-+-+-+-+-+-+-+-+-+-+-+-+
>>>>> VIRTUAL USER 5 : ELAPSED TIME : 178172ms
>>>>> PROC: NEWORD
CALLS: 6227	MIN: 2.088ms	AVG: 8.429ms	MAX: 52.971ms	TOTAL: 52489.083ms
P99: 16.539ms	P95: 13.362ms	P50: 8.131ms	SD: 2916.779	RATIO: 29.460%
>>>>> PROC: PAYMENT
CALLS: 6298	MIN: 0.518ms	AVG: 7.561ms	MAX: 33.618ms	TOTAL: 47619.015ms
P99: 21.444ms	P95: 16.088ms	P50: 6.939ms	SD: 4407.319	RATIO: 26.726%
>>>>> PROC: DELIVERY
CALLS: 606	MIN: 10.007ms	AVG: 66.296ms	MAX: 90.708ms	TOTAL: 40175.294ms
P99: 87.132ms	P95: 81.763ms	P50: 66.247ms	SD: 9071.108	RATIO: 22.549%
>>>>> PROC: SLEV
CALLS: 561	MIN: 0.768ms	AVG: 56.795ms	MAX: 83.644ms	TOTAL: 31862.222ms
P99: 77.435ms	P95: 70.679ms	P50: 57.014ms	SD: 10375.531	RATIO: 17.883%
>>>>> PROC: OSTAT
CALLS: 612	MIN: 1.143ms	AVG: 8.543ms	MAX: 25.535ms	TOTAL: 5228.393ms
P99: 22.648ms	P95: 17.685ms	P50: 8.104ms	SD: 4477.948	RATIO: 2.934%
+-+-+-+-+-+-+-+-+-+-+-+-+-+-+-+-+-+-+-+-+-+-+-+-+-+-+-+-+-+-+-+-+-+-+-+-+-+
>>>>> VIRTUAL USER 6 : ELAPSED TIME : 178444ms
>>>>> PROC: NEWORD
CALLS: 6255	MIN: 1.711ms	AVG: 8.153ms	MAX: 22.963ms	TOTAL: 50995.863ms
P99: 16.024ms	P95: 13.009ms	P50: 7.841ms	SD: 2735.574	RATIO: 28.578%
>>>>> PROC: PAYMENT
CALLS: 6172	MIN: 0.551ms	AVG: 7.568ms	MAX: 32.522ms	TOTAL: 46710.705ms
P99: 21.424ms	P95: 16.574ms	P50: 6.981ms	SD: 4533.109	RATIO: 26.177%
>>>>> PROC: DELIVERY
CALLS: 612	MIN: 13.200ms	AVG: 65.796ms	MAX: 98.278ms	TOTAL: 40267.143ms
P99: 91.060ms	P95: 81.134ms	P50: 66.021ms	SD: 9727.109	RATIO: 22.566%
>>>>> PROC: SLEV
CALLS: 623	MIN: 0.816ms	AVG: 54.779ms	MAX: 87.587ms	TOTAL: 34127.041ms
P99: 79.811ms	P95: 69.373ms	P50: 55.009ms	SD: 11397.169	RATIO: 19.125%
>>>>> PROC: OSTAT
CALLS: 674	MIN: 1.902ms	AVG: 8.304ms	MAX: 30.637ms	TOTAL: 5597.149ms
P99: 21.459ms	P95: 16.803ms	P50: 7.458ms	SD: 4467.947	RATIO: 3.137%
+-+-+-+-+-+-+-+-+-+-+-+-+-+-+-+-+-+-+-+-+-+-+-+-+-+-+-+-+-+-+-+-+-+-+-+-+-+
>>>>> VIRTUAL USER 7 : ELAPSED TIME : 177255ms
>>>>> PROC: NEWORD
CALLS: 6127	MIN: 2.041ms	AVG: 8.196ms	MAX: 26.861ms	TOTAL: 50218.811ms
P99: 16.275ms	P95: 12.883ms	P50: 7.944ms	SD: 2770.629	RATIO: 28.331%
>>>>> PROC: PAYMENT
CALLS: 5946	MIN: 0.499ms	AVG: 7.585ms	MAX: 44.786ms	TOTAL: 45101.150ms
P99: 21.731ms	P95: 16.635ms	P50: 6.896ms	SD: 4515.721	RATIO: 25.444%
>>>>> PROC: DELIVERY
CALLS: 631	MIN: 11.199ms	AVG: 66.226ms	MAX: 98.928ms	TOTAL: 41788.676ms
P99: 88.395ms	P95: 79.235ms	P50: 66.403ms	SD: 8897.733	RATIO: 23.575%
>>>>> PROC: SLEV
CALLS: 620	MIN: 1.051ms	AVG: 55.297ms	MAX: 87.052ms	TOTAL: 34284.031ms
P99: 75.514ms	P95: 69.193ms	P50: 55.117ms	SD: 8985.338	RATIO: 19.342%
>>>>> PROC: OSTAT
CALLS: 612	MIN: 1.651ms	AVG: 8.395ms	MAX: 25.487ms	TOTAL: 5137.593ms
P99: 22.761ms	P95: 16.197ms	P50: 7.764ms	SD: 4322.042	RATIO: 2.898%
+-+-+-+-+-+-+-+-+-+-+-+-+-+-+-+-+-+-+-+-+-+-+-+-+-+-+-+-+-+-+-+-+-+-+-+-+-+
>>>>> VIRTUAL USER 8 : ELAPSED TIME : 177128ms
>>>>> PROC: NEWORD
CALLS: 6171	MIN: 2.162ms	AVG: 8.129ms	MAX: 44.261ms	TOTAL: 50162.726ms
P99: 16.332ms	P95: 13.129ms	P50: 7.787ms	SD: 2816.414	RATIO: 28.320%
>>>>> PROC: PAYMENT
CALLS: 6302	MIN: 0.479ms	AVG: 7.358ms	MAX: 30.800ms	TOTAL: 46368.689ms
P99: 21.072ms	P95: 15.754ms	P50: 6.710ms	SD: 4348.629	RATIO: 26.178%
>>>>> PROC: DELIVERY
CALLS: 612	MIN: 10.707ms	AVG: 65.346ms	MAX: 88.618ms	TOTAL: 39991.964ms
P99: 86.494ms	P95: 79.437ms	P50: 65.557ms	SD: 9036.828	RATIO: 22.578%
>>>>> PROC: SLEV
CALLS: 627	MIN: 0.811ms	AVG: 55.324ms	MAX: 86.356ms	TOTAL: 34688.134ms
P99: 75.441ms	P95: 68.776ms	P50: 55.651ms	SD: 10420.372	RATIO: 19.584%
>>>>> PROC: OSTAT
CALLS: 624	MIN: 0.653ms	AVG: 8.389ms	MAX: 30.400ms	TOTAL: 5234.969ms
P99: 22.767ms	P95: 16.871ms	P50: 7.690ms	SD: 4556.363	RATIO: 2.955%
+-+-+-+-+-+-+-+-+-+-+-+-+-+-+-+-+-+-+-+-+-+-+-+-+-+-+-+-+-+-+-+-+-+-+-+-+-+
>>>>> VIRTUAL USER 9 : ELAPSED TIME : 176559ms
>>>>> PROC: NEWORD
CALLS: 6145	MIN: 2.218ms	AVG: 8.227ms	MAX: 27.014ms	TOTAL: 50554.704ms
P99: 16.742ms	P95: 12.923ms	P50: 7.990ms	SD: 2746.779	RATIO: 28.633%
>>>>> PROC: PAYMENT
CALLS: 6095	MIN: 0.501ms	AVG: 7.549ms	MAX: 40.359ms	TOTAL: 46012.787ms
P99: 22.000ms	P95: 16.307ms	P50: 6.887ms	SD: 4507.173	RATIO: 26.061%
>>>>> PROC: DELIVERY
CALLS: 604	MIN: 9.333ms	AVG: 65.994ms	MAX: 103.777ms	TOTAL: 39860.330ms
P99: 87.694ms	P95: 80.317ms	P50: 66.086ms	SD: 8976.173	RATIO: 22.576%
>>>>> PROC: SLEV
CALLS: 623	MIN: 0.785ms	AVG: 55.089ms	MAX: 91.527ms	TOTAL: 34320.517ms
P99: 77.460ms	P95: 68.677ms	P50: 55.491ms	SD: 9641.490	RATIO: 19.439%
>>>>> PROC: OSTAT
CALLS: 613	MIN: 0.680ms	AVG: 8.268ms	MAX: 27.128ms	TOTAL: 5068.235ms
P99: 21.133ms	P95: 16.965ms	P50: 7.586ms	SD: 4392.942	RATIO: 2.871%
+-+-+-+-+-+-+-+-+-+-+-+-+-+-+-+-+-+-+-+-+-+-+-+-+-+-+-+-+-+-+-+-+-+-+-+-+-+
>>>>> SUMMARY OF 8 ACTIVE VIRTUAL USERS : MEDIAN ELAPSED TIME : 178308ms
>>>>> PROC: NEWORD
CALLS: 99674	MIN: 1.395ms	AVG: 8.196ms	MAX: 70.430ms	TOTAL: 816937.097ms
P99: 16.429ms	P95: 13.036ms	P50: 7.919ms	SD: 2845.707	RATIO: 28.635%
>>>>> PROC: PAYMENT
CALLS: 100240	MIN: 0.442ms	AVG: 7.469ms	MAX: 44.786ms	TOTAL: 748762.776ms
P99: 21.634ms	P95: 16.255ms	P50: 6.817ms	SD: 4478.798	RATIO: 26.245%
>>>>> PROC: DELIVERY
CALLS: 10016	MIN: 4.325ms	AVG: 65.079ms	MAX: 109.402ms	TOTAL: 651834.972ms
P99: 87.132ms	P95: 79.307ms	P50: 65.932ms	SD: 10548.840	RATIO: 22.848%
>>>>> PROC: SLEV
CALLS: 9968	MIN: 0.725ms	AVG: 54.673ms	MAX: 91.527ms	TOTAL: 544980.562ms
P99: 76.488ms	P95: 69.215ms	P50: 55.257ms	SD: 11148.839	RATIO: 19.102%
>>>>> PROC: OSTAT
CALLS: 10070	MIN: 0.474ms	AVG: 8.373ms	MAX: 30.690ms	TOTAL: 84318.514ms
P99: 21.987ms	P95: 16.963ms	P50: 7.734ms	SD: 4432.638	RATIO: 2.955%
+-+-+-+-+-+-+-+-+-+-+-+-+-+-+-+-+-+-+-+-+-+-+-+-+-+-+-+-+-+-+-+-+-+-+-+-+-+
