TRANSACTION RESPONSE TIMES
{
  "NEWORD": {
    "elapsed_ms": "178308.0",
    "calls": "99674",
    "min_ms": "1.395",
    "avg_ms": "8.196",
    "max_ms": "70.43",
    "total_ms": "816937.097",
    "p99_ms": "16.429",
    "p95_ms": "13.036",
    "p50_ms": "7.919",
    "sd": "2845.707",
    "ratio_pct": "28.635"
  },
  "PAYMENT": {
    "elapsed_ms": "178308.0",
    "calls": "100240",
    "min_ms": "0.442",
    "avg_ms": "7.469",
    "max_ms": "44.786",
    "total_ms": "748762.776",
    "p99_ms": "21.634",
    "p95_ms": "16.255",
    "p50_ms": "6.817",
    "sd": "4478.798",
    "ratio_pct": "26.245"
  },
  "DELIVERY": {
    "elapsed_ms": "178308.0",
    "calls": "10016",
    "min_ms": "4.325",
    "avg_ms": "65.079",
    "max_ms": "109.402",
    "total_ms": "651834.972",
    "p99_ms": "87.132",
    "p95_ms": "79.307",
    "p50_ms": "65.932",
    "sd": "10548.84",
    "ratio_pct": "22.848"
  },
  "SLEV": {
    "elapsed_ms": "178308.0",
    "calls": "9968",
    "min_ms": "0.725",
    "avg_ms": "54.673",
    "max_ms": "91.527",
    "total_ms": "544980.562",
    "p99_ms": "76.488",
    "p95_ms": "69.215",
    "p50_ms": "55.257",
    "sd": "11148.839",
    "ratio_pct": "19.102"
  },
  "OSTAT": {
    "elapsed_ms": "178308.0",
    "calls": "10070",
    "min_ms": "0.474",
    "avg_ms": "8.373",
    "max_ms": "30.69",
    "total_ms": "84318.514",
    "p99_ms": "21.987",
    "p95_ms": "16.963",
    "p50_ms": "7.734",
    "sd": "4432.638",
    "ratio_pct": "2.955"
  }
}

TRANSACTION COUNT
{"MariaDB tpm": {
    "2026-04-22 21:28:06": "0",
    "2026-04-22 21:28:16": "26340",
    "2026-04-22 21:28:26": "34836",
    "2026-04-22 21:28:36": "36270",
    "2026-04-22 21:28:46": "37518",
    "2026-04-22 21:28:56": "37194",
    "2026-04-22 21:29:06": "39648",
    "2026-04-22 21:29:16": "39102",
    "2026-04-22 21:29:26": "38448",
    "2026-04-22 21:29:36": "39840",
    "2026-04-22 21:29:46": "39390",
    "2026-04-22 21:29:56": "39654",
    "2026-04-22 21:30:06": "38880",
    "2026-04-22 21:30:16": "40596",
    "2026-04-22 21:30:26": "38796",
    "2026-04-22 21:30:36": "39978",
    "2026-04-22 21:30:46": "38334",
    "2026-04-22 21:30:56": "38280",
    "2026-04-22 21:31:06": "39216"
  }}

HAMMERDB RESULT
[
  "69E9214687FB03E223934363",
  "2026-04-22 21:28:06",
  "8 Active Virtual Users configured",
  "TEST RESULT : System achieved 16863 NOPM from 39197 MariaDB TPM"
]

