HammerDB CLI v5.0
Copyright © HammerDB Ltd hosted by tpc.org 2019-2025
Type "help" for a list of commands
Initialized Jobs on-disk database /root/hammerdb_logs_20260416_183948/hammerdb_tmp/hammer.DB using existing tables (364,544 bytes)
TRANSACTION RESPONSE TIMES
{
  "NEWORD": {
    "elapsed_ms": "178023.5",
    "calls": "231292",
    "min_ms": "0.853",
    "avg_ms": "6.974",
    "max_ms": "523.415",
    "total_ms": "1613145.319",
    "p99_ms": "153.846",
    "p95_ms": "4.862",
    "p50_ms": "2.899",
    "sd": "27072.991",
    "ratio_pct": "56.634"
  },
  "PAYMENT": {
    "elapsed_ms": "178023.5",
    "calls": "231076",
    "min_ms": "0.409",
    "avg_ms": "2.664",
    "max_ms": "520.794",
    "total_ms": "615773.665",
    "p99_ms": "61.443",
    "p95_ms": "1.613",
    "p50_ms": "1.04",
    "sd": "17409.224",
    "ratio_pct": "21.618"
  },
  "DELIVERY": {
    "elapsed_ms": "178023.5",
    "calls": "23198",
    "min_ms": "3.194",
    "avg_ms": "23.582",
    "max_ms": "528.093",
    "total_ms": "547061.573",
    "p99_ms": "278.751",
    "p95_ms": "141.316",
    "p50_ms": "8.098",
    "sd": "53663.816",
    "ratio_pct": "19.206"
  },
  "SLEV": {
    "elapsed_ms": "178023.5",
    "calls": "23252",
    "min_ms": "0.575",
    "avg_ms": "1.276",
    "max_ms": "21.901",
    "total_ms": "29675.87",
    "p99_ms": "1.738",
    "p95_ms": "1.599",
    "p50_ms": "1.328",
    "sd": "305.79",
    "ratio_pct": "1.042"
  },
  "OSTAT": {
    "elapsed_ms": "178023.5",
    "calls": "23022",
    "min_ms": "0.304",
    "avg_ms": "0.918",
    "max_ms": "3.426",
    "total_ms": "21145.458",
    "p99_ms": "1.753",
    "p95_ms": "1.495",
    "p50_ms": "0.884",
    "sd": "326.644",
    "ratio_pct": "0.742"
  }
}

TRANSACTION COUNT
{"MariaDB tpm": {
    "2026-04-16 18:42:57": "0",
    "2026-04-16 18:43:07": "95814",
    "2026-04-16 18:43:17": "98724",
    "2026-04-16 18:43:27": "87606",
    "2026-04-16 18:43:37": "86952",
    "2026-04-16 18:43:47": "85050",
    "2026-04-16 18:43:57": "88626",
    "2026-04-16 18:44:07": "90828",
    "2026-04-16 18:44:17": "82908",
    "2026-04-16 18:44:27": "95382",
    "2026-04-16 18:44:37": "83688",
    "2026-04-16 18:44:47": "87870",
    "2026-04-16 18:44:57": "89298",
    "2026-04-16 18:45:07": "76212",
    "2026-04-16 18:45:17": "88212",
    "2026-04-16 18:45:27": "87912",
    "2026-04-16 18:45:37": "89154",
    "2026-04-16 18:45:47": "85842",
    "2026-04-16 18:45:57": "89010"
  }}

HAMMERDB RESULT
[
  "69E11191865103E263837333",
  "2026-04-16 18:42:57",
  "8 Active Virtual Users configured",
  "TEST RESULT : System achieved 37423 NOPM from 87167 MariaDB TPM"
]


