MariaDB Hammerdb Time Profile Report @ Thu Apr 23 18:15:53 CEST 2026
+-+-+-+-+-+-+-+-+-+-+-+-+-+-+-+-+-+-+-+-+-+-+-+-+-+-+-+-+-+-+-+-+-+-+-+-+-+
>>>>> VIRTUAL USER 2 : ELAPSED TIME : 180068ms
>>>>> PROC: NEWORD
CALLS: 6391	MIN: 1.796ms	AVG: 7.469ms	MAX: 31.000ms	TOTAL: 47735.140ms
P99: 15.588ms	P95: 11.970ms	P50: 7.099ms	SD: 2651.745	RATIO: 26.510%
>>>>> PROC: PAYMENT
CALLS: 6482	MIN: 0.417ms	AVG: 7.346ms	MAX: 42.741ms	TOTAL: 47616.127ms
P99: 21.350ms	P95: 16.467ms	P50: 6.562ms	SD: 4577.331	RATIO: 26.443%
>>>>> PROC: DELIVERY
CALLS: 641	MIN: 5.050ms	AVG: 65.289ms	MAX: 96.154ms	TOTAL: 41850.129ms
P99: 87.260ms	P95: 80.589ms	P50: 65.441ms	SD: 10223.618	RATIO: 23.241%
>>>>> PROC: SLEV
CALLS: 659	MIN: 0.732ms	AVG: 55.476ms	MAX: 94.556ms	TOTAL: 36558.747ms
P99: 79.050ms	P95: 72.678ms	P50: 55.565ms	SD: 10793.765	RATIO: 20.303%
>>>>> PROC: OSTAT
CALLS: 675	MIN: 0.490ms	AVG: 8.332ms	MAX: 24.847ms	TOTAL: 5624.225ms
P99: 20.493ms	P95: 17.346ms	P50: 7.795ms	SD: 4375.482	RATIO: 3.123%
+-+-+-+-+-+-+-+-+-+-+-+-+-+-+-+-+-+-+-+-+-+-+-+-+-+-+-+-+-+-+-+-+-+-+-+-+-+
>>>>> VIRTUAL USER 3 : ELAPSED TIME : 179999ms
>>>>> PROC: NEWORD
CALLS: 6503	MIN: 1.650ms	AVG: 7.509ms	MAX: 38.869ms	TOTAL: 48831.565ms
P99: 15.111ms	P95: 12.036ms	P50: 7.165ms	SD: 2621.513	RATIO: 27.129%
>>>>> PROC: PAYMENT
CALLS: 6409	MIN: 0.392ms	AVG: 7.378ms	MAX: 34.807ms	TOTAL: 47283.353ms
P99: 21.844ms	P95: 16.205ms	P50: 6.718ms	SD: 4496.318	RATIO: 26.269%
>>>>> PROC: DELIVERY
CALLS: 647	MIN: 7.674ms	AVG: 65.283ms	MAX: 91.782ms	TOTAL: 42238.139ms
P99: 83.761ms	P95: 79.318ms	P50: 65.923ms	SD: 9230.252	RATIO: 23.466%
>>>>> PROC: SLEV
CALLS: 648	MIN: 0.800ms	AVG: 55.004ms	MAX: 82.472ms	TOTAL: 35642.597ms
P99: 76.699ms	P95: 69.414ms	P50: 54.998ms	SD: 9929.323	RATIO: 19.802%
>>>>> PROC: OSTAT
CALLS: 641	MIN: 0.929ms	AVG: 8.321ms	MAX: 24.495ms	TOTAL: 5333.801ms
P99: 22.879ms	P95: 16.749ms	P50: 7.517ms	SD: 4423.498	RATIO: 2.963%
+-+-+-+-+-+-+-+-+-+-+-+-+-+-+-+-+-+-+-+-+-+-+-+-+-+-+-+-+-+-+-+-+-+-+-+-+-+
>>>>> VIRTUAL USER 4 : ELAPSED TIME : 179241ms
>>>>> PROC: NEWORD
CALLS: 6506	MIN: 1.387ms	AVG: 7.544ms	MAX: 31.776ms	TOTAL: 49080.560ms
P99: 15.941ms	P95: 12.202ms	P50: 7.187ms	SD: 2649.560	RATIO: 27.382%
>>>>> PROC: PAYMENT
CALLS: 6462	MIN: 0.400ms	AVG: 7.440ms	MAX: 33.313ms	TOTAL: 48076.358ms
P99: 21.827ms	P95: 16.143ms	P50: 6.718ms	SD: 4486.193	RATIO: 26.822%
>>>>> PROC: DELIVERY
CALLS: 627	MIN: 5.293ms	AVG: 65.751ms	MAX: 107.714ms	TOTAL: 41225.896ms
P99: 83.099ms	P95: 79.418ms	P50: 66.268ms	SD: 9614.096	RATIO: 23.000%
>>>>> PROC: SLEV
CALLS: 618	MIN: 0.842ms	AVG: 56.096ms	MAX: 94.569ms	TOTAL: 34667.050ms
P99: 81.574ms	P95: 70.110ms	P50: 55.926ms	SD: 9336.362	RATIO: 19.341%
>>>>> PROC: OSTAT
CALLS: 635	MIN: 0.530ms	AVG: 8.609ms	MAX: 27.657ms	TOTAL: 5466.902ms
P99: 22.545ms	P95: 17.652ms	P50: 7.817ms	SD: 4527.550	RATIO: 3.050%
+-+-+-+-+-+-+-+-+-+-+-+-+-+-+-+-+-+-+-+-+-+-+-+-+-+-+-+-+-+-+-+-+-+-+-+-+-+
>>>>> VIRTUAL USER 5 : ELAPSED TIME : 178593ms
>>>>> PROC: PAYMENT
CALLS: 6442	MIN: 0.424ms	AVG: 7.482ms	MAX: 42.929ms	TOTAL: 48198.967ms
P99: 22.302ms	P95: 17.018ms	P50: 6.841ms	SD: 4638.515	RATIO: 26.988%
>>>>> PROC: NEWORD
CALLS: 6290	MIN: 2.008ms	AVG: 7.584ms	MAX: 38.532ms	TOTAL: 47703.064ms
P99: 15.489ms	P95: 12.175ms	P50: 7.229ms	SD: 2708.903	RATIO: 26.710%
>>>>> PROC: DELIVERY
CALLS: 641	MIN: 9.012ms	AVG: 64.987ms	MAX: 90.629ms	TOTAL: 41656.510ms
P99: 85.156ms	P95: 79.156ms	P50: 65.339ms	SD: 9347.224	RATIO: 23.325%
>>>>> PROC: SLEV
CALLS: 618	MIN: 0.719ms	AVG: 57.437ms	MAX: 89.827ms	TOTAL: 35496.222ms
P99: 80.378ms	P95: 72.146ms	P50: 57.705ms	SD: 10445.946	RATIO: 19.875%
>>>>> PROC: OSTAT
CALLS: 601	MIN: 0.472ms	AVG: 7.944ms	MAX: 25.746ms	TOTAL: 4774.533ms
P99: 23.090ms	P95: 16.530ms	P50: 7.011ms	SD: 4353.276	RATIO: 2.673%
+-+-+-+-+-+-+-+-+-+-+-+-+-+-+-+-+-+-+-+-+-+-+-+-+-+-+-+-+-+-+-+-+-+-+-+-+-+
>>>>> VIRTUAL USER 6 : ELAPSED TIME : 177784ms
>>>>> PROC: PAYMENT
CALLS: 6366	MIN: 0.401ms	AVG: 7.411ms	MAX: 51.385ms	TOTAL: 47176.970ms
P99: 21.628ms	P95: 16.415ms	P50: 6.811ms	SD: 4496.741	RATIO: 26.536%
>>>>> PROC: NEWORD
CALLS: 6195	MIN: 2.055ms	AVG: 7.544ms	MAX: 34.921ms	TOTAL: 46736.319ms
P99: 15.343ms	P95: 12.148ms	P50: 7.196ms	SD: 2636.748	RATIO: 26.288%
>>>>> PROC: DELIVERY
CALLS: 652	MIN: 10.087ms	AVG: 66.237ms	MAX: 95.334ms	TOTAL: 43186.447ms
P99: 86.926ms	P95: 81.141ms	P50: 66.201ms	SD: 9115.571	RATIO: 24.292%
>>>>> PROC: SLEV
CALLS: 612	MIN: 0.670ms	AVG: 56.202ms	MAX: 87.666ms	TOTAL: 34395.621ms
P99: 81.280ms	P95: 70.763ms	P50: 56.336ms	SD: 10046.023	RATIO: 19.347%
>>>>> PROC: OSTAT
CALLS: 639	MIN: 1.836ms	AVG: 8.746ms	MAX: 31.578ms	TOTAL: 5589.003ms
P99: 24.295ms	P95: 18.338ms	P50: 7.989ms	SD: 4750.926	RATIO: 3.144%
+-+-+-+-+-+-+-+-+-+-+-+-+-+-+-+-+-+-+-+-+-+-+-+-+-+-+-+-+-+-+-+-+-+-+-+-+-+
>>>>> VIRTUAL USER 7 : ELAPSED TIME : 177214ms
>>>>> PROC: NEWORD
CALLS: 6153	MIN: 1.766ms	AVG: 7.649ms	MAX: 46.199ms	TOTAL: 47063.009ms
P99: 15.958ms	P95: 12.415ms	P50: 7.274ms	SD: 2722.956	RATIO: 26.557%
>>>>> PROC: PAYMENT
CALLS: 6081	MIN: 0.421ms	AVG: 7.632ms	MAX: 34.522ms	TOTAL: 46408.710ms
P99: 21.391ms	P95: 16.563ms	P50: 7.034ms	SD: 4505.942	RATIO: 26.188%
>>>>> PROC: DELIVERY
CALLS: 621	MIN: 10.356ms	AVG: 66.084ms	MAX: 102.034ms	TOTAL: 41038.472ms
P99: 87.357ms	P95: 79.661ms	P50: 66.141ms	SD: 9130.933	RATIO: 23.158%
>>>>> PROC: SLEV
CALLS: 668	MIN: 0.742ms	AVG: 55.625ms	MAX: 94.718ms	TOTAL: 37157.185ms
P99: 77.895ms	P95: 70.538ms	P50: 56.395ms	SD: 10984.965	RATIO: 20.967%
>>>>> PROC: OSTAT
CALLS: 595	MIN: 0.533ms	AVG: 8.043ms	MAX: 27.427ms	TOTAL: 4785.481ms
P99: 21.956ms	P95: 15.903ms	P50: 7.260ms	SD: 4337.238	RATIO: 2.700%
+-+-+-+-+-+-+-+-+-+-+-+-+-+-+-+-+-+-+-+-+-+-+-+-+-+-+-+-+-+-+-+-+-+-+-+-+-+
>>>>> VIRTUAL USER 8 : ELAPSED TIME : 177643ms
>>>>> PROC: PAYMENT
CALLS: 6175	MIN: 0.420ms	AVG: 7.542ms	MAX: 34.282ms	TOTAL: 46571.926ms
P99: 22.082ms	P95: 16.794ms	P50: 6.862ms	SD: 4577.996	RATIO: 26.217%
>>>>> PROC: NEWORD
CALLS: 6141	MIN: 1.679ms	AVG: 7.536ms	MAX: 36.025ms	TOTAL: 46278.412ms
P99: 16.190ms	P95: 12.446ms	P50: 7.134ms	SD: 2812.564	RATIO: 26.051%
>>>>> PROC: DELIVERY
CALLS: 630	MIN: 10.646ms	AVG: 65.139ms	MAX: 92.264ms	TOTAL: 41037.488ms
P99: 87.578ms	P95: 80.677ms	P50: 65.278ms	SD: 9968.061	RATIO: 23.101%
>>>>> PROC: SLEV
CALLS: 664	MIN: 0.676ms	AVG: 56.815ms	MAX: 91.737ms	TOTAL: 37725.405ms
P99: 79.220ms	P95: 72.376ms	P50: 56.714ms	SD: 10517.404	RATIO: 21.237%
>>>>> PROC: OSTAT
CALLS: 598	MIN: 1.743ms	AVG: 8.824ms	MAX: 27.339ms	TOTAL: 5276.483ms
P99: 22.108ms	P95: 18.692ms	P50: 8.102ms	SD: 4590.704	RATIO: 2.970%
+-+-+-+-+-+-+-+-+-+-+-+-+-+-+-+-+-+-+-+-+-+-+-+-+-+-+-+-+-+-+-+-+-+-+-+-+-+
>>>>> VIRTUAL USER 9 : ELAPSED TIME : 176262ms
>>>>> PROC: PAYMENT
CALLS: 6345	MIN: 0.386ms	AVG: 7.438ms	MAX: 32.438ms	TOTAL: 47196.951ms
P99: 21.862ms	P95: 16.567ms	P50: 6.658ms	SD: 4571.576	RATIO: 26.777%
>>>>> PROC: NEWORD
CALLS: 6170	MIN: 1.850ms	AVG: 7.574ms	MAX: 33.747ms	TOTAL: 46732.593ms
P99: 15.942ms	P95: 12.146ms	P50: 7.204ms	SD: 2692.738	RATIO: 26.513%
>>>>> PROC: DELIVERY
CALLS: 639	MIN: 18.910ms	AVG: 66.961ms	MAX: 100.872ms	TOTAL: 42788.335ms
P99: 90.960ms	P95: 80.929ms	P50: 66.943ms	SD: 9012.271	RATIO: 24.275%
>>>>> PROC: SLEV
CALLS: 605	MIN: 0.727ms	AVG: 56.242ms	MAX: 83.183ms	TOTAL: 34026.549ms
P99: 77.830ms	P95: 70.975ms	P50: 56.331ms	SD: 9950.426	RATIO: 19.305%
>>>>> PROC: OSTAT
CALLS: 577	MIN: 0.353ms	AVG: 8.468ms	MAX: 24.251ms	TOTAL: 4886.068ms
P99: 21.750ms	P95: 16.429ms	P50: 7.895ms	SD: 4357.718	RATIO: 2.772%
+-+-+-+-+-+-+-+-+-+-+-+-+-+-+-+-+-+-+-+-+-+-+-+-+-+-+-+-+-+-+-+-+-+-+-+-+-+
>>>>> SUMMARY OF 8 ACTIVE VIRTUAL USERS : MEDIAN ELAPSED TIME : 178188ms
>>>>> PROC: NEWORD
CALLS: 100698	MIN: 1.387ms	AVG: 7.550ms	MAX: 46.199ms	TOTAL: 760321.076ms
P99: 15.719ms	P95: 12.184ms	P50: 7.186ms	SD: 2687.080	RATIO: 26.668%
>>>>> PROC: PAYMENT
CALLS: 101524	MIN: 0.386ms	AVG: 7.456ms	MAX: 51.385ms	TOTAL: 757058.486ms
P99: 21.799ms	P95: 16.515ms	P50: 6.779ms	SD: 4544.734	RATIO: 26.554%
>>>>> PROC: DELIVERY
CALLS: 10196	MIN: 5.050ms	AVG: 65.716ms	MAX: 107.714ms	TOTAL: 670042.608ms
P99: 87.125ms	P95: 80.168ms	P50: 65.951ms	SD: 9477.329	RATIO: 23.502%
>>>>> PROC: SLEV
CALLS: 10184	MIN: 0.670ms	AVG: 56.101ms	MAX: 94.718ms	TOTAL: 571338.588ms
P99: 78.886ms	P95: 71.291ms	P50: 56.314ms	SD: 10293.717	RATIO: 20.040%
>>>>> PROC: OSTAT
CALLS: 9922	MIN: 0.353ms	AVG: 8.412ms	MAX: 31.578ms	TOTAL: 83472.966ms
P99: 22.795ms	P95: 17.241ms	P50: 7.645ms	SD: 4474.370	RATIO: 2.928%
+-+-+-+-+-+-+-+-+-+-+-+-+-+-+-+-+-+-+-+-+-+-+-+-+-+-+-+-+-+-+-+-+-+-+-+-+-+
