TRANSACTION RESPONSE TIMES
{
  "NEWORD": {
    "elapsed_ms": "178188.5",
    "calls": "100698",
    "min_ms": "1.387",
    "avg_ms": "7.55",
    "max_ms": "46.199",
    "total_ms": "760321.076",
    "p99_ms": "15.719",
    "p95_ms": "12.184",
    "p50_ms": "7.186",
    "sd": "2687.08",
    "ratio_pct": "26.668"
  },
  "PAYMENT": {
    "elapsed_ms": "178188.5",
    "calls": "101524",
    "min_ms": "0.386",
    "avg_ms": "7.456",
    "max_ms": "51.385",
    "total_ms": "757058.486",
    "p99_ms": "21.799",
    "p95_ms": "16.515",
    "p50_ms": "6.779",
    "sd": "4544.734",
    "ratio_pct": "26.554"
  },
  "DELIVERY": {
    "elapsed_ms": "178188.5",
    "calls": "10196",
    "min_ms": "5.05",
    "avg_ms": "65.716",
    "max_ms": "107.714",
    "total_ms": "670042.608",
    "p99_ms": "87.125",
    "p95_ms": "80.168",
    "p50_ms": "65.951",
    "sd": "9477.329",
    "ratio_pct": "23.502"
  },
  "SLEV": {
    "elapsed_ms": "178188.5",
    "calls": "10184",
    "min_ms": "0.67",
    "avg_ms": "56.101",
    "max_ms": "94.718",
    "total_ms": "571338.588",
    "p99_ms": "78.886",
    "p95_ms": "71.291",
    "p50_ms": "56.314",
    "sd": "10293.717",
    "ratio_pct": "20.04"
  },
  "OSTAT": {
    "elapsed_ms": "178188.5",
    "calls": "9922",
    "min_ms": "0.353",
    "avg_ms": "8.412",
    "max_ms": "31.578",
    "total_ms": "83472.966",
    "p99_ms": "22.795",
    "p95_ms": "17.241",
    "p50_ms": "7.645",
    "sd": "4474.37",
    "ratio_pct": "2.928"
  }
}

TRANSACTION COUNT
{"MariaDB tpm": {
    "2026-04-23 18:12:52": "0",
    "2026-04-23 18:13:02": "25740",
    "2026-04-23 18:13:12": "35154",
    "2026-04-23 18:13:22": "36954",
    "2026-04-23 18:13:32": "37200",
    "2026-04-23 18:13:42": "38430",
    "2026-04-23 18:13:52": "38616",
    "2026-04-23 18:14:02": "39162",
    "2026-04-23 18:14:12": "38418",
    "2026-04-23 18:14:22": "39822",
    "2026-04-23 18:14:32": "38928",
    "2026-04-23 18:14:42": "41508",
    "2026-04-23 18:14:52": "40068",
    "2026-04-23 18:15:02": "40176",
    "2026-04-23 18:15:12": "40746",
    "2026-04-23 18:15:22": "40320",
    "2026-04-23 18:15:32": "41886",
    "2026-04-23 18:15:42": "41034",
    "2026-04-23 18:15:52": "40794"
  }}

HAMMERDB RESULT
[
  "69EA4504EB9D03E283730363",
  "2026-04-23 18:12:52",
  "8 Active Virtual Users configured",
  "TEST RESULT : System achieved 17250 NOPM from 40220 MariaDB TPM"
]

