MariaDB Hammerdb Time Profile Report @ Wed Apr 22 22:26:36 CEST 2026
+-+-+-+-+-+-+-+-+-+-+-+-+-+-+-+-+-+-+-+-+-+-+-+-+-+-+-+-+-+-+-+-+-+-+-+-+-+
>>>>> VIRTUAL USER 2 : ELAPSED TIME : 182585ms
>>>>> PROC: NEWORD
CALLS: 16940	MIN: 1.055ms	AVG: 4.822ms	MAX: 156.263ms	TOTAL: 81685.024ms
P99: 8.485ms	P95: 7.274ms	P50: 4.720ms	SD: 2206.838	RATIO: 44.738%
>>>>> PROC: PAYMENT
CALLS: 16810	MIN: 0.433ms	AVG: 3.464ms	MAX: 15.465ms	TOTAL: 58223.249ms
P99: 7.281ms	P95: 6.397ms	P50: 4.260ms	SD: 2129.417	RATIO: 31.888%
>>>>> PROC: DELIVERY
CALLS: 1722	MIN: 3.309ms	AVG: 13.247ms	MAX: 29.993ms	TOTAL: 22811.840ms
P99: 26.132ms	P95: 21.872ms	P50: 13.007ms	SD: 5026.978	RATIO: 12.494%
>>>>> PROC: OSTAT
CALLS: 1742	MIN: 0.444ms	AVG: 5.797ms	MAX: 15.349ms	TOTAL: 10098.330ms
P99: 11.794ms	P95: 10.643ms	P50: 5.545ms	SD: 2977.850	RATIO: 5.531%
>>>>> PROC: SLEV
CALLS: 1698	MIN: 0.329ms	AVG: 4.107ms	MAX: 26.098ms	TOTAL: 6974.190ms
P99: 15.667ms	P95: 7.588ms	P50: 3.454ms	SD: 2396.468	RATIO: 3.820%
+-+-+-+-+-+-+-+-+-+-+-+-+-+-+-+-+-+-+-+-+-+-+-+-+-+-+-+-+-+-+-+-+-+-+-+-+-+
>>>>> VIRTUAL USER 3 : ELAPSED TIME : 179729ms
>>>>> PROC: NEWORD
CALLS: 15878	MIN: 1.596ms	AVG: 4.936ms	MAX: 12.415ms	TOTAL: 78380.057ms
P99: 8.428ms	P95: 7.347ms	P50: 4.878ms	SD: 1428.426	RATIO: 43.610%
>>>>> PROC: PAYMENT
CALLS: 16210	MIN: 0.456ms	AVG: 3.647ms	MAX: 147.585ms	TOTAL: 59115.828ms
P99: 7.468ms	P95: 6.593ms	P50: 4.552ms	SD: 2729.642	RATIO: 32.892%
>>>>> PROC: DELIVERY
CALLS: 1681	MIN: 4.027ms	AVG: 13.447ms	MAX: 44.215ms	TOTAL: 22604.126ms
P99: 24.157ms	P95: 21.512ms	P50: 13.394ms	SD: 4662.949	RATIO: 12.577%
>>>>> PROC: OSTAT
CALLS: 1604	MIN: 0.536ms	AVG: 6.097ms	MAX: 16.353ms	TOTAL: 9780.297ms
P99: 12.133ms	P95: 10.991ms	P50: 5.806ms	SD: 3103.156	RATIO: 5.442%
>>>>> PROC: SLEV
CALLS: 1619	MIN: 0.365ms	AVG: 4.414ms	MAX: 35.873ms	TOTAL: 7146.187ms
P99: 20.577ms	P95: 7.892ms	P50: 3.686ms	SD: 2968.222	RATIO: 3.976%
+-+-+-+-+-+-+-+-+-+-+-+-+-+-+-+-+-+-+-+-+-+-+-+-+-+-+-+-+-+-+-+-+-+-+-+-+-+
>>>>> VIRTUAL USER 4 : ELAPSED TIME : 181508ms
>>>>> PROC: NEWORD
CALLS: 16476	MIN: 1.397ms	AVG: 4.975ms	MAX: 35.837ms	TOTAL: 81973.976ms
P99: 8.654ms	P95: 7.487ms	P50: 4.890ms	SD: 1496.080	RATIO: 45.163%
>>>>> PROC: PAYMENT
CALLS: 16475	MIN: 0.430ms	AVG: 3.508ms	MAX: 152.304ms	TOTAL: 57793.204ms
P99: 7.482ms	P95: 6.429ms	P50: 4.309ms	SD: 2444.219	RATIO: 31.841%
>>>>> PROC: DELIVERY
CALLS: 1559	MIN: 3.306ms	AVG: 13.778ms	MAX: 32.626ms	TOTAL: 21479.462ms
P99: 26.305ms	P95: 22.510ms	P50: 13.856ms	SD: 5068.372	RATIO: 11.834%
>>>>> PROC: OSTAT
CALLS: 1663	MIN: 0.514ms	AVG: 6.089ms	MAX: 15.705ms	TOTAL: 10125.510ms
P99: 12.282ms	P95: 10.884ms	P50: 5.729ms	SD: 3115.957	RATIO: 5.579%
>>>>> PROC: SLEV
CALLS: 1715	MIN: 0.375ms	AVG: 4.341ms	MAX: 36.497ms	TOTAL: 7444.687ms
P99: 20.819ms	P95: 8.238ms	P50: 3.503ms	SD: 3053.779	RATIO: 4.102%
+-+-+-+-+-+-+-+-+-+-+-+-+-+-+-+-+-+-+-+-+-+-+-+-+-+-+-+-+-+-+-+-+-+-+-+-+-+
>>>>> VIRTUAL USER 5 : ELAPSED TIME : 179636ms
>>>>> PROC: NEWORD
CALLS: 16228	MIN: 1.469ms	AVG: 4.978ms	MAX: 38.943ms	TOTAL: 80790.491ms
P99: 8.626ms	P95: 7.462ms	P50: 4.890ms	SD: 1489.447	RATIO: 44.975%
>>>>> PROC: PAYMENT
CALLS: 15827	MIN: 0.491ms	AVG: 3.596ms	MAX: 25.189ms	TOTAL: 56919.764ms
P99: 7.488ms	P95: 6.565ms	P50: 4.437ms	SD: 2188.060	RATIO: 31.686%
>>>>> PROC: DELIVERY
CALLS: 1672	MIN: 3.918ms	AVG: 13.428ms	MAX: 26.547ms	TOTAL: 22451.143ms
P99: 24.036ms	P95: 21.297ms	P50: 13.208ms	SD: 4686.634	RATIO: 12.498%
>>>>> PROC: OSTAT
CALLS: 1554	MIN: 0.518ms	AVG: 6.186ms	MAX: 14.538ms	TOTAL: 9612.612ms
P99: 12.479ms	P95: 10.922ms	P50: 5.741ms	SD: 3016.027	RATIO: 5.351%
>>>>> PROC: SLEV
CALLS: 1583	MIN: 0.399ms	AVG: 4.498ms	MAX: 27.396ms	TOTAL: 7119.791ms
P99: 21.285ms	P95: 8.538ms	P50: 3.576ms	SD: 3215.079	RATIO: 3.963%
+-+-+-+-+-+-+-+-+-+-+-+-+-+-+-+-+-+-+-+-+-+-+-+-+-+-+-+-+-+-+-+-+-+-+-+-+-+
>>>>> VIRTUAL USER 6 : ELAPSED TIME : 177687ms
>>>>> PROC: NEWORD
CALLS: 15919	MIN: 1.392ms	AVG: 4.958ms	MAX: 33.010ms	TOTAL: 78921.586ms
P99: 8.588ms	P95: 7.415ms	P50: 4.876ms	SD: 1455.939	RATIO: 44.416%
>>>>> PROC: PAYMENT
CALLS: 15953	MIN: 0.497ms	AVG: 3.606ms	MAX: 9.982ms	TOTAL: 57531.727ms
P99: 7.559ms	P95: 6.628ms	P50: 4.487ms	SD: 2225.570	RATIO: 32.378%
>>>>> PROC: DELIVERY
CALLS: 1603	MIN: 4.609ms	AVG: 13.438ms	MAX: 28.422ms	TOTAL: 21541.887ms
P99: 24.739ms	P95: 21.844ms	P50: 13.383ms	SD: 4819.755	RATIO: 12.124%
>>>>> PROC: OSTAT
CALLS: 1631	MIN: 0.504ms	AVG: 5.982ms	MAX: 12.782ms	TOTAL: 9756.354ms
P99: 11.936ms	P95: 10.818ms	P50: 5.778ms	SD: 3063.412	RATIO: 5.491%
>>>>> PROC: SLEV
CALLS: 1566	MIN: 0.424ms	AVG: 4.588ms	MAX: 41.378ms	TOTAL: 7184.530ms
P99: 23.684ms	P95: 8.424ms	P50: 3.683ms	SD: 3609.287	RATIO: 4.043%
+-+-+-+-+-+-+-+-+-+-+-+-+-+-+-+-+-+-+-+-+-+-+-+-+-+-+-+-+-+-+-+-+-+-+-+-+-+
>>>>> VIRTUAL USER 7 : ELAPSED TIME : 177192ms
>>>>> PROC: NEWORD
CALLS: 15569	MIN: 1.655ms	AVG: 5.056ms	MAX: 142.947ms	TOTAL: 78723.428ms
P99: 8.652ms	P95: 7.527ms	P50: 4.983ms	SD: 1832.772	RATIO: 44.428%
>>>>> PROC: PAYMENT
CALLS: 15736	MIN: 0.489ms	AVG: 3.680ms	MAX: 24.560ms	TOTAL: 57911.007ms
P99: 7.578ms	P95: 6.700ms	P50: 4.594ms	SD: 2251.734	RATIO: 32.683%
>>>>> PROC: DELIVERY
CALLS: 1494	MIN: 4.779ms	AVG: 13.897ms	MAX: 31.362ms	TOTAL: 20762.282ms
P99: 25.125ms	P95: 21.714ms	P50: 13.930ms	SD: 4697.714	RATIO: 11.717%
>>>>> PROC: OSTAT
CALLS: 1560	MIN: 0.531ms	AVG: 6.249ms	MAX: 14.272ms	TOTAL: 9747.908ms
P99: 12.250ms	P95: 11.218ms	P50: 5.890ms	SD: 3139.448	RATIO: 5.501%
>>>>> PROC: SLEV
CALLS: 1569	MIN: 0.382ms	AVG: 4.704ms	MAX: 43.519ms	TOTAL: 7381.168ms
P99: 24.522ms	P95: 9.067ms	P50: 3.711ms	SD: 3743.467	RATIO: 4.166%
+-+-+-+-+-+-+-+-+-+-+-+-+-+-+-+-+-+-+-+-+-+-+-+-+-+-+-+-+-+-+-+-+-+-+-+-+-+
>>>>> VIRTUAL USER 8 : ELAPSED TIME : 176672ms
>>>>> PROC: NEWORD
CALLS: 15769	MIN: 1.731ms	AVG: 4.968ms	MAX: 37.269ms	TOTAL: 78333.620ms
P99: 8.542ms	P95: 7.461ms	P50: 4.889ms	SD: 1473.464	RATIO: 44.338%
>>>>> PROC: PAYMENT
CALLS: 15923	MIN: 0.513ms	AVG: 3.522ms	MAX: 10.225ms	TOTAL: 56077.169ms
P99: 7.359ms	P95: 6.449ms	P50: 4.371ms	SD: 2149.376	RATIO: 31.741%
>>>>> PROC: DELIVERY
CALLS: 1636	MIN: 4.470ms	AVG: 13.575ms	MAX: 27.798ms	TOTAL: 22208.315ms
P99: 24.306ms	P95: 21.475ms	P50: 13.693ms	SD: 4769.179	RATIO: 12.570%
>>>>> PROC: OSTAT
CALLS: 1630	MIN: 0.500ms	AVG: 6.117ms	MAX: 14.266ms	TOTAL: 9970.594ms
P99: 12.096ms	P95: 10.765ms	P50: 5.809ms	SD: 2976.020	RATIO: 5.644%
>>>>> PROC: SLEV
CALLS: 1578	MIN: 0.301ms	AVG: 4.524ms	MAX: 34.416ms	TOTAL: 7138.878ms
P99: 23.606ms	P95: 8.739ms	P50: 3.611ms	SD: 3493.664	RATIO: 4.041%
+-+-+-+-+-+-+-+-+-+-+-+-+-+-+-+-+-+-+-+-+-+-+-+-+-+-+-+-+-+-+-+-+-+-+-+-+-+
>>>>> VIRTUAL USER 9 : ELAPSED TIME : 176320ms
>>>>> PROC: NEWORD
CALLS: 15892	MIN: 1.621ms	AVG: 5.014ms	MAX: 13.808ms	TOTAL: 79678.187ms
P99: 8.581ms	P95: 7.468ms	P50: 4.944ms	SD: 1457.665	RATIO: 45.190%
>>>>> PROC: PAYMENT
CALLS: 15891	MIN: 0.483ms	AVG: 3.523ms	MAX: 31.333ms	TOTAL: 55987.912ms
P99: 7.355ms	P95: 6.421ms	P50: 4.350ms	SD: 2150.116	RATIO: 31.754%
>>>>> PROC: DELIVERY
CALLS: 1589	MIN: 4.072ms	AVG: 13.587ms	MAX: 30.432ms	TOTAL: 21590.483ms
P99: 24.752ms	P95: 21.677ms	P50: 13.427ms	SD: 4839.298	RATIO: 12.245%
>>>>> PROC: OSTAT
CALLS: 1652	MIN: 0.531ms	AVG: 5.899ms	MAX: 15.129ms	TOTAL: 9745.498ms
P99: 11.769ms	P95: 10.629ms	P50: 5.621ms	SD: 2973.751	RATIO: 5.527%
>>>>> PROC: SLEV
CALLS: 1520	MIN: 0.420ms	AVG: 4.356ms	MAX: 32.997ms	TOTAL: 6620.846ms
P99: 22.063ms	P95: 7.813ms	P50: 3.509ms	SD: 3356.877	RATIO: 3.755%
+-+-+-+-+-+-+-+-+-+-+-+-+-+-+-+-+-+-+-+-+-+-+-+-+-+-+-+-+-+-+-+-+-+-+-+-+-+
>>>>> SUMMARY OF 8 ACTIVE VIRTUAL USERS : MEDIAN ELAPSED TIME : 178662ms
>>>>> PROC: NEWORD
CALLS: 257342	MIN: 1.055ms	AVG: 4.962ms	MAX: 156.263ms	TOTAL: 1276973.569ms
P99: 8.570ms	P95: 7.428ms	P50: 4.884ms	SD: 1631.112	RATIO: 44.672%
>>>>> PROC: PAYMENT
CALLS: 257650	MIN: 0.430ms	AVG: 3.567ms	MAX: 152.304ms	TOTAL: 919120.297ms
P99: 7.470ms	P95: 6.527ms	P50: 4.410ms	SD: 2293.496	RATIO: 32.153%
>>>>> PROC: DELIVERY
CALLS: 25912	MIN: 3.306ms	AVG: 13.541ms	MAX: 44.215ms	TOTAL: 350899.293ms
P99: 25.055ms	P95: 21.728ms	P50: 13.497ms	SD: 4826.248	RATIO: 12.275%
>>>>> PROC: OSTAT
CALLS: 26072	MIN: 0.444ms	AVG: 6.047ms	MAX: 16.353ms	TOTAL: 157674.309ms
P99: 12.132ms	P95: 10.856ms	P50: 5.730ms	SD: 3047.806	RATIO: 5.516%
>>>>> PROC: SLEV
CALLS: 25696	MIN: 0.301ms	AVG: 4.437ms	MAX: 43.519ms	TOTAL: 114020.622ms
P99: 21.386ms	P95: 8.241ms	P50: 3.596ms	SD: 3246.870	RATIO: 3.989%
+-+-+-+-+-+-+-+-+-+-+-+-+-+-+-+-+-+-+-+-+-+-+-+-+-+-+-+-+-+-+-+-+-+-+-+-+-+
