TRANSACTION RESPONSE TIMES
{
  "NEWORD": {
    "elapsed_ms": "178661.5",
    "calls": "257342",
    "min_ms": "1.055",
    "avg_ms": "4.962",
    "max_ms": "156.263",
    "total_ms": "1276973.569",
    "p99_ms": "8.57",
    "p95_ms": "7.428",
    "p50_ms": "4.884",
    "sd": "1631.112",
    "ratio_pct": "44.672"
  },
  "PAYMENT": {
    "elapsed_ms": "178661.5",
    "calls": "257650",
    "min_ms": "0.43",
    "avg_ms": "3.567",
    "max_ms": "152.304",
    "total_ms": "919120.297",
    "p99_ms": "7.47",
    "p95_ms": "6.527",
    "p50_ms": "4.41",
    "sd": "2293.496",
    "ratio_pct": "32.153"
  },
  "DELIVERY": {
    "elapsed_ms": "178661.5",
    "calls": "25912",
    "min_ms": "3.306",
    "avg_ms": "13.541",
    "max_ms": "44.215",
    "total_ms": "350899.293",
    "p99_ms": "25.055",
    "p95_ms": "21.728",
    "p50_ms": "13.497",
    "sd": "4826.248",
    "ratio_pct": "12.275"
  },
  "OSTAT": {
    "elapsed_ms": "178661.5",
    "calls": "26072",
    "min_ms": "0.444",
    "avg_ms": "6.047",
    "max_ms": "16.353",
    "total_ms": "157674.309",
    "p99_ms": "12.132",
    "p95_ms": "10.856",
    "p50_ms": "5.73",
    "sd": "3047.806",
    "ratio_pct": "5.516"
  },
  "SLEV": {
    "elapsed_ms": "178661.5",
    "calls": "25696",
    "min_ms": "0.301",
    "avg_ms": "4.437",
    "max_ms": "43.519",
    "total_ms": "114020.622",
    "p99_ms": "21.386",
    "p95_ms": "8.241",
    "p50_ms": "3.596",
    "sd": "3246.87",
    "ratio_pct": "3.989"
  }
}

TRANSACTION COUNT
{"MariaDB tpm": {
    "2026-04-22 22:23:33": "0",
    "2026-04-22 22:23:43": "75240",
    "2026-04-22 22:23:53": "103398",
    "2026-04-22 22:24:03": "104574",
    "2026-04-22 22:24:13": "103662",
    "2026-04-22 22:24:23": "97284",
    "2026-04-22 22:24:33": "97152",
    "2026-04-22 22:24:43": "103890",
    "2026-04-22 22:24:53": "97386",
    "2026-04-22 22:25:03": "99840",
    "2026-04-22 22:25:13": "104388",
    "2026-04-22 22:25:23": "101508",
    "2026-04-22 22:25:33": "97416",
    "2026-04-22 22:25:43": "98958",
    "2026-04-22 22:25:53": "98706",
    "2026-04-22 22:26:03": "90816",
    "2026-04-22 22:26:13": "96480",
    "2026-04-22 22:26:23": "101544",
    "2026-04-22 22:26:33": "94866"
  }}

HAMMERDB RESULT
[
  "69E92E454E4403E223637373",
  "2026-04-22 22:23:33",
  "8 Active Virtual Users configured",
  "TEST RESULT : System achieved 42505 NOPM from 98776 MariaDB TPM"
]

