MariaDB Hammerdb Time Profile Report @ Wed Apr 22 21:37:24 CEST 2026
+-+-+-+-+-+-+-+-+-+-+-+-+-+-+-+-+-+-+-+-+-+-+-+-+-+-+-+-+-+-+-+-+-+-+-+-+-+
>>>>> VIRTUAL USER 2 : ELAPSED TIME : 180257ms
>>>>> PROC: NEWORD
CALLS: 6426	MIN: 1.943ms	AVG: 8.220ms	MAX: 50.214ms	TOTAL: 52819.555ms
P99: 16.753ms	P95: 12.945ms	P50: 7.946ms	SD: 2842.154	RATIO: 29.302%
>>>>> PROC: PAYMENT
CALLS: 6352	MIN: 0.512ms	AVG: 7.440ms	MAX: 41.097ms	TOTAL: 47261.527ms
P99: 21.286ms	P95: 16.171ms	P50: 6.698ms	SD: 4491.599	RATIO: 26.219%
>>>>> PROC: DELIVERY
CALLS: 612	MIN: 8.247ms	AVG: 64.208ms	MAX: 96.475ms	TOTAL: 39295.561ms
P99: 84.686ms	P95: 79.065ms	P50: 65.083ms	SD: 10682.228	RATIO: 21.800%
>>>>> PROC: SLEV
CALLS: 661	MIN: 0.833ms	AVG: 52.273ms	MAX: 81.351ms	TOTAL: 34552.382ms
P99: 73.386ms	P95: 67.210ms	P50: 53.278ms	SD: 10786.670	RATIO: 19.168%
>>>>> PROC: OSTAT
CALLS: 669	MIN: 0.411ms	AVG: 8.309ms	MAX: 34.862ms	TOTAL: 5558.858ms
P99: 22.383ms	P95: 16.729ms	P50: 7.593ms	SD: 4501.594	RATIO: 3.084%
+-+-+-+-+-+-+-+-+-+-+-+-+-+-+-+-+-+-+-+-+-+-+-+-+-+-+-+-+-+-+-+-+-+-+-+-+-+
>>>>> VIRTUAL USER 3 : ELAPSED TIME : 179957ms
>>>>> PROC: NEWORD
CALLS: 6378	MIN: 2.040ms	AVG: 8.106ms	MAX: 53.363ms	TOTAL: 51699.682ms
P99: 16.426ms	P95: 12.850ms	P50: 7.780ms	SD: 2827.974	RATIO: 28.729%
>>>>> PROC: PAYMENT
CALLS: 6320	MIN: 0.510ms	AVG: 7.342ms	MAX: 34.554ms	TOTAL: 46399.780ms
P99: 21.298ms	P95: 15.943ms	P50: 6.674ms	SD: 4412.726	RATIO: 25.784%
>>>>> PROC: DELIVERY
CALLS: 622	MIN: 6.355ms	AVG: 64.179ms	MAX: 97.469ms	TOTAL: 39919.282ms
P99: 88.369ms	P95: 80.004ms	P50: 65.194ms	SD: 10727.410	RATIO: 22.183%
>>>>> PROC: SLEV
CALLS: 656	MIN: 0.854ms	AVG: 55.005ms	MAX: 87.611ms	TOTAL: 36083.275ms
P99: 77.280ms	P95: 70.879ms	P50: 55.527ms	SD: 10941.325	RATIO: 20.051%
>>>>> PROC: OSTAT
CALLS: 616	MIN: 1.374ms	AVG: 8.298ms	MAX: 34.302ms	TOTAL: 5111.723ms
P99: 21.567ms	P95: 16.816ms	P50: 7.599ms	SD: 4419.350	RATIO: 2.841%
+-+-+-+-+-+-+-+-+-+-+-+-+-+-+-+-+-+-+-+-+-+-+-+-+-+-+-+-+-+-+-+-+-+-+-+-+-+
>>>>> VIRTUAL USER 4 : ELAPSED TIME : 178695ms
>>>>> PROC: NEWORD
CALLS: 6052	MIN: 2.274ms	AVG: 8.334ms	MAX: 28.495ms	TOTAL: 50436.125ms
P99: 16.703ms	P95: 13.341ms	P50: 8.069ms	SD: 2826.008	RATIO: 28.225%
>>>>> PROC: PAYMENT
CALLS: 6093	MIN: 0.474ms	AVG: 7.698ms	MAX: 37.694ms	TOTAL: 46906.494ms
P99: 22.367ms	P95: 16.866ms	P50: 7.070ms	SD: 4610.062	RATIO: 26.249%
>>>>> PROC: DELIVERY
CALLS: 594	MIN: 7.855ms	AVG: 66.566ms	MAX: 106.536ms	TOTAL: 39540.187ms
P99: 90.923ms	P95: 81.461ms	P50: 66.516ms	SD: 9745.010	RATIO: 22.127%
>>>>> PROC: SLEV
CALLS: 644	MIN: 0.725ms	AVG: 55.760ms	MAX: 81.284ms	TOTAL: 35909.564ms
P99: 77.578ms	P95: 69.895ms	P50: 56.547ms	SD: 10863.381	RATIO: 20.095%
>>>>> PROC: OSTAT
CALLS: 597	MIN: 0.627ms	AVG: 8.622ms	MAX: 30.559ms	TOTAL: 5147.059ms
P99: 22.399ms	P95: 17.171ms	P50: 7.871ms	SD: 4593.489	RATIO: 2.880%
+-+-+-+-+-+-+-+-+-+-+-+-+-+-+-+-+-+-+-+-+-+-+-+-+-+-+-+-+-+-+-+-+-+-+-+-+-+
>>>>> VIRTUAL USER 5 : ELAPSED TIME : 181314ms
>>>>> PROC: NEWORD
CALLS: 6614	MIN: 1.287ms	AVG: 7.939ms	MAX: 69.809ms	TOTAL: 52510.694ms
P99: 16.415ms	P95: 12.924ms	P50: 7.674ms	SD: 3099.639	RATIO: 28.961%
>>>>> PROC: PAYMENT
CALLS: 6815	MIN: 0.460ms	AVG: 7.191ms	MAX: 34.055ms	TOTAL: 49005.322ms
P99: 20.689ms	P95: 15.653ms	P50: 6.485ms	SD: 4388.222	RATIO: 27.028%
>>>>> PROC: DELIVERY
CALLS: 627	MIN: 6.723ms	AVG: 63.751ms	MAX: 91.984ms	TOTAL: 39971.868ms
P99: 87.635ms	P95: 79.274ms	P50: 65.256ms	SD: 12286.243	RATIO: 22.046%
>>>>> PROC: SLEV
CALLS: 647	MIN: 0.674ms	AVG: 52.053ms	MAX: 83.022ms	TOTAL: 33678.054ms
P99: 74.049ms	P95: 67.435ms	P50: 53.483ms	SD: 12798.377	RATIO: 18.574%
>>>>> PROC: OSTAT
CALLS: 657	MIN: 0.818ms	AVG: 8.244ms	MAX: 29.530ms	TOTAL: 5416.509ms
P99: 21.822ms	P95: 16.917ms	P50: 7.515ms	SD: 4611.900	RATIO: 2.987%
+-+-+-+-+-+-+-+-+-+-+-+-+-+-+-+-+-+-+-+-+-+-+-+-+-+-+-+-+-+-+-+-+-+-+-+-+-+
>>>>> VIRTUAL USER 6 : ELAPSED TIME : 177795ms
>>>>> PROC: NEWORD
CALLS: 6182	MIN: 2.145ms	AVG: 8.228ms	MAX: 28.150ms	TOTAL: 50868.584ms
P99: 16.947ms	P95: 13.010ms	P50: 7.972ms	SD: 2782.649	RATIO: 28.611%
>>>>> PROC: PAYMENT
CALLS: 6050	MIN: 0.482ms	AVG: 7.631ms	MAX: 32.565ms	TOTAL: 46166.092ms
P99: 21.922ms	P95: 16.839ms	P50: 6.897ms	SD: 4575.682	RATIO: 25.966%
>>>>> PROC: DELIVERY
CALLS: 573	MIN: 9.343ms	AVG: 66.736ms	MAX: 102.771ms	TOTAL: 38239.809ms
P99: 89.041ms	P95: 82.178ms	P50: 66.483ms	SD: 9210.474	RATIO: 21.508%
>>>>> PROC: SLEV
CALLS: 661	MIN: 0.845ms	AVG: 55.676ms	MAX: 92.106ms	TOTAL: 36801.702ms
P99: 75.727ms	P95: 69.344ms	P50: 56.388ms	SD: 10880.004	RATIO: 20.699%
>>>>> PROC: OSTAT
CALLS: 614	MIN: 1.638ms	AVG: 8.203ms	MAX: 30.280ms	TOTAL: 5036.827ms
P99: 21.188ms	P95: 16.511ms	P50: 7.364ms	SD: 4277.442	RATIO: 2.833%
+-+-+-+-+-+-+-+-+-+-+-+-+-+-+-+-+-+-+-+-+-+-+-+-+-+-+-+-+-+-+-+-+-+-+-+-+-+
>>>>> VIRTUAL USER 7 : ELAPSED TIME : 177270ms
>>>>> PROC: NEWORD
CALLS: 6133	MIN: 2.085ms	AVG: 8.201ms	MAX: 41.797ms	TOTAL: 50296.555ms
P99: 16.848ms	P95: 13.023ms	P50: 7.879ms	SD: 2840.775	RATIO: 28.373%
>>>>> PROC: PAYMENT
CALLS: 6107	MIN: 0.479ms	AVG: 7.530ms	MAX: 34.894ms	TOTAL: 45985.556ms
P99: 21.502ms	P95: 16.472ms	P50: 6.821ms	SD: 4491.664	RATIO: 25.941%
>>>>> PROC: DELIVERY
CALLS: 599	MIN: 15.656ms	AVG: 66.619ms	MAX: 92.711ms	TOTAL: 39904.985ms
P99: 87.930ms	P95: 80.513ms	P50: 66.652ms	SD: 8496.062	RATIO: 22.511%
>>>>> PROC: SLEV
CALLS: 636	MIN: 0.846ms	AVG: 55.699ms	MAX: 86.424ms	TOTAL: 35424.612ms
P99: 81.065ms	P95: 71.331ms	P50: 55.594ms	SD: 10423.769	RATIO: 19.983%
>>>>> PROC: OSTAT
CALLS: 605	MIN: 0.521ms	AVG: 8.258ms	MAX: 29.536ms	TOTAL: 4995.860ms
P99: 23.381ms	P95: 17.355ms	P50: 7.479ms	SD: 4532.119	RATIO: 2.818%
+-+-+-+-+-+-+-+-+-+-+-+-+-+-+-+-+-+-+-+-+-+-+-+-+-+-+-+-+-+-+-+-+-+-+-+-+-+
>>>>> VIRTUAL USER 8 : ELAPSED TIME : 176667ms
>>>>> PROC: NEWORD
CALLS: 5917	MIN: 2.124ms	AVG: 8.177ms	MAX: 32.208ms	TOTAL: 48381.647ms
P99: 16.648ms	P95: 13.149ms	P50: 7.856ms	SD: 2811.621	RATIO: 27.386%
>>>>> PROC: PAYMENT
CALLS: 5892	MIN: 0.527ms	AVG: 7.557ms	MAX: 34.354ms	TOTAL: 44523.380ms
P99: 21.471ms	P95: 16.594ms	P50: 6.914ms	SD: 4534.012	RATIO: 25.202%
>>>>> PROC: DELIVERY
CALLS: 661	MIN: 13.494ms	AVG: 66.457ms	MAX: 96.856ms	TOTAL: 43928.032ms
P99: 88.483ms	P95: 80.889ms	P50: 66.199ms	SD: 9135.095	RATIO: 24.865%
>>>>> PROC: SLEV
CALLS: 617	MIN: 0.779ms	AVG: 55.292ms	MAX: 87.675ms	TOTAL: 34115.087ms
P99: 77.484ms	P95: 70.100ms	P50: 55.028ms	SD: 10040.781	RATIO: 19.310%
>>>>> PROC: OSTAT
CALLS: 583	MIN: 1.861ms	AVG: 8.512ms	MAX: 30.497ms	TOTAL: 4962.423ms
P99: 22.811ms	P95: 18.671ms	P50: 7.725ms	SD: 4674.919	RATIO: 2.809%
+-+-+-+-+-+-+-+-+-+-+-+-+-+-+-+-+-+-+-+-+-+-+-+-+-+-+-+-+-+-+-+-+-+-+-+-+-+
>>>>> VIRTUAL USER 9 : ELAPSED TIME : 176340ms
>>>>> PROC: NEWORD
CALLS: 6064	MIN: 1.977ms	AVG: 8.139ms	MAX: 46.286ms	TOTAL: 49352.049ms
P99: 16.124ms	P95: 12.877ms	P50: 7.859ms	SD: 2781.476	RATIO: 27.987%
>>>>> PROC: PAYMENT
CALLS: 6064	MIN: 0.489ms	AVG: 7.580ms	MAX: 35.632ms	TOTAL: 45965.608ms
P99: 21.872ms	P95: 16.492ms	P50: 6.893ms	SD: 4550.483	RATIO: 26.066%
>>>>> PROC: DELIVERY
CALLS: 625	MIN: 9.028ms	AVG: 65.395ms	MAX: 95.337ms	TOTAL: 40871.609ms
P99: 87.725ms	P95: 79.589ms	P50: 65.705ms	SD: 9907.131	RATIO: 23.178%
>>>>> PROC: SLEV
CALLS: 631	MIN: 0.693ms	AVG: 54.187ms	MAX: 83.620ms	TOTAL: 34191.975ms
P99: 74.730ms	P95: 69.154ms	P50: 54.706ms	SD: 11111.727	RATIO: 19.390%
>>>>> PROC: OSTAT
CALLS: 632	MIN: 0.767ms	AVG: 8.314ms	MAX: 28.236ms	TOTAL: 5254.552ms
P99: 21.289ms	P95: 16.926ms	P50: 7.772ms	SD: 4364.792	RATIO: 2.980%
+-+-+-+-+-+-+-+-+-+-+-+-+-+-+-+-+-+-+-+-+-+-+-+-+-+-+-+-+-+-+-+-+-+-+-+-+-+
>>>>> SUMMARY OF 8 ACTIVE VIRTUAL USERS : MEDIAN ELAPSED TIME : 178245ms
>>>>> PROC: NEWORD
CALLS: 99532	MIN: 1.287ms	AVG: 8.165ms	MAX: 69.809ms	TOTAL: 812729.952ms
P99: 16.596ms	P95: 13.017ms	P50: 7.874ms	SD: 2857.567	RATIO: 28.498%
>>>>> PROC: PAYMENT
CALLS: 99386	MIN: 0.460ms	AVG: 7.490ms	MAX: 41.097ms	TOTAL: 744427.687ms
P99: 21.587ms	P95: 16.421ms	P50: 6.812ms	SD: 4507.380	RATIO: 26.103%
>>>>> PROC: DELIVERY
CALLS: 9826	MIN: 6.355ms	AVG: 65.473ms	MAX: 106.536ms	TOTAL: 643342.765ms
P99: 88.483ms	P95: 80.246ms	P50: 65.902ms	SD: 10158.459	RATIO: 22.558%
>>>>> PROC: SLEV
CALLS: 10306	MIN: 0.674ms	AVG: 54.484ms	MAX: 92.106ms	TOTAL: 561513.420ms
P99: 76.982ms	P95: 69.523ms	P50: 55.020ms	SD: 11097.320	RATIO: 19.689%
>>>>> PROC: OSTAT
CALLS: 9946	MIN: 0.411ms	AVG: 8.341ms	MAX: 34.862ms	TOTAL: 82967.636ms
P99: 22.453ms	P95: 17.230ms	P50: 7.631ms	SD: 4496.302	RATIO: 2.909%
+-+-+-+-+-+-+-+-+-+-+-+-+-+-+-+-+-+-+-+-+-+-+-+-+-+-+-+-+-+-+-+-+-+-+-+-+-+
