TRANSACTION RESPONSE TIMES
{
  "NEWORD": {
    "elapsed_ms": "178245.0",
    "calls": "99532",
    "min_ms": "1.287",
    "avg_ms": "8.165",
    "max_ms": "69.809",
    "total_ms": "812729.952",
    "p99_ms": "16.596",
    "p95_ms": "13.017",
    "p50_ms": "7.874",
    "sd": "2857.567",
    "ratio_pct": "28.498"
  },
  "PAYMENT": {
    "elapsed_ms": "178245.0",
    "calls": "99386",
    "min_ms": "0.46",
    "avg_ms": "7.49",
    "max_ms": "41.097",
    "total_ms": "744427.687",
    "p99_ms": "21.587",
    "p95_ms": "16.421",
    "p50_ms": "6.812",
    "sd": "4507.38",
    "ratio_pct": "26.103"
  },
  "DELIVERY": {
    "elapsed_ms": "178245.0",
    "calls": "9826",
    "min_ms": "6.355",
    "avg_ms": "65.473",
    "max_ms": "106.536",
    "total_ms": "643342.765",
    "p99_ms": "88.483",
    "p95_ms": "80.246",
    "p50_ms": "65.902",
    "sd": "10158.459",
    "ratio_pct": "22.558"
  },
  "SLEV": {
    "elapsed_ms": "178245.0",
    "calls": "10306",
    "min_ms": "0.674",
    "avg_ms": "54.484",
    "max_ms": "92.106",
    "total_ms": "561513.42",
    "p99_ms": "76.982",
    "p95_ms": "69.523",
    "p50_ms": "55.02",
    "sd": "11097.32",
    "ratio_pct": "19.689"
  },
  "OSTAT": {
    "elapsed_ms": "178245.0",
    "calls": "9946",
    "min_ms": "0.411",
    "avg_ms": "8.341",
    "max_ms": "34.862",
    "total_ms": "82967.636",
    "p99_ms": "22.453",
    "p95_ms": "17.23",
    "p50_ms": "7.631",
    "sd": "4496.302",
    "ratio_pct": "2.909"
  }
}

TRANSACTION COUNT
{"MariaDB tpm": {
    "2026-04-22 21:34:19": "0",
    "2026-04-22 21:34:29": "25818",
    "2026-04-22 21:34:39": "35172",
    "2026-04-22 21:34:49": "36672",
    "2026-04-22 21:34:59": "37176",
    "2026-04-22 21:35:09": "37734",
    "2026-04-22 21:35:19": "38628",
    "2026-04-22 21:35:29": "39342",
    "2026-04-22 21:35:39": "38532",
    "2026-04-22 21:35:50": "39522",
    "2026-04-22 21:36:00": "39084",
    "2026-04-22 21:36:10": "39222",
    "2026-04-22 21:36:20": "39144",
    "2026-04-22 21:36:30": "39234",
    "2026-04-22 21:36:40": "39030",
    "2026-04-22 21:36:50": "39012",
    "2026-04-22 21:37:00": "38430",
    "2026-04-22 21:37:10": "40842",
    "2026-04-22 21:37:20": "38538"
  }}

HAMMERDB RESULT
[
  "69E922BB9E3F03E213834333",
  "2026-04-22 21:34:19",
  "8 Active Virtual Users configured",
  "TEST RESULT : System achieved 16821 NOPM from 39151 MariaDB TPM"
]

