HammerDB CLI v5.0
Copyright © HammerDB Ltd hosted by tpc.org 2019-2025
Type "help" for a list of commands
Initialized Jobs on-disk database /root/hammerdb_logs_20260423_173043/hammerdb_tmp/hammer.DB using existing tables (364,544 bytes)
TRANSACTION RESPONSE TIMES
{
  "NEWORD": {
    "elapsed_ms": "178360.5",
    "calls": "100520",
    "min_ms": "1.594",
    "avg_ms": "7.593",
    "max_ms": "62.839",
    "total_ms": "763248.446",
    "p99_ms": "15.469",
    "p95_ms": "12.17",
    "p50_ms": "7.259",
    "sd": "2657.6",
    "ratio_pct": "26.745"
  },
  "PAYMENT": {
    "elapsed_ms": "178360.5",
    "calls": "99956",
    "min_ms": "0.382",
    "avg_ms": "7.511",
    "max_ms": "42.718",
    "total_ms": "750805.354",
    "p99_ms": "21.761",
    "p95_ms": "16.651",
    "p50_ms": "6.839",
    "sd": "4548.1",
    "ratio_pct": "26.309"
  },
  "DELIVERY": {
    "elapsed_ms": "178360.5",
    "calls": "10120",
    "min_ms": "4.103",
    "avg_ms": "66.21",
    "max_ms": "101.094",
    "total_ms": "670050.969",
    "p99_ms": "88.329",
    "p95_ms": "80.355",
    "p50_ms": "66.359",
    "sd": "9296.484",
    "ratio_pct": "23.48"
  },
  "SLEV": {
    "elapsed_ms": "178360.5",
    "calls": "10186",
    "min_ms": "0.68",
    "avg_ms": "56.429",
    "max_ms": "93.142",
    "total_ms": "574790.725",
    "p99_ms": "77.692",
    "p95_ms": "70.76",
    "p50_ms": "56.688",
    "sd": "10141.38",
    "ratio_pct": "20.141"
  },
  "OSTAT": {
    "elapsed_ms": "178360.5",
    "calls": "10066",
    "min_ms": "0.408",
    "avg_ms": "8.521",
    "max_ms": "43.744",
    "total_ms": "85774.855",
    "p99_ms": "22.878",
    "p95_ms": "17.701",
    "p50_ms": "7.846",
    "sd": "4577.863",
    "ratio_pct": "3.006"
  }
}

TRANSACTION COUNT
{"MariaDB tpm": {
    "2026-04-23 17:33:27": "0",
    "2026-04-23 17:33:37": "26418",
    "2026-04-23 17:33:47": "35418",
    "2026-04-23 17:33:57": "37878",
    "2026-04-23 17:34:07": "39906",
    "2026-04-23 17:34:17": "38298",
    "2026-04-23 17:34:27": "38070",
    "2026-04-23 17:34:37": "38334",
    "2026-04-23 17:34:47": "39162",
    "2026-04-23 17:34:57": "38298",
    "2026-04-23 17:35:07": "39810",
    "2026-04-23 17:35:17": "39498",
    "2026-04-23 17:35:27": "38286",
    "2026-04-23 17:35:37": "39168",
    "2026-04-23 17:35:47": "40068",
    "2026-04-23 17:35:57": "39522",
    "2026-04-23 17:36:07": "39900",
    "2026-04-23 17:36:17": "40770",
    "2026-04-23 17:36:27": "40638"
  }}

HAMMERDB RESULT
[
  "69EA3BC75EA103E233634363",
  "2026-04-23 17:33:27",
  "8 Active Virtual Users configured",
  "TEST RESULT : System achieved 17011 NOPM from 39439 MariaDB TPM"
]


