MariaDB Hammerdb Time Profile Report @ Wed Apr 22 22:01:32 CEST 2026
+-+-+-+-+-+-+-+-+-+-+-+-+-+-+-+-+-+-+-+-+-+-+-+-+-+-+-+-+-+-+-+-+-+-+-+-+-+
>>>>> VIRTUAL USER 2 : ELAPSED TIME : 180432ms
>>>>> PROC: PAYMENT
CALLS: 6267	MIN: 0.501ms	AVG: 8.249ms	MAX: 35.679ms	TOTAL: 51694.604ms
P99: 22.219ms	P95: 17.385ms	P50: 7.939ms	SD: 4973.391	RATIO: 28.650%
>>>>> PROC: NEWORD
CALLS: 6187	MIN: 2.166ms	AVG: 7.996ms	MAX: 38.575ms	TOTAL: 49474.060ms
P99: 15.320ms	P95: 12.642ms	P50: 7.677ms	SD: 2699.919	RATIO: 27.420%
>>>>> PROC: DELIVERY
CALLS: 647	MIN: 15.577ms	AVG: 62.938ms	MAX: 94.453ms	TOTAL: 40721.155ms
P99: 87.804ms	P95: 78.617ms	P50: 62.657ms	SD: 9695.606	RATIO: 22.569%
>>>>> PROC: SLEV
CALLS: 613	MIN: 1.374ms	AVG: 50.980ms	MAX: 83.799ms	TOTAL: 31250.976ms
P99: 72.528ms	P95: 64.693ms	P50: 51.678ms	SD: 11181.787	RATIO: 17.320%
>>>>> PROC: OSTAT
CALLS: 622	MIN: 0.627ms	AVG: 10.370ms	MAX: 32.744ms	TOTAL: 6449.988ms
P99: 25.568ms	P95: 20.318ms	P50: 10.010ms	SD: 5288.119	RATIO: 3.575%
+-+-+-+-+-+-+-+-+-+-+-+-+-+-+-+-+-+-+-+-+-+-+-+-+-+-+-+-+-+-+-+-+-+-+-+-+-+
>>>>> VIRTUAL USER 3 : ELAPSED TIME : 179407ms
>>>>> PROC: PAYMENT
CALLS: 6198	MIN: 0.511ms	AVG: 8.315ms	MAX: 34.714ms	TOTAL: 51537.975ms
P99: 22.501ms	P95: 17.308ms	P50: 8.009ms	SD: 4942.308	RATIO: 28.727%
>>>>> PROC: NEWORD
CALLS: 6130	MIN: 2.019ms	AVG: 8.066ms	MAX: 32.331ms	TOTAL: 49446.654ms
P99: 16.003ms	P95: 12.607ms	P50: 7.746ms	SD: 2702.031	RATIO: 27.561%
>>>>> PROC: DELIVERY
CALLS: 656	MIN: 8.975ms	AVG: 61.968ms	MAX: 98.258ms	TOTAL: 40650.872ms
P99: 85.116ms	P95: 77.914ms	P50: 62.343ms	SD: 10847.963	RATIO: 22.658%
>>>>> PROC: SLEV
CALLS: 592	MIN: 1.099ms	AVG: 51.979ms	MAX: 77.569ms	TOTAL: 30771.643ms
P99: 72.611ms	P95: 66.122ms	P50: 53.026ms	SD: 10982.969	RATIO: 17.152%
>>>>> PROC: OSTAT
CALLS: 632	MIN: 1.856ms	AVG: 9.784ms	MAX: 31.376ms	TOTAL: 6183.266ms
P99: 24.437ms	P95: 18.744ms	P50: 8.917ms	SD: 5087.347	RATIO: 3.447%
+-+-+-+-+-+-+-+-+-+-+-+-+-+-+-+-+-+-+-+-+-+-+-+-+-+-+-+-+-+-+-+-+-+-+-+-+-+
>>>>> VIRTUAL USER 4 : ELAPSED TIME : 183356ms
>>>>> PROC: PAYMENT
CALLS: 6180	MIN: 0.543ms	AVG: 8.479ms	MAX: 48.728ms	TOTAL: 52402.793ms
P99: 22.342ms	P95: 17.719ms	P50: 8.224ms	SD: 5026.827	RATIO: 28.580%
>>>>> PROC: NEWORD
CALLS: 6184	MIN: 2.156ms	AVG: 8.093ms	MAX: 39.919ms	TOTAL: 50048.019ms
P99: 16.000ms	P95: 12.646ms	P50: 7.838ms	SD: 2752.469	RATIO: 27.296%
>>>>> PROC: DELIVERY
CALLS: 609	MIN: 6.190ms	AVG: 62.496ms	MAX: 93.109ms	TOTAL: 38060.169ms
P99: 85.661ms	P95: 77.974ms	P50: 63.271ms	SD: 10963.559	RATIO: 20.758%
>>>>> PROC: SLEV
CALLS: 680	MIN: 1.454ms	AVG: 51.527ms	MAX: 82.601ms	TOTAL: 35038.418ms
P99: 73.926ms	P95: 66.914ms	P50: 52.503ms	SD: 11760.213	RATIO: 19.110%
>>>>> PROC: OSTAT
CALLS: 683	MIN: 1.863ms	AVG: 10.153ms	MAX: 30.323ms	TOTAL: 6934.394ms
P99: 26.274ms	P95: 20.072ms	P50: 9.382ms	SD: 5418.942	RATIO: 3.782%
+-+-+-+-+-+-+-+-+-+-+-+-+-+-+-+-+-+-+-+-+-+-+-+-+-+-+-+-+-+-+-+-+-+-+-+-+-+
>>>>> VIRTUAL USER 5 : ELAPSED TIME : 180160ms
>>>>> PROC: PAYMENT
CALLS: 6216	MIN: 0.521ms	AVG: 8.480ms	MAX: 41.734ms	TOTAL: 52714.133ms
P99: 22.244ms	P95: 17.679ms	P50: 8.204ms	SD: 5000.928	RATIO: 29.260%
>>>>> PROC: NEWORD
CALLS: 6311	MIN: 2.250ms	AVG: 8.134ms	MAX: 52.439ms	TOTAL: 51334.955ms
P99: 16.038ms	P95: 12.898ms	P50: 7.853ms	SD: 2758.138	RATIO: 28.494%
>>>>> PROC: DELIVERY
CALLS: 601	MIN: 10.823ms	AVG: 63.535ms	MAX: 90.704ms	TOTAL: 38184.692ms
P99: 87.605ms	P95: 78.558ms	P50: 63.616ms	SD: 9808.544	RATIO: 21.195%
>>>>> PROC: SLEV
CALLS: 592	MIN: 1.527ms	AVG: 51.808ms	MAX: 83.384ms	TOTAL: 30670.214ms
P99: 72.983ms	P95: 66.145ms	P50: 52.344ms	SD: 10370.971	RATIO: 17.024%
>>>>> PROC: OSTAT
CALLS: 616	MIN: 1.784ms	AVG: 10.458ms	MAX: 31.033ms	TOTAL: 6442.294ms
P99: 26.623ms	P95: 20.798ms	P50: 9.735ms	SD: 5540.065	RATIO: 3.576%
+-+-+-+-+-+-+-+-+-+-+-+-+-+-+-+-+-+-+-+-+-+-+-+-+-+-+-+-+-+-+-+-+-+-+-+-+-+
>>>>> VIRTUAL USER 6 : ELAPSED TIME : 177728ms
>>>>> PROC: PAYMENT
CALLS: 5940	MIN: 0.575ms	AVG: 8.632ms	MAX: 40.207ms	TOTAL: 51275.339ms
P99: 22.908ms	P95: 17.785ms	P50: 8.414ms	SD: 5033.778	RATIO: 28.850%
>>>>> PROC: NEWORD
CALLS: 6071	MIN: 2.385ms	AVG: 8.220ms	MAX: 56.718ms	TOTAL: 49906.466ms
P99: 16.983ms	P95: 13.200ms	P50: 7.887ms	SD: 2923.172	RATIO: 28.080%
>>>>> PROC: DELIVERY
CALLS: 592	MIN: 10.396ms	AVG: 63.622ms	MAX: 89.371ms	TOTAL: 37664.158ms
P99: 83.938ms	P95: 77.529ms	P50: 64.044ms	SD: 9768.153	RATIO: 21.192%
>>>>> PROC: SLEV
CALLS: 622	MIN: 1.389ms	AVG: 51.734ms	MAX: 91.096ms	TOTAL: 32178.671ms
P99: 75.214ms	P95: 65.809ms	P50: 52.089ms	SD: 10721.863	RATIO: 18.106%
>>>>> PROC: OSTAT
CALLS: 583	MIN: 1.939ms	AVG: 10.077ms	MAX: 29.434ms	TOTAL: 5874.688ms
P99: 24.632ms	P95: 18.608ms	P50: 9.845ms	SD: 5080.695	RATIO: 3.305%
+-+-+-+-+-+-+-+-+-+-+-+-+-+-+-+-+-+-+-+-+-+-+-+-+-+-+-+-+-+-+-+-+-+-+-+-+-+
>>>>> VIRTUAL USER 7 : ELAPSED TIME : 182031ms
>>>>> PROC: PAYMENT
CALLS: 6205	MIN: 0.524ms	AVG: 8.488ms	MAX: 37.374ms	TOTAL: 52670.891ms
P99: 22.740ms	P95: 17.976ms	P50: 8.163ms	SD: 5040.635	RATIO: 28.935%
>>>>> PROC: NEWORD
CALLS: 6271	MIN: 2.009ms	AVG: 8.160ms	MAX: 31.804ms	TOTAL: 51173.896ms
P99: 16.890ms	P95: 13.168ms	P50: 7.869ms	SD: 2901.453	RATIO: 28.113%
>>>>> PROC: DELIVERY
CALLS: 622	MIN: 8.865ms	AVG: 63.218ms	MAX: 92.471ms	TOTAL: 39321.865ms
P99: 84.949ms	P95: 77.424ms	P50: 63.811ms	SD: 9968.746	RATIO: 21.602%
>>>>> PROC: SLEV
CALLS: 596	MIN: 1.568ms	AVG: 52.728ms	MAX: 79.214ms	TOTAL: 31425.932ms
P99: 74.805ms	P95: 68.591ms	P50: 53.775ms	SD: 11050.474	RATIO: 17.264%
>>>>> PROC: OSTAT
CALLS: 642	MIN: 1.658ms	AVG: 10.274ms	MAX: 29.998ms	TOTAL: 6595.926ms
P99: 25.259ms	P95: 20.320ms	P50: 9.865ms	SD: 5287.886	RATIO: 3.624%
+-+-+-+-+-+-+-+-+-+-+-+-+-+-+-+-+-+-+-+-+-+-+-+-+-+-+-+-+-+-+-+-+-+-+-+-+-+
>>>>> VIRTUAL USER 8 : ELAPSED TIME : 181535ms
>>>>> PROC: PAYMENT
CALLS: 6199	MIN: 0.556ms	AVG: 8.472ms	MAX: 44.723ms	TOTAL: 52519.870ms
P99: 23.416ms	P95: 17.973ms	P50: 8.182ms	SD: 5199.418	RATIO: 28.931%
>>>>> PROC: NEWORD
CALLS: 6275	MIN: 1.912ms	AVG: 7.982ms	MAX: 57.426ms	TOTAL: 50084.643ms
P99: 16.655ms	P95: 12.828ms	P50: 7.646ms	SD: 2867.493	RATIO: 27.590%
>>>>> PROC: DELIVERY
CALLS: 641	MIN: 6.971ms	AVG: 62.814ms	MAX: 88.288ms	TOTAL: 40263.749ms
P99: 83.657ms	P95: 77.852ms	P50: 63.760ms	SD: 10891.902	RATIO: 22.180%
>>>>> PROC: SLEV
CALLS: 584	MIN: 1.655ms	AVG: 52.916ms	MAX: 84.510ms	TOTAL: 30903.090ms
P99: 72.905ms	P95: 67.214ms	P50: 53.450ms	SD: 9970.342	RATIO: 17.023%
>>>>> PROC: OSTAT
CALLS: 637	MIN: 1.636ms	AVG: 10.827ms	MAX: 47.779ms	TOTAL: 6897.089ms
P99: 25.575ms	P95: 21.139ms	P50: 10.326ms	SD: 5713.404	RATIO: 3.799%
+-+-+-+-+-+-+-+-+-+-+-+-+-+-+-+-+-+-+-+-+-+-+-+-+-+-+-+-+-+-+-+-+-+-+-+-+-+
>>>>> VIRTUAL USER 9 : ELAPSED TIME : 180766ms
>>>>> PROC: PAYMENT
CALLS: 6137	MIN: 0.538ms	AVG: 8.286ms	MAX: 38.942ms	TOTAL: 50853.020ms
P99: 22.728ms	P95: 17.423ms	P50: 7.960ms	SD: 5006.934	RATIO: 28.132%
>>>>> PROC: NEWORD
CALLS: 6317	MIN: 2.141ms	AVG: 7.999ms	MAX: 52.799ms	TOTAL: 50527.157ms
P99: 15.943ms	P95: 12.551ms	P50: 7.713ms	SD: 2789.159	RATIO: 27.952%
>>>>> PROC: DELIVERY
CALLS: 595	MIN: 14.583ms	AVG: 63.503ms	MAX: 97.015ms	TOTAL: 37784.525ms
P99: 87.087ms	P95: 77.068ms	P50: 63.919ms	SD: 9760.304	RATIO: 20.902%
>>>>> PROC: SLEV
CALLS: 670	MIN: 1.550ms	AVG: 51.716ms	MAX: 88.894ms	TOTAL: 34649.463ms
P99: 73.033ms	P95: 67.392ms	P50: 52.878ms	SD: 11904.722	RATIO: 19.168%
>>>>> PROC: OSTAT
CALLS: 617	MIN: 1.381ms	AVG: 9.968ms	MAX: 26.512ms	TOTAL: 6150.266ms
P99: 23.247ms	P95: 19.172ms	P50: 9.291ms	SD: 4984.597	RATIO: 3.402%
+-+-+-+-+-+-+-+-+-+-+-+-+-+-+-+-+-+-+-+-+-+-+-+-+-+-+-+-+-+-+-+-+-+-+-+-+-+
>>>>> SUMMARY OF 8 ACTIVE VIRTUAL USERS : MEDIAN ELAPSED TIME : 180599ms
>>>>> PROC: PAYMENT
CALLS: 98684	MIN: 0.501ms	AVG: 8.424ms	MAX: 48.728ms	TOTAL: 831337.412ms
P99: 22.659ms	P95: 17.676ms	P50: 8.135ms	SD: 5029.522	RATIO: 28.770%
>>>>> PROC: NEWORD
CALLS: 99492	MIN: 1.912ms	AVG: 8.080ms	MAX: 57.426ms	TOTAL: 803991.862ms
P99: 16.279ms	P95: 12.811ms	P50: 7.776ms	SD: 2801.372	RATIO: 27.824%
>>>>> PROC: DELIVERY
CALLS: 9926	MIN: 6.190ms	AVG: 62.996ms	MAX: 98.258ms	TOTAL: 625302.512ms
P99: 85.871ms	P95: 77.974ms	P50: 63.482ms	SD: 10243.264	RATIO: 21.640%
>>>>> PROC: SLEV
CALLS: 9898	MIN: 1.099ms	AVG: 51.907ms	MAX: 91.096ms	TOTAL: 513776.913ms
P99: 73.926ms	P95: 66.777ms	P50: 52.711ms	SD: 11045.847	RATIO: 17.780%
>>>>> PROC: OSTAT
CALLS: 10064	MIN: 0.627ms	AVG: 10.240ms	MAX: 47.779ms	TOTAL: 103055.839ms
P99: 25.568ms	P95: 20.103ms	P50: 9.665ms	SD: 5313.783	RATIO: 3.566%
+-+-+-+-+-+-+-+-+-+-+-+-+-+-+-+-+-+-+-+-+-+-+-+-+-+-+-+-+-+-+-+-+-+-+-+-+-+
