HammerDB CLI v5.0
Copyright © HammerDB Ltd hosted by tpc.org 2019-2025
Type "help" for a list of commands
Initialized Jobs on-disk database /root/hammerdb_logs_20260422_213748/hammerdb_tmp/hammer.DB using existing tables (364,544 bytes)
TRANSACTION RESPONSE TIMES
{
  "NEWORD": {
    "elapsed_ms": "177896.5",
    "calls": "455570",
    "min_ms": "0.914",
    "avg_ms": "3.465",
    "max_ms": "180.033",
    "total_ms": "1578729.983",
    "p99_ms": "5.573",
    "p95_ms": "4.997",
    "p50_ms": "3.423",
    "sd": "1162.314",
    "ratio_pct": "55.465"
  },
  "PAYMENT": {
    "elapsed_ms": "177896.5",
    "calls": "454006",
    "min_ms": "0.384",
    "avg_ms": "1.35",
    "max_ms": "49.256",
    "total_ms": "613161.318",
    "p99_ms": "3.089",
    "p95_ms": "2.383",
    "p50_ms": "1.234",
    "sd": "1470.825",
    "ratio_pct": "21.542"
  },
  "DELIVERY": {
    "elapsed_ms": "177896.5",
    "calls": "46020",
    "min_ms": "2.904",
    "avg_ms": "9.263",
    "max_ms": "46.048",
    "total_ms": "426303.46",
    "p99_ms": "16.499",
    "p95_ms": "14.421",
    "p50_ms": "9.108",
    "sd": "3096.519",
    "ratio_pct": "14.977"
  },
  "OSTAT": {
    "elapsed_ms": "177896.5",
    "calls": "45538",
    "min_ms": "0.368",
    "avg_ms": "1.948",
    "max_ms": "14.949",
    "total_ms": "88746.115",
    "p99_ms": "4.062",
    "p95_ms": "3.293",
    "p50_ms": "1.868",
    "sd": "802.724",
    "ratio_pct": "3.118"
  },
  "SLEV": {
    "elapsed_ms": "177896.5",
    "calls": "45478",
    "min_ms": "0.204",
    "avg_ms": "1.894",
    "max_ms": "42.13",
    "total_ms": "86177.755",
    "p99_ms": "11.578",
    "p95_ms": "3.917",
    "p50_ms": "1.398",
    "sd": "1865.224",
    "ratio_pct": "3.028"
  }
}

TRANSACTION COUNT
{"MariaDB tpm": {
    "2026-04-22 21:40:22": "0",
    "2026-04-22 21:40:32": "135270",
    "2026-04-22 21:40:42": "190794",
    "2026-04-22 21:40:52": "181464",
    "2026-04-22 21:41:02": "186042",
    "2026-04-22 21:41:12": "183498",
    "2026-04-22 21:41:22": "174492",
    "2026-04-22 21:41:32": "180084",
    "2026-04-22 21:41:42": "160182",
    "2026-04-22 21:41:52": "164514",
    "2026-04-22 21:42:02": "175062",
    "2026-04-22 21:42:12": "178056",
    "2026-04-22 21:42:22": "167034",
    "2026-04-22 21:42:32": "180078",
    "2026-04-22 21:42:42": "173334",
    "2026-04-22 21:42:52": "185160",
    "2026-04-22 21:43:02": "180576",
    "2026-04-22 21:43:12": "162822",
    "2026-04-22 21:43:22": "172926"
  }}

HAMMERDB RESULT
[
  "69E92426B3DC03E293039333",
  "2026-04-22 21:40:22",
  "8 Active Virtual Users configured",
  "TEST RESULT : System achieved 74540 NOPM from 173244 MariaDB TPM"
]


