MariaDB Hammerdb Time Profile Report @ Wed Apr 22 20:54:13 CEST 2026
+-+-+-+-+-+-+-+-+-+-+-+-+-+-+-+-+-+-+-+-+-+-+-+-+-+-+-+-+-+-+-+-+-+-+-+-+-+
>>>>> VIRTUAL USER 2 : ELAPSED TIME : 185219ms
>>>>> PROC: NEWORD
CALLS: 6598	MIN: 1.737ms	AVG: 8.006ms	MAX: 36.033ms	TOTAL: 52825.611ms
P99: 16.289ms	P95: 12.748ms	P50: 7.752ms	SD: 2848.747	RATIO: 28.521%
>>>>> PROC: PAYMENT
CALLS: 6752	MIN: 0.442ms	AVG: 7.252ms	MAX: 40.754ms	TOTAL: 48968.132ms
P99: 21.731ms	P95: 16.321ms	P50: 6.479ms	SD: 4514.490	RATIO: 26.438%
>>>>> PROC: DELIVERY
CALLS: 620	MIN: 7.671ms	AVG: 64.716ms	MAX: 101.009ms	TOTAL: 40123.997ms
P99: 85.826ms	P95: 80.404ms	P50: 65.775ms	SD: 11394.808	RATIO: 21.663%
>>>>> PROC: SLEV
CALLS: 699	MIN: 0.533ms	AVG: 52.807ms	MAX: 87.415ms	TOTAL: 36911.959ms
P99: 75.622ms	P95: 68.827ms	P50: 54.149ms	SD: 12623.782	RATIO: 19.929%
>>>>> PROC: OSTAT
CALLS: 691	MIN: 1.486ms	AVG: 8.093ms	MAX: 34.561ms	TOTAL: 5592.127ms
P99: 22.737ms	P95: 17.494ms	P50: 7.155ms	SD: 4698.944	RATIO: 3.019%
+-+-+-+-+-+-+-+-+-+-+-+-+-+-+-+-+-+-+-+-+-+-+-+-+-+-+-+-+-+-+-+-+-+-+-+-+-+
>>>>> VIRTUAL USER 3 : ELAPSED TIME : 185344ms
>>>>> PROC: NEWORD
CALLS: 6691	MIN: 1.575ms	AVG: 7.939ms	MAX: 35.185ms	TOTAL: 53117.481ms
P99: 16.571ms	P95: 12.683ms	P50: 7.613ms	SD: 2857.444	RATIO: 28.659%
>>>>> PROC: PAYMENT
CALLS: 6636	MIN: 0.476ms	AVG: 7.317ms	MAX: 30.896ms	TOTAL: 48557.369ms
P99: 21.176ms	P95: 16.318ms	P50: 6.574ms	SD: 4479.870	RATIO: 26.199%
>>>>> PROC: DELIVERY
CALLS: 677	MIN: 6.845ms	AVG: 62.963ms	MAX: 104.366ms	TOTAL: 42625.798ms
P99: 85.068ms	P95: 79.663ms	P50: 65.085ms	SD: 12884.517	RATIO: 22.998%
>>>>> PROC: SLEV
CALLS: 662	MIN: 0.655ms	AVG: 52.465ms	MAX: 96.541ms	TOTAL: 34731.947ms
P99: 76.816ms	P95: 70.001ms	P50: 53.476ms	SD: 12630.216	RATIO: 18.739%
>>>>> PROC: OSTAT
CALLS: 694	MIN: 1.315ms	AVG: 7.950ms	MAX: 27.643ms	TOTAL: 5516.975ms
P99: 20.437ms	P95: 15.862ms	P50: 6.986ms	SD: 4233.031	RATIO: 2.977%
+-+-+-+-+-+-+-+-+-+-+-+-+-+-+-+-+-+-+-+-+-+-+-+-+-+-+-+-+-+-+-+-+-+-+-+-+-+
>>>>> VIRTUAL USER 4 : ELAPSED TIME : 185559ms
>>>>> PROC: NEWORD
CALLS: 6726	MIN: 1.483ms	AVG: 7.950ms	MAX: 29.079ms	TOTAL: 53471.928ms
P99: 15.914ms	P95: 12.742ms	P50: 7.633ms	SD: 2830.190	RATIO: 28.817%
>>>>> PROC: PAYMENT
CALLS: 6632	MIN: 0.460ms	AVG: 7.408ms	MAX: 29.884ms	TOTAL: 49132.840ms
P99: 21.179ms	P95: 16.237ms	P50: 6.687ms	SD: 4475.772	RATIO: 26.478%
>>>>> PROC: DELIVERY
CALLS: 633	MIN: 5.467ms	AVG: 63.645ms	MAX: 98.587ms	TOTAL: 40287.407ms
P99: 88.482ms	P95: 80.114ms	P50: 65.184ms	SD: 12860.355	RATIO: 21.711%
>>>>> PROC: SLEV
CALLS: 696	MIN: 0.807ms	AVG: 52.302ms	MAX: 93.010ms	TOTAL: 36402.195ms
P99: 77.992ms	P95: 69.843ms	P50: 53.991ms	SD: 13816.349	RATIO: 19.618%
>>>>> PROC: OSTAT
CALLS: 673	MIN: 0.896ms	AVG: 8.152ms	MAX: 28.024ms	TOTAL: 5486.313ms
P99: 24.459ms	P95: 17.450ms	P50: 7.137ms	SD: 4714.294	RATIO: 2.957%
+-+-+-+-+-+-+-+-+-+-+-+-+-+-+-+-+-+-+-+-+-+-+-+-+-+-+-+-+-+-+-+-+-+-+-+-+-+
>>>>> VIRTUAL USER 5 : ELAPSED TIME : 178723ms
>>>>> PROC: NEWORD
CALLS: 6220	MIN: 1.993ms	AVG: 8.191ms	MAX: 39.319ms	TOTAL: 50947.068ms
P99: 16.086ms	P95: 13.005ms	P50: 7.889ms	SD: 2805.080	RATIO: 28.506%
>>>>> PROC: PAYMENT
CALLS: 6296	MIN: 0.480ms	AVG: 7.520ms	MAX: 39.955ms	TOTAL: 47343.257ms
P99: 21.355ms	P95: 16.579ms	P50: 6.838ms	SD: 4484.403	RATIO: 26.490%
>>>>> PROC: DELIVERY
CALLS: 600	MIN: 12.340ms	AVG: 66.374ms	MAX: 99.081ms	TOTAL: 39824.627ms
P99: 90.014ms	P95: 79.465ms	P50: 66.313ms	SD: 8553.038	RATIO: 22.283%
>>>>> PROC: SLEV
CALLS: 612	MIN: 0.832ms	AVG: 56.623ms	MAX: 88.757ms	TOTAL: 34653.227ms
P99: 75.740ms	P95: 70.603ms	P50: 56.458ms	SD: 9392.000	RATIO: 19.389%
>>>>> PROC: OSTAT
CALLS: 608	MIN: 1.498ms	AVG: 8.565ms	MAX: 32.627ms	TOTAL: 5207.717ms
P99: 24.395ms	P95: 17.309ms	P50: 8.084ms	SD: 4675.089	RATIO: 2.914%
+-+-+-+-+-+-+-+-+-+-+-+-+-+-+-+-+-+-+-+-+-+-+-+-+-+-+-+-+-+-+-+-+-+-+-+-+-+
>>>>> VIRTUAL USER 6 : ELAPSED TIME : 177991ms
>>>>> PROC: NEWORD
CALLS: 6365	MIN: 2.109ms	AVG: 8.206ms	MAX: 37.866ms	TOTAL: 52230.188ms
P99: 16.314ms	P95: 13.052ms	P50: 7.907ms	SD: 2829.180	RATIO: 29.344%
>>>>> PROC: PAYMENT
CALLS: 6351	MIN: 0.507ms	AVG: 7.533ms	MAX: 38.087ms	TOTAL: 47842.426ms
P99: 21.815ms	P95: 16.988ms	P50: 6.793ms	SD: 4586.422	RATIO: 26.879%
>>>>> PROC: DELIVERY
CALLS: 628	MIN: 11.181ms	AVG: 66.368ms	MAX: 100.449ms	TOTAL: 41679.104ms
P99: 88.050ms	P95: 79.928ms	P50: 66.812ms	SD: 9137.038	RATIO: 23.416%
>>>>> PROC: SLEV
CALLS: 555	MIN: 0.693ms	AVG: 54.480ms	MAX: 90.583ms	TOTAL: 30236.219ms
P99: 77.057ms	P95: 70.158ms	P50: 54.359ms	SD: 11098.141	RATIO: 16.987%
>>>>> PROC: OSTAT
CALLS: 613	MIN: 0.721ms	AVG: 8.551ms	MAX: 24.134ms	TOTAL: 5241.847ms
P99: 21.575ms	P95: 17.254ms	P50: 8.126ms	SD: 4368.141	RATIO: 2.945%
+-+-+-+-+-+-+-+-+-+-+-+-+-+-+-+-+-+-+-+-+-+-+-+-+-+-+-+-+-+-+-+-+-+-+-+-+-+
>>>>> VIRTUAL USER 7 : ELAPSED TIME : 180005ms
>>>>> PROC: NEWORD
CALLS: 6239	MIN: 2.233ms	AVG: 8.200ms	MAX: 37.712ms	TOTAL: 51157.766ms
P99: 16.494ms	P95: 12.955ms	P50: 7.900ms	SD: 2824.898	RATIO: 28.420%
>>>>> PROC: PAYMENT
CALLS: 6167	MIN: 0.499ms	AVG: 7.467ms	MAX: 38.903ms	TOTAL: 46047.894ms
P99: 21.244ms	P95: 16.615ms	P50: 6.763ms	SD: 4516.956	RATIO: 25.581%
>>>>> PROC: DELIVERY
CALLS: 646	MIN: 9.012ms	AVG: 65.999ms	MAX: 96.624ms	TOTAL: 42635.579ms
P99: 89.523ms	P95: 81.327ms	P50: 66.397ms	SD: 10376.327	RATIO: 23.686%
>>>>> PROC: SLEV
CALLS: 631	MIN: 0.808ms	AVG: 53.994ms	MAX: 81.648ms	TOTAL: 34070.178ms
P99: 77.195ms	P95: 69.396ms	P50: 54.443ms	SD: 10984.186	RATIO: 18.927%
>>>>> PROC: OSTAT
CALLS: 653	MIN: 1.266ms	AVG: 8.215ms	MAX: 26.240ms	TOTAL: 5364.150ms
P99: 20.785ms	P95: 16.320ms	P50: 7.547ms	SD: 4279.520	RATIO: 2.980%
+-+-+-+-+-+-+-+-+-+-+-+-+-+-+-+-+-+-+-+-+-+-+-+-+-+-+-+-+-+-+-+-+-+-+-+-+-+
>>>>> VIRTUAL USER 8 : ELAPSED TIME : 177595ms
>>>>> PROC: NEWORD
CALLS: 6218	MIN: 2.072ms	AVG: 8.200ms	MAX: 35.643ms	TOTAL: 50987.479ms
P99: 16.169ms	P95: 12.803ms	P50: 8.008ms	SD: 2763.509	RATIO: 28.710%
>>>>> PROC: PAYMENT
CALLS: 6232	MIN: 0.513ms	AVG: 7.513ms	MAX: 42.449ms	TOTAL: 46818.442ms
P99: 22.119ms	P95: 16.094ms	P50: 6.840ms	SD: 4458.201	RATIO: 26.362%
>>>>> PROC: DELIVERY
CALLS: 606	MIN: 9.111ms	AVG: 65.944ms	MAX: 97.420ms	TOTAL: 39961.805ms
P99: 84.993ms	P95: 79.499ms	P50: 66.261ms	SD: 9882.204	RATIO: 22.502%
>>>>> PROC: SLEV
CALLS: 607	MIN: 0.742ms	AVG: 55.280ms	MAX: 85.657ms	TOTAL: 33554.942ms
P99: 77.079ms	P95: 67.691ms	P50: 55.617ms	SD: 9692.181	RATIO: 18.894%
>>>>> PROC: OSTAT
CALLS: 673	MIN: 0.985ms	AVG: 8.275ms	MAX: 26.365ms	TOTAL: 5568.857ms
P99: 21.177ms	P95: 16.370ms	P50: 7.560ms	SD: 4213.739	RATIO: 3.136%
+-+-+-+-+-+-+-+-+-+-+-+-+-+-+-+-+-+-+-+-+-+-+-+-+-+-+-+-+-+-+-+-+-+-+-+-+-+
>>>>> VIRTUAL USER 9 : ELAPSED TIME : 176313ms
>>>>> PROC: NEWORD
CALLS: 6092	MIN: 2.209ms	AVG: 8.221ms	MAX: 55.845ms	TOTAL: 50080.892ms
P99: 16.480ms	P95: 12.968ms	P50: 7.881ms	SD: 2938.306	RATIO: 28.405%
>>>>> PROC: PAYMENT
CALLS: 6138	MIN: 0.458ms	AVG: 7.484ms	MAX: 42.840ms	TOTAL: 45937.037ms
P99: 21.313ms	P95: 15.724ms	P50: 6.849ms	SD: 4373.291	RATIO: 26.054%
>>>>> PROC: DELIVERY
CALLS: 596	MIN: 42.914ms	AVG: 67.274ms	MAX: 98.365ms	TOTAL: 40095.407ms
P99: 90.995ms	P95: 82.290ms	P50: 66.793ms	SD: 8429.113	RATIO: 22.741%
>>>>> PROC: SLEV
CALLS: 602	MIN: 0.881ms	AVG: 56.206ms	MAX: 88.650ms	TOTAL: 33835.771ms
P99: 76.887ms	P95: 71.050ms	P50: 56.055ms	SD: 9549.280	RATIO: 19.191%
>>>>> PROC: OSTAT
CALLS: 652	MIN: 1.624ms	AVG: 8.610ms	MAX: 27.951ms	TOTAL: 5613.574ms
P99: 21.881ms	P95: 17.224ms	P50: 8.311ms	SD: 4343.836	RATIO: 3.184%
+-+-+-+-+-+-+-+-+-+-+-+-+-+-+-+-+-+-+-+-+-+-+-+-+-+-+-+-+-+-+-+-+-+-+-+-+-+
>>>>> SUMMARY OF 8 ACTIVE VIRTUAL USERS : MEDIAN ELAPSED TIME : 179364ms
>>>>> PROC: NEWORD
CALLS: 102298	MIN: 1.483ms	AVG: 8.109ms	MAX: 55.845ms	TOTAL: 829637.175ms
P99: 16.295ms	P95: 12.855ms	P50: 7.818ms	SD: 2839.717	RATIO: 28.909%
>>>>> PROC: PAYMENT
CALLS: 102408	MIN: 0.442ms	AVG: 7.433ms	MAX: 42.840ms	TOTAL: 761295.108ms
P99: 21.529ms	P95: 16.370ms	P50: 6.722ms	SD: 4487.807	RATIO: 26.528%
>>>>> PROC: DELIVERY
CALLS: 10012	MIN: 5.467ms	AVG: 65.368ms	MAX: 104.366ms	TOTAL: 654467.738ms
P99: 88.050ms	P95: 80.214ms	P50: 66.047ms	SD: 10708.667	RATIO: 22.805%
>>>>> PROC: SLEV
CALLS: 10128	MIN: 0.533ms	AVG: 54.185ms	MAX: 96.541ms	TOTAL: 548793.128ms
P99: 77.216ms	P95: 69.986ms	P50: 54.858ms	SD: 11519.053	RATIO: 19.123%
>>>>> PROC: OSTAT
CALLS: 10514	MIN: 0.721ms	AVG: 8.292ms	MAX: 34.561ms	TOTAL: 87183.160ms
P99: 22.566ms	P95: 17.079ms	P50: 7.607ms	SD: 4447.327	RATIO: 3.038%
+-+-+-+-+-+-+-+-+-+-+-+-+-+-+-+-+-+-+-+-+-+-+-+-+-+-+-+-+-+-+-+-+-+-+-+-+-+
