TRANSACTION RESPONSE TIMES
{
  "NEWORD": {
    "elapsed_ms": "179364.0",
    "calls": "102298",
    "min_ms": "1.483",
    "avg_ms": "8.109",
    "max_ms": "55.845",
    "total_ms": "829637.175",
    "p99_ms": "16.295",
    "p95_ms": "12.855",
    "p50_ms": "7.818",
    "sd": "2839.717",
    "ratio_pct": "28.909"
  },
  "PAYMENT": {
    "elapsed_ms": "179364.0",
    "calls": "102408",
    "min_ms": "0.442",
    "avg_ms": "7.433",
    "max_ms": "42.84",
    "total_ms": "761295.108",
    "p99_ms": "21.529",
    "p95_ms": "16.37",
    "p50_ms": "6.722",
    "sd": "4487.807",
    "ratio_pct": "26.528"
  },
  "DELIVERY": {
    "elapsed_ms": "179364.0",
    "calls": "10012",
    "min_ms": "5.467",
    "avg_ms": "65.368",
    "max_ms": "104.366",
    "total_ms": "654467.738",
    "p99_ms": "88.05",
    "p95_ms": "80.214",
    "p50_ms": "66.047",
    "sd": "10708.667",
    "ratio_pct": "22.805"
  },
  "SLEV": {
    "elapsed_ms": "179364.0",
    "calls": "10128",
    "min_ms": "0.533",
    "avg_ms": "54.185",
    "max_ms": "96.541",
    "total_ms": "548793.128",
    "p99_ms": "77.216",
    "p95_ms": "69.986",
    "p50_ms": "54.858",
    "sd": "11519.053",
    "ratio_pct": "19.123"
  },
  "OSTAT": {
    "elapsed_ms": "179364.0",
    "calls": "10514",
    "min_ms": "0.721",
    "avg_ms": "8.292",
    "max_ms": "34.561",
    "total_ms": "87183.16",
    "p99_ms": "22.566",
    "p95_ms": "17.079",
    "p50_ms": "7.607",
    "sd": "4447.327",
    "ratio_pct": "3.038"
  }
}

TRANSACTION COUNT
{"MariaDB tpm": {
    "2026-04-22 20:51:06": "0",
    "2026-04-22 20:51:16": "25746",
    "2026-04-22 20:51:26": "35562",
    "2026-04-22 20:51:36": "36954",
    "2026-04-22 20:51:46": "37782",
    "2026-04-22 20:51:56": "38526",
    "2026-04-22 20:52:06": "38640",
    "2026-04-22 20:52:16": "38616",
    "2026-04-22 20:52:26": "40386",
    "2026-04-22 20:52:36": "39810",
    "2026-04-22 20:52:46": "38622",
    "2026-04-22 20:52:56": "39618",
    "2026-04-22 20:53:06": "39414",
    "2026-04-22 20:53:16": "39462",
    "2026-04-22 20:53:26": "39600",
    "2026-04-22 20:53:36": "38970",
    "2026-04-22 20:53:46": "39018",
    "2026-04-22 20:53:56": "40236",
    "2026-04-22 20:54:06": "39438"
  }}

HAMMERDB RESULT
[
  "69E918993A3D03E293232303",
  "2026-04-22 20:51:05",
  "8 Active Virtual Users configured",
  "TEST RESULT : System achieved 16941 NOPM from 39413 MariaDB TPM"
]

