MariaDB Hammerdb Time Profile Report @ Thu Apr 23 18:09:58 CEST 2026
+-+-+-+-+-+-+-+-+-+-+-+-+-+-+-+-+-+-+-+-+-+-+-+-+-+-+-+-+-+-+-+-+-+-+-+-+-+
>>>>> VIRTUAL USER 2 : ELAPSED TIME : 180171ms
>>>>> PROC: PAYMENT
CALLS: 6271	MIN: 0.369ms	AVG: 7.518ms	MAX: 41.645ms	TOTAL: 47148.265ms
P99: 21.385ms	P95: 16.520ms	P50: 6.901ms	SD: 4536.884	RATIO: 26.169%
>>>>> PROC: NEWORD
CALLS: 6227	MIN: 1.555ms	AVG: 7.550ms	MAX: 32.116ms	TOTAL: 47013.037ms
P99: 15.692ms	P95: 12.193ms	P50: 7.246ms	SD: 2665.913	RATIO: 26.094%
>>>>> PROC: DELIVERY
CALLS: 660	MIN: 6.603ms	AVG: 65.840ms	MAX: 90.760ms	TOTAL: 43454.657ms
P99: 86.513ms	P95: 80.742ms	P50: 65.938ms	SD: 9321.605	RATIO: 24.119%
>>>>> PROC: SLEV
CALLS: 647	MIN: 0.655ms	AVG: 55.985ms	MAX: 86.952ms	TOTAL: 36222.372ms
P99: 77.307ms	P95: 71.044ms	P50: 56.438ms	SD: 10523.017	RATIO: 20.104%
>>>>> PROC: OSTAT
CALLS: 659	MIN: 1.133ms	AVG: 8.498ms	MAX: 26.656ms	TOTAL: 5600.230ms
P99: 24.191ms	P95: 18.610ms	P50: 7.652ms	SD: 4843.357	RATIO: 3.108%
+-+-+-+-+-+-+-+-+-+-+-+-+-+-+-+-+-+-+-+-+-+-+-+-+-+-+-+-+-+-+-+-+-+-+-+-+-+
>>>>> VIRTUAL USER 3 : ELAPSED TIME : 179296ms
>>>>> PROC: NEWORD
CALLS: 6226	MIN: 1.712ms	AVG: 7.624ms	MAX: 25.852ms	TOTAL: 47466.761ms
P99: 15.479ms	P95: 12.319ms	P50: 7.303ms	SD: 2654.616	RATIO: 26.474%
>>>>> PROC: PAYMENT
CALLS: 6216	MIN: 0.381ms	AVG: 7.596ms	MAX: 33.083ms	TOTAL: 47219.043ms
P99: 21.826ms	P95: 16.723ms	P50: 7.006ms	SD: 4522.955	RATIO: 26.336%
>>>>> PROC: DELIVERY
CALLS: 638	MIN: 7.604ms	AVG: 65.468ms	MAX: 97.369ms	TOTAL: 41768.661ms
P99: 87.891ms	P95: 80.010ms	P50: 65.746ms	SD: 9823.243	RATIO: 23.296%
>>>>> PROC: SLEV
CALLS: 652	MIN: 0.721ms	AVG: 56.702ms	MAX: 86.747ms	TOTAL: 36969.996ms
P99: 76.794ms	P95: 70.915ms	P50: 56.964ms	SD: 9697.780	RATIO: 20.620%
>>>>> PROC: OSTAT
CALLS: 604	MIN: 1.862ms	AVG: 8.605ms	MAX: 27.846ms	TOTAL: 5197.553ms
P99: 23.652ms	P95: 18.069ms	P50: 8.054ms	SD: 4504.292	RATIO: 2.899%
+-+-+-+-+-+-+-+-+-+-+-+-+-+-+-+-+-+-+-+-+-+-+-+-+-+-+-+-+-+-+-+-+-+-+-+-+-+
>>>>> VIRTUAL USER 4 : ELAPSED TIME : 178688ms
>>>>> PROC: NEWORD
CALLS: 6317	MIN: 1.774ms	AVG: 7.648ms	MAX: 29.574ms	TOTAL: 48315.325ms
P99: 15.478ms	P95: 12.283ms	P50: 7.316ms	SD: 2653.396	RATIO: 27.039%
>>>>> PROC: PAYMENT
CALLS: 6308	MIN: 0.412ms	AVG: 7.538ms	MAX: 43.133ms	TOTAL: 47546.696ms
P99: 22.254ms	P95: 16.904ms	P50: 6.797ms	SD: 4695.019	RATIO: 26.609%
>>>>> PROC: DELIVERY
CALLS: 614	MIN: 15.605ms	AVG: 66.610ms	MAX: 101.997ms	TOTAL: 40898.701ms
P99: 90.213ms	P95: 81.024ms	P50: 66.598ms	SD: 8464.097	RATIO: 22.888%
>>>>> PROC: SLEV
CALLS: 621	MIN: 0.707ms	AVG: 57.357ms	MAX: 88.331ms	TOTAL: 35618.961ms
P99: 77.862ms	P95: 71.139ms	P50: 57.164ms	SD: 9055.526	RATIO: 19.934%
>>>>> PROC: OSTAT
CALLS: 652	MIN: 0.626ms	AVG: 8.547ms	MAX: 32.690ms	TOTAL: 5572.650ms
P99: 22.244ms	P95: 17.266ms	P50: 7.794ms	SD: 4671.552	RATIO: 3.119%
+-+-+-+-+-+-+-+-+-+-+-+-+-+-+-+-+-+-+-+-+-+-+-+-+-+-+-+-+-+-+-+-+-+-+-+-+-+
>>>>> VIRTUAL USER 5 : ELAPSED TIME : 178249ms
>>>>> PROC: NEWORD
CALLS: 6422	MIN: 2.014ms	AVG: 7.762ms	MAX: 30.948ms	TOTAL: 49846.847ms
P99: 16.115ms	P95: 12.494ms	P50: 7.363ms	SD: 2722.686	RATIO: 27.965%
>>>>> PROC: PAYMENT
CALLS: 6216	MIN: 0.418ms	AVG: 7.670ms	MAX: 32.648ms	TOTAL: 47676.394ms
P99: 22.137ms	P95: 16.934ms	P50: 6.984ms	SD: 4611.994	RATIO: 26.747%
>>>>> PROC: DELIVERY
CALLS: 585	MIN: 17.259ms	AVG: 67.462ms	MAX: 97.749ms	TOTAL: 39465.042ms
P99: 88.115ms	P95: 81.595ms	P50: 67.841ms	SD: 9022.240	RATIO: 22.140%
>>>>> PROC: SLEV
CALLS: 618	MIN: 0.774ms	AVG: 57.458ms	MAX: 87.991ms	TOTAL: 35509.136ms
P99: 81.105ms	P95: 73.059ms	P50: 57.278ms	SD: 10041.098	RATIO: 19.921%
>>>>> PROC: OSTAT
CALLS: 591	MIN: 1.865ms	AVG: 8.471ms	MAX: 26.715ms	TOTAL: 5006.600ms
P99: 22.155ms	P95: 18.038ms	P50: 7.447ms	SD: 4602.362	RATIO: 2.809%
+-+-+-+-+-+-+-+-+-+-+-+-+-+-+-+-+-+-+-+-+-+-+-+-+-+-+-+-+-+-+-+-+-+-+-+-+-+
>>>>> VIRTUAL USER 6 : ELAPSED TIME : 180706ms
>>>>> PROC: PAYMENT
CALLS: 6742	MIN: 0.358ms	AVG: 7.302ms	MAX: 34.234ms	TOTAL: 49230.039ms
P99: 21.976ms	P95: 16.277ms	P50: 6.527ms	SD: 4616.631	RATIO: 27.243%
>>>>> PROC: NEWORD
CALLS: 6639	MIN: 0.996ms	AVG: 7.372ms	MAX: 44.836ms	TOTAL: 48939.733ms
P99: 15.944ms	P95: 12.245ms	P50: 7.099ms	SD: 2890.229	RATIO: 27.083%
>>>>> PROC: DELIVERY
CALLS: 623	MIN: 4.906ms	AVG: 64.276ms	MAX: 94.128ms	TOTAL: 40044.000ms
P99: 87.913ms	P95: 81.260ms	P50: 65.729ms	SD: 13216.029	RATIO: 22.160%
>>>>> PROC: SLEV
CALLS: 665	MIN: 0.758ms	AVG: 54.108ms	MAX: 85.528ms	TOTAL: 35981.546ms
P99: 78.445ms	P95: 70.969ms	P50: 55.650ms	SD: 13525.154	RATIO: 19.912%
>>>>> PROC: OSTAT
CALLS: 691	MIN: 0.496ms	AVG: 8.403ms	MAX: 29.529ms	TOTAL: 5806.776ms
P99: 22.163ms	P95: 17.074ms	P50: 7.463ms	SD: 4596.486	RATIO: 3.213%
+-+-+-+-+-+-+-+-+-+-+-+-+-+-+-+-+-+-+-+-+-+-+-+-+-+-+-+-+-+-+-+-+-+-+-+-+-+
>>>>> VIRTUAL USER 7 : ELAPSED TIME : 177226ms
>>>>> PROC: NEWORD
CALLS: 6318	MIN: 1.734ms	AVG: 7.471ms	MAX: 43.377ms	TOTAL: 47204.389ms
P99: 15.326ms	P95: 11.926ms	P50: 7.092ms	SD: 2627.348	RATIO: 26.635%
>>>>> PROC: PAYMENT
CALLS: 6327	MIN: 0.366ms	AVG: 7.448ms	MAX: 37.117ms	TOTAL: 47126.540ms
P99: 21.557ms	P95: 16.256ms	P50: 6.756ms	SD: 4485.592	RATIO: 26.591%
>>>>> PROC: DELIVERY
CALLS: 632	MIN: 25.745ms	AVG: 66.534ms	MAX: 95.606ms	TOTAL: 42049.783ms
P99: 87.524ms	P95: 80.946ms	P50: 66.144ms	SD: 8526.082	RATIO: 23.727%
>>>>> PROC: SLEV
CALLS: 607	MIN: 0.727ms	AVG: 57.735ms	MAX: 87.364ms	TOTAL: 35044.893ms
P99: 78.053ms	P95: 71.796ms	P50: 57.929ms	SD: 9752.396	RATIO: 19.774%
>>>>> PROC: OSTAT
CALLS: 596	MIN: 0.904ms	AVG: 8.481ms	MAX: 29.125ms	TOTAL: 5054.520ms
P99: 23.606ms	P95: 17.703ms	P50: 7.805ms	SD: 4596.118	RATIO: 2.852%
+-+-+-+-+-+-+-+-+-+-+-+-+-+-+-+-+-+-+-+-+-+-+-+-+-+-+-+-+-+-+-+-+-+-+-+-+-+
>>>>> VIRTUAL USER 8 : ELAPSED TIME : 176691ms
>>>>> PROC: NEWORD
CALLS: 6200	MIN: 2.068ms	AVG: 7.689ms	MAX: 28.555ms	TOTAL: 47671.257ms
P99: 15.679ms	P95: 12.334ms	P50: 7.320ms	SD: 2660.983	RATIO: 26.980%
>>>>> PROC: PAYMENT
CALLS: 6011	MIN: 0.378ms	AVG: 7.515ms	MAX: 35.165ms	TOTAL: 45170.255ms
P99: 22.256ms	P95: 17.058ms	P50: 6.725ms	SD: 4630.211	RATIO: 25.565%
>>>>> PROC: DELIVERY
CALLS: 647	MIN: 13.918ms	AVG: 66.383ms	MAX: 103.438ms	TOTAL: 42949.889ms
P99: 94.054ms	P95: 80.929ms	P50: 65.967ms	SD: 9165.060	RATIO: 24.308%
>>>>> PROC: SLEV
CALLS: 614	MIN: 0.701ms	AVG: 56.914ms	MAX: 87.912ms	TOTAL: 34945.013ms
P99: 77.218ms	P95: 70.520ms	P50: 56.949ms	SD: 9537.732	RATIO: 19.777%
>>>>> PROC: OSTAT
CALLS: 604	MIN: 0.978ms	AVG: 8.612ms	MAX: 27.162ms	TOTAL: 5201.648ms
P99: 24.057ms	P95: 17.812ms	P50: 8.009ms	SD: 4749.349	RATIO: 2.944%
+-+-+-+-+-+-+-+-+-+-+-+-+-+-+-+-+-+-+-+-+-+-+-+-+-+-+-+-+-+-+-+-+-+-+-+-+-+
>>>>> VIRTUAL USER 9 : ELAPSED TIME : 176579ms
>>>>> PROC: NEWORD
CALLS: 6395	MIN: 1.514ms	AVG: 7.537ms	MAX: 39.472ms	TOTAL: 48200.481ms
P99: 15.613ms	P95: 12.164ms	P50: 7.157ms	SD: 2686.500	RATIO: 27.297%
>>>>> PROC: PAYMENT
CALLS: 6098	MIN: 0.406ms	AVG: 7.596ms	MAX: 33.654ms	TOTAL: 46320.718ms
P99: 22.357ms	P95: 16.716ms	P50: 6.966ms	SD: 4596.443	RATIO: 26.232%
>>>>> PROC: DELIVERY
CALLS: 648	MIN: 28.011ms	AVG: 65.821ms	MAX: 94.476ms	TOTAL: 42652.028ms
P99: 86.142ms	P95: 81.114ms	P50: 65.543ms	SD: 8677.322	RATIO: 24.155%
>>>>> PROC: SLEV
CALLS: 585	MIN: 0.772ms	AVG: 57.367ms	MAX: 92.993ms	TOTAL: 33559.429ms
P99: 79.614ms	P95: 73.769ms	P50: 57.525ms	SD: 10976.434	RATIO: 19.005%
>>>>> PROC: OSTAT
CALLS: 610	MIN: 1.386ms	AVG: 8.394ms	MAX: 26.554ms	TOTAL: 5120.629ms
P99: 21.772ms	P95: 17.483ms	P50: 7.485ms	SD: 4512.370	RATIO: 2.900%
+-+-+-+-+-+-+-+-+-+-+-+-+-+-+-+-+-+-+-+-+-+-+-+-+-+-+-+-+-+-+-+-+-+-+-+-+-+
>>>>> SUMMARY OF 8 ACTIVE VIRTUAL USERS : MEDIAN ELAPSED TIME : 178468ms
>>>>> PROC: NEWORD
CALLS: 101488	MIN: 0.996ms	AVG: 7.580ms	MAX: 44.836ms	TOTAL: 769315.557ms
P99: 15.640ms	P95: 12.248ms	P50: 7.239ms	SD: 2700.249	RATIO: 26.942%
>>>>> PROC: PAYMENT
CALLS: 100378	MIN: 0.358ms	AVG: 7.520ms	MAX: 43.133ms	TOTAL: 754875.796ms
P99: 21.932ms	P95: 16.658ms	P50: 6.835ms	SD: 4588.321	RATIO: 26.436%
>>>>> PROC: DELIVERY
CALLS: 10094	MIN: 4.906ms	AVG: 66.035ms	MAX: 103.438ms	TOTAL: 666565.468ms
P99: 88.115ms	P95: 81.040ms	P50: 66.126ms	SD: 9665.884	RATIO: 23.343%
>>>>> PROC: SLEV
CALLS: 10018	MIN: 0.655ms	AVG: 56.668ms	MAX: 92.993ms	TOTAL: 567702.618ms
P99: 78.697ms	P95: 71.525ms	P50: 56.973ms	SD: 10549.366	RATIO: 19.881%
>>>>> PROC: OSTAT
CALLS: 10014	MIN: 0.496ms	AVG: 8.500ms	MAX: 32.690ms	TOTAL: 85121.202ms
P99: 23.525ms	P95: 17.825ms	P50: 7.732ms	SD: 4634.920	RATIO: 2.981%
+-+-+-+-+-+-+-+-+-+-+-+-+-+-+-+-+-+-+-+-+-+-+-+-+-+-+-+-+-+-+-+-+-+-+-+-+-+
