TRANSACTION RESPONSE TIMES
{
  "NEWORD": {
    "elapsed_ms": "178468.5",
    "calls": "101488",
    "min_ms": "0.996",
    "avg_ms": "7.58",
    "max_ms": "44.836",
    "total_ms": "769315.557",
    "p99_ms": "15.64",
    "p95_ms": "12.248",
    "p50_ms": "7.239",
    "sd": "2700.249",
    "ratio_pct": "26.942"
  },
  "PAYMENT": {
    "elapsed_ms": "178468.5",
    "calls": "100378",
    "min_ms": "0.358",
    "avg_ms": "7.52",
    "max_ms": "43.133",
    "total_ms": "754875.796",
    "p99_ms": "21.932",
    "p95_ms": "16.658",
    "p50_ms": "6.835",
    "sd": "4588.321",
    "ratio_pct": "26.436"
  },
  "DELIVERY": {
    "elapsed_ms": "178468.5",
    "calls": "10094",
    "min_ms": "4.906",
    "avg_ms": "66.035",
    "max_ms": "103.438",
    "total_ms": "666565.468",
    "p99_ms": "88.115",
    "p95_ms": "81.04",
    "p50_ms": "66.126",
    "sd": "9665.884",
    "ratio_pct": "23.343"
  },
  "SLEV": {
    "elapsed_ms": "178468.5",
    "calls": "10018",
    "min_ms": "0.655",
    "avg_ms": "56.668",
    "max_ms": "92.993",
    "total_ms": "567702.618",
    "p99_ms": "78.697",
    "p95_ms": "71.525",
    "p50_ms": "56.973",
    "sd": "10549.366",
    "ratio_pct": "19.881"
  },
  "OSTAT": {
    "elapsed_ms": "178468.5",
    "calls": "10014",
    "min_ms": "0.496",
    "avg_ms": "8.5",
    "max_ms": "32.69",
    "total_ms": "85121.202",
    "p99_ms": "23.525",
    "p95_ms": "17.825",
    "p50_ms": "7.732",
    "sd": "4634.92",
    "ratio_pct": "2.981"
  }
}

TRANSACTION COUNT
{"MariaDB tpm": {
    "2026-04-23 18:06:54": "0",
    "2026-04-23 18:07:04": "26850",
    "2026-04-23 18:07:14": "35136",
    "2026-04-23 18:07:24": "37578",
    "2026-04-23 18:07:34": "38136",
    "2026-04-23 18:07:44": "38592",
    "2026-04-23 18:07:54": "37836",
    "2026-04-23 18:08:04": "38928",
    "2026-04-23 18:08:14": "38910",
    "2026-04-23 18:08:24": "40926",
    "2026-04-23 18:08:34": "40218",
    "2026-04-23 18:08:44": "39090",
    "2026-04-23 18:08:54": "40470",
    "2026-04-23 18:09:04": "38610",
    "2026-04-23 18:09:14": "39660",
    "2026-04-23 18:09:24": "38934",
    "2026-04-23 18:09:34": "39954",
    "2026-04-23 18:09:44": "40002",
    "2026-04-23 18:09:54": "40260"
  }}

HAMMERDB RESULT
[
  "69EA439ED64203E283432313",
  "2026-04-23 18:06:54",
  "8 Active Virtual Users configured",
  "TEST RESULT : System achieved 17122 NOPM from 39657 MariaDB TPM"
]

