MariaDB Hammerdb Time Profile Report @ Thu Apr 23 17:36:28 CEST 2026
+-+-+-+-+-+-+-+-+-+-+-+-+-+-+-+-+-+-+-+-+-+-+-+-+-+-+-+-+-+-+-+-+-+-+-+-+-+
>>>>> VIRTUAL USER 2 : ELAPSED TIME : 180569ms
>>>>> PROC: NEWORD
CALLS: 6376	MIN: 1.594ms	AVG: 7.698ms	MAX: 32.349ms	TOTAL: 49082.153ms
P99: 15.226ms	P95: 12.288ms	P50: 7.385ms	SD: 2597.041	RATIO: 27.182%
>>>>> PROC: PAYMENT
CALLS: 6480	MIN: 0.396ms	AVG: 7.563ms	MAX: 41.245ms	TOTAL: 49009.442ms
P99: 22.358ms	P95: 16.880ms	P50: 6.770ms	SD: 4665.247	RATIO: 27.142%
>>>>> PROC: DELIVERY
CALLS: 587	MIN: 7.419ms	AVG: 66.125ms	MAX: 90.648ms	TOTAL: 38815.210ms
P99: 87.662ms	P95: 80.613ms	P50: 66.874ms	SD: 10358.146	RATIO: 21.496%
>>>>> PROC: SLEV
CALLS: 659	MIN: 0.801ms	AVG: 57.006ms	MAX: 83.525ms	TOTAL: 37567.083ms
P99: 75.359ms	P95: 71.004ms	P50: 58.008ms	SD: 10506.942	RATIO: 20.805%
>>>>> PROC: OSTAT
CALLS: 618	MIN: 1.731ms	AVG: 8.545ms	MAX: 43.744ms	TOTAL: 5280.936ms
P99: 24.178ms	P95: 18.026ms	P50: 7.690ms	SD: 4812.987	RATIO: 2.925%
+-+-+-+-+-+-+-+-+-+-+-+-+-+-+-+-+-+-+-+-+-+-+-+-+-+-+-+-+-+-+-+-+-+-+-+-+-+
>>>>> VIRTUAL USER 3 : ELAPSED TIME : 180170ms
>>>>> PROC: PAYMENT
CALLS: 6383	MIN: 0.399ms	AVG: 7.519ms	MAX: 31.601ms	TOTAL: 47995.697ms
P99: 21.610ms	P95: 16.785ms	P50: 6.848ms	SD: 4583.066	RATIO: 26.639%
>>>>> PROC: NEWORD
CALLS: 6305	MIN: 1.612ms	AVG: 7.534ms	MAX: 32.566ms	TOTAL: 47504.491ms
P99: 15.447ms	P95: 12.035ms	P50: 7.222ms	SD: 2569.952	RATIO: 26.366%
>>>>> PROC: DELIVERY
CALLS: 651	MIN: 4.103ms	AVG: 65.260ms	MAX: 98.182ms	TOTAL: 42484.428ms
P99: 88.170ms	P95: 80.650ms	P50: 65.574ms	SD: 10383.943	RATIO: 23.580%
>>>>> PROC: SLEV
CALLS: 670	MIN: 0.691ms	AVG: 54.799ms	MAX: 83.579ms	TOTAL: 36715.592ms
P99: 78.307ms	P95: 69.356ms	P50: 55.163ms	SD: 10729.126	RATIO: 20.378%
>>>>> PROC: OSTAT
CALLS: 583	MIN: 1.744ms	AVG: 8.150ms	MAX: 34.251ms	TOTAL: 4751.286ms
P99: 23.303ms	P95: 16.937ms	P50: 7.290ms	SD: 4479.513	RATIO: 2.637%
+-+-+-+-+-+-+-+-+-+-+-+-+-+-+-+-+-+-+-+-+-+-+-+-+-+-+-+-+-+-+-+-+-+-+-+-+-+
>>>>> VIRTUAL USER 4 : ELAPSED TIME : 179112ms
>>>>> PROC: NEWORD
CALLS: 6464	MIN: 1.922ms	AVG: 7.461ms	MAX: 32.186ms	TOTAL: 48226.138ms
P99: 15.469ms	P95: 11.979ms	P50: 7.092ms	SD: 2626.087	RATIO: 26.925%
>>>>> PROC: PAYMENT
CALLS: 6296	MIN: 0.382ms	AVG: 7.405ms	MAX: 42.718ms	TOTAL: 46623.346ms
P99: 20.923ms	P95: 15.860ms	P50: 6.757ms	SD: 4424.220	RATIO: 26.030%
>>>>> PROC: DELIVERY
CALLS: 650	MIN: 11.531ms	AVG: 65.264ms	MAX: 91.774ms	TOTAL: 42421.780ms
P99: 84.707ms	P95: 78.117ms	P50: 65.476ms	SD: 8804.416	RATIO: 23.684%
>>>>> PROC: SLEV
CALLS: 637	MIN: 0.729ms	AVG: 55.726ms	MAX: 83.915ms	TOTAL: 35497.263ms
P99: 78.062ms	P95: 69.590ms	P50: 55.848ms	SD: 10248.726	RATIO: 19.818%
>>>>> PROC: OSTAT
CALLS: 673	MIN: 0.573ms	AVG: 8.379ms	MAX: 30.970ms	TOTAL: 5639.403ms
P99: 21.195ms	P95: 17.533ms	P50: 7.665ms	SD: 4526.129	RATIO: 3.149%
+-+-+-+-+-+-+-+-+-+-+-+-+-+-+-+-+-+-+-+-+-+-+-+-+-+-+-+-+-+-+-+-+-+-+-+-+-+
>>>>> VIRTUAL USER 5 : ELAPSED TIME : 178767ms
>>>>> PROC: NEWORD
CALLS: 6152	MIN: 2.004ms	AVG: 7.859ms	MAX: 62.839ms	TOTAL: 48350.247ms
P99: 15.805ms	P95: 12.397ms	P50: 7.517ms	SD: 2937.912	RATIO: 27.047%
>>>>> PROC: PAYMENT
CALLS: 6189	MIN: 0.468ms	AVG: 7.750ms	MAX: 32.948ms	TOTAL: 47964.709ms
P99: 22.944ms	P95: 17.259ms	P50: 7.010ms	SD: 4689.625	RATIO: 26.831%
>>>>> PROC: DELIVERY
CALLS: 631	MIN: 9.138ms	AVG: 67.608ms	MAX: 94.435ms	TOTAL: 42660.399ms
P99: 88.549ms	P95: 81.689ms	P50: 67.551ms	SD: 8609.561	RATIO: 23.864%
>>>>> PROC: SLEV
CALLS: 582	MIN: 0.848ms	AVG: 57.627ms	MAX: 84.030ms	TOTAL: 33538.659ms
P99: 77.980ms	P95: 71.885ms	P50: 58.074ms	SD: 10334.441	RATIO: 18.761%
>>>>> PROC: OSTAT
CALLS: 654	MIN: 1.933ms	AVG: 8.465ms	MAX: 28.362ms	TOTAL: 5536.189ms
P99: 21.341ms	P95: 17.313ms	P50: 7.580ms	SD: 4537.607	RATIO: 3.097%
+-+-+-+-+-+-+-+-+-+-+-+-+-+-+-+-+-+-+-+-+-+-+-+-+-+-+-+-+-+-+-+-+-+-+-+-+-+
>>>>> VIRTUAL USER 6 : ELAPSED TIME : 177749ms
>>>>> PROC: NEWORD
CALLS: 6243	MIN: 1.895ms	AVG: 7.681ms	MAX: 28.628ms	TOTAL: 47951.236ms
P99: 15.683ms	P95: 12.343ms	P50: 7.363ms	SD: 2647.797	RATIO: 26.977%
>>>>> PROC: PAYMENT
CALLS: 6172	MIN: 0.396ms	AVG: 7.553ms	MAX: 29.129ms	TOTAL: 46615.202ms
P99: 21.793ms	P95: 16.862ms	P50: 6.912ms	SD: 4514.829	RATIO: 26.225%
>>>>> PROC: DELIVERY
CALLS: 624	MIN: 14.144ms	AVG: 67.239ms	MAX: 95.838ms	TOTAL: 41956.855ms
P99: 88.775ms	P95: 80.467ms	P50: 66.852ms	SD: 8297.434	RATIO: 23.605%
>>>>> PROC: SLEV
CALLS: 625	MIN: 0.881ms	AVG: 56.397ms	MAX: 93.142ms	TOTAL: 35248.158ms
P99: 77.288ms	P95: 70.849ms	P50: 55.916ms	SD: 9301.652	RATIO: 19.830%
>>>>> PROC: OSTAT
CALLS: 608	MIN: 0.488ms	AVG: 8.636ms	MAX: 27.632ms	TOTAL: 5250.913ms
P99: 22.656ms	P95: 18.312ms	P50: 7.997ms	SD: 4570.602	RATIO: 2.954%
+-+-+-+-+-+-+-+-+-+-+-+-+-+-+-+-+-+-+-+-+-+-+-+-+-+-+-+-+-+-+-+-+-+-+-+-+-+
>>>>> VIRTUAL USER 7 : ELAPSED TIME : 177954ms
>>>>> PROC: NEWORD
CALLS: 6305	MIN: 1.609ms	AVG: 7.576ms	MAX: 30.868ms	TOTAL: 47767.364ms
P99: 15.412ms	P95: 12.057ms	P50: 7.263ms	SD: 2631.070	RATIO: 26.843%
>>>>> PROC: PAYMENT
CALLS: 6015	MIN: 0.429ms	AVG: 7.507ms	MAX: 36.913ms	TOTAL: 45155.381ms
P99: 21.707ms	P95: 16.826ms	P50: 6.871ms	SD: 4539.773	RATIO: 25.375%
>>>>> PROC: DELIVERY
CALLS: 634	MIN: 42.308ms	AVG: 67.261ms	MAX: 96.061ms	TOTAL: 42643.629ms
P99: 93.102ms	P95: 82.306ms	P50: 67.144ms	SD: 8333.543	RATIO: 23.963%
>>>>> PROC: SLEV
CALLS: 644	MIN: 0.707ms	AVG: 56.464ms	MAX: 86.040ms	TOTAL: 36362.814ms
P99: 77.822ms	P95: 71.315ms	P50: 57.046ms	SD: 10697.056	RATIO: 20.434%
>>>>> PROC: OSTAT
CALLS: 610	MIN: 0.408ms	AVG: 8.684ms	MAX: 30.719ms	TOTAL: 5297.019ms
P99: 24.277ms	P95: 18.318ms	P50: 8.025ms	SD: 4695.026	RATIO: 2.977%
+-+-+-+-+-+-+-+-+-+-+-+-+-+-+-+-+-+-+-+-+-+-+-+-+-+-+-+-+-+-+-+-+-+-+-+-+-+
>>>>> VIRTUAL USER 8 : ELAPSED TIME : 176844ms
>>>>> PROC: NEWORD
CALLS: 6260	MIN: 1.850ms	AVG: 7.492ms	MAX: 32.236ms	TOTAL: 46899.885ms
P99: 15.521ms	P95: 12.105ms	P50: 7.128ms	SD: 2635.005	RATIO: 26.520%
>>>>> PROC: PAYMENT
CALLS: 6222	MIN: 0.407ms	AVG: 7.431ms	MAX: 31.433ms	TOTAL: 46235.333ms
P99: 21.099ms	P95: 16.176ms	P50: 6.872ms	SD: 4417.513	RATIO: 26.145%
>>>>> PROC: DELIVERY
CALLS: 632	MIN: 8.983ms	AVG: 65.366ms	MAX: 94.879ms	TOTAL: 41311.548ms
P99: 87.354ms	P95: 79.586ms	P50: 65.673ms	SD: 9513.765	RATIO: 23.360%
>>>>> PROC: SLEV
CALLS: 637	MIN: 0.680ms	AVG: 56.962ms	MAX: 84.912ms	TOTAL: 36284.758ms
P99: 77.692ms	P95: 70.747ms	P50: 57.029ms	SD: 9674.984	RATIO: 20.518%
>>>>> PROC: OSTAT
CALLS: 617	MIN: 0.506ms	AVG: 8.692ms	MAX: 31.906ms	TOTAL: 5363.074ms
P99: 22.901ms	P95: 18.447ms	P50: 8.015ms	SD: 4754.720	RATIO: 3.033%
+-+-+-+-+-+-+-+-+-+-+-+-+-+-+-+-+-+-+-+-+-+-+-+-+-+-+-+-+-+-+-+-+-+-+-+-+-+
>>>>> VIRTUAL USER 9 : ELAPSED TIME : 177122ms
>>>>> PROC: NEWORD
CALLS: 6155	MIN: 1.666ms	AVG: 7.448ms	MAX: 22.969ms	TOTAL: 45843.008ms
P99: 15.273ms	P95: 12.080ms	P50: 7.095ms	SD: 2579.154	RATIO: 25.882%
>>>>> PROC: PAYMENT
CALLS: 6221	MIN: 0.418ms	AVG: 7.363ms	MAX: 37.869ms	TOTAL: 45803.875ms
P99: 21.280ms	P95: 16.421ms	P50: 6.657ms	SD: 4530.414	RATIO: 25.860%
>>>>> PROC: DELIVERY
CALLS: 651	MIN: 7.255ms	AVG: 65.640ms	MAX: 101.094ms	TOTAL: 42731.909ms
P99: 86.133ms	P95: 80.060ms	P50: 65.727ms	SD: 9519.657	RATIO: 24.126%
>>>>> PROC: SLEV
CALLS: 639	MIN: 0.708ms	AVG: 56.622ms	MAX: 85.265ms	TOTAL: 36181.257ms
P99: 77.504ms	P95: 70.685ms	P50: 56.855ms	SD: 9267.243	RATIO: 20.427%
>>>>> PROC: OSTAT
CALLS: 670	MIN: 1.715ms	AVG: 8.610ms	MAX: 27.582ms	TOTAL: 5768.645ms
P99: 21.374ms	P95: 16.671ms	P50: 8.103ms	SD: 4254.180	RATIO: 3.257%
+-+-+-+-+-+-+-+-+-+-+-+-+-+-+-+-+-+-+-+-+-+-+-+-+-+-+-+-+-+-+-+-+-+-+-+-+-+
>>>>> SUMMARY OF 8 ACTIVE VIRTUAL USERS : MEDIAN ELAPSED TIME : 178360ms
>>>>> PROC: NEWORD
CALLS: 100520	MIN: 1.594ms	AVG: 7.593ms	MAX: 62.839ms	TOTAL: 763248.446ms
P99: 15.469ms	P95: 12.170ms	P50: 7.259ms	SD: 2657.600	RATIO: 26.745%
>>>>> PROC: PAYMENT
CALLS: 99956	MIN: 0.382ms	AVG: 7.511ms	MAX: 42.718ms	TOTAL: 750805.354ms
P99: 21.761ms	P95: 16.651ms	P50: 6.839ms	SD: 4548.100	RATIO: 26.309%
>>>>> PROC: DELIVERY
CALLS: 10120	MIN: 4.103ms	AVG: 66.210ms	MAX: 101.094ms	TOTAL: 670050.969ms
P99: 88.329ms	P95: 80.355ms	P50: 66.359ms	SD: 9296.484	RATIO: 23.480%
>>>>> PROC: SLEV
CALLS: 10186	MIN: 0.680ms	AVG: 56.429ms	MAX: 93.142ms	TOTAL: 574790.725ms
P99: 77.692ms	P95: 70.760ms	P50: 56.688ms	SD: 10141.380	RATIO: 20.141%
>>>>> PROC: OSTAT
CALLS: 10066	MIN: 0.408ms	AVG: 8.521ms	MAX: 43.744ms	TOTAL: 85774.855ms
P99: 22.878ms	P95: 17.701ms	P50: 7.846ms	SD: 4577.863	RATIO: 3.006%
+-+-+-+-+-+-+-+-+-+-+-+-+-+-+-+-+-+-+-+-+-+-+-+-+-+-+-+-+-+-+-+-+-+-+-+-+-+
