MariaDB Hammerdb Time Profile Report @ Wed Apr 22 23:02:15 CEST 2026
+-+-+-+-+-+-+-+-+-+-+-+-+-+-+-+-+-+-+-+-+-+-+-+-+-+-+-+-+-+-+-+-+-+-+-+-+-+
>>>>> VIRTUAL USER 2 : ELAPSED TIME : 181309ms
>>>>> PROC: NEWORD
CALLS: 28938	MIN: 0.912ms	AVG: 3.511ms	MAX: 30.159ms	TOTAL: 101606.362ms
P99: 5.536ms	P95: 5.073ms	P50: 3.489ms	SD: 985.726	RATIO: 56.040%
>>>>> PROC: PAYMENT
CALLS: 29025	MIN: 0.402ms	AVG: 1.297ms	MAX: 10.950ms	TOTAL: 37639.513ms
P99: 2.933ms	P95: 2.359ms	P50: 1.228ms	SD: 591.631	RATIO: 20.760%
>>>>> PROC: DELIVERY
CALLS: 2823	MIN: 2.799ms	AVG: 9.716ms	MAX: 22.316ms	TOTAL: 27426.996ms
P99: 17.057ms	P95: 15.238ms	P50: 9.739ms	SD: 3225.228	RATIO: 15.127%
>>>>> PROC: OSTAT
CALLS: 2929	MIN: 0.418ms	AVG: 1.975ms	MAX: 10.448ms	TOTAL: 5783.680ms
P99: 3.960ms	P95: 3.278ms	P50: 1.885ms	SD: 776.183	RATIO: 3.190%
>>>>> PROC: SLEV
CALLS: 2845	MIN: 0.300ms	AVG: 1.783ms	MAX: 18.992ms	TOTAL: 5072.404ms
P99: 6.826ms	P95: 3.718ms	P50: 1.443ms	SD: 1166.289	RATIO: 2.798%
+-+-+-+-+-+-+-+-+-+-+-+-+-+-+-+-+-+-+-+-+-+-+-+-+-+-+-+-+-+-+-+-+-+-+-+-+-+
>>>>> VIRTUAL USER 3 : ELAPSED TIME : 181662ms
>>>>> PROC: NEWORD
CALLS: 28754	MIN: 1.089ms	AVG: 3.493ms	MAX: 31.554ms	TOTAL: 100440.304ms
P99: 5.640ms	P95: 5.074ms	P50: 3.457ms	SD: 988.655	RATIO: 55.290%
>>>>> PROC: PAYMENT
CALLS: 29020	MIN: 0.406ms	AVG: 1.292ms	MAX: 14.938ms	TOTAL: 37491.095ms
P99: 2.975ms	P95: 2.374ms	P50: 1.215ms	SD: 627.488	RATIO: 20.638%
>>>>> PROC: DELIVERY
CALLS: 2954	MIN: 2.850ms	AVG: 9.683ms	MAX: 33.556ms	TOTAL: 28602.973ms
P99: 17.990ms	P95: 15.332ms	P50: 9.268ms	SD: 3505.262	RATIO: 15.745%
>>>>> PROC: OSTAT
CALLS: 2879	MIN: 0.386ms	AVG: 1.993ms	MAX: 17.966ms	TOTAL: 5737.454ms
P99: 4.012ms	P95: 3.374ms	P50: 1.887ms	SD: 846.901	RATIO: 3.158%
>>>>> PROC: SLEV
CALLS: 2953	MIN: 0.224ms	AVG: 1.918ms	MAX: 27.033ms	TOTAL: 5662.590ms
P99: 9.525ms	P95: 4.091ms	P50: 1.460ms	SD: 1607.235	RATIO: 3.117%
+-+-+-+-+-+-+-+-+-+-+-+-+-+-+-+-+-+-+-+-+-+-+-+-+-+-+-+-+-+-+-+-+-+-+-+-+-+
>>>>> VIRTUAL USER 4 : ELAPSED TIME : 178674ms
>>>>> PROC: NEWORD
CALLS: 28223	MIN: 1.284ms	AVG: 3.498ms	MAX: 29.965ms	TOTAL: 98712.785ms
P99: 5.516ms	P95: 5.039ms	P50: 3.473ms	SD: 957.115	RATIO: 55.247%
>>>>> PROC: PAYMENT
CALLS: 28356	MIN: 0.428ms	AVG: 1.304ms	MAX: 9.944ms	TOTAL: 36986.774ms
P99: 2.922ms	P95: 2.361ms	P50: 1.243ms	SD: 591.536	RATIO: 20.701%
>>>>> PROC: DELIVERY
CALLS: 2831	MIN: 3.141ms	AVG: 9.849ms	MAX: 19.960ms	TOTAL: 27881.528ms
P99: 17.420ms	P95: 15.216ms	P50: 9.729ms	SD: 3161.517	RATIO: 15.605%
>>>>> PROC: SLEV
CALLS: 2814	MIN: 0.296ms	AVG: 2.008ms	MAX: 22.250ms	TOTAL: 5650.380ms
P99: 12.963ms	P95: 4.030ms	P50: 1.439ms	SD: 1996.147	RATIO: 3.162%
>>>>> PROC: OSTAT
CALLS: 2800	MIN: 0.430ms	AVG: 2.014ms	MAX: 5.461ms	TOTAL: 5640.178ms
P99: 3.983ms	P95: 3.346ms	P50: 1.947ms	SD: 754.307	RATIO: 3.157%
+-+-+-+-+-+-+-+-+-+-+-+-+-+-+-+-+-+-+-+-+-+-+-+-+-+-+-+-+-+-+-+-+-+-+-+-+-+
>>>>> VIRTUAL USER 5 : ELAPSED TIME : 180111ms
>>>>> PROC: NEWORD
CALLS: 28640	MIN: 1.244ms	AVG: 3.518ms	MAX: 32.012ms	TOTAL: 100755.962ms
P99: 5.494ms	P95: 5.057ms	P50: 3.494ms	SD: 961.863	RATIO: 55.941%
>>>>> PROC: PAYMENT
CALLS: 28401	MIN: 0.446ms	AVG: 1.302ms	MAX: 16.813ms	TOTAL: 36989.286ms
P99: 2.935ms	P95: 2.355ms	P50: 1.234ms	SD: 592.269	RATIO: 20.537%
>>>>> PROC: DELIVERY
CALLS: 2807	MIN: 3.234ms	AVG: 9.812ms	MAX: 24.940ms	TOTAL: 27541.826ms
P99: 17.025ms	P95: 15.210ms	P50: 9.843ms	SD: 3208.237	RATIO: 15.292%
>>>>> PROC: OSTAT
CALLS: 2838	MIN: 0.425ms	AVG: 2.007ms	MAX: 5.728ms	TOTAL: 5696.582ms
P99: 4.036ms	P95: 3.368ms	P50: 1.934ms	SD: 763.858	RATIO: 3.163%
>>>>> PROC: SLEV
CALLS: 2850	MIN: 0.256ms	AVG: 1.870ms	MAX: 23.752ms	TOTAL: 5330.620ms
P99: 10.006ms	P95: 3.859ms	P50: 1.425ms	SD: 1568.232	RATIO: 2.960%
+-+-+-+-+-+-+-+-+-+-+-+-+-+-+-+-+-+-+-+-+-+-+-+-+-+-+-+-+-+-+-+-+-+-+-+-+-+
>>>>> VIRTUAL USER 6 : ELAPSED TIME : 177833ms
>>>>> PROC: NEWORD
CALLS: 27977	MIN: 1.232ms	AVG: 3.522ms	MAX: 14.932ms	TOTAL: 98544.928ms
P99: 5.598ms	P95: 5.052ms	P50: 3.500ms	SD: 967.020	RATIO: 55.414%
>>>>> PROC: PAYMENT
CALLS: 28180	MIN: 0.429ms	AVG: 1.308ms	MAX: 30.325ms	TOTAL: 36863.650ms
P99: 2.943ms	P95: 2.365ms	P50: 1.241ms	SD: 662.312	RATIO: 20.729%
>>>>> PROC: DELIVERY
CALLS: 2803	MIN: 3.513ms	AVG: 9.880ms	MAX: 24.249ms	TOTAL: 27694.287ms
P99: 17.131ms	P95: 14.993ms	P50: 9.826ms	SD: 3169.853	RATIO: 15.573%
>>>>> PROC: SLEV
CALLS: 2767	MIN: 0.258ms	AVG: 2.022ms	MAX: 18.060ms	TOTAL: 5594.142ms
P99: 13.528ms	P95: 4.132ms	P50: 1.472ms	SD: 2028.979	RATIO: 3.146%
>>>>> PROC: OSTAT
CALLS: 2785	MIN: 0.478ms	AVG: 2.001ms	MAX: 5.350ms	TOTAL: 5572.902ms
P99: 4.030ms	P95: 3.416ms	P50: 1.918ms	SD: 776.250	RATIO: 3.134%
+-+-+-+-+-+-+-+-+-+-+-+-+-+-+-+-+-+-+-+-+-+-+-+-+-+-+-+-+-+-+-+-+-+-+-+-+-+
>>>>> VIRTUAL USER 7 : ELAPSED TIME : 177190ms
>>>>> PROC: NEWORD
CALLS: 28607	MIN: 1.340ms	AVG: 3.443ms	MAX: 17.362ms	TOTAL: 98482.169ms
P99: 5.402ms	P95: 4.957ms	P50: 3.414ms	SD: 935.010	RATIO: 55.580%
>>>>> PROC: PAYMENT
CALLS: 28479	MIN: 0.419ms	AVG: 1.286ms	MAX: 5.594ms	TOTAL: 36625.923ms
P99: 2.856ms	P95: 2.314ms	P50: 1.228ms	SD: 569.817	RATIO: 20.670%
>>>>> PROC: DELIVERY
CALLS: 2878	MIN: 3.000ms	AVG: 9.440ms	MAX: 88.055ms	TOTAL: 27167.763ms
P99: 16.406ms	P95: 14.759ms	P50: 9.301ms	SD: 3444.961	RATIO: 15.333%
>>>>> PROC: OSTAT
CALLS: 2859	MIN: 0.364ms	AVG: 1.940ms	MAX: 5.009ms	TOTAL: 5547.074ms
P99: 3.712ms	P95: 3.267ms	P50: 1.873ms	SD: 736.582	RATIO: 3.131%
>>>>> PROC: SLEV
CALLS: 2849	MIN: 0.283ms	AVG: 1.930ms	MAX: 17.980ms	TOTAL: 5499.149ms
P99: 11.226ms	P95: 4.108ms	P50: 1.412ms	SD: 1737.759	RATIO: 3.104%
+-+-+-+-+-+-+-+-+-+-+-+-+-+-+-+-+-+-+-+-+-+-+-+-+-+-+-+-+-+-+-+-+-+-+-+-+-+
>>>>> VIRTUAL USER 8 : ELAPSED TIME : 178298ms
>>>>> PROC: NEWORD
CALLS: 28357	MIN: 1.288ms	AVG: 3.496ms	MAX: 33.013ms	TOTAL: 99145.664ms
P99: 5.537ms	P95: 5.056ms	P50: 3.466ms	SD: 969.795	RATIO: 55.607%
>>>>> PROC: PAYMENT
CALLS: 28761	MIN: 0.437ms	AVG: 1.300ms	MAX: 8.042ms	TOTAL: 37388.871ms
P99: 2.917ms	P95: 2.360ms	P50: 1.235ms	SD: 589.842	RATIO: 20.970%
>>>>> PROC: DELIVERY
CALLS: 2785	MIN: 3.401ms	AVG: 9.753ms	MAX: 23.660ms	TOTAL: 27161.171ms
P99: 17.764ms	P95: 15.416ms	P50: 9.597ms	SD: 3325.520	RATIO: 15.234%
>>>>> PROC: OSTAT
CALLS: 2826	MIN: 0.384ms	AVG: 2.006ms	MAX: 7.974ms	TOTAL: 5668.015ms
P99: 3.982ms	P95: 3.382ms	P50: 1.936ms	SD: 776.374	RATIO: 3.179%
>>>>> PROC: SLEV
CALLS: 2807	MIN: 0.231ms	AVG: 1.834ms	MAX: 18.221ms	TOTAL: 5147.798ms
P99: 10.172ms	P95: 3.719ms	P50: 1.450ms	SD: 1605.993	RATIO: 2.887%
+-+-+-+-+-+-+-+-+-+-+-+-+-+-+-+-+-+-+-+-+-+-+-+-+-+-+-+-+-+-+-+-+-+-+-+-+-+
>>>>> VIRTUAL USER 9 : ELAPSED TIME : 176724ms
>>>>> PROC: NEWORD
CALLS: 27890	MIN: 1.337ms	AVG: 3.512ms	MAX: 37.657ms	TOTAL: 97962.111ms
P99: 5.531ms	P95: 5.045ms	P50: 3.490ms	SD: 970.979	RATIO: 55.432%
>>>>> PROC: PAYMENT
CALLS: 27941	MIN: 0.410ms	AVG: 1.299ms	MAX: 4.774ms	TOTAL: 36282.681ms
P99: 2.897ms	P95: 2.359ms	P50: 1.235ms	SD: 576.256	RATIO: 20.531%
>>>>> PROC: DELIVERY
CALLS: 2831	MIN: 3.633ms	AVG: 9.681ms	MAX: 19.872ms	TOTAL: 27406.328ms
P99: 16.650ms	P95: 14.923ms	P50: 9.695ms	SD: 3061.219	RATIO: 15.508%
>>>>> PROC: SLEV
CALLS: 2965	MIN: 0.315ms	AVG: 1.944ms	MAX: 19.510ms	TOTAL: 5765.219ms
P99: 11.576ms	P95: 3.922ms	P50: 1.432ms	SD: 1851.902	RATIO: 3.262%
>>>>> PROC: OSTAT
CALLS: 2885	MIN: 0.376ms	AVG: 1.975ms	MAX: 4.698ms	TOTAL: 5697.557ms
P99: 3.935ms	P95: 3.281ms	P50: 1.904ms	SD: 752.190	RATIO: 3.224%
+-+-+-+-+-+-+-+-+-+-+-+-+-+-+-+-+-+-+-+-+-+-+-+-+-+-+-+-+-+-+-+-+-+-+-+-+-+
>>>>> SUMMARY OF 8 ACTIVE VIRTUAL USERS : MEDIAN ELAPSED TIME : 178486ms
>>>>> PROC: NEWORD
CALLS: 454772	MIN: 0.912ms	AVG: 3.499ms	MAX: 37.657ms	TOTAL: 1591300.274ms
P99: 5.530ms	P95: 5.046ms	P50: 3.473ms	SD: 967.465	RATIO: 55.722%
>>>>> PROC: PAYMENT
CALLS: 456326	MIN: 0.402ms	AVG: 1.298ms	MAX: 30.325ms	TOTAL: 592535.467ms
P99: 2.922ms	P95: 2.356ms	P50: 1.232ms	SD: 600.847	RATIO: 20.749%
>>>>> PROC: DELIVERY
CALLS: 45424	MIN: 2.799ms	AVG: 9.725ms	MAX: 88.055ms	TOTAL: 441765.654ms
P99: 17.180ms	P95: 15.121ms	P50: 9.619ms	SD: 3269.594	RATIO: 15.469%
>>>>> PROC: OSTAT
CALLS: 45602	MIN: 0.364ms	AVG: 1.988ms	MAX: 17.966ms	TOTAL: 90686.867ms
P99: 3.954ms	P95: 3.344ms	P50: 1.909ms	SD: 773.760	RATIO: 3.176%
>>>>> PROC: SLEV
CALLS: 45700	MIN: 0.224ms	AVG: 1.913ms	MAX: 27.033ms	TOTAL: 87444.585ms
P99: 10.967ms	P95: 3.941ms	P50: 1.439ms	SD: 1715.339	RATIO: 3.062%
+-+-+-+-+-+-+-+-+-+-+-+-+-+-+-+-+-+-+-+-+-+-+-+-+-+-+-+-+-+-+-+-+-+-+-+-+-+
