MariaDB Hammerdb Time Profile Report @ Wed Apr 22 22:53:45 CEST 2026
+-+-+-+-+-+-+-+-+-+-+-+-+-+-+-+-+-+-+-+-+-+-+-+-+-+-+-+-+-+-+-+-+-+-+-+-+-+
>>>>> VIRTUAL USER 2 : ELAPSED TIME : 179690ms
>>>>> PROC: NEWORD
CALLS: 6277	MIN: 2.144ms	AVG: 8.064ms	MAX: 43.690ms	TOTAL: 50617.906ms
P99: 16.086ms	P95: 12.764ms	P50: 7.749ms	SD: 2781.981	RATIO: 28.170%
>>>>> PROC: PAYMENT
CALLS: 6281	MIN: 0.458ms	AVG: 7.318ms	MAX: 43.394ms	TOTAL: 45963.790ms
P99: 20.836ms	P95: 15.471ms	P50: 6.723ms	SD: 4356.906	RATIO: 25.579%
>>>>> PROC: DELIVERY
CALLS: 660	MIN: 5.557ms	AVG: 65.255ms	MAX: 101.885ms	TOTAL: 43068.053ms
P99: 90.190ms	P95: 80.357ms	P50: 65.699ms	SD: 10840.579	RATIO: 23.968%
>>>>> PROC: SLEV
CALLS: 620	MIN: 0.825ms	AVG: 54.946ms	MAX: 80.609ms	TOTAL: 34066.643ms
P99: 75.073ms	P95: 69.722ms	P50: 55.442ms	SD: 9506.489	RATIO: 18.959%
>>>>> PROC: OSTAT
CALLS: 626	MIN: 1.916ms	AVG: 8.478ms	MAX: 25.396ms	TOTAL: 5307.292ms
P99: 22.144ms	P95: 17.506ms	P50: 7.844ms	SD: 4448.133	RATIO: 2.954%
+-+-+-+-+-+-+-+-+-+-+-+-+-+-+-+-+-+-+-+-+-+-+-+-+-+-+-+-+-+-+-+-+-+-+-+-+-+
>>>>> VIRTUAL USER 3 : ELAPSED TIME : 183007ms
>>>>> PROC: NEWORD
CALLS: 6689	MIN: 1.404ms	AVG: 7.951ms	MAX: 36.641ms	TOTAL: 53186.422ms
P99: 15.902ms	P95: 13.025ms	P50: 7.670ms	SD: 2898.569	RATIO: 29.063%
>>>>> PROC: PAYMENT
CALLS: 6720	MIN: 0.480ms	AVG: 7.259ms	MAX: 34.438ms	TOTAL: 48778.327ms
P99: 21.509ms	P95: 16.175ms	P50: 6.596ms	SD: 4487.190	RATIO: 26.654%
>>>>> PROC: DELIVERY
CALLS: 630	MIN: 4.526ms	AVG: 63.319ms	MAX: 110.184ms	TOTAL: 39890.993ms
P99: 86.964ms	P95: 79.298ms	P50: 65.643ms	SD: 13708.559	RATIO: 21.798%
>>>>> PROC: SLEV
CALLS: 657	MIN: 0.623ms	AVG: 52.985ms	MAX: 96.548ms	TOTAL: 34811.096ms
P99: 74.477ms	P95: 68.657ms	P50: 55.054ms	SD: 13094.072	RATIO: 19.022%
>>>>> PROC: OSTAT
CALLS: 664	MIN: 1.126ms	AVG: 8.326ms	MAX: 29.427ms	TOTAL: 5528.614ms
P99: 21.275ms	P95: 18.238ms	P50: 7.391ms	SD: 4747.090	RATIO: 3.021%
+-+-+-+-+-+-+-+-+-+-+-+-+-+-+-+-+-+-+-+-+-+-+-+-+-+-+-+-+-+-+-+-+-+-+-+-+-+
>>>>> VIRTUAL USER 4 : ELAPSED TIME : 178693ms
>>>>> PROC: NEWORD
CALLS: 6247	MIN: 2.057ms	AVG: 8.137ms	MAX: 34.314ms	TOTAL: 50834.750ms
P99: 15.914ms	P95: 12.831ms	P50: 7.863ms	SD: 2749.309	RATIO: 28.448%
>>>>> PROC: PAYMENT
CALLS: 6095	MIN: 0.516ms	AVG: 7.536ms	MAX: 33.827ms	TOTAL: 45929.422ms
P99: 21.382ms	P95: 16.531ms	P50: 6.934ms	SD: 4492.338	RATIO: 25.703%
>>>>> PROC: DELIVERY
CALLS: 648	MIN: 10.225ms	AVG: 64.668ms	MAX: 98.425ms	TOTAL: 41905.109ms
P99: 91.285ms	P95: 79.559ms	P50: 64.383ms	SD: 9553.003	RATIO: 23.451%
>>>>> PROC: SLEV
CALLS: 596	MIN: 0.911ms	AVG: 56.947ms	MAX: 91.587ms	TOTAL: 33940.269ms
P99: 79.137ms	P95: 70.488ms	P50: 57.028ms	SD: 9287.750	RATIO: 18.994%
>>>>> PROC: OSTAT
CALLS: 631	MIN: 0.355ms	AVG: 8.287ms	MAX: 23.355ms	TOTAL: 5229.291ms
P99: 21.685ms	P95: 17.656ms	P50: 7.586ms	SD: 4313.506	RATIO: 2.926%
+-+-+-+-+-+-+-+-+-+-+-+-+-+-+-+-+-+-+-+-+-+-+-+-+-+-+-+-+-+-+-+-+-+-+-+-+-+
>>>>> VIRTUAL USER 5 : ELAPSED TIME : 178170ms
>>>>> PROC: NEWORD
CALLS: 6227	MIN: 2.174ms	AVG: 8.165ms	MAX: 32.991ms	TOTAL: 50846.015ms
P99: 16.207ms	P95: 12.934ms	P50: 7.868ms	SD: 2760.425	RATIO: 28.538%
>>>>> PROC: PAYMENT
CALLS: 6216	MIN: 0.490ms	AVG: 7.452ms	MAX: 31.363ms	TOTAL: 46320.916ms
P99: 21.189ms	P95: 15.866ms	P50: 6.879ms	SD: 4375.803	RATIO: 25.998%
>>>>> PROC: DELIVERY
CALLS: 592	MIN: 12.304ms	AVG: 66.402ms	MAX: 101.425ms	TOTAL: 39309.819ms
P99: 89.018ms	P95: 81.951ms	P50: 66.136ms	SD: 9772.017	RATIO: 22.063%
>>>>> PROC: SLEV
CALLS: 638	MIN: 0.717ms	AVG: 55.365ms	MAX: 83.754ms	TOTAL: 35322.581ms
P99: 75.367ms	P95: 68.958ms	P50: 55.524ms	SD: 9264.963	RATIO: 19.825%
>>>>> PROC: OSTAT
CALLS: 663	MIN: 1.506ms	AVG: 8.468ms	MAX: 38.742ms	TOTAL: 5614.377ms
P99: 21.830ms	P95: 18.326ms	P50: 7.504ms	SD: 4744.412	RATIO: 3.151%
+-+-+-+-+-+-+-+-+-+-+-+-+-+-+-+-+-+-+-+-+-+-+-+-+-+-+-+-+-+-+-+-+-+-+-+-+-+
>>>>> VIRTUAL USER 6 : ELAPSED TIME : 177664ms
>>>>> PROC: NEWORD
CALLS: 6224	MIN: 2.047ms	AVG: 8.146ms	MAX: 47.838ms	TOTAL: 50698.627ms
P99: 16.009ms	P95: 12.782ms	P50: 7.866ms	SD: 2780.610	RATIO: 28.536%
>>>>> PROC: PAYMENT
CALLS: 6231	MIN: 0.492ms	AVG: 7.527ms	MAX: 34.445ms	TOTAL: 46902.763ms
P99: 21.094ms	P95: 16.292ms	P50: 6.955ms	SD: 4409.941	RATIO: 26.400%
>>>>> PROC: DELIVERY
CALLS: 605	MIN: 10.829ms	AVG: 66.261ms	MAX: 102.733ms	TOTAL: 40088.117ms
P99: 88.877ms	P95: 80.621ms	P50: 66.735ms	SD: 9556.590	RATIO: 22.564%
>>>>> PROC: SLEV
CALLS: 611	MIN: 0.728ms	AVG: 55.391ms	MAX: 91.834ms	TOTAL: 33843.719ms
P99: 79.119ms	P95: 70.546ms	P50: 55.703ms	SD: 10691.176	RATIO: 19.049%
>>>>> PROC: OSTAT
CALLS: 631	MIN: 1.848ms	AVG: 8.447ms	MAX: 36.724ms	TOTAL: 5330.100ms
P99: 21.465ms	P95: 16.488ms	P50: 7.955ms	SD: 4448.547	RATIO: 3.000%
+-+-+-+-+-+-+-+-+-+-+-+-+-+-+-+-+-+-+-+-+-+-+-+-+-+-+-+-+-+-+-+-+-+-+-+-+-+
>>>>> VIRTUAL USER 7 : ELAPSED TIME : 177217ms
>>>>> PROC: NEWORD
CALLS: 6026	MIN: 2.204ms	AVG: 8.157ms	MAX: 33.556ms	TOTAL: 49152.294ms
P99: 16.056ms	P95: 12.760ms	P50: 7.925ms	SD: 2727.598	RATIO: 27.736%
>>>>> PROC: PAYMENT
CALLS: 6179	MIN: 0.505ms	AVG: 7.581ms	MAX: 38.463ms	TOTAL: 46841.391ms
P99: 21.627ms	P95: 16.569ms	P50: 6.895ms	SD: 4494.508	RATIO: 26.432%
>>>>> PROC: DELIVERY
CALLS: 606	MIN: 8.223ms	AVG: 65.846ms	MAX: 106.198ms	TOTAL: 39902.374ms
P99: 87.133ms	P95: 80.164ms	P50: 65.877ms	SD: 9548.506	RATIO: 22.516%
>>>>> PROC: SLEV
CALLS: 646	MIN: 0.830ms	AVG: 55.188ms	MAX: 84.271ms	TOTAL: 35651.516ms
P99: 77.930ms	P95: 69.037ms	P50: 55.193ms	SD: 10346.322	RATIO: 20.117%
>>>>> PROC: OSTAT
CALLS: 607	MIN: 0.377ms	AVG: 8.103ms	MAX: 26.230ms	TOTAL: 4918.501ms
P99: 22.475ms	P95: 17.563ms	P50: 7.439ms	SD: 4474.855	RATIO: 2.775%
+-+-+-+-+-+-+-+-+-+-+-+-+-+-+-+-+-+-+-+-+-+-+-+-+-+-+-+-+-+-+-+-+-+-+-+-+-+
>>>>> VIRTUAL USER 8 : ELAPSED TIME : 178644ms
>>>>> PROC: NEWORD
CALLS: 6156	MIN: 1.897ms	AVG: 8.047ms	MAX: 32.606ms	TOTAL: 49535.946ms
P99: 15.875ms	P95: 12.743ms	P50: 7.777ms	SD: 2766.227	RATIO: 27.729%
>>>>> PROC: PAYMENT
CALLS: 6262	MIN: 0.477ms	AVG: 7.342ms	MAX: 35.541ms	TOTAL: 45974.929ms
P99: 21.358ms	P95: 16.093ms	P50: 6.597ms	SD: 4401.380	RATIO: 25.736%
>>>>> PROC: DELIVERY
CALLS: 641	MIN: 8.449ms	AVG: 65.823ms	MAX: 102.576ms	TOTAL: 42192.813ms
P99: 88.974ms	P95: 80.829ms	P50: 66.239ms	SD: 10295.380	RATIO: 23.618%
>>>>> PROC: SLEV
CALLS: 636	MIN: 0.803ms	AVG: 54.925ms	MAX: 97.466ms	TOTAL: 34932.053ms
P99: 77.618ms	P95: 68.374ms	P50: 55.185ms	SD: 9845.843	RATIO: 19.554%
>>>>> PROC: OSTAT
CALLS: 641	MIN: 1.611ms	AVG: 8.239ms	MAX: 26.646ms	TOTAL: 5281.479ms
P99: 22.014ms	P95: 17.904ms	P50: 7.460ms	SD: 4514.585	RATIO: 2.956%
+-+-+-+-+-+-+-+-+-+-+-+-+-+-+-+-+-+-+-+-+-+-+-+-+-+-+-+-+-+-+-+-+-+-+-+-+-+
>>>>> VIRTUAL USER 9 : ELAPSED TIME : 178308ms
>>>>> PROC: NEWORD
CALLS: 6203	MIN: 1.792ms	AVG: 8.091ms	MAX: 37.312ms	TOTAL: 50187.650ms
P99: 16.440ms	P95: 12.773ms	P50: 7.804ms	SD: 2791.700	RATIO: 28.147%
>>>>> PROC: PAYMENT
CALLS: 6304	MIN: 0.461ms	AVG: 7.475ms	MAX: 30.026ms	TOTAL: 47119.597ms
P99: 21.461ms	P95: 16.338ms	P50: 6.840ms	SD: 4466.592	RATIO: 26.426%
>>>>> PROC: DELIVERY
CALLS: 658	MIN: 5.931ms	AVG: 65.645ms	MAX: 92.781ms	TOTAL: 43194.271ms
P99: 88.415ms	P95: 81.235ms	P50: 66.507ms	SD: 10849.984	RATIO: 24.225%
>>>>> PROC: SLEV
CALLS: 579	MIN: 0.861ms	AVG: 55.347ms	MAX: 86.877ms	TOTAL: 32046.041ms
P99: 78.865ms	P95: 71.809ms	P50: 55.754ms	SD: 11390.000	RATIO: 17.972%
>>>>> PROC: OSTAT
CALLS: 592	MIN: 1.347ms	AVG: 8.440ms	MAX: 33.879ms	TOTAL: 4996.375ms
P99: 21.841ms	P95: 16.973ms	P50: 7.696ms	SD: 4441.118	RATIO: 2.802%
+-+-+-+-+-+-+-+-+-+-+-+-+-+-+-+-+-+-+-+-+-+-+-+-+-+-+-+-+-+-+-+-+-+-+-+-+-+
>>>>> SUMMARY OF 8 ACTIVE VIRTUAL USERS : MEDIAN ELAPSED TIME : 178476ms
>>>>> PROC: NEWORD
CALLS: 100098	MIN: 1.404ms	AVG: 8.093ms	MAX: 47.838ms	TOTAL: 810118.695ms
P99: 16.042ms	P95: 12.816ms	P50: 7.811ms	SD: 2784.434	RATIO: 28.369%
>>>>> PROC: PAYMENT
CALLS: 100576	MIN: 0.458ms	AVG: 7.433ms	MAX: 43.394ms	TOTAL: 747661.790ms
P99: 21.358ms	P95: 16.203ms	P50: 6.812ms	SD: 4437.171	RATIO: 26.182%
>>>>> PROC: DELIVERY
CALLS: 10080	MIN: 4.526ms	AVG: 65.387ms	MAX: 110.184ms	TOTAL: 659102.654ms
P99: 89.107ms	P95: 80.495ms	P50: 65.973ms	SD: 10644.833	RATIO: 23.081%
>>>>> PROC: SLEV
CALLS: 9966	MIN: 0.623ms	AVG: 55.110ms	MAX: 97.466ms	TOTAL: 549227.477ms
P99: 77.248ms	P95: 69.656ms	P50: 55.638ms	SD: 10552.946	RATIO: 19.233%
>>>>> PROC: OSTAT
CALLS: 10110	MIN: 0.355ms	AVG: 8.349ms	MAX: 38.742ms	TOTAL: 84411.999ms
P99: 22.014ms	P95: 17.574ms	P50: 7.622ms	SD: 4520.995	RATIO: 2.956%
+-+-+-+-+-+-+-+-+-+-+-+-+-+-+-+-+-+-+-+-+-+-+-+-+-+-+-+-+-+-+-+-+-+-+-+-+-+
