TRANSACTION RESPONSE TIMES
{
  "NEWORD": {
    "elapsed_ms": "178476.0",
    "calls": "100098",
    "min_ms": "1.404",
    "avg_ms": "8.093",
    "max_ms": "47.838",
    "total_ms": "810118.695",
    "p99_ms": "16.042",
    "p95_ms": "12.816",
    "p50_ms": "7.811",
    "sd": "2784.434",
    "ratio_pct": "28.369"
  },
  "PAYMENT": {
    "elapsed_ms": "178476.0",
    "calls": "100576",
    "min_ms": "0.458",
    "avg_ms": "7.433",
    "max_ms": "43.394",
    "total_ms": "747661.79",
    "p99_ms": "21.358",
    "p95_ms": "16.203",
    "p50_ms": "6.812",
    "sd": "4437.171",
    "ratio_pct": "26.182"
  },
  "DELIVERY": {
    "elapsed_ms": "178476.0",
    "calls": "10080",
    "min_ms": "4.526",
    "avg_ms": "65.387",
    "max_ms": "110.184",
    "total_ms": "659102.654",
    "p99_ms": "89.107",
    "p95_ms": "80.495",
    "p50_ms": "65.973",
    "sd": "10644.833",
    "ratio_pct": "23.081"
  },
  "SLEV": {
    "elapsed_ms": "178476.0",
    "calls": "9966",
    "min_ms": "0.623",
    "avg_ms": "55.11",
    "max_ms": "97.466",
    "total_ms": "549227.477",
    "p99_ms": "77.248",
    "p95_ms": "69.656",
    "p50_ms": "55.638",
    "sd": "10552.946",
    "ratio_pct": "19.233"
  },
  "OSTAT": {
    "elapsed_ms": "178476.0",
    "calls": "10110",
    "min_ms": "0.355",
    "avg_ms": "8.349",
    "max_ms": "38.742",
    "total_ms": "84411.999",
    "p99_ms": "22.014",
    "p95_ms": "17.574",
    "p50_ms": "7.622",
    "sd": "4520.995",
    "ratio_pct": "2.956"
  }
}

TRANSACTION COUNT
{"MariaDB tpm": {
    "2026-04-22 22:50:40": "0",
    "2026-04-22 22:50:50": "27258",
    "2026-04-22 22:51:00": "35940",
    "2026-04-22 22:51:10": "36438",
    "2026-04-22 22:51:20": "37200",
    "2026-04-22 22:51:30": "39084",
    "2026-04-22 22:51:40": "38388",
    "2026-04-22 22:51:50": "38178",
    "2026-04-22 22:52:00": "38418",
    "2026-04-22 22:52:10": "39600",
    "2026-04-22 22:52:20": "39306",
    "2026-04-22 22:52:31": "39018",
    "2026-04-22 22:52:41": "40020",
    "2026-04-22 22:52:51": "39444",
    "2026-04-22 22:53:01": "38496",
    "2026-04-22 22:53:11": "38706",
    "2026-04-22 22:53:21": "38922",
    "2026-04-22 22:53:31": "39330",
    "2026-04-22 22:53:41": "40182"
  }}

HAMMERDB RESULT
[
  "69E934A0AF4B03E243536313",
  "2026-04-22 22:50:40",
  "8 Active Virtual Users configured",
  "TEST RESULT : System achieved 16833 NOPM from 39125 MariaDB TPM"
]

