MariaDB Hammerdb Time Profile Report @ Wed Apr 22 23:08:37 CEST 2026
+-+-+-+-+-+-+-+-+-+-+-+-+-+-+-+-+-+-+-+-+-+-+-+-+-+-+-+-+-+-+-+-+-+-+-+-+-+
>>>>> VIRTUAL USER 2 : ELAPSED TIME : 180278ms
>>>>> PROC: NEWORD
CALLS: 28837	MIN: 0.939ms	AVG: 3.489ms	MAX: 32.259ms	TOTAL: 100621.073ms
P99: 5.579ms	P95: 5.042ms	P50: 3.469ms	SD: 974.359	RATIO: 55.814%
>>>>> PROC: PAYMENT
CALLS: 29116	MIN: 0.424ms	AVG: 1.291ms	MAX: 19.969ms	TOTAL: 37584.909ms
P99: 2.901ms	P95: 2.348ms	P50: 1.219ms	SD: 608.963	RATIO: 20.848%
>>>>> PROC: DELIVERY
CALLS: 2901	MIN: 3.193ms	AVG: 9.562ms	MAX: 19.079ms	TOTAL: 27740.529ms
P99: 17.236ms	P95: 14.888ms	P50: 9.517ms	SD: 3137.052	RATIO: 15.388%
>>>>> PROC: OSTAT
CALLS: 2838	MIN: 0.375ms	AVG: 1.941ms	MAX: 7.439ms	TOTAL: 5508.858ms
P99: 4.058ms	P95: 3.361ms	P50: 1.862ms	SD: 780.829	RATIO: 3.056%
>>>>> PROC: SLEV
CALLS: 2868	MIN: 0.291ms	AVG: 1.784ms	MAX: 21.360ms	TOTAL: 5115.722ms
P99: 8.021ms	P95: 3.769ms	P50: 1.398ms	SD: 1395.249	RATIO: 2.838%
+-+-+-+-+-+-+-+-+-+-+-+-+-+-+-+-+-+-+-+-+-+-+-+-+-+-+-+-+-+-+-+-+-+-+-+-+-+
>>>>> VIRTUAL USER 3 : ELAPSED TIME : 180868ms
>>>>> PROC: NEWORD
CALLS: 29004	MIN: 1.056ms	AVG: 3.489ms	MAX: 26.585ms	TOTAL: 101209.262ms
P99: 5.513ms	P95: 5.043ms	P50: 3.460ms	SD: 962.502	RATIO: 55.958%
>>>>> PROC: PAYMENT
CALLS: 28929	MIN: 0.411ms	AVG: 1.292ms	MAX: 8.985ms	TOTAL: 37389.755ms
P99: 2.910ms	P95: 2.348ms	P50: 1.226ms	SD: 586.006	RATIO: 20.672%
>>>>> PROC: DELIVERY
CALLS: 2837	MIN: 2.948ms	AVG: 9.713ms	MAX: 27.094ms	TOTAL: 27556.003ms
P99: 17.489ms	P95: 15.251ms	P50: 9.648ms	SD: 3288.300	RATIO: 15.235%
>>>>> PROC: OSTAT
CALLS: 2957	MIN: 0.399ms	AVG: 1.979ms	MAX: 6.053ms	TOTAL: 5851.592ms
P99: 3.957ms	P95: 3.389ms	P50: 1.901ms	SD: 776.744	RATIO: 3.235%
>>>>> PROC: SLEV
CALLS: 2833	MIN: 0.296ms	AVG: 1.857ms	MAX: 29.499ms	TOTAL: 5262.049ms
P99: 8.452ms	P95: 4.001ms	P50: 1.435ms	SD: 1445.818	RATIO: 2.909%
+-+-+-+-+-+-+-+-+-+-+-+-+-+-+-+-+-+-+-+-+-+-+-+-+-+-+-+-+-+-+-+-+-+-+-+-+-+
>>>>> VIRTUAL USER 4 : ELAPSED TIME : 178664ms
>>>>> PROC: NEWORD
CALLS: 28232	MIN: 1.262ms	AVG: 3.518ms	MAX: 9.346ms	TOTAL: 99311.177ms
P99: 5.527ms	P95: 5.071ms	P50: 3.497ms	SD: 949.464	RATIO: 55.585%
>>>>> PROC: PAYMENT
CALLS: 28015	MIN: 0.435ms	AVG: 1.312ms	MAX: 7.757ms	TOTAL: 36749.165ms
P99: 2.956ms	P95: 2.397ms	P50: 1.245ms	SD: 593.921	RATIO: 20.569%
>>>>> PROC: DELIVERY
CALLS: 2877	MIN: 3.447ms	AVG: 9.649ms	MAX: 39.549ms	TOTAL: 27759.815ms
P99: 17.416ms	P95: 14.883ms	P50: 9.638ms	SD: 3206.621	RATIO: 15.537%
>>>>> PROC: OSTAT
CALLS: 2797	MIN: 0.404ms	AVG: 2.012ms	MAX: 11.735ms	TOTAL: 5626.252ms
P99: 4.024ms	P95: 3.400ms	P50: 1.902ms	SD: 794.887	RATIO: 3.149%
>>>>> PROC: SLEV
CALLS: 2751	MIN: 0.243ms	AVG: 1.986ms	MAX: 22.790ms	TOTAL: 5463.737ms
P99: 12.680ms	P95: 3.944ms	P50: 1.456ms	SD: 1945.408	RATIO: 3.058%
+-+-+-+-+-+-+-+-+-+-+-+-+-+-+-+-+-+-+-+-+-+-+-+-+-+-+-+-+-+-+-+-+-+-+-+-+-+
>>>>> VIRTUAL USER 5 : ELAPSED TIME : 178150ms
>>>>> PROC: NEWORD
CALLS: 28194	MIN: 1.281ms	AVG: 3.518ms	MAX: 175.619ms	TOTAL: 99194.421ms
P99: 5.567ms	P95: 5.056ms	P50: 3.485ms	SD: 1410.197	RATIO: 55.680%
>>>>> PROC: PAYMENT
CALLS: 28036	MIN: 0.442ms	AVG: 1.313ms	MAX: 16.446ms	TOTAL: 36815.246ms
P99: 2.982ms	P95: 2.381ms	P50: 1.246ms	SD: 659.886	RATIO: 20.665%
>>>>> PROC: DELIVERY
CALLS: 2771	MIN: 3.134ms	AVG: 9.814ms	MAX: 24.650ms	TOTAL: 27195.078ms
P99: 17.874ms	P95: 15.089ms	P50: 9.705ms	SD: 3277.101	RATIO: 15.265%
>>>>> PROC: OSTAT
CALLS: 2904	MIN: 0.415ms	AVG: 1.970ms	MAX: 7.184ms	TOTAL: 5721.349ms
P99: 4.058ms	P95: 3.284ms	P50: 1.897ms	SD: 774.878	RATIO: 3.212%
>>>>> PROC: SLEV
CALLS: 2823	MIN: 0.266ms	AVG: 1.965ms	MAX: 17.583ms	TOTAL: 5546.529ms
P99: 12.176ms	P95: 3.976ms	P50: 1.449ms	SD: 1858.476	RATIO: 3.113%
+-+-+-+-+-+-+-+-+-+-+-+-+-+-+-+-+-+-+-+-+-+-+-+-+-+-+-+-+-+-+-+-+-+-+-+-+-+
>>>>> VIRTUAL USER 6 : ELAPSED TIME : 177728ms
>>>>> PROC: NEWORD
CALLS: 28120	MIN: 1.218ms	AVG: 3.541ms	MAX: 36.284ms	TOTAL: 99584.043ms
P99: 5.635ms	P95: 5.092ms	P50: 3.518ms	SD: 982.603	RATIO: 56.032%
>>>>> PROC: PAYMENT
CALLS: 27403	MIN: 0.465ms	AVG: 1.327ms	MAX: 14.040ms	TOTAL: 36354.441ms
P99: 2.992ms	P95: 2.408ms	P50: 1.259ms	SD: 632.420	RATIO: 20.455%
>>>>> PROC: DELIVERY
CALLS: 2742	MIN: 3.242ms	AVG: 9.768ms	MAX: 25.505ms	TOTAL: 26783.437ms
P99: 17.370ms	P95: 15.006ms	P50: 9.684ms	SD: 3095.778	RATIO: 15.070%
>>>>> PROC: SLEV
CALLS: 2740	MIN: 0.215ms	AVG: 2.073ms	MAX: 20.910ms	TOTAL: 5681.226ms
P99: 13.544ms	P95: 4.376ms	P50: 1.463ms	SD: 2094.930	RATIO: 3.197%
>>>>> PROC: OSTAT
CALLS: 2803	MIN: 0.422ms	AVG: 2.024ms	MAX: 5.072ms	TOTAL: 5673.607ms
P99: 4.085ms	P95: 3.318ms	P50: 1.949ms	SD: 748.380	RATIO: 3.192%
+-+-+-+-+-+-+-+-+-+-+-+-+-+-+-+-+-+-+-+-+-+-+-+-+-+-+-+-+-+-+-+-+-+-+-+-+-+
>>>>> VIRTUAL USER 7 : ELAPSED TIME : 177159ms
>>>>> PROC: NEWORD
CALLS: 28534	MIN: 1.249ms	AVG: 3.483ms	MAX: 175.115ms	TOTAL: 99392.721ms
P99: 5.481ms	P95: 5.010ms	P50: 3.447ms	SD: 1397.193	RATIO: 56.104%
>>>>> PROC: PAYMENT
CALLS: 28379	MIN: 0.444ms	AVG: 1.295ms	MAX: 5.508ms	TOTAL: 36745.278ms
P99: 2.890ms	P95: 2.349ms	P50: 1.234ms	SD: 575.936	RATIO: 20.741%
>>>>> PROC: DELIVERY
CALLS: 2738	MIN: 2.868ms	AVG: 9.666ms	MAX: 18.588ms	TOTAL: 26465.359ms
P99: 16.952ms	P95: 14.916ms	P50: 9.691ms	SD: 3098.585	RATIO: 14.939%
>>>>> PROC: OSTAT
CALLS: 2860	MIN: 0.427ms	AVG: 1.967ms	MAX: 4.814ms	TOTAL: 5626.915ms
P99: 3.930ms	P95: 3.342ms	P50: 1.912ms	SD: 768.272	RATIO: 3.176%
>>>>> PROC: SLEV
CALLS: 2833	MIN: 0.227ms	AVG: 1.886ms	MAX: 21.597ms	TOTAL: 5343.382ms
P99: 11.062ms	P95: 4.130ms	P50: 1.404ms	SD: 1680.321	RATIO: 3.016%
+-+-+-+-+-+-+-+-+-+-+-+-+-+-+-+-+-+-+-+-+-+-+-+-+-+-+-+-+-+-+-+-+-+-+-+-+-+
>>>>> VIRTUAL USER 8 : ELAPSED TIME : 176650ms
>>>>> PROC: NEWORD
CALLS: 28187	MIN: 1.190ms	AVG: 3.486ms	MAX: 29.400ms	TOTAL: 98265.335ms
P99: 5.500ms	P95: 5.012ms	P50: 3.469ms	SD: 949.988	RATIO: 55.627%
>>>>> PROC: PAYMENT
CALLS: 28317	MIN: 0.415ms	AVG: 1.306ms	MAX: 4.194ms	TOTAL: 36974.864ms
P99: 2.976ms	P95: 2.377ms	P50: 1.237ms	SD: 588.151	RATIO: 20.931%
>>>>> PROC: DELIVERY
CALLS: 2721	MIN: 3.261ms	AVG: 9.678ms	MAX: 19.257ms	TOTAL: 26333.952ms
P99: 17.006ms	P95: 14.904ms	P50: 9.651ms	SD: 3120.984	RATIO: 14.907%
>>>>> PROC: SLEV
CALLS: 2875	MIN: 0.261ms	AVG: 1.973ms	MAX: 23.849ms	TOTAL: 5671.257ms
P99: 10.017ms	P95: 4.164ms	P50: 1.448ms	SD: 1801.542	RATIO: 3.210%
>>>>> PROC: OSTAT
CALLS: 2788	MIN: 0.434ms	AVG: 1.998ms	MAX: 5.151ms	TOTAL: 5569.381ms
P99: 4.061ms	P95: 3.377ms	P50: 1.929ms	SD: 767.457	RATIO: 3.153%
+-+-+-+-+-+-+-+-+-+-+-+-+-+-+-+-+-+-+-+-+-+-+-+-+-+-+-+-+-+-+-+-+-+-+-+-+-+
>>>>> VIRTUAL USER 9 : ELAPSED TIME : 177868ms
>>>>> PROC: NEWORD
CALLS: 28311	MIN: 1.159ms	AVG: 3.490ms	MAX: 29.773ms	TOTAL: 98798.858ms
P99: 5.534ms	P95: 5.035ms	P50: 3.462ms	SD: 979.994	RATIO: 55.546%
>>>>> PROC: PAYMENT
CALLS: 28620	MIN: 0.424ms	AVG: 1.292ms	MAX: 4.937ms	TOTAL: 36969.866ms
P99: 2.915ms	P95: 2.365ms	P50: 1.222ms	SD: 580.649	RATIO: 20.785%
>>>>> PROC: DELIVERY
CALLS: 2852	MIN: 3.648ms	AVG: 9.621ms	MAX: 19.148ms	TOTAL: 27440.411ms
P99: 17.411ms	P95: 14.712ms	P50: 9.578ms	SD: 3054.981	RATIO: 15.427%
>>>>> PROC: OSTAT
CALLS: 2919	MIN: 0.428ms	AVG: 1.974ms	MAX: 5.230ms	TOTAL: 5761.896ms
P99: 3.963ms	P95: 3.274ms	P50: 1.904ms	SD: 750.876	RATIO: 3.239%
>>>>> PROC: SLEV
CALLS: 2834	MIN: 0.238ms	AVG: 1.839ms	MAX: 25.807ms	TOTAL: 5210.479ms
P99: 9.010ms	P95: 3.810ms	P50: 1.414ms	SD: 1610.221	RATIO: 2.929%
+-+-+-+-+-+-+-+-+-+-+-+-+-+-+-+-+-+-+-+-+-+-+-+-+-+-+-+-+-+-+-+-+-+-+-+-+-+
>>>>> SUMMARY OF 8 ACTIVE VIRTUAL USERS : MEDIAN ELAPSED TIME : 178009ms
>>>>> PROC: NEWORD
CALLS: 454838	MIN: 0.939ms	AVG: 3.501ms	MAX: 175.619ms	TOTAL: 1592753.057ms
P99: 5.544ms	P95: 5.046ms	P50: 3.476ms	SD: 1092.275	RATIO: 55.922%
>>>>> PROC: PAYMENT
CALLS: 453630	MIN: 0.411ms	AVG: 1.303ms	MAX: 19.969ms	TOTAL: 591166.778ms
P99: 2.938ms	P95: 2.372ms	P50: 1.235ms	SD: 603.727	RATIO: 20.756%
>>>>> PROC: DELIVERY
CALLS: 44878	MIN: 2.868ms	AVG: 9.682ms	MAX: 39.549ms	TOTAL: 434548.959ms
P99: 17.313ms	P95: 14.947ms	P50: 9.640ms	SD: 3161.696	RATIO: 15.257%
>>>>> PROC: OSTAT
CALLS: 45732	MIN: 0.375ms	AVG: 1.982ms	MAX: 11.735ms	TOTAL: 90679.658ms
P99: 4.019ms	P95: 3.347ms	P50: 1.905ms	SD: 770.667	RATIO: 3.184%
>>>>> PROC: SLEV
CALLS: 45114	MIN: 0.215ms	AVG: 1.919ms	MAX: 29.499ms	TOTAL: 86588.730ms
P99: 11.191ms	P95: 4.006ms	P50: 1.434ms	SD: 1742.932	RATIO: 3.040%
+-+-+-+-+-+-+-+-+-+-+-+-+-+-+-+-+-+-+-+-+-+-+-+-+-+-+-+-+-+-+-+-+-+-+-+-+-+
