MariaDB Hammerdb Time Profile Report @ Thu Apr 23 17:42:59 CEST 2026
+-+-+-+-+-+-+-+-+-+-+-+-+-+-+-+-+-+-+-+-+-+-+-+-+-+-+-+-+-+-+-+-+-+-+-+-+-+
>>>>> VIRTUAL USER 2 : ELAPSED TIME : 179700ms
>>>>> PROC: NEWORD
CALLS: 6461	MIN: 1.990ms	AVG: 7.568ms	MAX: 36.403ms	TOTAL: 48896.548ms
P99: 15.586ms	P95: 12.120ms	P50: 7.263ms	SD: 2658.644	RATIO: 27.210%
>>>>> PROC: PAYMENT
CALLS: 6305	MIN: 0.385ms	AVG: 7.526ms	MAX: 41.905ms	TOTAL: 47448.283ms
P99: 21.707ms	P95: 16.448ms	P50: 6.881ms	SD: 4517.920	RATIO: 26.404%
>>>>> PROC: DELIVERY
CALLS: 630	MIN: 6.832ms	AVG: 66.400ms	MAX: 99.493ms	TOTAL: 41831.694ms
P99: 89.258ms	P95: 80.173ms	P50: 66.832ms	SD: 9654.996	RATIO: 23.279%
>>>>> PROC: SLEV
CALLS: 642	MIN: 0.698ms	AVG: 55.931ms	MAX: 91.364ms	TOTAL: 35907.975ms
P99: 77.673ms	P95: 70.726ms	P50: 56.993ms	SD: 11370.485	RATIO: 19.982%
>>>>> PROC: OSTAT
CALLS: 600	MIN: 1.784ms	AVG: 8.038ms	MAX: 28.700ms	TOTAL: 4822.546ms
P99: 22.008ms	P95: 15.344ms	P50: 7.450ms	SD: 4157.083	RATIO: 2.684%
+-+-+-+-+-+-+-+-+-+-+-+-+-+-+-+-+-+-+-+-+-+-+-+-+-+-+-+-+-+-+-+-+-+-+-+-+-+
>>>>> VIRTUAL USER 3 : ELAPSED TIME : 179344ms
>>>>> PROC: NEWORD
CALLS: 6315	MIN: 1.323ms	AVG: 7.654ms	MAX: 41.211ms	TOTAL: 48336.617ms
P99: 15.709ms	P95: 12.112ms	P50: 7.335ms	SD: 2727.193	RATIO: 26.952%
>>>>> PROC: PAYMENT
CALLS: 6241	MIN: 0.428ms	AVG: 7.524ms	MAX: 40.941ms	TOTAL: 46954.278ms
P99: 22.073ms	P95: 16.514ms	P50: 6.877ms	SD: 4585.050	RATIO: 26.181%
>>>>> PROC: DELIVERY
CALLS: 680	MIN: 12.099ms	AVG: 65.039ms	MAX: 93.779ms	TOTAL: 44226.381ms
P99: 88.931ms	P95: 80.082ms	P50: 65.627ms	SD: 10070.623	RATIO: 24.660%
>>>>> PROC: SLEV
CALLS: 615	MIN: 0.850ms	AVG: 54.757ms	MAX: 85.787ms	TOTAL: 33675.388ms
P99: 75.838ms	P95: 69.072ms	P50: 54.920ms	SD: 9841.409	RATIO: 18.777%
>>>>> PROC: OSTAT
CALLS: 613	MIN: 2.174ms	AVG: 8.850ms	MAX: 27.741ms	TOTAL: 5425.028ms
P99: 23.362ms	P95: 17.844ms	P50: 7.941ms	SD: 4729.325	RATIO: 3.025%
+-+-+-+-+-+-+-+-+-+-+-+-+-+-+-+-+-+-+-+-+-+-+-+-+-+-+-+-+-+-+-+-+-+-+-+-+-+
>>>>> VIRTUAL USER 4 : ELAPSED TIME : 179076ms
>>>>> PROC: PAYMENT
CALLS: 6456	MIN: 0.428ms	AVG: 7.456ms	MAX: 34.154ms	TOTAL: 48137.318ms
P99: 21.295ms	P95: 16.560ms	P50: 6.827ms	SD: 4558.385	RATIO: 26.881%
>>>>> PROC: NEWORD
CALLS: 6327	MIN: 1.802ms	AVG: 7.402ms	MAX: 29.290ms	TOTAL: 46832.124ms
P99: 14.941ms	P95: 11.888ms	P50: 7.050ms	SD: 2532.076	RATIO: 26.152%
>>>>> PROC: DELIVERY
CALLS: 680	MIN: 4.892ms	AVG: 64.452ms	MAX: 97.008ms	TOTAL: 43827.367ms
P99: 88.843ms	P95: 79.013ms	P50: 64.597ms	SD: 10024.540	RATIO: 24.474%
>>>>> PROC: SLEV
CALLS: 627	MIN: 0.716ms	AVG: 54.798ms	MAX: 83.276ms	TOTAL: 34358.401ms
P99: 75.612ms	P95: 69.832ms	P50: 55.921ms	SD: 11219.790	RATIO: 19.186%
>>>>> PROC: OSTAT
CALLS: 630	MIN: 0.363ms	AVG: 8.313ms	MAX: 28.812ms	TOTAL: 5237.486ms
P99: 22.247ms	P95: 17.059ms	P50: 7.397ms	SD: 4503.976	RATIO: 2.925%
+-+-+-+-+-+-+-+-+-+-+-+-+-+-+-+-+-+-+-+-+-+-+-+-+-+-+-+-+-+-+-+-+-+-+-+-+-+
>>>>> VIRTUAL USER 5 : ELAPSED TIME : 183077ms
>>>>> PROC: NEWORD
CALLS: 6662	MIN: 1.290ms	AVG: 7.377ms	MAX: 28.078ms	TOTAL: 49143.113ms
P99: 15.414ms	P95: 12.070ms	P50: 7.132ms	SD: 2772.341	RATIO: 26.843%
>>>>> PROC: PAYMENT
CALLS: 6698	MIN: 0.369ms	AVG: 7.270ms	MAX: 37.372ms	TOTAL: 48696.348ms
P99: 21.859ms	P95: 16.037ms	P50: 6.507ms	SD: 4512.529	RATIO: 26.599%
>>>>> PROC: DELIVERY
CALLS: 684	MIN: 4.730ms	AVG: 64.129ms	MAX: 98.118ms	TOTAL: 43864.479ms
P99: 86.627ms	P95: 79.912ms	P50: 66.312ms	SD: 13556.541	RATIO: 23.960%
>>>>> PROC: SLEV
CALLS: 622	MIN: 0.631ms	AVG: 55.799ms	MAX: 94.633ms	TOTAL: 34707.026ms
P99: 79.599ms	P95: 70.603ms	P50: 57.301ms	SD: 12961.520	RATIO: 18.958%
>>>>> PROC: OSTAT
CALLS: 694	MIN: 0.750ms	AVG: 8.461ms	MAX: 31.337ms	TOTAL: 5872.149ms
P99: 24.651ms	P95: 18.116ms	P50: 7.774ms	SD: 4821.512	RATIO: 3.207%
+-+-+-+-+-+-+-+-+-+-+-+-+-+-+-+-+-+-+-+-+-+-+-+-+-+-+-+-+-+-+-+-+-+-+-+-+-+
>>>>> VIRTUAL USER 6 : ELAPSED TIME : 177683ms
>>>>> PROC: NEWORD
CALLS: 6378	MIN: 1.840ms	AVG: 7.607ms	MAX: 34.250ms	TOTAL: 48515.274ms
P99: 15.187ms	P95: 12.166ms	P50: 7.260ms	SD: 2644.764	RATIO: 27.304%
>>>>> PROC: PAYMENT
CALLS: 6273	MIN: 0.398ms	AVG: 7.532ms	MAX: 32.708ms	TOTAL: 47248.526ms
P99: 21.644ms	P95: 16.651ms	P50: 6.886ms	SD: 4566.696	RATIO: 26.591%
>>>>> PROC: DELIVERY
CALLS: 583	MIN: 8.175ms	AVG: 67.841ms	MAX: 98.386ms	TOTAL: 39551.185ms
P99: 93.163ms	P95: 82.023ms	P50: 67.603ms	SD: 8678.018	RATIO: 22.259%
>>>>> PROC: SLEV
CALLS: 637	MIN: 0.730ms	AVG: 56.179ms	MAX: 91.512ms	TOTAL: 35785.808ms
P99: 79.231ms	P95: 72.002ms	P50: 55.906ms	SD: 9665.426	RATIO: 20.140%
>>>>> PROC: OSTAT
CALLS: 649	MIN: 0.525ms	AVG: 8.848ms	MAX: 29.013ms	TOTAL: 5742.378ms
P99: 23.685ms	P95: 17.891ms	P50: 8.117ms	SD: 4816.329	RATIO: 3.232%
+-+-+-+-+-+-+-+-+-+-+-+-+-+-+-+-+-+-+-+-+-+-+-+-+-+-+-+-+-+-+-+-+-+-+-+-+-+
>>>>> VIRTUAL USER 7 : ELAPSED TIME : 177258ms
>>>>> PROC: NEWORD
CALLS: 6246	MIN: 1.659ms	AVG: 7.554ms	MAX: 64.028ms	TOTAL: 47183.643ms
P99: 15.740ms	P95: 12.060ms	P50: 7.197ms	SD: 2770.695	RATIO: 26.619%
>>>>> PROC: PAYMENT
CALLS: 6046	MIN: 0.371ms	AVG: 7.454ms	MAX: 39.023ms	TOTAL: 45065.247ms
P99: 21.774ms	P95: 16.535ms	P50: 6.671ms	SD: 4545.636	RATIO: 25.424%
>>>>> PROC: DELIVERY
CALLS: 629	MIN: 13.181ms	AVG: 66.970ms	MAX: 96.677ms	TOTAL: 42124.301ms
P99: 91.150ms	P95: 81.947ms	P50: 66.634ms	SD: 8839.208	RATIO: 23.764%
>>>>> PROC: SLEV
CALLS: 665	MIN: 0.703ms	AVG: 55.692ms	MAX: 84.239ms	TOTAL: 37034.902ms
P99: 77.845ms	P95: 69.491ms	P50: 55.892ms	SD: 10824.883	RATIO: 20.893%
>>>>> PROC: OSTAT
CALLS: 622	MIN: 0.730ms	AVG: 8.345ms	MAX: 25.461ms	TOTAL: 5190.871ms
P99: 22.456ms	P95: 16.952ms	P50: 7.713ms	SD: 4388.155	RATIO: 2.928%
+-+-+-+-+-+-+-+-+-+-+-+-+-+-+-+-+-+-+-+-+-+-+-+-+-+-+-+-+-+-+-+-+-+-+-+-+-+
>>>>> VIRTUAL USER 8 : ELAPSED TIME : 181834ms
>>>>> PROC: NEWORD
CALLS: 6789	MIN: 1.251ms	AVG: 7.335ms	MAX: 70.930ms	TOTAL: 49799.667ms
P99: 15.263ms	P95: 12.024ms	P50: 7.067ms	SD: 2849.402	RATIO: 27.387%
>>>>> PROC: PAYMENT
CALLS: 6627	MIN: 0.400ms	AVG: 7.353ms	MAX: 33.325ms	TOTAL: 48730.933ms
P99: 21.703ms	P95: 16.353ms	P50: 6.507ms	SD: 4588.303	RATIO: 26.800%
>>>>> PROC: DELIVERY
CALLS: 646	MIN: 4.877ms	AVG: 63.733ms	MAX: 97.322ms	TOTAL: 41171.782ms
P99: 87.404ms	P95: 80.605ms	P50: 66.087ms	SD: 14115.499	RATIO: 22.643%
>>>>> PROC: SLEV
CALLS: 654	MIN: 0.811ms	AVG: 54.919ms	MAX: 90.214ms	TOTAL: 35917.052ms
P99: 79.682ms	P95: 71.167ms	P50: 56.227ms	SD: 12538.671	RATIO: 19.753%
>>>>> PROC: OSTAT
CALLS: 644	MIN: 1.136ms	AVG: 8.368ms	MAX: 29.772ms	TOTAL: 5389.166ms
P99: 23.697ms	P95: 17.629ms	P50: 7.587ms	SD: 4701.309	RATIO: 2.964%
+-+-+-+-+-+-+-+-+-+-+-+-+-+-+-+-+-+-+-+-+-+-+-+-+-+-+-+-+-+-+-+-+-+-+-+-+-+
>>>>> VIRTUAL USER 9 : ELAPSED TIME : 176281ms
>>>>> PROC: NEWORD
CALLS: 6185	MIN: 1.829ms	AVG: 7.728ms	MAX: 41.323ms	TOTAL: 47798.516ms
P99: 16.251ms	P95: 12.398ms	P50: 7.391ms	SD: 2746.927	RATIO: 27.115%
>>>>> PROC: PAYMENT
CALLS: 6017	MIN: 0.397ms	AVG: 7.466ms	MAX: 41.946ms	TOTAL: 44920.422ms
P99: 21.723ms	P95: 16.368ms	P50: 6.767ms	SD: 4539.550	RATIO: 25.482%
>>>>> PROC: DELIVERY
CALLS: 600	MIN: 11.157ms	AVG: 66.760ms	MAX: 99.181ms	TOTAL: 40056.082ms
P99: 86.540ms	P95: 81.749ms	P50: 66.509ms	SD: 8737.343	RATIO: 22.723%
>>>>> PROC: SLEV
CALLS: 645	MIN: 4.755ms	AVG: 58.239ms	MAX: 84.552ms	TOTAL: 37564.283ms
P99: 80.701ms	P95: 72.890ms	P50: 57.922ms	SD: 8874.859	RATIO: 21.309%
>>>>> PROC: OSTAT
CALLS: 633	MIN: 1.934ms	AVG: 8.285ms	MAX: 26.870ms	TOTAL: 5244.472ms
P99: 22.143ms	P95: 16.134ms	P50: 7.456ms	SD: 4399.775	RATIO: 2.975%
+-+-+-+-+-+-+-+-+-+-+-+-+-+-+-+-+-+-+-+-+-+-+-+-+-+-+-+-+-+-+-+-+-+-+-+-+-+
>>>>> SUMMARY OF 8 ACTIVE VIRTUAL USERS : MEDIAN ELAPSED TIME : 179210ms
>>>>> PROC: NEWORD
CALLS: 102726	MIN: 1.251ms	AVG: 7.524ms	MAX: 70.930ms	TOTAL: 773011.144ms
P99: 15.499ms	P95: 12.100ms	P50: 7.212ms	SD: 2718.586	RATIO: 26.959%
>>>>> PROC: PAYMENT
CALLS: 101326	MIN: 0.369ms	AVG: 7.445ms	MAX: 41.946ms	TOTAL: 754402.851ms
P99: 21.737ms	P95: 16.454ms	P50: 6.747ms	SD: 4552.344	RATIO: 26.310%
>>>>> PROC: DELIVERY
CALLS: 10264	MIN: 4.730ms	AVG: 65.598ms	MAX: 99.493ms	TOTAL: 673306.644ms
P99: 88.777ms	P95: 80.605ms	P50: 66.263ms	SD: 10800.111	RATIO: 23.482%
>>>>> PROC: SLEV
CALLS: 10214	MIN: 0.631ms	AVG: 55.796ms	MAX: 94.633ms	TOTAL: 569901.757ms
P99: 78.644ms	P95: 70.741ms	P50: 56.408ms	SD: 11035.095	RATIO: 19.875%
>>>>> PROC: OSTAT
CALLS: 10170	MIN: 0.363ms	AVG: 8.441ms	MAX: 31.337ms	TOTAL: 85848.206ms
P99: 23.010ms	P95: 17.576ms	P50: 7.678ms	SD: 4580.721	RATIO: 2.994%
+-+-+-+-+-+-+-+-+-+-+-+-+-+-+-+-+-+-+-+-+-+-+-+-+-+-+-+-+-+-+-+-+-+-+-+-+-+
