HammerDB CLI v5.0
Copyright © HammerDB Ltd hosted by tpc.org 2019-2025
Type "help" for a list of commands
Initialized Jobs on-disk database /root/hammerdb_logs_20260416_182002/hammerdb_tmp/hammer.DB using existing tables (364,544 bytes)
TRANSACTION RESPONSE TIMES
{
  "NEWORD": {
    "elapsed_ms": "178181.5",
    "calls": "422940",
    "min_ms": "1.199",
    "avg_ms": "3.723",
    "max_ms": "201.494",
    "total_ms": "1574801.793",
    "p99_ms": "5.89",
    "p95_ms": "5.364",
    "p50_ms": "3.696",
    "sd": "1109.147",
    "ratio_pct": "55.239"
  },
  "PAYMENT": {
    "elapsed_ms": "178181.5",
    "calls": "421692",
    "min_ms": "0.413",
    "avg_ms": "1.437",
    "max_ms": "33.636",
    "total_ms": "606352.333",
    "p99_ms": "3.23",
    "p95_ms": "2.603",
    "p50_ms": "1.378",
    "sd": "674.965",
    "ratio_pct": "21.269"
  },
  "DELIVERY": {
    "elapsed_ms": "178181.5",
    "calls": "42136",
    "min_ms": "3.095",
    "avg_ms": "10.28",
    "max_ms": "65.217",
    "total_ms": "433174.958",
    "p99_ms": "16.878",
    "p95_ms": "15.185",
    "p50_ms": "10.369",
    "sd": "3136.97",
    "ratio_pct": "15.194"
  },
  "SLEV": {
    "elapsed_ms": "178181.5",
    "calls": "42722",
    "min_ms": "0.24",
    "avg_ms": "2.147",
    "max_ms": "38.764",
    "total_ms": "91739.201",
    "p99_ms": "11.288",
    "p95_ms": "3.748",
    "p50_ms": "1.779",
    "sd": "1823.419",
    "ratio_pct": "3.218"
  },
  "OSTAT": {
    "elapsed_ms": "178181.5",
    "calls": "41790",
    "min_ms": "0.396",
    "avg_ms": "2.146",
    "max_ms": "9.797",
    "total_ms": "89709.942",
    "p99_ms": "4.401",
    "p95_ms": "3.689",
    "p50_ms": "2.063",
    "sd": "873.099",
    "ratio_pct": "3.147"
  }
}

TRANSACTION COUNT
{"MariaDB tpm": {
    "2026-04-16 18:22:46": "0",
    "2026-04-16 18:22:56": "124872",
    "2026-04-16 18:23:06": "171402",
    "2026-04-16 18:23:16": "176058",
    "2026-04-16 18:23:26": "164940",
    "2026-04-16 18:23:36": "167730",
    "2026-04-16 18:23:46": "172464",
    "2026-04-16 18:23:56": "159750",
    "2026-04-16 18:24:06": "163146",
    "2026-04-16 18:24:16": "165360",
    "2026-04-16 18:24:26": "159894",
    "2026-04-16 18:24:36": "165222",
    "2026-04-16 18:24:46": "161442",
    "2026-04-16 18:24:56": "155154",
    "2026-04-16 18:25:06": "165456",
    "2026-04-16 18:25:16": "161790",
    "2026-04-16 18:25:26": "151896",
    "2026-04-16 18:25:36": "159870",
    "2026-04-16 18:25:46": "161082"
  }}

HAMMERDB RESULT
[
  "69E10CD63E2303E233933373",
  "2026-04-16 18:22:46",
  "8 Active Virtual Users configured",
  "TEST RESULT : System achieved 69320 NOPM from 160779 MariaDB TPM"
]


