MariaDB Hammerdb Time Profile Report @ Wed Apr 22 22:18:30 CEST 2026
+-+-+-+-+-+-+-+-+-+-+-+-+-+-+-+-+-+-+-+-+-+-+-+-+-+-+-+-+-+-+-+-+-+-+-+-+-+
>>>>> VIRTUAL USER 2 : ELAPSED TIME : 181925ms
>>>>> PROC: NEWORD
CALLS: 16646	MIN: 1.133ms	AVG: 4.878ms	MAX: 38.871ms	TOTAL: 81203.021ms
P99: 8.404ms	P95: 7.368ms	P50: 4.785ms	SD: 1487.067	RATIO: 44.635%
>>>>> PROC: PAYMENT
CALLS: 16318	MIN: 0.462ms	AVG: 3.592ms	MAX: 11.989ms	TOTAL: 58616.472ms
P99: 7.546ms	P95: 6.628ms	P50: 4.477ms	SD: 2228.338	RATIO: 32.220%
>>>>> PROC: DELIVERY
CALLS: 1629	MIN: 4.179ms	AVG: 13.360ms	MAX: 29.289ms	TOTAL: 21764.217ms
P99: 24.059ms	P95: 21.152ms	P50: 13.368ms	SD: 4650.683	RATIO: 11.963%
>>>>> PROC: OSTAT
CALLS: 1697	MIN: 0.548ms	AVG: 6.206ms	MAX: 14.872ms	TOTAL: 10530.865ms
P99: 12.274ms	P95: 10.967ms	P50: 5.844ms	SD: 3071.483	RATIO: 5.789%
>>>>> PROC: SLEV
CALLS: 1598	MIN: 0.365ms	AVG: 4.378ms	MAX: 26.688ms	TOTAL: 6996.738ms
P99: 19.037ms	P95: 7.821ms	P50: 3.620ms	SD: 2867.560	RATIO: 3.846%
+-+-+-+-+-+-+-+-+-+-+-+-+-+-+-+-+-+-+-+-+-+-+-+-+-+-+-+-+-+-+-+-+-+-+-+-+-+
>>>>> VIRTUAL USER 3 : ELAPSED TIME : 179345ms
>>>>> PROC: NEWORD
CALLS: 16552	MIN: 1.552ms	AVG: 4.821ms	MAX: 228.640ms	TOTAL: 79804.964ms
P99: 8.493ms	P95: 7.288ms	P50: 4.713ms	SD: 2264.884	RATIO: 44.498%
>>>>> PROC: PAYMENT
CALLS: 16909	MIN: 0.458ms	AVG: 3.481ms	MAX: 33.547ms	TOTAL: 58860.160ms
P99: 7.326ms	P95: 6.402ms	P50: 4.283ms	SD: 2142.545	RATIO: 32.820%
>>>>> PROC: DELIVERY
CALLS: 1607	MIN: 3.536ms	AVG: 13.210ms	MAX: 28.018ms	TOTAL: 21227.748ms
P99: 24.135ms	P95: 20.970ms	P50: 12.974ms	SD: 4665.160	RATIO: 11.836%
>>>>> PROC: OSTAT
CALLS: 1661	MIN: 0.543ms	AVG: 5.898ms	MAX: 14.149ms	TOTAL: 9796.886ms
P99: 11.931ms	P95: 10.494ms	P50: 5.595ms	SD: 2936.037	RATIO: 5.463%
>>>>> PROC: SLEV
CALLS: 1671	MIN: 0.309ms	AVG: 4.114ms	MAX: 26.602ms	TOTAL: 6875.060ms
P99: 18.733ms	P95: 7.416ms	P50: 3.414ms	SD: 2716.280	RATIO: 3.833%
+-+-+-+-+-+-+-+-+-+-+-+-+-+-+-+-+-+-+-+-+-+-+-+-+-+-+-+-+-+-+-+-+-+-+-+-+-+
>>>>> VIRTUAL USER 4 : ELAPSED TIME : 179031ms
>>>>> PROC: NEWORD
CALLS: 16357	MIN: 1.558ms	AVG: 4.867ms	MAX: 12.092ms	TOTAL: 79612.170ms
P99: 8.672ms	P95: 7.392ms	P50: 4.778ms	SD: 1463.767	RATIO: 44.468%
>>>>> PROC: PAYMENT
CALLS: 16607	MIN: 0.444ms	AVG: 3.504ms	MAX: 28.803ms	TOTAL: 58185.341ms
P99: 7.369ms	P95: 6.438ms	P50: 4.282ms	SD: 2147.624	RATIO: 32.500%
>>>>> PROC: DELIVERY
CALLS: 1645	MIN: 4.025ms	AVG: 13.198ms	MAX: 140.998ms	TOTAL: 21710.358ms
P99: 24.951ms	P95: 21.455ms	P50: 13.028ms	SD: 5681.045	RATIO: 12.127%
>>>>> PROC: OSTAT
CALLS: 1643	MIN: 0.484ms	AVG: 5.919ms	MAX: 13.921ms	TOTAL: 9724.903ms
P99: 11.719ms	P95: 10.586ms	P50: 5.582ms	SD: 2943.919	RATIO: 5.432%
>>>>> PROC: SLEV
CALLS: 1636	MIN: 0.351ms	AVG: 4.318ms	MAX: 39.015ms	TOTAL: 7064.434ms
P99: 21.138ms	P95: 7.999ms	P50: 3.467ms	SD: 3231.430	RATIO: 3.946%
+-+-+-+-+-+-+-+-+-+-+-+-+-+-+-+-+-+-+-+-+-+-+-+-+-+-+-+-+-+-+-+-+-+-+-+-+-+
>>>>> VIRTUAL USER 5 : ELAPSED TIME : 179798ms
>>>>> PROC: NEWORD
CALLS: 16568	MIN: 1.673ms	AVG: 4.887ms	MAX: 157.026ms	TOTAL: 80974.663ms
P99: 8.468ms	P95: 7.312ms	P50: 4.801ms	SD: 1865.091	RATIO: 45.036%
>>>>> PROC: PAYMENT
CALLS: 16382	MIN: 0.471ms	AVG: 3.468ms	MAX: 15.438ms	TOTAL: 56815.806ms
P99: 7.329ms	P95: 6.385ms	P50: 4.274ms	SD: 2138.869	RATIO: 31.600%
>>>>> PROC: DELIVERY
CALLS: 1685	MIN: 3.806ms	AVG: 13.396ms	MAX: 28.392ms	TOTAL: 22571.474ms
P99: 24.118ms	P95: 21.215ms	P50: 13.298ms	SD: 4628.818	RATIO: 12.554%
>>>>> PROC: OSTAT
CALLS: 1581	MIN: 0.572ms	AVG: 5.996ms	MAX: 14.058ms	TOTAL: 9478.933ms
P99: 11.938ms	P95: 10.687ms	P50: 5.699ms	SD: 2950.701	RATIO: 5.272%
>>>>> PROC: SLEV
CALLS: 1672	MIN: 0.398ms	AVG: 4.321ms	MAX: 28.449ms	TOTAL: 7224.728ms
P99: 21.471ms	P95: 7.810ms	P50: 3.455ms	SD: 3233.048	RATIO: 4.018%
+-+-+-+-+-+-+-+-+-+-+-+-+-+-+-+-+-+-+-+-+-+-+-+-+-+-+-+-+-+-+-+-+-+-+-+-+-+
>>>>> VIRTUAL USER 6 : ELAPSED TIME : 180365ms
>>>>> PROC: NEWORD
CALLS: 16515	MIN: 1.572ms	AVG: 4.818ms	MAX: 34.342ms	TOTAL: 79566.259ms
P99: 8.305ms	P95: 7.233ms	P50: 4.743ms	SD: 1422.890	RATIO: 44.114%
>>>>> PROC: PAYMENT
CALLS: 16399	MIN: 0.467ms	AVG: 3.552ms	MAX: 12.553ms	TOTAL: 58247.831ms
P99: 7.398ms	P95: 6.536ms	P50: 4.411ms	SD: 2197.469	RATIO: 32.294%
>>>>> PROC: DELIVERY
CALLS: 1660	MIN: 4.121ms	AVG: 13.138ms	MAX: 26.230ms	TOTAL: 21809.881ms
P99: 24.119ms	P95: 21.049ms	P50: 13.140ms	SD: 4686.346	RATIO: 12.092%
>>>>> PROC: OSTAT
CALLS: 1637	MIN: 0.504ms	AVG: 6.252ms	MAX: 14.302ms	TOTAL: 10234.931ms
P99: 12.123ms	P95: 10.944ms	P50: 5.895ms	SD: 3062.960	RATIO: 5.675%
>>>>> PROC: SLEV
CALLS: 1677	MIN: 0.321ms	AVG: 4.611ms	MAX: 36.363ms	TOTAL: 7732.745ms
P99: 21.918ms	P95: 8.992ms	P50: 3.641ms	SD: 3602.170	RATIO: 4.287%
+-+-+-+-+-+-+-+-+-+-+-+-+-+-+-+-+-+-+-+-+-+-+-+-+-+-+-+-+-+-+-+-+-+-+-+-+-+
>>>>> VIRTUAL USER 7 : ELAPSED TIME : 177779ms
>>>>> PROC: NEWORD
CALLS: 15999	MIN: 1.311ms	AVG: 4.901ms	MAX: 148.342ms	TOTAL: 78407.613ms
P99: 8.347ms	P95: 7.282ms	P50: 4.811ms	SD: 2132.904	RATIO: 44.104%
>>>>> PROC: PAYMENT
CALLS: 16119	MIN: 0.479ms	AVG: 3.621ms	MAX: 38.394ms	TOTAL: 58374.565ms
P99: 7.434ms	P95: 6.571ms	P50: 4.533ms	SD: 2228.215	RATIO: 32.835%
>>>>> PROC: DELIVERY
CALLS: 1584	MIN: 4.320ms	AVG: 13.562ms	MAX: 28.185ms	TOTAL: 21481.602ms
P99: 24.002ms	P95: 21.552ms	P50: 13.589ms	SD: 4688.128	RATIO: 12.083%
>>>>> PROC: OSTAT
CALLS: 1581	MIN: 0.548ms	AVG: 6.238ms	MAX: 14.439ms	TOTAL: 9861.540ms
P99: 12.164ms	P95: 11.100ms	P50: 5.870ms	SD: 3101.596	RATIO: 5.547%
>>>>> PROC: SLEV
CALLS: 1581	MIN: 0.336ms	AVG: 4.406ms	MAX: 31.511ms	TOTAL: 6965.340ms
P99: 19.937ms	P95: 7.955ms	P50: 3.638ms	SD: 3017.666	RATIO: 3.918%
+-+-+-+-+-+-+-+-+-+-+-+-+-+-+-+-+-+-+-+-+-+-+-+-+-+-+-+-+-+-+-+-+-+-+-+-+-+
>>>>> VIRTUAL USER 8 : ELAPSED TIME : 176662ms
>>>>> PROC: NEWORD
CALLS: 16262	MIN: 1.606ms	AVG: 4.816ms	MAX: 10.758ms	TOTAL: 78313.765ms
P99: 8.262ms	P95: 7.184ms	P50: 4.740ms	SD: 1399.895	RATIO: 44.330%
>>>>> PROC: PAYMENT
CALLS: 16500	MIN: 0.505ms	AVG: 3.479ms	MAX: 30.724ms	TOTAL: 57400.097ms
P99: 7.205ms	P95: 6.336ms	P50: 4.293ms	SD: 2116.628	RATIO: 32.491%
>>>>> PROC: DELIVERY
CALLS: 1659	MIN: 4.465ms	AVG: 13.143ms	MAX: 158.137ms	TOTAL: 21804.260ms
P99: 24.176ms	P95: 21.172ms	P50: 12.945ms	SD: 5951.828	RATIO: 12.342%
>>>>> PROC: OSTAT
CALLS: 1589	MIN: 0.511ms	AVG: 5.913ms	MAX: 13.255ms	TOTAL: 9395.818ms
P99: 11.714ms	P95: 10.415ms	P50: 5.657ms	SD: 2896.515	RATIO: 5.319%
>>>>> PROC: SLEV
CALLS: 1686	MIN: 0.397ms	AVG: 4.152ms	MAX: 30.675ms	TOTAL: 7000.940ms
P99: 17.600ms	P95: 7.383ms	P50: 3.459ms	SD: 2730.760	RATIO: 3.963%
+-+-+-+-+-+-+-+-+-+-+-+-+-+-+-+-+-+-+-+-+-+-+-+-+-+-+-+-+-+-+-+-+-+-+-+-+-+
>>>>> VIRTUAL USER 9 : ELAPSED TIME : 176180ms
>>>>> PROC: NEWORD
CALLS: 15878	MIN: 1.435ms	AVG: 4.919ms	MAX: 12.571ms	TOTAL: 78104.004ms
P99: 8.407ms	P95: 7.334ms	P50: 4.849ms	SD: 1417.607	RATIO: 44.332%
>>>>> PROC: PAYMENT
CALLS: 15881	MIN: 0.518ms	AVG: 3.625ms	MAX: 40.678ms	TOTAL: 57572.059ms
P99: 7.526ms	P95: 6.616ms	P50: 4.536ms	SD: 2254.154	RATIO: 32.678%
>>>>> PROC: DELIVERY
CALLS: 1516	MIN: 4.076ms	AVG: 13.535ms	MAX: 156.096ms	TOTAL: 20519.067ms
P99: 23.918ms	P95: 20.953ms	P50: 13.355ms	SD: 5902.158	RATIO: 11.647%
>>>>> PROC: OSTAT
CALLS: 1639	MIN: 0.495ms	AVG: 6.291ms	MAX: 15.112ms	TOTAL: 10311.524ms
P99: 11.967ms	P95: 10.991ms	P50: 5.950ms	SD: 3089.390	RATIO: 5.853%
>>>>> PROC: SLEV
CALLS: 1558	MIN: 0.343ms	AVG: 4.489ms	MAX: 36.164ms	TOTAL: 6993.676ms
P99: 23.565ms	P95: 8.094ms	P50: 3.602ms	SD: 3621.070	RATIO: 3.970%
+-+-+-+-+-+-+-+-+-+-+-+-+-+-+-+-+-+-+-+-+-+-+-+-+-+-+-+-+-+-+-+-+-+-+-+-+-+
>>>>> SUMMARY OF 8 ACTIVE VIRTUAL USERS : MEDIAN ELAPSED TIME : 179188ms
>>>>> PROC: NEWORD
CALLS: 261554	MIN: 1.133ms	AVG: 4.863ms	MAX: 228.640ms	TOTAL: 1271972.630ms
P99: 8.412ms	P95: 7.297ms	P50: 4.777ms	SD: 1714.806	RATIO: 44.366%
>>>>> PROC: PAYMENT
CALLS: 262230	MIN: 0.444ms	AVG: 3.539ms	MAX: 40.678ms	TOTAL: 928144.462ms
P99: 7.408ms	P95: 6.499ms	P50: 4.377ms	SD: 2182.399	RATIO: 32.373%
>>>>> PROC: DELIVERY
CALLS: 25970	MIN: 3.536ms	AVG: 13.314ms	MAX: 158.137ms	TOTAL: 345777.139ms
P99: 24.172ms	P95: 21.223ms	P50: 13.221ms	SD: 5134.906	RATIO: 12.061%
>>>>> PROC: OSTAT
CALLS: 26056	MIN: 0.484ms	AVG: 6.089ms	MAX: 15.112ms	TOTAL: 158670.763ms
P99: 12.003ms	P95: 10.833ms	P50: 5.767ms	SD: 3011.411	RATIO: 5.534%
>>>>> PROC: SLEV
CALLS: 26158	MIN: 0.309ms	AVG: 4.346ms	MAX: 39.015ms	TOTAL: 113707.297ms
P99: 21.041ms	P95: 7.899ms	P50: 3.543ms	SD: 3145.740	RATIO: 3.966%
+-+-+-+-+-+-+-+-+-+-+-+-+-+-+-+-+-+-+-+-+-+-+-+-+-+-+-+-+-+-+-+-+-+-+-+-+-+
