MariaDB Hammerdb Time Profile Report @ Wed Apr 22 22:43:01 CEST 2026
+-+-+-+-+-+-+-+-+-+-+-+-+-+-+-+-+-+-+-+-+-+-+-+-+-+-+-+-+-+-+-+-+-+-+-+-+-+
>>>>> VIRTUAL USER 2 : ELAPSED TIME : 184876ms
>>>>> PROC: NEWORD
CALLS: 6598	MIN: 1.665ms	AVG: 7.955ms	MAX: 50.146ms	TOTAL: 52490.124ms
P99: 16.315ms	P95: 12.854ms	P50: 7.621ms	SD: 2927.775	RATIO: 28.392%
>>>>> PROC: PAYMENT
CALLS: 6742	MIN: 0.484ms	AVG: 7.263ms	MAX: 31.433ms	TOTAL: 48967.464ms
P99: 21.218ms	P95: 16.204ms	P50: 6.513ms	SD: 4484.170	RATIO: 26.487%
>>>>> PROC: DELIVERY
CALLS: 683	MIN: 4.364ms	AVG: 62.259ms	MAX: 97.313ms	TOTAL: 42523.151ms
P99: 87.189ms	P95: 77.538ms	P50: 64.319ms	SD: 13586.839	RATIO: 23.001%
>>>>> PROC: SLEV
CALLS: 639	MIN: 0.764ms	AVG: 53.726ms	MAX: 89.651ms	TOTAL: 34331.113ms
P99: 79.943ms	P95: 69.196ms	P50: 54.914ms	SD: 11533.145	RATIO: 18.570%
>>>>> PROC: OSTAT
CALLS: 698	MIN: 0.639ms	AVG: 8.212ms	MAX: 28.861ms	TOTAL: 5732.117ms
P99: 23.977ms	P95: 17.275ms	P50: 7.328ms	SD: 4663.298	RATIO: 3.101%
+-+-+-+-+-+-+-+-+-+-+-+-+-+-+-+-+-+-+-+-+-+-+-+-+-+-+-+-+-+-+-+-+-+-+-+-+-+
>>>>> VIRTUAL USER 3 : ELAPSED TIME : 184605ms
>>>>> PROC: NEWORD
CALLS: 6652	MIN: 1.613ms	AVG: 8.000ms	MAX: 55.716ms	TOTAL: 53218.031ms
P99: 16.246ms	P95: 12.828ms	P50: 7.758ms	SD: 2919.443	RATIO: 28.828%
>>>>> PROC: PAYMENT
CALLS: 6721	MIN: 0.487ms	AVG: 7.282ms	MAX: 36.783ms	TOTAL: 48944.689ms
P99: 21.323ms	P95: 16.196ms	P50: 6.612ms	SD: 4477.119	RATIO: 26.513%
>>>>> PROC: DELIVERY
CALLS: 671	MIN: 4.983ms	AVG: 63.299ms	MAX: 98.058ms	TOTAL: 42473.382ms
P99: 87.414ms	P95: 78.599ms	P50: 65.005ms	SD: 12183.621	RATIO: 23.008%
>>>>> PROC: SLEV
CALLS: 611	MIN: 0.796ms	AVG: 54.850ms	MAX: 89.650ms	TOTAL: 33513.370ms
P99: 76.753ms	P95: 69.298ms	P50: 56.576ms	SD: 12059.786	RATIO: 18.154%
>>>>> PROC: OSTAT
CALLS: 705	MIN: 1.388ms	AVG: 7.932ms	MAX: 27.588ms	TOTAL: 5592.383ms
P99: 21.665ms	P95: 16.474ms	P50: 7.003ms	SD: 4385.297	RATIO: 3.029%
+-+-+-+-+-+-+-+-+-+-+-+-+-+-+-+-+-+-+-+-+-+-+-+-+-+-+-+-+-+-+-+-+-+-+-+-+-+
>>>>> VIRTUAL USER 4 : ELAPSED TIME : 179988ms
>>>>> PROC: NEWORD
CALLS: 6347	MIN: 2.245ms	AVG: 8.187ms	MAX: 38.868ms	TOTAL: 51965.276ms
P99: 16.335ms	P95: 13.084ms	P50: 7.893ms	SD: 2807.124	RATIO: 28.872%
>>>>> PROC: PAYMENT
CALLS: 6346	MIN: 0.524ms	AVG: 7.433ms	MAX: 34.966ms	TOTAL: 47171.264ms
P99: 21.341ms	P95: 16.091ms	P50: 6.749ms	SD: 4430.967	RATIO: 26.208%
>>>>> PROC: DELIVERY
CALLS: 619	MIN: 14.483ms	AVG: 65.661ms	MAX: 95.946ms	TOTAL: 40644.216ms
P99: 87.554ms	P95: 80.188ms	P50: 66.001ms	SD: 9147.643	RATIO: 22.582%
>>>>> PROC: SLEV
CALLS: 633	MIN: 0.788ms	AVG: 53.856ms	MAX: 84.893ms	TOTAL: 34090.586ms
P99: 76.814ms	P95: 67.904ms	P50: 54.570ms	SD: 10650.194	RATIO: 18.940%
>>>>> PROC: OSTAT
CALLS: 647	MIN: 0.603ms	AVG: 8.337ms	MAX: 24.686ms	TOTAL: 5393.850ms
P99: 22.953ms	P95: 17.410ms	P50: 7.402ms	SD: 4404.790	RATIO: 2.997%
+-+-+-+-+-+-+-+-+-+-+-+-+-+-+-+-+-+-+-+-+-+-+-+-+-+-+-+-+-+-+-+-+-+-+-+-+-+
>>>>> VIRTUAL USER 5 : ELAPSED TIME : 178223ms
>>>>> PROC: NEWORD
CALLS: 6231	MIN: 2.095ms	AVG: 8.092ms	MAX: 40.559ms	TOTAL: 50420.748ms
P99: 16.162ms	P95: 13.083ms	P50: 7.807ms	SD: 2809.481	RATIO: 28.291%
>>>>> PROC: PAYMENT
CALLS: 6265	MIN: 0.493ms	AVG: 7.367ms	MAX: 33.025ms	TOTAL: 46153.000ms
P99: 21.943ms	P95: 16.186ms	P50: 6.628ms	SD: 4479.531	RATIO: 25.896%
>>>>> PROC: DELIVERY
CALLS: 646	MIN: 11.350ms	AVG: 65.157ms	MAX: 96.970ms	TOTAL: 42091.210ms
P99: 87.230ms	P95: 79.311ms	P50: 65.156ms	SD: 9296.755	RATIO: 23.617%
>>>>> PROC: SLEV
CALLS: 598	MIN: 0.789ms	AVG: 56.033ms	MAX: 93.261ms	TOTAL: 33507.831ms
P99: 82.007ms	P95: 69.094ms	P50: 55.919ms	SD: 9979.564	RATIO: 18.801%
>>>>> PROC: OSTAT
CALLS: 641	MIN: 1.741ms	AVG: 8.159ms	MAX: 33.979ms	TOTAL: 5229.774ms
P99: 22.117ms	P95: 16.758ms	P50: 7.311ms	SD: 4396.579	RATIO: 2.934%
+-+-+-+-+-+-+-+-+-+-+-+-+-+-+-+-+-+-+-+-+-+-+-+-+-+-+-+-+-+-+-+-+-+-+-+-+-+
>>>>> VIRTUAL USER 6 : ELAPSED TIME : 177996ms
>>>>> PROC: NEWORD
CALLS: 6042	MIN: 2.213ms	AVG: 8.170ms	MAX: 39.872ms	TOTAL: 49360.574ms
P99: 16.187ms	P95: 12.980ms	P50: 7.865ms	SD: 2825.764	RATIO: 27.731%
>>>>> PROC: PAYMENT
CALLS: 6026	MIN: 0.499ms	AVG: 7.539ms	MAX: 35.787ms	TOTAL: 45429.625ms
P99: 21.381ms	P95: 16.376ms	P50: 6.879ms	SD: 4479.949	RATIO: 25.523%
>>>>> PROC: DELIVERY
CALLS: 649	MIN: 9.386ms	AVG: 66.045ms	MAX: 95.290ms	TOTAL: 42863.002ms
P99: 88.469ms	P95: 80.583ms	P50: 65.954ms	SD: 9114.941	RATIO: 24.081%
>>>>> PROC: SLEV
CALLS: 612	MIN: 0.868ms	AVG: 55.924ms	MAX: 86.323ms	TOTAL: 34225.514ms
P99: 79.986ms	P95: 71.462ms	P50: 56.255ms	SD: 10559.061	RATIO: 19.228%
>>>>> PROC: OSTAT
CALLS: 623	MIN: 0.750ms	AVG: 8.616ms	MAX: 30.380ms	TOTAL: 5367.485ms
P99: 22.509ms	P95: 17.436ms	P50: 7.984ms	SD: 4560.046	RATIO: 3.016%
+-+-+-+-+-+-+-+-+-+-+-+-+-+-+-+-+-+-+-+-+-+-+-+-+-+-+-+-+-+-+-+-+-+-+-+-+-+
>>>>> VIRTUAL USER 7 : ELAPSED TIME : 177461ms
>>>>> PROC: NEWORD
CALLS: 6242	MIN: 2.074ms	AVG: 8.245ms	MAX: 51.227ms	TOTAL: 51466.648ms
P99: 16.767ms	P95: 13.194ms	P50: 7.949ms	SD: 2987.433	RATIO: 29.002%
>>>>> PROC: PAYMENT
CALLS: 6263	MIN: 0.505ms	AVG: 7.521ms	MAX: 32.515ms	TOTAL: 47105.320ms
P99: 21.515ms	P95: 16.096ms	P50: 6.930ms	SD: 4427.599	RATIO: 26.544%
>>>>> PROC: DELIVERY
CALLS: 607	MIN: 10.344ms	AVG: 65.231ms	MAX: 95.545ms	TOTAL: 39594.957ms
P99: 90.232ms	P95: 80.065ms	P50: 65.906ms	SD: 10174.986	RATIO: 22.312%
>>>>> PROC: SLEV
CALLS: 633	MIN: 0.791ms	AVG: 53.161ms	MAX: 85.919ms	TOTAL: 33650.609ms
P99: 76.695ms	P95: 67.359ms	P50: 53.852ms	SD: 10972.879	RATIO: 18.962%
>>>>> PROC: OSTAT
CALLS: 591	MIN: 1.097ms	AVG: 8.465ms	MAX: 31.916ms	TOTAL: 5002.965ms
P99: 23.662ms	P95: 18.288ms	P50: 7.655ms	SD: 4905.394	RATIO: 2.819%
+-+-+-+-+-+-+-+-+-+-+-+-+-+-+-+-+-+-+-+-+-+-+-+-+-+-+-+-+-+-+-+-+-+-+-+-+-+
>>>>> VIRTUAL USER 8 : ELAPSED TIME : 178586ms
>>>>> PROC: NEWORD
CALLS: 6252	MIN: 2.175ms	AVG: 8.072ms	MAX: 72.228ms	TOTAL: 50464.662ms
P99: 16.412ms	P95: 12.828ms	P50: 7.757ms	SD: 2934.001	RATIO: 28.258%
>>>>> PROC: PAYMENT
CALLS: 6227	MIN: 0.476ms	AVG: 7.464ms	MAX: 35.491ms	TOTAL: 46480.491ms
P99: 21.700ms	P95: 16.425ms	P50: 6.741ms	SD: 4525.770	RATIO: 26.027%
>>>>> PROC: DELIVERY
CALLS: 655	MIN: 17.753ms	AVG: 65.073ms	MAX: 96.491ms	TOTAL: 42622.710ms
P99: 86.841ms	P95: 78.724ms	P50: 65.042ms	SD: 8872.842	RATIO: 23.867%
>>>>> PROC: SLEV
CALLS: 600	MIN: 0.802ms	AVG: 55.527ms	MAX: 80.184ms	TOTAL: 33316.266ms
P99: 77.513ms	P95: 70.105ms	P50: 56.673ms	SD: 11288.973	RATIO: 18.656%
>>>>> PROC: OSTAT
CALLS: 602	MIN: 1.884ms	AVG: 8.331ms	MAX: 26.599ms	TOTAL: 5015.138ms
P99: 21.743ms	P95: 17.179ms	P50: 8.024ms	SD: 4338.385	RATIO: 2.808%
+-+-+-+-+-+-+-+-+-+-+-+-+-+-+-+-+-+-+-+-+-+-+-+-+-+-+-+-+-+-+-+-+-+-+-+-+-+
>>>>> VIRTUAL USER 9 : ELAPSED TIME : 178753ms
>>>>> PROC: NEWORD
CALLS: 6193	MIN: 1.733ms	AVG: 8.109ms	MAX: 28.325ms	TOTAL: 50220.183ms
P99: 16.518ms	P95: 12.971ms	P50: 7.787ms	SD: 2805.746	RATIO: 28.095%
>>>>> PROC: PAYMENT
CALLS: 6242	MIN: 0.512ms	AVG: 7.448ms	MAX: 38.034ms	TOTAL: 46493.406ms
P99: 21.717ms	P95: 16.593ms	P50: 6.775ms	SD: 4504.253	RATIO: 26.010%
>>>>> PROC: DELIVERY
CALLS: 645	MIN: 11.648ms	AVG: 65.053ms	MAX: 99.063ms	TOTAL: 41958.942ms
P99: 87.830ms	P95: 79.602ms	P50: 65.332ms	SD: 9796.080	RATIO: 23.473%
>>>>> PROC: SLEV
CALLS: 636	MIN: 0.759ms	AVG: 53.652ms	MAX: 84.325ms	TOTAL: 34122.841ms
P99: 75.345ms	P95: 68.128ms	P50: 54.767ms	SD: 11274.605	RATIO: 19.089%
>>>>> PROC: OSTAT
CALLS: 620	MIN: 1.267ms	AVG: 8.505ms	MAX: 27.271ms	TOTAL: 5272.798ms
P99: 22.357ms	P95: 18.191ms	P50: 7.748ms	SD: 4562.126	RATIO: 2.950%
+-+-+-+-+-+-+-+-+-+-+-+-+-+-+-+-+-+-+-+-+-+-+-+-+-+-+-+-+-+-+-+-+-+-+-+-+-+
>>>>> SUMMARY OF 8 ACTIVE VIRTUAL USERS : MEDIAN ELAPSED TIME : 178670ms
>>>>> PROC: NEWORD
CALLS: 101114	MIN: 1.613ms	AVG: 8.101ms	MAX: 72.228ms	TOTAL: 819212.508ms
P99: 16.388ms	P95: 12.975ms	P50: 7.803ms	SD: 2879.972	RATIO: 28.657%
>>>>> PROC: PAYMENT
CALLS: 101664	MIN: 0.476ms	AVG: 7.411ms	MAX: 38.034ms	TOTAL: 753490.531ms
P99: 21.485ms	P95: 16.277ms	P50: 6.724ms	SD: 4476.937	RATIO: 26.358%
>>>>> PROC: DELIVERY
CALLS: 10350	MIN: 4.364ms	AVG: 64.690ms	MAX: 99.063ms	TOTAL: 669543.159ms
P99: 87.830ms	P95: 79.612ms	P50: 65.380ms	SD: 10498.144	RATIO: 23.421%
>>>>> PROC: SLEV
CALLS: 9924	MIN: 0.759ms	AVG: 54.566ms	MAX: 93.261ms	TOTAL: 541516.261ms
P99: 78.012ms	P95: 69.154ms	P50: 55.330ms	SD: 11102.371	RATIO: 18.943%
>>>>> PROC: OSTAT
CALLS: 10254	MIN: 0.603ms	AVG: 8.310ms	MAX: 33.979ms	TOTAL: 85213.019ms
P99: 22.754ms	P95: 17.378ms	P50: 7.504ms	SD: 4528.808	RATIO: 2.981%
+-+-+-+-+-+-+-+-+-+-+-+-+-+-+-+-+-+-+-+-+-+-+-+-+-+-+-+-+-+-+-+-+-+-+-+-+-+
