TRANSACTION RESPONSE TIMES
{
  "NEWORD": {
    "elapsed_ms": "178669.5",
    "calls": "101114",
    "min_ms": "1.613",
    "avg_ms": "8.101",
    "max_ms": "72.228",
    "total_ms": "819212.508",
    "p99_ms": "16.388",
    "p95_ms": "12.975",
    "p50_ms": "7.803",
    "sd": "2879.972",
    "ratio_pct": "28.657"
  },
  "PAYMENT": {
    "elapsed_ms": "178669.5",
    "calls": "101664",
    "min_ms": "0.476",
    "avg_ms": "7.411",
    "max_ms": "38.034",
    "total_ms": "753490.531",
    "p99_ms": "21.485",
    "p95_ms": "16.277",
    "p50_ms": "6.724",
    "sd": "4476.937",
    "ratio_pct": "26.358"
  },
  "DELIVERY": {
    "elapsed_ms": "178669.5",
    "calls": "10350",
    "min_ms": "4.364",
    "avg_ms": "64.69",
    "max_ms": "99.063",
    "total_ms": "669543.159",
    "p99_ms": "87.83",
    "p95_ms": "79.612",
    "p50_ms": "65.38",
    "sd": "10498.144",
    "ratio_pct": "23.421"
  },
  "SLEV": {
    "elapsed_ms": "178669.5",
    "calls": "9924",
    "min_ms": "0.759",
    "avg_ms": "54.566",
    "max_ms": "93.261",
    "total_ms": "541516.261",
    "p99_ms": "78.012",
    "p95_ms": "69.154",
    "p50_ms": "55.33",
    "sd": "11102.371",
    "ratio_pct": "18.943"
  },
  "OSTAT": {
    "elapsed_ms": "178669.5",
    "calls": "10254",
    "min_ms": "0.603",
    "avg_ms": "8.31",
    "max_ms": "33.979",
    "total_ms": "85213.019",
    "p99_ms": "22.754",
    "p95_ms": "17.378",
    "p50_ms": "7.504",
    "sd": "4528.808",
    "ratio_pct": "2.981"
  }
}

TRANSACTION COUNT
{"MariaDB tpm": {
    "2026-04-22 22:39:55": "0",
    "2026-04-22 22:40:05": "26352",
    "2026-04-22 22:40:15": "35472",
    "2026-04-22 22:40:25": "37854",
    "2026-04-22 22:40:35": "37998",
    "2026-04-22 22:40:45": "37590",
    "2026-04-22 22:40:55": "38994",
    "2026-04-22 22:41:05": "38580",
    "2026-04-22 22:41:15": "39540",
    "2026-04-22 22:41:25": "38634",
    "2026-04-22 22:41:35": "39066",
    "2026-04-22 22:41:45": "38544",
    "2026-04-22 22:41:55": "39300",
    "2026-04-22 22:42:05": "39642",
    "2026-04-22 22:42:15": "38850",
    "2026-04-22 22:42:25": "39498",
    "2026-04-22 22:42:35": "39546",
    "2026-04-22 22:42:45": "39342",
    "2026-04-22 22:42:55": "39744"
  }}

HAMMERDB RESULT
[
  "69E9321B88D003E203336373",
  "2026-04-22 22:39:55",
  "8 Active Virtual Users configured",
  "TEST RESULT : System achieved 16825 NOPM from 39179 MariaDB TPM"
]

