HammerDB CLI v5.0
Copyright © HammerDB Ltd hosted by tpc.org 2019-2025
Type "help" for a list of commands
Initialized Jobs on-disk database /root/hammerdb_logs_20260416_184738/hammerdb_tmp/hammer.DB using existing tables (364,544 bytes)
TRANSACTION RESPONSE TIMES
{
  "NEWORD": {
    "elapsed_ms": "178539.5",
    "calls": "774980",
    "min_ms": "0.827",
    "avg_ms": "2.006",
    "max_ms": "46.221",
    "total_ms": "1554846.148",
    "p99_ms": "3.023",
    "p95_ms": "2.789",
    "p50_ms": "1.997",
    "sd": "529.162",
    "ratio_pct": "54.429"
  },
  "PAYMENT": {
    "elapsed_ms": "178539.5",
    "calls": "771546",
    "min_ms": "0.397",
    "avg_ms": "0.842",
    "max_ms": "30.245",
    "total_ms": "650361.165",
    "p99_ms": "1.956",
    "p95_ms": "1.551",
    "p50_ms": "0.783",
    "sd": "332.9",
    "ratio_pct": "22.767"
  },
  "DELIVERY": {
    "elapsed_ms": "178539.5",
    "calls": "77656",
    "min_ms": "2.796",
    "avg_ms": "5.502",
    "max_ms": "753.061",
    "total_ms": "427282.53",
    "p99_ms": "7.84",
    "p95_ms": "6.952",
    "p50_ms": "5.382",
    "sd": "3897.612",
    "ratio_pct": "14.958"
  },
  "SLEV": {
    "elapsed_ms": "178539.5",
    "calls": "78150",
    "min_ms": "0.221",
    "avg_ms": "0.99",
    "max_ms": "28.752",
    "total_ms": "77425.353",
    "p99_ms": "1.256",
    "p95_ms": "1.174",
    "p50_ms": "1.002",
    "sd": "487.696",
    "ratio_pct": "2.71"
  },
  "OSTAT": {
    "elapsed_ms": "178539.5",
    "calls": "77152",
    "min_ms": "0.311",
    "avg_ms": "0.933",
    "max_ms": "6.421",
    "total_ms": "72054.697",
    "p99_ms": "2.177",
    "p95_ms": "1.686",
    "p50_ms": "0.881",
    "sd": "406.546",
    "ratio_pct": "2.522"
  }
}

TRANSACTION COUNT
{"MariaDB tpm": {
    "2026-04-16 18:50:12": "0",
    "2026-04-16 18:50:22": "233652",
    "2026-04-16 18:50:32": "310554",
    "2026-04-16 18:50:42": "305994",
    "2026-04-16 18:50:52": "292728",
    "2026-04-16 18:51:02": "293556",
    "2026-04-16 18:51:12": "311190",
    "2026-04-16 18:51:22": "310650",
    "2026-04-16 18:51:32": "304128",
    "2026-04-16 18:51:42": "297924",
    "2026-04-16 18:51:52": "301248",
    "2026-04-16 18:52:02": "304860",
    "2026-04-16 18:52:12": "296850",
    "2026-04-16 18:52:22": "293406",
    "2026-04-16 18:52:32": "301074",
    "2026-04-16 18:52:42": "296868",
    "2026-04-16 18:52:52": "290946",
    "2026-04-16 18:53:02": "288084",
    "2026-04-16 18:53:12": "284430"
  }}

HAMMERDB RESULT
[
  "69E11344A03E03E263834373",
  "2026-04-16 18:50:12",
  "8 Active Virtual Users configured",
  "TEST RESULT : System achieved 128400 NOPM from 297433 MariaDB TPM"
]


