HammerDB CLI v5.0
Copyright © HammerDB Ltd hosted by tpc.org 2019-2025
Type "help" for a list of commands
Initialized Jobs on-disk database /root/hammerdb_logs_20260423_173714/hammerdb_tmp/hammer.DB using existing tables (364,544 bytes)
TRANSACTION RESPONSE TIMES
{
  "NEWORD": {
    "elapsed_ms": "179210.0",
    "calls": "102726",
    "min_ms": "1.251",
    "avg_ms": "7.524",
    "max_ms": "70.93",
    "total_ms": "773011.144",
    "p99_ms": "15.499",
    "p95_ms": "12.1",
    "p50_ms": "7.212",
    "sd": "2718.586",
    "ratio_pct": "26.959"
  },
  "PAYMENT": {
    "elapsed_ms": "179210.0",
    "calls": "101326",
    "min_ms": "0.369",
    "avg_ms": "7.445",
    "max_ms": "41.946",
    "total_ms": "754402.851",
    "p99_ms": "21.737",
    "p95_ms": "16.454",
    "p50_ms": "6.747",
    "sd": "4552.344",
    "ratio_pct": "26.31"
  },
  "DELIVERY": {
    "elapsed_ms": "179210.0",
    "calls": "10264",
    "min_ms": "4.73",
    "avg_ms": "65.598",
    "max_ms": "99.493",
    "total_ms": "673306.644",
    "p99_ms": "88.777",
    "p95_ms": "80.605",
    "p50_ms": "66.263",
    "sd": "10800.111",
    "ratio_pct": "23.482"
  },
  "SLEV": {
    "elapsed_ms": "179210.0",
    "calls": "10214",
    "min_ms": "0.631",
    "avg_ms": "55.796",
    "max_ms": "94.633",
    "total_ms": "569901.757",
    "p99_ms": "78.644",
    "p95_ms": "70.741",
    "p50_ms": "56.408",
    "sd": "11035.095",
    "ratio_pct": "19.875"
  },
  "OSTAT": {
    "elapsed_ms": "179210.0",
    "calls": "10170",
    "min_ms": "0.363",
    "avg_ms": "8.441",
    "max_ms": "31.337",
    "total_ms": "85848.206",
    "p99_ms": "23.01",
    "p95_ms": "17.576",
    "p50_ms": "7.678",
    "sd": "4580.721",
    "ratio_pct": "2.994"
  }
}

TRANSACTION COUNT
{"MariaDB tpm": {
    "2026-04-23 17:39:53": "0",
    "2026-04-23 17:40:03": "27594",
    "2026-04-23 17:40:13": "35004",
    "2026-04-23 17:40:23": "38100",
    "2026-04-23 17:40:33": "37212",
    "2026-04-23 17:40:43": "38592",
    "2026-04-23 17:40:53": "39492",
    "2026-04-23 17:41:03": "39330",
    "2026-04-23 17:41:13": "37986",
    "2026-04-23 17:41:23": "38886",
    "2026-04-23 17:41:33": "40002",
    "2026-04-23 17:41:43": "39594",
    "2026-04-23 17:41:53": "39762",
    "2026-04-23 17:42:03": "39918",
    "2026-04-23 17:42:13": "39492",
    "2026-04-23 17:42:23": "40500",
    "2026-04-23 17:42:33": "40656",
    "2026-04-23 17:42:43": "39990",
    "2026-04-23 17:42:53": "39636"
  }}

HAMMERDB RESULT
[
  "69EA3D4975A603E223933373",
  "2026-04-23 17:39:53",
  "8 Active Virtual Users configured",
  "TEST RESULT : System achieved 17214 NOPM from 39633 MariaDB TPM"
]


