MariaDB Hammerdb Time Profile Report @ Wed Apr 22 21:01:11 CEST 2026
+-+-+-+-+-+-+-+-+-+-+-+-+-+-+-+-+-+-+-+-+-+-+-+-+-+-+-+-+-+-+-+-+-+-+-+-+-+
>>>>> VIRTUAL USER 2 : ELAPSED TIME : 180263ms
>>>>> PROC: NEWORD
CALLS: 6259	MIN: 2.308ms	AVG: 8.134ms	MAX: 39.826ms	TOTAL: 50908.991ms
P99: 16.220ms	P95: 12.876ms	P50: 7.845ms	SD: 2754.039	RATIO: 28.242%
>>>>> PROC: PAYMENT
CALLS: 6192	MIN: 0.484ms	AVG: 7.529ms	MAX: 35.358ms	TOTAL: 46616.679ms
P99: 21.417ms	P95: 16.498ms	P50: 6.926ms	SD: 4509.475	RATIO: 25.860%
>>>>> PROC: DELIVERY
CALLS: 662	MIN: 5.982ms	AVG: 64.443ms	MAX: 95.667ms	TOTAL: 42661.377ms
P99: 87.016ms	P95: 79.401ms	P50: 65.443ms	SD: 10898.472	RATIO: 23.666%
>>>>> PROC: SLEV
CALLS: 617	MIN: 0.762ms	AVG: 55.783ms	MAX: 84.527ms	TOTAL: 34417.890ms
P99: 76.759ms	P95: 71.206ms	P50: 56.006ms	SD: 11039.756	RATIO: 19.093%
>>>>> PROC: OSTAT
CALLS: 606	MIN: 0.613ms	AVG: 8.140ms	MAX: 27.131ms	TOTAL: 4932.920ms
P99: 21.204ms	P95: 17.173ms	P50: 7.313ms	SD: 4382.964	RATIO: 2.737%
+-+-+-+-+-+-+-+-+-+-+-+-+-+-+-+-+-+-+-+-+-+-+-+-+-+-+-+-+-+-+-+-+-+-+-+-+-+
>>>>> VIRTUAL USER 3 : ELAPSED TIME : 180287ms
>>>>> PROC: NEWORD
CALLS: 6028	MIN: 2.024ms	AVG: 8.224ms	MAX: 41.878ms	TOTAL: 49574.979ms
P99: 16.435ms	P95: 13.120ms	P50: 7.897ms	SD: 2842.710	RATIO: 27.498%
>>>>> PROC: PAYMENT
CALLS: 6118	MIN: 0.456ms	AVG: 7.555ms	MAX: 34.992ms	TOTAL: 46220.864ms
P99: 21.599ms	P95: 16.744ms	P50: 6.847ms	SD: 4548.492	RATIO: 25.637%
>>>>> PROC: DELIVERY
CALLS: 667	MIN: 6.429ms	AVG: 66.181ms	MAX: 98.311ms	TOTAL: 44142.583ms
P99: 84.306ms	P95: 78.637ms	P50: 66.754ms	SD: 9186.199	RATIO: 24.485%
>>>>> PROC: SLEV
CALLS: 638	MIN: 0.788ms	AVG: 53.625ms	MAX: 83.832ms	TOTAL: 34213.008ms
P99: 74.275ms	P95: 67.012ms	P50: 55.087ms	SD: 11463.058	RATIO: 18.977%
>>>>> PROC: OSTAT
CALLS: 629	MIN: 1.653ms	AVG: 8.556ms	MAX: 32.790ms	TOTAL: 5381.631ms
P99: 23.643ms	P95: 18.015ms	P50: 7.583ms	SD: 4769.065	RATIO: 2.985%
+-+-+-+-+-+-+-+-+-+-+-+-+-+-+-+-+-+-+-+-+-+-+-+-+-+-+-+-+-+-+-+-+-+-+-+-+-+
>>>>> VIRTUAL USER 4 : ELAPSED TIME : 179411ms
>>>>> PROC: NEWORD
CALLS: 6196	MIN: 2.254ms	AVG: 8.209ms	MAX: 38.443ms	TOTAL: 50861.013ms
P99: 16.594ms	P95: 12.998ms	P50: 7.921ms	SD: 2827.533	RATIO: 28.349%
>>>>> PROC: PAYMENT
CALLS: 6225	MIN: 0.517ms	AVG: 7.445ms	MAX: 33.761ms	TOTAL: 46344.437ms
P99: 21.704ms	P95: 16.549ms	P50: 6.649ms	SD: 4440.206	RATIO: 25.831%
>>>>> PROC: DELIVERY
CALLS: 623	MIN: 12.639ms	AVG: 65.867ms	MAX: 94.782ms	TOTAL: 41035.206ms
P99: 87.802ms	P95: 79.569ms	P50: 65.856ms	SD: 8838.508	RATIO: 22.872%
>>>>> PROC: SLEV
CALLS: 649	MIN: 0.716ms	AVG: 53.972ms	MAX: 83.336ms	TOTAL: 35028.149ms
P99: 75.551ms	P95: 68.661ms	P50: 54.307ms	SD: 10056.261	RATIO: 19.524%
>>>>> PROC: OSTAT
CALLS: 643	MIN: 0.654ms	AVG: 8.422ms	MAX: 26.423ms	TOTAL: 5415.549ms
P99: 22.144ms	P95: 17.916ms	P50: 7.680ms	SD: 4482.713	RATIO: 3.019%
+-+-+-+-+-+-+-+-+-+-+-+-+-+-+-+-+-+-+-+-+-+-+-+-+-+-+-+-+-+-+-+-+-+-+-+-+-+
>>>>> VIRTUAL USER 5 : ELAPSED TIME : 179041ms
>>>>> PROC: NEWORD
CALLS: 6244	MIN: 1.998ms	AVG: 8.040ms	MAX: 56.057ms	TOTAL: 50203.286ms
P99: 16.059ms	P95: 12.676ms	P50: 7.743ms	SD: 2776.349	RATIO: 28.040%
>>>>> PROC: PAYMENT
CALLS: 6321	MIN: 0.466ms	AVG: 7.456ms	MAX: 33.103ms	TOTAL: 47128.958ms
P99: 21.482ms	P95: 16.647ms	P50: 6.783ms	SD: 4499.959	RATIO: 26.323%
>>>>> PROC: DELIVERY
CALLS: 617	MIN: 9.221ms	AVG: 65.315ms	MAX: 91.974ms	TOTAL: 40299.481ms
P99: 85.034ms	P95: 78.552ms	P50: 65.912ms	SD: 9695.328	RATIO: 22.509%
>>>>> PROC: SLEV
CALLS: 659	MIN: 0.753ms	AVG: 53.709ms	MAX: 88.577ms	TOTAL: 35394.031ms
P99: 76.740ms	P95: 69.657ms	P50: 54.143ms	SD: 10939.586	RATIO: 19.769%
>>>>> PROC: OSTAT
CALLS: 623	MIN: 0.581ms	AVG: 8.533ms	MAX: 34.272ms	TOTAL: 5316.246ms
P99: 21.369ms	P95: 17.056ms	P50: 7.777ms	SD: 4545.389	RATIO: 2.969%
+-+-+-+-+-+-+-+-+-+-+-+-+-+-+-+-+-+-+-+-+-+-+-+-+-+-+-+-+-+-+-+-+-+-+-+-+-+
>>>>> VIRTUAL USER 6 : ELAPSED TIME : 177657ms
>>>>> PROC: NEWORD
CALLS: 6169	MIN: 2.171ms	AVG: 8.155ms	MAX: 48.828ms	TOTAL: 50310.063ms
P99: 16.763ms	P95: 12.951ms	P50: 7.819ms	SD: 2874.274	RATIO: 28.319%
>>>>> PROC: PAYMENT
CALLS: 6166	MIN: 0.489ms	AVG: 7.470ms	MAX: 33.964ms	TOTAL: 46061.173ms
P99: 21.508ms	P95: 16.293ms	P50: 6.763ms	SD: 4447.510	RATIO: 25.927%
>>>>> PROC: DELIVERY
CALLS: 614	MIN: 11.895ms	AVG: 66.229ms	MAX: 89.249ms	TOTAL: 40664.359ms
P99: 86.997ms	P95: 80.321ms	P50: 66.339ms	SD: 8699.681	RATIO: 22.889%
>>>>> PROC: SLEV
CALLS: 628	MIN: 0.785ms	AVG: 55.235ms	MAX: 109.130ms	TOTAL: 34687.711ms
P99: 75.851ms	P95: 68.191ms	P50: 55.248ms	SD: 9533.619	RATIO: 19.525%
>>>>> PROC: OSTAT
CALLS: 608	MIN: 1.820ms	AVG: 8.411ms	MAX: 27.688ms	TOTAL: 5113.846ms
P99: 21.482ms	P95: 17.118ms	P50: 7.635ms	SD: 4417.924	RATIO: 2.878%
+-+-+-+-+-+-+-+-+-+-+-+-+-+-+-+-+-+-+-+-+-+-+-+-+-+-+-+-+-+-+-+-+-+-+-+-+-+
>>>>> VIRTUAL USER 7 : ELAPSED TIME : 177944ms
>>>>> PROC: NEWORD
CALLS: 6307	MIN: 1.898ms	AVG: 8.236ms	MAX: 54.930ms	TOTAL: 51946.929ms
P99: 17.000ms	P95: 13.371ms	P50: 7.866ms	SD: 2978.568	RATIO: 29.193%
>>>>> PROC: PAYMENT
CALLS: 6350	MIN: 0.480ms	AVG: 7.504ms	MAX: 36.188ms	TOTAL: 47647.428ms
P99: 21.914ms	P95: 16.373ms	P50: 6.868ms	SD: 4501.270	RATIO: 26.777%
>>>>> PROC: DELIVERY
CALLS: 596	MIN: 9.666ms	AVG: 65.804ms	MAX: 92.982ms	TOTAL: 39219.215ms
P99: 88.704ms	P95: 79.810ms	P50: 66.161ms	SD: 9238.316	RATIO: 22.040%
>>>>> PROC: SLEV
CALLS: 615	MIN: 0.767ms	AVG: 54.490ms	MAX: 102.079ms	TOTAL: 33511.143ms
P99: 78.925ms	P95: 69.367ms	P50: 54.890ms	SD: 10819.427	RATIO: 18.832%
>>>>> PROC: OSTAT
CALLS: 596	MIN: 1.764ms	AVG: 8.281ms	MAX: 28.571ms	TOTAL: 4935.624ms
P99: 21.658ms	P95: 18.376ms	P50: 7.419ms	SD: 4562.666	RATIO: 2.774%
+-+-+-+-+-+-+-+-+-+-+-+-+-+-+-+-+-+-+-+-+-+-+-+-+-+-+-+-+-+-+-+-+-+-+-+-+-+
>>>>> VIRTUAL USER 8 : ELAPSED TIME : 176746ms
>>>>> PROC: NEWORD
CALLS: 6168	MIN: 2.128ms	AVG: 8.287ms	MAX: 29.413ms	TOTAL: 51113.289ms
P99: 17.231ms	P95: 13.265ms	P50: 8.020ms	SD: 2836.225	RATIO: 28.919%
>>>>> PROC: PAYMENT
CALLS: 5971	MIN: 0.463ms	AVG: 7.616ms	MAX: 38.138ms	TOTAL: 45478.106ms
P99: 21.722ms	P95: 16.292ms	P50: 7.014ms	SD: 4441.431	RATIO: 25.731%
>>>>> PROC: DELIVERY
CALLS: 591	MIN: 9.034ms	AVG: 66.881ms	MAX: 91.698ms	TOTAL: 39526.393ms
P99: 86.047ms	P95: 79.382ms	P50: 67.239ms	SD: 8916.123	RATIO: 22.363%
>>>>> PROC: SLEV
CALLS: 626	MIN: 0.752ms	AVG: 55.734ms	MAX: 85.422ms	TOTAL: 34889.516ms
P99: 80.509ms	P95: 71.368ms	P50: 55.993ms	SD: 10592.332	RATIO: 19.740%
>>>>> PROC: OSTAT
CALLS: 596	MIN: 1.695ms	AVG: 8.426ms	MAX: 27.679ms	TOTAL: 5021.692ms
P99: 22.279ms	P95: 16.703ms	P50: 7.922ms	SD: 4364.510	RATIO: 2.841%
+-+-+-+-+-+-+-+-+-+-+-+-+-+-+-+-+-+-+-+-+-+-+-+-+-+-+-+-+-+-+-+-+-+-+-+-+-+
>>>>> VIRTUAL USER 9 : ELAPSED TIME : 177636ms
>>>>> PROC: NEWORD
CALLS: 6185	MIN: 1.620ms	AVG: 8.115ms	MAX: 29.873ms	TOTAL: 50190.347ms
P99: 16.632ms	P95: 12.998ms	P50: 7.846ms	SD: 2837.602	RATIO: 28.255%
>>>>> PROC: PAYMENT
CALLS: 6310	MIN: 0.454ms	AVG: 7.461ms	MAX: 45.977ms	TOTAL: 47076.968ms
P99: 21.403ms	P95: 16.206ms	P50: 6.877ms	SD: 4463.243	RATIO: 26.502%
>>>>> PROC: DELIVERY
CALLS: 610	MIN: 13.156ms	AVG: 66.130ms	MAX: 104.205ms	TOTAL: 40339.352ms
P99: 87.037ms	P95: 80.091ms	P50: 66.612ms	SD: 9554.612	RATIO: 22.709%
>>>>> PROC: SLEV
CALLS: 640	MIN: 0.760ms	AVG: 53.543ms	MAX: 81.090ms	TOTAL: 34267.321ms
P99: 75.896ms	P95: 66.959ms	P50: 54.741ms	SD: 11459.315	RATIO: 19.291%
>>>>> PROC: OSTAT
CALLS: 591	MIN: 0.598ms	AVG: 8.564ms	MAX: 25.110ms	TOTAL: 5061.369ms
P99: 20.770ms	P95: 17.531ms	P50: 8.027ms	SD: 4408.813	RATIO: 2.849%
+-+-+-+-+-+-+-+-+-+-+-+-+-+-+-+-+-+-+-+-+-+-+-+-+-+-+-+-+-+-+-+-+-+-+-+-+-+
>>>>> SUMMARY OF 8 ACTIVE VIRTUAL USERS : MEDIAN ELAPSED TIME : 178492ms
>>>>> PROC: NEWORD
CALLS: 99112	MIN: 1.620ms	AVG: 8.174ms	MAX: 56.057ms	TOTAL: 810217.521ms
P99: 16.605ms	P95: 13.032ms	P50: 7.864ms	SD: 2842.489	RATIO: 28.370%
>>>>> PROC: PAYMENT
CALLS: 99306	MIN: 0.454ms	AVG: 7.503ms	MAX: 45.977ms	TOTAL: 745148.983ms
P99: 21.611ms	P95: 16.484ms	P50: 6.849ms	SD: 4481.733	RATIO: 26.092%
>>>>> PROC: DELIVERY
CALLS: 9960	MIN: 5.982ms	AVG: 65.841ms	MAX: 104.205ms	TOTAL: 655775.722ms
P99: 87.037ms	P95: 79.574ms	P50: 66.296ms	SD: 9434.296	RATIO: 22.962%
>>>>> PROC: SLEV
CALLS: 10144	MIN: 0.716ms	AVG: 54.497ms	MAX: 109.130ms	TOTAL: 552817.342ms
P99: 77.515ms	P95: 69.367ms	P50: 55.050ms	SD: 10785.281	RATIO: 19.357%
>>>>> PROC: OSTAT
CALLS: 9784	MIN: 0.581ms	AVG: 8.417ms	MAX: 34.272ms	TOTAL: 82357.721ms
P99: 21.830ms	P95: 17.553ms	P50: 7.664ms	SD: 4493.899	RATIO: 2.884%
+-+-+-+-+-+-+-+-+-+-+-+-+-+-+-+-+-+-+-+-+-+-+-+-+-+-+-+-+-+-+-+-+-+-+-+-+-+
