TRANSACTION RESPONSE TIMES
{
  "NEWORD": {
    "elapsed_ms": "178492.5",
    "calls": "99112",
    "min_ms": "1.62",
    "avg_ms": "8.174",
    "max_ms": "56.057",
    "total_ms": "810217.521",
    "p99_ms": "16.605",
    "p95_ms": "13.032",
    "p50_ms": "7.864",
    "sd": "2842.489",
    "ratio_pct": "28.37"
  },
  "PAYMENT": {
    "elapsed_ms": "178492.5",
    "calls": "99306",
    "min_ms": "0.454",
    "avg_ms": "7.503",
    "max_ms": "45.977",
    "total_ms": "745148.983",
    "p99_ms": "21.611",
    "p95_ms": "16.484",
    "p50_ms": "6.849",
    "sd": "4481.733",
    "ratio_pct": "26.092"
  },
  "DELIVERY": {
    "elapsed_ms": "178492.5",
    "calls": "9960",
    "min_ms": "5.982",
    "avg_ms": "65.841",
    "max_ms": "104.205",
    "total_ms": "655775.722",
    "p99_ms": "87.037",
    "p95_ms": "79.574",
    "p50_ms": "66.296",
    "sd": "9434.296",
    "ratio_pct": "22.962"
  },
  "SLEV": {
    "elapsed_ms": "178492.5",
    "calls": "10144",
    "min_ms": "0.716",
    "avg_ms": "54.497",
    "max_ms": "109.13",
    "total_ms": "552817.342",
    "p99_ms": "77.515",
    "p95_ms": "69.367",
    "p50_ms": "55.05",
    "sd": "10785.281",
    "ratio_pct": "19.357"
  },
  "OSTAT": {
    "elapsed_ms": "178492.5",
    "calls": "9784",
    "min_ms": "0.581",
    "avg_ms": "8.417",
    "max_ms": "34.272",
    "total_ms": "82357.721",
    "p99_ms": "21.83",
    "p95_ms": "17.553",
    "p50_ms": "7.664",
    "sd": "4493.899",
    "ratio_pct": "2.884"
  }
}

TRANSACTION COUNT
{"MariaDB tpm": {
    "2026-04-22 20:58:09": "0",
    "2026-04-22 20:58:19": "25908",
    "2026-04-22 20:58:29": "34644",
    "2026-04-22 20:58:39": "35724",
    "2026-04-22 20:58:49": "37620",
    "2026-04-22 20:58:59": "37764",
    "2026-04-22 20:59:09": "38064",
    "2026-04-22 20:59:19": "38046",
    "2026-04-22 20:59:29": "38862",
    "2026-04-22 20:59:39": "38850",
    "2026-04-22 20:59:49": "39288",
    "2026-04-22 20:59:59": "39342",
    "2026-04-22 21:00:09": "39414",
    "2026-04-22 21:00:19": "39162",
    "2026-04-22 21:00:29": "39372",
    "2026-04-22 21:00:39": "39390",
    "2026-04-22 21:00:49": "40248",
    "2026-04-22 21:00:59": "39090",
    "2026-04-22 21:01:09": "39882"
  }}

HAMMERDB RESULT
[
  "69E91A411CE403E283938353",
  "2026-04-22 20:58:09",
  "8 Active Virtual Users configured",
  "TEST RESULT : System achieved 16872 NOPM from 39235 MariaDB TPM"
]

