HammerDB CLI v5.0
Copyright © HammerDB Ltd hosted by tpc.org 2019-2025
Type "help" for a list of commands
Initialized Jobs on-disk database /root/hammerdb_logs_20260422_215543/hammerdb_tmp/hammer.DB using existing tables (364,544 bytes)
TRANSACTION RESPONSE TIMES
{
  "PAYMENT": {
    "elapsed_ms": "180599.0",
    "calls": "98684",
    "min_ms": "0.501",
    "avg_ms": "8.424",
    "max_ms": "48.728",
    "total_ms": "831337.412",
    "p99_ms": "22.659",
    "p95_ms": "17.676",
    "p50_ms": "8.135",
    "sd": "5029.522",
    "ratio_pct": "28.77"
  },
  "NEWORD": {
    "elapsed_ms": "180599.0",
    "calls": "99492",
    "min_ms": "1.912",
    "avg_ms": "8.08",
    "max_ms": "57.426",
    "total_ms": "803991.862",
    "p99_ms": "16.279",
    "p95_ms": "12.811",
    "p50_ms": "7.776",
    "sd": "2801.372",
    "ratio_pct": "27.824"
  },
  "DELIVERY": {
    "elapsed_ms": "180599.0",
    "calls": "9926",
    "min_ms": "6.19",
    "avg_ms": "62.996",
    "max_ms": "98.258",
    "total_ms": "625302.512",
    "p99_ms": "85.871",
    "p95_ms": "77.974",
    "p50_ms": "63.482",
    "sd": "10243.264",
    "ratio_pct": "21.64"
  },
  "SLEV": {
    "elapsed_ms": "180599.0",
    "calls": "9898",
    "min_ms": "1.099",
    "avg_ms": "51.907",
    "max_ms": "91.096",
    "total_ms": "513776.913",
    "p99_ms": "73.926",
    "p95_ms": "66.777",
    "p50_ms": "52.711",
    "sd": "11045.847",
    "ratio_pct": "17.78"
  },
  "OSTAT": {
    "elapsed_ms": "180599.0",
    "calls": "10064",
    "min_ms": "0.627",
    "avg_ms": "10.24",
    "max_ms": "47.779",
    "total_ms": "103055.839",
    "p99_ms": "25.568",
    "p95_ms": "20.103",
    "p50_ms": "9.665",
    "sd": "5313.783",
    "ratio_pct": "3.566"
  }
}

TRANSACTION COUNT
{"MariaDB tpm": {
    "2026-04-22 21:58:27": "0",
    "2026-04-22 21:58:37": "25446",
    "2026-04-22 21:58:47": "34032",
    "2026-04-22 21:58:57": "36336",
    "2026-04-22 21:59:07": "36954",
    "2026-04-22 21:59:17": "37212",
    "2026-04-22 21:59:27": "36360",
    "2026-04-22 21:59:37": "37644",
    "2026-04-22 21:59:47": "37590",
    "2026-04-22 21:59:57": "39108",
    "2026-04-22 22:00:07": "37530",
    "2026-04-22 22:00:17": "38616",
    "2026-04-22 22:00:27": "40248",
    "2026-04-22 22:00:37": "38598",
    "2026-04-22 22:00:47": "38736",
    "2026-04-22 22:00:57": "38682",
    "2026-04-22 22:01:07": "39516",
    "2026-04-22 22:01:17": "37704",
    "2026-04-22 22:01:27": "38172"
  }}

HAMMERDB RESULT
[
  "69E92863F48803E283832313",
  "2026-04-22 21:58:27",
  "8 Active Virtual Users configured",
  "TEST RESULT : System achieved 16635 NOPM from 38499 MariaDB TPM"
]


