MariaDB Hammerdb Time Profile Report @ Thu Apr 23 18:22:32 CEST 2026
+-+-+-+-+-+-+-+-+-+-+-+-+-+-+-+-+-+-+-+-+-+-+-+-+-+-+-+-+-+-+-+-+-+-+-+-+-+
>>>>> VIRTUAL USER 2 : ELAPSED TIME : 179738ms
>>>>> PROC: NEWORD
CALLS: 35017	MIN: 0.229ms	AVG: 2.702ms	MAX: 43.066ms	TOTAL: 94599.556ms
P99: 4.754ms	P95: 4.273ms	P50: 2.687ms	SD: 1018.420	RATIO: 52.632%
>>>>> PROC: PAYMENT
CALLS: 35110	MIN: 0.329ms	AVG: 1.165ms	MAX: 27.624ms	TOTAL: 40899.149ms
P99: 2.956ms	P95: 2.231ms	P50: 1.077ms	SD: 632.127	RATIO: 22.755%
>>>>> PROC: DELIVERY
CALLS: 3409	MIN: 2.056ms	AVG: 7.987ms	MAX: 15.727ms	TOTAL: 27226.687ms
P99: 13.439ms	P95: 12.166ms	P50: 8.000ms	SD: 2619.154	RATIO: 15.148%
>>>>> PROC: OSTAT
CALLS: 3618	MIN: 0.272ms	AVG: 1.797ms	MAX: 7.947ms	TOTAL: 6502.753ms
P99: 4.289ms	P95: 3.156ms	P50: 1.701ms	SD: 815.632	RATIO: 3.618%
>>>>> PROC: SLEV
CALLS: 3486	MIN: 0.226ms	AVG: 1.851ms	MAX: 31.003ms	TOTAL: 6452.887ms
P99: 9.095ms	P95: 3.157ms	P50: 1.546ms	SD: 1514.613	RATIO: 3.590%
+-+-+-+-+-+-+-+-+-+-+-+-+-+-+-+-+-+-+-+-+-+-+-+-+-+-+-+-+-+-+-+-+-+-+-+-+-+
>>>>> VIRTUAL USER 3 : ELAPSED TIME : 179194ms
>>>>> PROC: NEWORD
CALLS: 33943	MIN: 0.260ms	AVG: 2.756ms	MAX: 98.973ms	TOTAL: 93558.267ms
P99: 4.890ms	P95: 4.366ms	P50: 2.745ms	SD: 1163.185	RATIO: 52.211%
>>>>> PROC: PAYMENT
CALLS: 34011	MIN: 0.332ms	AVG: 1.184ms	MAX: 27.316ms	TOTAL: 40253.111ms
P99: 3.049ms	P95: 2.290ms	P50: 1.092ms	SD: 648.071	RATIO: 22.463%
>>>>> PROC: DELIVERY
CALLS: 3444	MIN: 2.235ms	AVG: 8.140ms	MAX: 20.357ms	TOTAL: 28034.081ms
P99: 14.330ms	P95: 12.604ms	P50: 8.115ms	SD: 2777.878	RATIO: 15.645%
>>>>> PROC: SLEV
CALLS: 3430	MIN: 0.247ms	AVG: 1.973ms	MAX: 41.358ms	TOTAL: 6768.594ms
P99: 13.395ms	P95: 3.579ms	P50: 1.578ms	SD: 2003.709	RATIO: 3.777%
>>>>> PROC: OSTAT
CALLS: 3492	MIN: 0.363ms	AVG: 1.842ms	MAX: 9.888ms	TOTAL: 6431.615ms
P99: 4.352ms	P95: 3.242ms	P50: 1.722ms	SD: 852.463	RATIO: 3.589%
+-+-+-+-+-+-+-+-+-+-+-+-+-+-+-+-+-+-+-+-+-+-+-+-+-+-+-+-+-+-+-+-+-+-+-+-+-+
>>>>> VIRTUAL USER 4 : ELAPSED TIME : 179440ms
>>>>> PROC: NEWORD
CALLS: 34159	MIN: 0.272ms	AVG: 2.739ms	MAX: 42.496ms	TOTAL: 93571.313ms
P99: 4.915ms	P95: 4.344ms	P50: 2.717ms	SD: 1055.547	RATIO: 52.146%
>>>>> PROC: PAYMENT
CALLS: 34326	MIN: 0.339ms	AVG: 1.173ms	MAX: 15.851ms	TOTAL: 40249.617ms
P99: 3.034ms	P95: 2.254ms	P50: 1.081ms	SD: 647.655	RATIO: 22.431%
>>>>> PROC: DELIVERY
CALLS: 3542	MIN: 2.471ms	AVG: 8.051ms	MAX: 201.690ms	TOTAL: 28518.213ms
P99: 14.589ms	P95: 12.142ms	P50: 7.965ms	SD: 4262.555	RATIO: 15.893%
>>>>> PROC: SLEV
CALLS: 3407	MIN: 0.194ms	AVG: 2.023ms	MAX: 21.418ms	TOTAL: 6893.911ms
P99: 13.434ms	P95: 4.259ms	P50: 1.528ms	SD: 2137.666	RATIO: 3.842%
>>>>> PROC: OSTAT
CALLS: 3414	MIN: 0.363ms	AVG: 1.847ms	MAX: 9.433ms	TOTAL: 6304.170ms
P99: 4.484ms	P95: 3.305ms	P50: 1.730ms	SD: 859.229	RATIO: 3.513%
+-+-+-+-+-+-+-+-+-+-+-+-+-+-+-+-+-+-+-+-+-+-+-+-+-+-+-+-+-+-+-+-+-+-+-+-+-+
>>>>> VIRTUAL USER 5 : ELAPSED TIME : 178704ms
>>>>> PROC: NEWORD
CALLS: 34308	MIN: 0.273ms	AVG: 2.732ms	MAX: 43.364ms	TOTAL: 93720.552ms
P99: 4.768ms	P95: 4.294ms	P50: 2.724ms	SD: 1018.691	RATIO: 52.445%
>>>>> PROC: PAYMENT
CALLS: 34359	MIN: 0.332ms	AVG: 1.174ms	MAX: 33.338ms	TOTAL: 40334.812ms
P99: 2.950ms	P95: 2.256ms	P50: 1.092ms	SD: 647.099	RATIO: 22.571%
>>>>> PROC: DELIVERY
CALLS: 3392	MIN: 2.216ms	AVG: 8.106ms	MAX: 25.382ms	TOTAL: 27494.757ms
P99: 13.621ms	P95: 12.192ms	P50: 8.222ms	SD: 2639.922	RATIO: 15.386%
>>>>> PROC: SLEV
CALLS: 3336	MIN: 0.188ms	AVG: 2.039ms	MAX: 20.531ms	TOTAL: 6800.454ms
P99: 13.296ms	P95: 3.895ms	P50: 1.619ms	SD: 2000.506	RATIO: 3.805%
>>>>> PROC: OSTAT
CALLS: 3453	MIN: 0.324ms	AVG: 1.831ms	MAX: 10.087ms	TOTAL: 6320.741ms
P99: 3.953ms	P95: 3.153ms	P50: 1.742ms	SD: 800.680	RATIO: 3.537%
+-+-+-+-+-+-+-+-+-+-+-+-+-+-+-+-+-+-+-+-+-+-+-+-+-+-+-+-+-+-+-+-+-+-+-+-+-+
>>>>> VIRTUAL USER 6 : ELAPSED TIME : 177723ms
>>>>> PROC: NEWORD
CALLS: 34127	MIN: 0.251ms	AVG: 2.705ms	MAX: 17.552ms	TOTAL: 92308.808ms
P99: 4.913ms	P95: 4.316ms	P50: 2.677ms	SD: 1014.098	RATIO: 51.940%
>>>>> PROC: PAYMENT
CALLS: 34151	MIN: 0.330ms	AVG: 1.180ms	MAX: 28.975ms	TOTAL: 40287.748ms
P99: 3.087ms	P95: 2.279ms	P50: 1.087ms	SD: 676.099	RATIO: 22.669%
>>>>> PROC: DELIVERY
CALLS: 3398	MIN: 2.306ms	AVG: 8.181ms	MAX: 53.422ms	TOTAL: 27798.668ms
P99: 21.585ms	P95: 12.379ms	P50: 8.064ms	SD: 3289.724	RATIO: 15.642%
>>>>> PROC: SLEV
CALLS: 3344	MIN: 0.244ms	AVG: 2.019ms	MAX: 21.522ms	TOTAL: 6753.189ms
P99: 12.699ms	P95: 4.403ms	P50: 1.560ms	SD: 2007.497	RATIO: 3.800%
>>>>> PROC: OSTAT
CALLS: 3444	MIN: 0.329ms	AVG: 1.838ms	MAX: 11.984ms	TOTAL: 6331.282ms
P99: 4.307ms	P95: 3.229ms	P50: 1.730ms	SD: 869.917	RATIO: 3.562%
+-+-+-+-+-+-+-+-+-+-+-+-+-+-+-+-+-+-+-+-+-+-+-+-+-+-+-+-+-+-+-+-+-+-+-+-+-+
>>>>> VIRTUAL USER 7 : ELAPSED TIME : 177234ms
>>>>> PROC: NEWORD
CALLS: 33474	MIN: 0.283ms	AVG: 2.768ms	MAX: 40.492ms	TOTAL: 92657.086ms
P99: 4.899ms	P95: 4.369ms	P50: 2.748ms	SD: 1039.112	RATIO: 52.280%
>>>>> PROC: PAYMENT
CALLS: 33256	MIN: 0.339ms	AVG: 1.209ms	MAX: 43.639ms	TOTAL: 40190.800ms
P99: 3.067ms	P95: 2.312ms	P50: 1.124ms	SD: 700.430	RATIO: 22.677%
>>>>> PROC: DELIVERY
CALLS: 3286	MIN: 2.361ms	AVG: 8.321ms	MAX: 22.562ms	TOTAL: 27343.794ms
P99: 14.445ms	P95: 12.856ms	P50: 8.352ms	SD: 2848.125	RATIO: 15.428%
>>>>> PROC: SLEV
CALLS: 3440	MIN: 0.190ms	AVG: 2.037ms	MAX: 20.389ms	TOTAL: 7007.759ms
P99: 11.457ms	P95: 4.326ms	P50: 1.609ms	SD: 1850.670	RATIO: 3.954%
>>>>> PROC: OSTAT
CALLS: 3200	MIN: 0.342ms	AVG: 1.889ms	MAX: 8.412ms	TOTAL: 6043.726ms
P99: 4.239ms	P95: 3.319ms	P50: 1.792ms	SD: 834.412	RATIO: 3.410%
+-+-+-+-+-+-+-+-+-+-+-+-+-+-+-+-+-+-+-+-+-+-+-+-+-+-+-+-+-+-+-+-+-+-+-+-+-+
>>>>> VIRTUAL USER 8 : ELAPSED TIME : 177181ms
>>>>> PROC: NEWORD
CALLS: 34238	MIN: 0.250ms	AVG: 2.707ms	MAX: 61.559ms	TOTAL: 92673.780ms
P99: 4.805ms	P95: 4.289ms	P50: 2.684ms	SD: 1061.432	RATIO: 52.305%
>>>>> PROC: PAYMENT
CALLS: 34229	MIN: 0.335ms	AVG: 1.164ms	MAX: 120.186ms	TOTAL: 39829.305ms
P99: 2.927ms	P95: 2.211ms	P50: 1.079ms	SD: 912.715	RATIO: 22.479%
>>>>> PROC: DELIVERY
CALLS: 3554	MIN: 2.271ms	AVG: 7.881ms	MAX: 20.214ms	TOTAL: 28009.099ms
P99: 13.403ms	P95: 12.204ms	P50: 7.788ms	SD: 2643.538	RATIO: 15.808%
>>>>> PROC: SLEV
CALLS: 3393	MIN: 0.228ms	AVG: 1.911ms	MAX: 31.333ms	TOTAL: 6484.173ms
P99: 10.936ms	P95: 3.286ms	P50: 1.561ms	SD: 1919.633	RATIO: 3.660%
>>>>> PROC: OSTAT
CALLS: 3434	MIN: 0.359ms	AVG: 1.830ms	MAX: 9.282ms	TOTAL: 6284.793ms
P99: 4.626ms	P95: 3.221ms	P50: 1.700ms	SD: 846.789	RATIO: 3.547%
+-+-+-+-+-+-+-+-+-+-+-+-+-+-+-+-+-+-+-+-+-+-+-+-+-+-+-+-+-+-+-+-+-+-+-+-+-+
>>>>> VIRTUAL USER 9 : ELAPSED TIME : 177426ms
>>>>> PROC: NEWORD
CALLS: 33930	MIN: 0.261ms	AVG: 2.726ms	MAX: 16.852ms	TOTAL: 92489.662ms
P99: 4.791ms	P95: 4.310ms	P50: 2.713ms	SD: 1003.834	RATIO: 52.129%
>>>>> PROC: PAYMENT
CALLS: 33619	MIN: 0.355ms	AVG: 1.184ms	MAX: 42.822ms	TOTAL: 39791.916ms
P99: 2.985ms	P95: 2.261ms	P50: 1.101ms	SD: 678.666	RATIO: 22.427%
>>>>> PROC: DELIVERY
CALLS: 3520	MIN: 2.483ms	AVG: 8.094ms	MAX: 20.739ms	TOTAL: 28491.601ms
P99: 13.916ms	P95: 12.299ms	P50: 7.980ms	SD: 2627.684	RATIO: 16.058%
>>>>> PROC: OSTAT
CALLS: 3458	MIN: 0.360ms	AVG: 1.856ms	MAX: 9.326ms	TOTAL: 6416.673ms
P99: 4.288ms	P95: 3.253ms	P50: 1.755ms	SD: 846.333	RATIO: 3.617%
>>>>> PROC: SLEV
CALLS: 3297	MIN: 0.219ms	AVG: 1.870ms	MAX: 23.992ms	TOTAL: 6164.362ms
P99: 9.123ms	P95: 3.118ms	P50: 1.556ms	SD: 1720.116	RATIO: 3.474%
+-+-+-+-+-+-+-+-+-+-+-+-+-+-+-+-+-+-+-+-+-+-+-+-+-+-+-+-+-+-+-+-+-+-+-+-+-+
>>>>> SUMMARY OF 8 ACTIVE VIRTUAL USERS : MEDIAN ELAPSED TIME : 178214ms
>>>>> PROC: NEWORD
CALLS: 546392	MIN: 0.229ms	AVG: 2.729ms	MAX: 98.973ms	TOTAL: 1491157.445ms
P99: 4.845ms	P95: 4.320ms	P50: 2.711ms	SD: 1047.988	RATIO: 52.295%
>>>>> PROC: PAYMENT
CALLS: 546122	MIN: 0.329ms	AVG: 1.178ms	MAX: 120.186ms	TOTAL: 643672.657ms
P99: 3.007ms	P95: 2.261ms	P50: 1.092ms	SD: 698.085	RATIO: 22.574%
>>>>> PROC: DELIVERY
CALLS: 55090	MIN: 2.056ms	AVG: 8.092ms	MAX: 201.690ms	TOTAL: 445833.614ms
P99: 14.109ms	P95: 12.363ms	P50: 8.055ms	SD: 3017.885	RATIO: 15.636%
>>>>> PROC: SLEV
CALLS: 54266	MIN: 0.188ms	AVG: 1.965ms	MAX: 41.358ms	TOTAL: 106650.615ms
P99: 12.149ms	P95: 3.604ms	P50: 1.570ms	SD: 1903.582	RATIO: 3.740%
>>>>> PROC: OSTAT
CALLS: 55026	MIN: 0.272ms	AVG: 1.840ms	MAX: 11.984ms	TOTAL: 101271.465ms
P99: 4.331ms	P95: 3.235ms	P50: 1.733ms	SD: 841.070	RATIO: 3.552%
+-+-+-+-+-+-+-+-+-+-+-+-+-+-+-+-+-+-+-+-+-+-+-+-+-+-+-+-+-+-+-+-+-+-+-+-+-+
