TRANSACTION RESPONSE TIMES
{
  "NEWORD": {
    "elapsed_ms": "178213.5",
    "calls": "546392",
    "min_ms": "0.229",
    "avg_ms": "2.729",
    "max_ms": "98.973",
    "total_ms": "1491157.445",
    "p99_ms": "4.845",
    "p95_ms": "4.32",
    "p50_ms": "2.711",
    "sd": "1047.988",
    "ratio_pct": "52.295"
  },
  "PAYMENT": {
    "elapsed_ms": "178213.5",
    "calls": "546122",
    "min_ms": "0.329",
    "avg_ms": "1.178",
    "max_ms": "120.186",
    "total_ms": "643672.657",
    "p99_ms": "3.007",
    "p95_ms": "2.261",
    "p50_ms": "1.092",
    "sd": "698.085",
    "ratio_pct": "22.574"
  },
  "DELIVERY": {
    "elapsed_ms": "178213.5",
    "calls": "55090",
    "min_ms": "2.056",
    "avg_ms": "8.092",
    "max_ms": "201.69",
    "total_ms": "445833.614",
    "p99_ms": "14.109",
    "p95_ms": "12.363",
    "p50_ms": "8.055",
    "sd": "3017.885",
    "ratio_pct": "15.636"
  },
  "SLEV": {
    "elapsed_ms": "178213.5",
    "calls": "54266",
    "min_ms": "0.188",
    "avg_ms": "1.965",
    "max_ms": "41.358",
    "total_ms": "106650.615",
    "p99_ms": "12.149",
    "p95_ms": "3.604",
    "p50_ms": "1.57",
    "sd": "1903.582",
    "ratio_pct": "3.74"
  },
  "OSTAT": {
    "elapsed_ms": "178213.5",
    "calls": "55026",
    "min_ms": "0.272",
    "avg_ms": "1.84",
    "max_ms": "11.984",
    "total_ms": "101271.465",
    "p99_ms": "4.331",
    "p95_ms": "3.235",
    "p50_ms": "1.733",
    "sd": "841.07",
    "ratio_pct": "3.552"
  }
}

TRANSACTION COUNT
{"MariaDB tpm": {
    "2026-04-23 18:19:30": "0",
    "2026-04-23 18:19:40": "149550",
    "2026-04-23 18:19:50": "221118",
    "2026-04-23 18:20:00": "226146",
    "2026-04-23 18:20:10": "209766",
    "2026-04-23 18:20:20": "211248",
    "2026-04-23 18:20:30": "220722",
    "2026-04-23 18:20:40": "205902",
    "2026-04-23 18:20:50": "214944",
    "2026-04-23 18:21:00": "212340",
    "2026-04-23 18:21:10": "211116",
    "2026-04-23 18:21:20": "219936",
    "2026-04-23 18:21:30": "205728",
    "2026-04-23 18:21:40": "209208",
    "2026-04-23 18:21:50": "214944",
    "2026-04-23 18:22:00": "200724",
    "2026-04-23 18:22:10": "215376",
    "2026-04-23 18:22:20": "210834",
    "2026-04-23 18:22:30": "201792"
  }}

HAMMERDB RESULT
[
  "69EA4692357403E233930353",
  "2026-04-23 18:19:30",
  "8 Active Virtual Users configured",
  "TEST RESULT : System achieved 73274 NOPM from 210175 MariaDB TPM"
]

