MariaDB Hammerdb Time Profile Report @ Thu Apr 23 17:55:26 CEST 2026
+-+-+-+-+-+-+-+-+-+-+-+-+-+-+-+-+-+-+-+-+-+-+-+-+-+-+-+-+-+-+-+-+-+-+-+-+-+
>>>>> VIRTUAL USER 2 : ELAPSED TIME : 181512ms
>>>>> PROC: NEWORD
CALLS: 30279	MIN: 0.286ms	AVG: 3.257ms	MAX: 24.109ms	TOTAL: 98619.526ms
P99: 5.281ms	P95: 4.774ms	P50: 3.228ms	SD: 926.948	RATIO: 54.332%
>>>>> PROC: PAYMENT
CALLS: 30235	MIN: 0.331ms	AVG: 1.300ms	MAX: 27.207ms	TOTAL: 39307.684ms
P99: 3.186ms	P95: 2.490ms	P50: 1.201ms	SD: 686.890	RATIO: 21.656%
>>>>> PROC: DELIVERY
CALLS: 3026	MIN: 2.399ms	AVG: 9.183ms	MAX: 22.630ms	TOTAL: 27787.939ms
P99: 15.996ms	P95: 14.596ms	P50: 9.038ms	SD: 3207.787	RATIO: 15.309%
>>>>> PROC: OSTAT
CALLS: 3014	MIN: 0.392ms	AVG: 2.024ms	MAX: 7.682ms	TOTAL: 6101.367ms
P99: 4.364ms	P95: 3.583ms	P50: 1.917ms	SD: 878.752	RATIO: 3.361%
>>>>> PROC: SLEV
CALLS: 3078	MIN: 0.237ms	AVG: 1.874ms	MAX: 19.802ms	TOTAL: 5766.969ms
P99: 7.282ms	P95: 3.307ms	P50: 1.612ms	SD: 1279.722	RATIO: 3.177%
+-+-+-+-+-+-+-+-+-+-+-+-+-+-+-+-+-+-+-+-+-+-+-+-+-+-+-+-+-+-+-+-+-+-+-+-+-+
>>>>> VIRTUAL USER 3 : ELAPSED TIME : 181309ms
>>>>> PROC: NEWORD
CALLS: 27052	MIN: 0.273ms	AVG: 3.515ms	MAX: 29.577ms	TOTAL: 95096.968ms
P99: 5.745ms	P95: 5.103ms	P50: 3.481ms	SD: 989.842	RATIO: 52.450%
>>>>> PROC: PAYMENT
CALLS: 27187	MIN: 0.358ms	AVG: 1.472ms	MAX: 26.718ms	TOTAL: 40006.426ms
P99: 3.592ms	P95: 2.797ms	P50: 1.408ms	SD: 825.529	RATIO: 22.065%
>>>>> PROC: DELIVERY
CALLS: 2703	MIN: 2.934ms	AVG: 11.000ms	MAX: 31.391ms	TOTAL: 29733.410ms
P99: 25.053ms	P95: 16.865ms	P50: 11.025ms	SD: 4053.939	RATIO: 16.399%
>>>>> PROC: SLEV
CALLS: 2741	MIN: 0.211ms	AVG: 2.381ms	MAX: 37.677ms	TOTAL: 6525.511ms
P99: 13.431ms	P95: 4.877ms	P50: 1.918ms	SD: 2161.923	RATIO: 3.599%
>>>>> PROC: OSTAT
CALLS: 2781	MIN: 0.397ms	AVG: 2.325ms	MAX: 13.600ms	TOTAL: 6466.695ms
P99: 4.789ms	P95: 4.037ms	P50: 2.236ms	SD: 1012.066	RATIO: 3.567%
+-+-+-+-+-+-+-+-+-+-+-+-+-+-+-+-+-+-+-+-+-+-+-+-+-+-+-+-+-+-+-+-+-+-+-+-+-+
>>>>> VIRTUAL USER 4 : ELAPSED TIME : 178696ms
>>>>> PROC: NEWORD
CALLS: 29014	MIN: 0.643ms	AVG: 3.317ms	MAX: 31.195ms	TOTAL: 96241.090ms
P99: 5.387ms	P95: 4.837ms	P50: 3.285ms	SD: 934.841	RATIO: 53.857%
>>>>> PROC: PAYMENT
CALLS: 29130	MIN: 0.346ms	AVG: 1.347ms	MAX: 7.208ms	TOTAL: 39229.368ms
P99: 3.282ms	P95: 2.593ms	P50: 1.260ms	SD: 682.022	RATIO: 21.953%
>>>>> PROC: DELIVERY
CALLS: 2874	MIN: 3.048ms	AVG: 9.630ms	MAX: 20.901ms	TOTAL: 27676.983ms
P99: 17.109ms	P95: 15.282ms	P50: 9.504ms	SD: 3360.585	RATIO: 15.488%
>>>>> PROC: OSTAT
CALLS: 2870	MIN: 0.363ms	AVG: 2.058ms	MAX: 8.412ms	TOTAL: 5906.419ms
P99: 4.403ms	P95: 3.583ms	P50: 1.962ms	SD: 864.467	RATIO: 3.305%
>>>>> PROC: SLEV
CALLS: 2952	MIN: 0.228ms	AVG: 1.946ms	MAX: 18.784ms	TOTAL: 5744.644ms
P99: 8.534ms	P95: 3.357ms	P50: 1.652ms	SD: 1398.607	RATIO: 3.215%
+-+-+-+-+-+-+-+-+-+-+-+-+-+-+-+-+-+-+-+-+-+-+-+-+-+-+-+-+-+-+-+-+-+-+-+-+-+
>>>>> VIRTUAL USER 5 : ELAPSED TIME : 178242ms
>>>>> PROC: NEWORD
CALLS: 26936	MIN: 0.277ms	AVG: 3.482ms	MAX: 29.628ms	TOTAL: 93791.397ms
P99: 5.856ms	P95: 5.118ms	P50: 3.428ms	SD: 1006.208	RATIO: 52.620%
>>>>> PROC: PAYMENT
CALLS: 26381	MIN: 0.367ms	AVG: 1.490ms	MAX: 40.148ms	TOTAL: 39303.585ms
P99: 3.635ms	P95: 2.822ms	P50: 1.401ms	SD: 888.380	RATIO: 22.051%
>>>>> PROC: DELIVERY
CALLS: 2635	MIN: 2.462ms	AVG: 11.072ms	MAX: 39.521ms	TOTAL: 29174.735ms
P99: 24.287ms	P95: 17.714ms	P50: 10.854ms	SD: 4439.645	RATIO: 16.368%
>>>>> PROC: SLEV
CALLS: 2651	MIN: 0.242ms	AVG: 2.369ms	MAX: 23.151ms	TOTAL: 6279.680ms
P99: 13.642ms	P95: 4.934ms	P50: 1.897ms	SD: 2245.314	RATIO: 3.523%
>>>>> PROC: OSTAT
CALLS: 2597	MIN: 0.352ms	AVG: 2.343ms	MAX: 18.519ms	TOTAL: 6083.563ms
P99: 5.126ms	P95: 4.175ms	P50: 2.218ms	SD: 1084.597	RATIO: 3.413%
+-+-+-+-+-+-+-+-+-+-+-+-+-+-+-+-+-+-+-+-+-+-+-+-+-+-+-+-+-+-+-+-+-+-+-+-+-+
>>>>> VIRTUAL USER 6 : ELAPSED TIME : 179510ms
>>>>> PROC: NEWORD
CALLS: 27494	MIN: 0.566ms	AVG: 3.420ms	MAX: 33.331ms	TOTAL: 94027.658ms
P99: 5.505ms	P95: 4.989ms	P50: 3.388ms	SD: 962.837	RATIO: 52.380%
>>>>> PROC: PAYMENT
CALLS: 27556	MIN: 0.375ms	AVG: 1.437ms	MAX: 10.005ms	TOTAL: 39586.897ms
P99: 3.393ms	P95: 2.732ms	P50: 1.381ms	SD: 729.004	RATIO: 22.053%
>>>>> PROC: DELIVERY
CALLS: 2810	MIN: 2.646ms	AVG: 10.514ms	MAX: 22.549ms	TOTAL: 29544.348ms
P99: 18.135ms	P95: 16.306ms	P50: 10.538ms	SD: 3569.412	RATIO: 16.458%
>>>>> PROC: SLEV
CALLS: 2859	MIN: 0.217ms	AVG: 2.217ms	MAX: 20.463ms	TOTAL: 6339.475ms
P99: 11.793ms	P95: 3.854ms	P50: 1.852ms	SD: 1809.494	RATIO: 3.532%
>>>>> PROC: OSTAT
CALLS: 2769	MIN: 0.380ms	AVG: 2.264ms	MAX: 5.814ms	TOTAL: 6269.065ms
P99: 4.751ms	P95: 3.979ms	P50: 2.180ms	SD: 944.974	RATIO: 3.492%
+-+-+-+-+-+-+-+-+-+-+-+-+-+-+-+-+-+-+-+-+-+-+-+-+-+-+-+-+-+-+-+-+-+-+-+-+-+
>>>>> VIRTUAL USER 7 : ELAPSED TIME : 177190ms
>>>>> PROC: NEWORD
CALLS: 26648	MIN: 0.254ms	AVG: 3.476ms	MAX: 34.744ms	TOTAL: 92622.655ms
P99: 5.584ms	P95: 5.059ms	P50: 3.442ms	SD: 986.866	RATIO: 52.273%
>>>>> PROC: PAYMENT
CALLS: 27065	MIN: 0.381ms	AVG: 1.457ms	MAX: 6.273ms	TOTAL: 39447.013ms
P99: 3.448ms	P95: 2.796ms	P50: 1.404ms	SD: 748.026	RATIO: 22.263%
>>>>> PROC: DELIVERY
CALLS: 2716	MIN: 2.822ms	AVG: 10.877ms	MAX: 21.208ms	TOTAL: 29542.084ms
P99: 18.506ms	P95: 16.859ms	P50: 10.952ms	SD: 3728.262	RATIO: 16.673%
>>>>> PROC: OSTAT
CALLS: 2594	MIN: 0.401ms	AVG: 2.336ms	MAX: 5.988ms	TOTAL: 6059.361ms
P99: 4.879ms	P95: 4.169ms	P50: 2.220ms	SD: 1018.733	RATIO: 3.420%
>>>>> PROC: SLEV
CALLS: 2625	MIN: 0.251ms	AVG: 2.273ms	MAX: 40.026ms	TOTAL: 5965.328ms
P99: 11.979ms	P95: 3.780ms	P50: 1.908ms	SD: 1965.568	RATIO: 3.367%
+-+-+-+-+-+-+-+-+-+-+-+-+-+-+-+-+-+-+-+-+-+-+-+-+-+-+-+-+-+-+-+-+-+-+-+-+-+
>>>>> VIRTUAL USER 8 : ELAPSED TIME : 177092ms
>>>>> PROC: NEWORD
CALLS: 27087	MIN: 0.281ms	AVG: 3.439ms	MAX: 11.348ms	TOTAL: 93153.550ms
P99: 5.683ms	P95: 5.061ms	P50: 3.400ms	SD: 972.673	RATIO: 52.602%
>>>>> PROC: PAYMENT
CALLS: 27212	MIN: 0.362ms	AVG: 1.462ms	MAX: 33.675ms	TOTAL: 39773.503ms
P99: 3.500ms	P95: 2.795ms	P50: 1.405ms	SD: 785.338	RATIO: 22.459%
>>>>> PROC: DELIVERY
CALLS: 2655	MIN: 2.689ms	AVG: 10.711ms	MAX: 34.031ms	TOTAL: 28438.464ms
P99: 18.479ms	P95: 16.848ms	P50: 10.679ms	SD: 3844.378	RATIO: 16.059%
>>>>> PROC: OSTAT
CALLS: 2683	MIN: 0.388ms	AVG: 2.313ms	MAX: 9.106ms	TOTAL: 6205.525ms
P99: 4.827ms	P95: 4.104ms	P50: 2.222ms	SD: 988.999	RATIO: 3.504%
>>>>> PROC: SLEV
CALLS: 2827	MIN: 0.182ms	AVG: 2.132ms	MAX: 23.199ms	TOTAL: 6028.203ms
P99: 10.881ms	P95: 3.720ms	P50: 1.792ms	SD: 1762.921	RATIO: 3.404%
+-+-+-+-+-+-+-+-+-+-+-+-+-+-+-+-+-+-+-+-+-+-+-+-+-+-+-+-+-+-+-+-+-+-+-+-+-+
>>>>> VIRTUAL USER 9 : ELAPSED TIME : 178664ms
>>>>> PROC: NEWORD
CALLS: 27257	MIN: 0.592ms	AVG: 3.451ms	MAX: 14.543ms	TOTAL: 94058.451ms
P99: 5.619ms	P95: 5.038ms	P50: 3.420ms	SD: 959.659	RATIO: 52.645%
>>>>> PROC: PAYMENT
CALLS: 27135	MIN: 0.328ms	AVG: 1.463ms	MAX: 32.528ms	TOTAL: 39695.591ms
P99: 3.569ms	P95: 2.791ms	P50: 1.394ms	SD: 819.508	RATIO: 22.218%
>>>>> PROC: DELIVERY
CALLS: 2679	MIN: 3.038ms	AVG: 10.875ms	MAX: 32.942ms	TOTAL: 29133.592ms
P99: 19.611ms	P95: 17.105ms	P50: 11.037ms	SD: 3976.566	RATIO: 16.306%
>>>>> PROC: OSTAT
CALLS: 2737	MIN: 0.385ms	AVG: 2.308ms	MAX: 19.696ms	TOTAL: 6318.356ms
P99: 4.947ms	P95: 4.004ms	P50: 2.207ms	SD: 1035.941	RATIO: 3.536%
>>>>> PROC: SLEV
CALLS: 2656	MIN: 0.242ms	AVG: 2.264ms	MAX: 24.106ms	TOTAL: 6012.375ms
P99: 12.441ms	P95: 4.092ms	P50: 1.879ms	SD: 2033.158	RATIO: 3.365%
+-+-+-+-+-+-+-+-+-+-+-+-+-+-+-+-+-+-+-+-+-+-+-+-+-+-+-+-+-+-+-+-+-+-+-+-+-+
>>>>> SUMMARY OF 8 ACTIVE VIRTUAL USERS : MEDIAN ELAPSED TIME : 178680ms
>>>>> PROC: NEWORD
CALLS: 443534	MIN: 0.254ms	AVG: 3.416ms	MAX: 34.744ms	TOTAL: 1515221.750ms
P99: 5.589ms	P95: 5.002ms	P50: 3.379ms	SD: 970.532	RATIO: 53.001%
>>>>> PROC: PAYMENT
CALLS: 443802	MIN: 0.328ms	AVG: 1.425ms	MAX: 40.148ms	TOTAL: 632699.798ms
P99: 3.456ms	P95: 2.728ms	P50: 1.343ms	SD: 773.846	RATIO: 22.131%
>>>>> PROC: DELIVERY
CALLS: 44196	MIN: 2.399ms	AVG: 10.454ms	MAX: 39.521ms	TOTAL: 462062.871ms
P99: 18.967ms	P95: 16.558ms	P50: 10.357ms	SD: 3833.819	RATIO: 16.162%
>>>>> PROC: OSTAT
CALLS: 44090	MIN: 0.352ms	AVG: 2.241ms	MAX: 19.696ms	TOTAL: 98820.646ms
P99: 4.813ms	P95: 3.978ms	P50: 2.142ms	SD: 985.955	RATIO: 3.457%
>>>>> PROC: SLEV
CALLS: 44778	MIN: 0.182ms	AVG: 2.173ms	MAX: 40.026ms	TOTAL: 97324.316ms
P99: 11.822ms	P95: 3.779ms	P50: 1.801ms	SD: 1853.772	RATIO: 3.404%
+-+-+-+-+-+-+-+-+-+-+-+-+-+-+-+-+-+-+-+-+-+-+-+-+-+-+-+-+-+-+-+-+-+-+-+-+-+
